{"obj": {"type": "AssignString", "path": ["sys", "name"], "value": "Untitled"}, "version": 1}
{"obj": {"type": "AssignString", "path": ["sys", "description"], "value": ""}, "version": 2}
{"obj": {"type": "AssignString", "path": ["sys", "hostname"], "value": "DESKTOP-SDMAFDQ"}, "version": 3}
{"obj": {"type": "AssignBool", "path": ["sys", "failed"], "value": false}, "version": 4}
{"obj": {"type": "ClearStringLog", "path": ["monitoring", "stdout"]}, "version": 5}
{"obj": {"type": "ClearStringLog", "path": ["monitoring", "stderr"]}, "version": 6}
{"obj": {"type": "AssignString", "path": ["source_code", "entrypoint"], "value": "unet-training.py"}, "version": 7}
{"obj": {"type": "UploadFileSet", "path": ["source_code", "files"], "file_globs": ["C:\\Users\\Marc\\Documents\\GitHub\\Artefact-Rejection\\unet-training.py"], "reset": "False"}, "version": 8}
{"obj": {"type": "ConfigFloatSeries", "path": ["monitoring", "cpu"], "min": 0.0, "max": 100.0, "unit": "%"}, "version": 9}
{"obj": {"type": "ClearFloatLog", "path": ["monitoring", "cpu"]}, "version": 10}
{"obj": {"type": "ConfigFloatSeries", "path": ["monitoring", "memory"], "min": 0.0, "max": 15.387187957763672, "unit": "GB"}, "version": 11}
{"obj": {"type": "ClearFloatLog", "path": ["monitoring", "memory"]}, "version": 12}
{"obj": {"type": "ConfigFloatSeries", "path": ["monitoring", "gpu"], "min": 0.0, "max": 100.0, "unit": "%"}, "version": 13}
{"obj": {"type": "ClearFloatLog", "path": ["monitoring", "gpu"]}, "version": 14}
{"obj": {"type": "ConfigFloatSeries", "path": ["monitoring", "gpu_memory"], "min": 0.0, "max": 4.0, "unit": "GB"}, "version": 15}
{"obj": {"type": "ClearFloatLog", "path": ["monitoring", "gpu_memory"]}, "version": 16}
{"obj": {"type": "AssignString", "path": ["network", "parameters", "optimizer"], "value": "SGD"}, "version": 17}
{"obj": {"type": "AssignFloat", "path": ["network", "parameters", "optimizer_momentum"], "value": 0.9}, "version": 18}
{"obj": {"type": "AssignFloat", "path": ["network", "parameters", "optimizer_learning_rate"], "value": 0.1}, "version": 19}
{"obj": {"type": "AssignString", "path": ["network", "parameters", "loss_function"], "value": "CrossEntropyLoss"}, "version": 20}
{"obj": {"type": "AssignString", "path": ["network", "parameters", "loss_function_weights"], "value": "[1, 10]"}, "version": 21}
{"obj": {"type": "AssignString", "path": ["network", "parameters", "loss_function_reduction"], "value": "mean"}, "version": 22}
{"obj": {"type": "AssignString", "path": ["network", "parameters", "model"], "value": "Unet"}, "version": 23}
{"obj": {"type": "LogFloats", "path": ["monitoring", "cpu"], "values": [{"value": 7.2, "step": null, "ts": 1647450927.0561852}]}, "version": 24}
{"obj": {"type": "LogFloats", "path": ["monitoring", "memory"], "values": [{"value": 7.381645202636719, "step": null, "ts": 1647450927.0561852}]}, "version": 25}
{"obj": {"type": "LogFloats", "path": ["monitoring", "gpu_memory"], "values": [{"value": 0.051025390625, "step": null, "ts": 1647450927.0561852}]}, "version": 26}
{"obj": {"type": "LogStrings", "path": ["monitoring", "stdout"], "values": [{"value": "Training epoch 0", "step": null, "ts": 1647450927.125248}]}, "version": 27}
{"obj": {"type": "LogStrings", "path": ["monitoring", "stdout"], "values": [{"value": "\n", "step": null, "ts": 1647450927.125248}]}, "version": 28}
{"obj": {"type": "LogStrings", "path": ["monitoring", "stdout"], "values": [{"value": "[[tensor(5731, device='cuda:0'), tensor(744246, device='cuda:0')], [tensor(19, device='cuda:0'), tensor(4, device='cuda:0')]]", "step": null, "ts": 1647450928.9136357}]}, "version": 29}
{"obj": {"type": "LogStrings", "path": ["monitoring", "stdout"], "values": [{"value": "\n", "step": null, "ts": 1647450928.9136357}]}, "version": 30}
{"obj": {"type": "LogStrings", "path": ["monitoring", "stdout"], "values": [{"value": "[[tensor(108399, device='cuda:0'), tensor(641494, device='cuda:0')], [tensor(46, device='cuda:0'), tensor(61, device='cuda:0')]]", "step": null, "ts": 1647450929.1068113}]}, "version": 31}
{"obj": {"type": "LogStrings", "path": ["monitoring", "stdout"], "values": [{"value": "\n", "step": null, "ts": 1647450929.1068113}]}, "version": 32}
{"obj": {"type": "LogStrings", "path": ["monitoring", "stdout"], "values": [{"value": "[[tensor(19443, device='cuda:0'), tensor(730020, device='cuda:0')], [tensor(307, device='cuda:0'), tensor(230, device='cuda:0')]]", "step": null, "ts": 1647450929.2939818}]}, "version": 33}
{"obj": {"type": "LogStrings", "path": ["monitoring", "stdout"], "values": [{"value": "\n", "step": null, "ts": 1647450929.2939818}]}, "version": 34}
{"obj": {"type": "LogStrings", "path": ["monitoring", "stdout"], "values": [{"value": "[[tensor(4225, device='cuda:0'), tensor(743611, device='cuda:0')], [tensor(25, device='cuda:0'), tensor(2139, device='cuda:0')]]", "step": null, "ts": 1647450929.482153}]}, "version": 35}
{"obj": {"type": "LogStrings", "path": ["monitoring", "stdout"], "values": [{"value": "\n", "step": null, "ts": 1647450929.482153}]}, "version": 36}
{"obj": {"type": "LogStrings", "path": ["monitoring", "stdout"], "values": [{"value": "[[tensor(34146, device='cuda:0'), tensor(693322, device='cuda:0')], [tensor(716, device='cuda:0'), tensor(21816, device='cuda:0')]]", "step": null, "ts": 1647450929.6692102}]}, "version": 37}
{"obj": {"type": "LogStrings", "path": ["monitoring", "stdout"], "values": [{"value": "\n", "step": null, "ts": 1647450929.6692102}]}, "version": 38}
{"obj": {"type": "LogStrings", "path": ["monitoring", "stdout"], "values": [{"value": "[[tensor(14529, device='cuda:0'), tensor(295136, device='cuda:0')], [tensor(5720, device='cuda:0'), tensor(434615, device='cuda:0')]]", "step": null, "ts": 1647450929.8573701}]}, "version": 39}
{"obj": {"type": "LogStrings", "path": ["monitoring", "stdout"], "values": [{"value": "\n", "step": null, "ts": 1647450929.8573701}]}, "version": 40}
{"obj": {"type": "LogStrings", "path": ["monitoring", "stdout"], "values": [{"value": "[[tensor(3432, device='cuda:0'), tensor(71255, device='cuda:0')], [tensor(1568, device='cuda:0'), tensor(373745, device='cuda:0')]]", "step": null, "ts": 1647450929.973563}]}, "version": 41}
{"obj": {"type": "LogStrings", "path": ["monitoring", "stdout"], "values": [{"value": "\n", "step": null, "ts": 1647450929.973563}]}, "version": 42}
{"obj": {"type": "LogStrings", "path": ["monitoring", "stdout"], "values": [{"value": "[[tensor(25772, device='cuda:0'), tensor(7222, device='cuda:0')], [tensor(335436, device='cuda:0'), tensor(381570, device='cuda:0')]]", "step": null, "ts": 1647450930.2417526}]}, "version": 43}
{"obj": {"type": "LogStrings", "path": ["monitoring", "stdout"], "values": [{"value": "\n", "step": null, "ts": 1647450930.2417526}]}, "version": 44}
{"obj": {"type": "LogStrings", "path": ["monitoring", "stdout"], "values": [{"value": "[[tensor(38898, device='cuda:0'), tensor(4393, device='cuda:0')], [tensor(246904, device='cuda:0'), tensor(459805, device='cuda:0')]]", "step": null, "ts": 1647450930.4293215}]}, "version": 45}
{"obj": {"type": "LogStrings", "path": ["monitoring", "stdout"], "values": [{"value": "\n", "step": null, "ts": 1647450930.4293215}]}, "version": 46}
{"obj": {"type": "LogStrings", "path": ["monitoring", "stdout"], "values": [{"value": "[[tensor(48905, device='cuda:0'), tensor(4442, device='cuda:0')], [tensor(207402, device='cuda:0'), tensor(489251, device='cuda:0')]]", "step": null, "ts": 1647450930.6175284}]}, "version": 47}
{"obj": {"type": "LogStrings", "path": ["monitoring", "stdout"], "values": [{"value": "\n", "step": null, "ts": 1647450930.6184938}]}, "version": 48}
{"obj": {"type": "LogStrings", "path": ["monitoring", "stdout"], "values": [{"value": "[[tensor(6638, device='cuda:0'), tensor(2411, device='cuda:0')], [tensor(405041, device='cuda:0'), tensor(335910, device='cuda:0')]]", "step": null, "ts": 1647450930.8066647}]}, "version": 49}
{"obj": {"type": "LogStrings", "path": ["monitoring", "stdout"], "values": [{"value": "\n", "step": null, "ts": 1647450930.8066647}]}, "version": 50}
{"obj": {"type": "LogStrings", "path": ["monitoring", "stdout"], "values": [{"value": "[[tensor(41538, device='cuda:0'), tensor(5134, device='cuda:0')], [tensor(318287, device='cuda:0'), tensor(385041, device='cuda:0')]]", "step": null, "ts": 1647450930.9948356}]}, "version": 51}
{"obj": {"type": "LogStrings", "path": ["monitoring", "stdout"], "values": [{"value": "\n", "step": null, "ts": 1647450930.9958365}]}, "version": 52}
{"obj": {"type": "LogStrings", "path": ["monitoring", "stdout"], "values": [{"value": "[[tensor(44408, device='cuda:0'), tensor(4085, device='cuda:0')], [tensor(331654, device='cuda:0'), tensor(369853, device='cuda:0')]]", "step": null, "ts": 1647450931.1830068}]}, "version": 53}
{"obj": {"type": "LogStrings", "path": ["monitoring", "stdout"], "values": [{"value": "\n", "step": null, "ts": 1647450931.1840093}]}, "version": 54}
{"obj": {"type": "LogStrings", "path": ["monitoring", "stdout"], "values": [{"value": "[[tensor(29366, device='cuda:0'), tensor(1607, device='cuda:0')], [tensor(169351, device='cuda:0'), tensor(249676, device='cuda:0')]]", "step": null, "ts": 1647450931.3001132}]}, "version": 55}
{"obj": {"type": "LogStrings", "path": ["monitoring", "stdout"], "values": [{"value": "\n", "step": null, "ts": 1647450931.301114}]}, "version": 56}
{"obj": {"type": "LogStrings", "path": ["monitoring", "stdout"], "values": [{"value": "[[tensor(24330, device='cuda:0'), tensor(82753, device='cuda:0')], [tensor(9307, device='cuda:0'), tensor(633610, device='cuda:0')]]", "step": null, "ts": 1647450931.5913942}]}, "version": 57}
{"obj": {"type": "LogStrings", "path": ["monitoring", "stdout"], "values": [{"value": "\n", "step": null, "ts": 1647450931.5913942}]}, "version": 58}
{"obj": {"type": "LogStrings", "path": ["monitoring", "stdout"], "values": [{"value": "[[tensor(23531, device='cuda:0'), tensor(153135, device='cuda:0')], [tensor(8066, device='cuda:0'), tensor(565268, device='cuda:0')]]", "step": null, "ts": 1647450931.778566}]}, "version": 59}
{"obj": {"type": "LogStrings", "path": ["monitoring", "stdout"], "values": [{"value": "\n", "step": null, "ts": 1647450931.778566}]}, "version": 60}
{"obj": {"type": "LogStrings", "path": ["monitoring", "stdout"], "values": [{"value": "[[tensor(25601, device='cuda:0'), tensor(115646, device='cuda:0')], [tensor(7389, device='cuda:0'), tensor(601364, device='cuda:0')]]", "step": null, "ts": 1647450931.9667375}]}, "version": 61}
{"obj": {"type": "LogStrings", "path": ["monitoring", "stdout"], "values": [{"value": "\n", "step": null, "ts": 1647450931.9677374}]}, "version": 62}
{"obj": {"type": "LogStrings", "path": ["monitoring", "stdout"], "values": [{"value": "[[tensor(30826, device='cuda:0'), tensor(196608, device='cuda:0')], [tensor(8138, device='cuda:0'), tensor(514428, device='cuda:0')]]", "step": null, "ts": 1647450932.1553636}]}, "version": 63}
{"obj": {"type": "LogStrings", "path": ["monitoring", "stdout"], "values": [{"value": "\n", "step": null, "ts": 1647450932.1553636}]}, "version": 64}
{"obj": {"type": "LogStrings", "path": ["monitoring", "stdout"], "values": [{"value": "[[tensor(33998, device='cuda:0'), tensor(139575, device='cuda:0')], [tensor(12002, device='cuda:0'), tensor(564425, device='cuda:0')]]", "step": null, "ts": 1647450932.3433883}]}, "version": 65}
{"obj": {"type": "LogStrings", "path": ["monitoring", "stdout"], "values": [{"value": "\n", "step": null, "ts": 1647450932.3444734}]}, "version": 66}
{"obj": {"type": "LogStrings", "path": ["monitoring", "stdout"], "values": [{"value": "[[tensor(14863, device='cuda:0'), tensor(144866, device='cuda:0')], [tensor(4387, device='cuda:0'), tensor(585884, device='cuda:0')]]", "step": null, "ts": 1647450932.5322642}]}, "version": 67}
{"obj": {"type": "LogStrings", "path": ["monitoring", "stdout"], "values": [{"value": "\n", "step": null, "ts": 1647450932.5322642}]}, "version": 68}
{"obj": {"type": "LogStrings", "path": ["monitoring", "stdout"], "values": [{"value": "[[tensor(6922, device='cuda:0'), tensor(64274, device='cuda:0')], [tensor(2328, device='cuda:0'), tensor(376476, device='cuda:0')]]", "step": null, "ts": 1647450932.6493702}]}, "version": 69}
{"obj": {"type": "LogStrings", "path": ["monitoring", "stdout"], "values": [{"value": "\n", "step": null, "ts": 1647450932.6493702}]}, "version": 70}
{"obj": {"type": "LogStrings", "path": ["monitoring", "stdout"], "values": [{"value": "[[tensor(91962, device='cuda:0'), tensor(68354, device='cuda:0')], [tensor(268962, device='cuda:0'), tensor(320722, device='cuda:0')]]", "step": null, "ts": 1647450932.9250402}]}, "version": 71}
{"obj": {"type": "LogStrings", "path": ["monitoring", "stdout"], "values": [{"value": "\n", "step": null, "ts": 1647450932.9260406}]}, "version": 72}
{"obj": {"type": "LogStrings", "path": ["monitoring", "stdout"], "values": [{"value": "[[tensor(40389, device='cuda:0'), tensor(116264, device='cuda:0')], [tensor(138681, device='cuda:0'), tensor(454666, device='cuda:0')]]", "step": null, "ts": 1647450933.113421}]}, "version": 73}
{"obj": {"type": "LogStrings", "path": ["monitoring", "stdout"], "values": [{"value": "\n", "step": null, "ts": 1647450933.113421}]}, "version": 74}
{"obj": {"type": "LogStrings", "path": ["monitoring", "stdout"], "values": [{"value": "[[tensor(65181, device='cuda:0'), tensor(74940, device='cuda:0')], [tensor(293391, device='cuda:0'), tensor(316488, device='cuda:0')]]", "step": null, "ts": 1647450933.3023646}]}, "version": 75}
{"obj": {"type": "LogStrings", "path": ["monitoring", "stdout"], "values": [{"value": "\n", "step": null, "ts": 1647450933.3023646}]}, "version": 76}
{"obj": {"type": "LogStrings", "path": ["monitoring", "stdout"], "values": [{"value": "[[tensor(95973, device='cuda:0'), tensor(49443, device='cuda:0')], [tensor(347130, device='cuda:0'), tensor(257454, device='cuda:0')]]", "step": null, "ts": 1647450933.4903755}]}, "version": 77}
{"obj": {"type": "LogStrings", "path": ["monitoring", "stdout"], "values": [{"value": "\n", "step": null, "ts": 1647450933.4903755}]}, "version": 78}
{"obj": {"type": "LogStrings", "path": ["monitoring", "stdout"], "values": [{"value": "[[tensor(114760, device='cuda:0'), tensor(70287, device='cuda:0')], [tensor(372009, device='cuda:0'), tensor(192944, device='cuda:0')]]", "step": null, "ts": 1647450933.6785471}]}, "version": 79}
{"obj": {"type": "LogStrings", "path": ["monitoring", "stdout"], "values": [{"value": "\n", "step": null, "ts": 1647450933.6785471}]}, "version": 80}
{"obj": {"type": "LogStrings", "path": ["monitoring", "stdout"], "values": [{"value": "[[tensor(119541, device='cuda:0'), tensor(66410, device='cuda:0')], [tensor(320597, device='cuda:0'), tensor(243452, device='cuda:0')]]", "step": null, "ts": 1647450933.8667183}]}, "version": 81}
{"obj": {"type": "LogStrings", "path": ["monitoring", "stdout"], "values": [{"value": "\n", "step": null, "ts": 1647450933.8667183}]}, "version": 82}
{"obj": {"type": "LogStrings", "path": ["monitoring", "stdout"], "values": [{"value": "[[tensor(82211, device='cuda:0'), tensor(141932, device='cuda:0')], [tensor(125183, device='cuda:0'), tensor(100674, device='cuda:0')]]", "step": null, "ts": 1647450933.9828236}]}, "version": 83}
{"obj": {"type": "LogStrings", "path": ["monitoring", "stdout"], "values": [{"value": "\n", "step": null, "ts": 1647450933.9828236}]}, "version": 84}
{"obj": {"type": "LogStrings", "path": ["monitoring", "stdout"], "values": [{"value": "[[tensor(312891, device='cuda:0'), tensor(437109, device='cuda:0')], [tensor(0, device='cuda:0'), tensor(0, device='cuda:0')]]", "step": null, "ts": 1647450934.2232256}]}, "version": 85}
{"obj": {"type": "LogStrings", "path": ["monitoring", "stdout"], "values": [{"value": "\n", "step": null, "ts": 1647450934.2232256}]}, "version": 86}
{"obj": {"type": "LogStrings", "path": ["monitoring", "stdout"], "values": [{"value": "[[tensor(320971, device='cuda:0'), tensor(429029, device='cuda:0')], [tensor(0, device='cuda:0'), tensor(0, device='cuda:0')]]", "step": null, "ts": 1647450934.4103975}]}, "version": 87}
{"obj": {"type": "LogStrings", "path": ["monitoring", "stdout"], "values": [{"value": "\n", "step": null, "ts": 1647450934.4103975}]}, "version": 88}
{"obj": {"type": "LogStrings", "path": ["monitoring", "stdout"], "values": [{"value": "[[tensor(360395, device='cuda:0'), tensor(389605, device='cuda:0')], [tensor(0, device='cuda:0'), tensor(0, device='cuda:0')]]", "step": null, "ts": 1647450934.597567}]}, "version": 89}
{"obj": {"type": "LogStrings", "path": ["monitoring", "stdout"], "values": [{"value": "\n", "step": null, "ts": 1647450934.5985687}]}, "version": 90}
{"obj": {"type": "LogStrings", "path": ["monitoring", "stdout"], "values": [{"value": "[[tensor(203455, device='cuda:0'), tensor(546545, device='cuda:0')], [tensor(0, device='cuda:0'), tensor(0, device='cuda:0')]]", "step": null, "ts": 1647450934.7857385}]}, "version": 91}
{"obj": {"type": "LogStrings", "path": ["monitoring", "stdout"], "values": [{"value": "\n", "step": null, "ts": 1647450934.7867384}]}, "version": 92}
{"obj": {"type": "LogStrings", "path": ["monitoring", "stdout"], "values": [{"value": "[[tensor(113938, device='cuda:0'), tensor(186062, device='cuda:0')], [tensor(0, device='cuda:0'), tensor(0, device='cuda:0')]]", "step": null, "ts": 1647450934.866811}]}, "version": 93}
{"obj": {"type": "LogStrings", "path": ["monitoring", "stdout"], "values": [{"value": "\n", "step": null, "ts": 1647450934.866811}]}, "version": 94}
{"obj": {"type": "LogStrings", "path": ["monitoring", "stdout"], "values": [{"value": "[[tensor(21750, device='cuda:0'), tensor(728250, device='cuda:0')], [tensor(0, device='cuda:0'), tensor(0, device='cuda:0')]]", "step": null, "ts": 1647450935.0936818}]}, "version": 95}
{"obj": {"type": "LogStrings", "path": ["monitoring", "stdout"], "values": [{"value": "\n", "step": null, "ts": 1647450935.0936818}]}, "version": 96}
{"obj": {"type": "LogStrings", "path": ["monitoring", "stdout"], "values": [{"value": "[[tensor(2750, device='cuda:0'), tensor(747250, device='cuda:0')], [tensor(0, device='cuda:0'), tensor(0, device='cuda:0')]]", "step": null, "ts": 1647450935.2809205}]}, "version": 97}
{"obj": {"type": "LogStrings", "path": ["monitoring", "stdout"], "values": [{"value": "\n", "step": null, "ts": 1647450935.281945}]}, "version": 98}
{"obj": {"type": "LogStrings", "path": ["monitoring", "stdout"], "values": [{"value": "[[tensor(4850, device='cuda:0'), tensor(745150, device='cuda:0')], [tensor(0, device='cuda:0'), tensor(0, device='cuda:0')]]", "step": null, "ts": 1647450935.469601}]}, "version": 99}
{"obj": {"type": "LogStrings", "path": ["monitoring", "stdout"], "values": [{"value": "\n", "step": null, "ts": 1647450935.469601}]}, "version": 100}
{"obj": {"type": "LogStrings", "path": ["monitoring", "stdout"], "values": [{"value": "[[tensor(1000, device='cuda:0'), tensor(449000, device='cuda:0')], [tensor(0, device='cuda:0'), tensor(0, device='cuda:0')]]", "step": null, "ts": 1647450935.585706}]}, "version": 101}
{"obj": {"type": "LogStrings", "path": ["monitoring", "stdout"], "values": [{"value": "\n", "step": null, "ts": 1647450935.585706}]}, "version": 102}
{"obj": {"type": "LogStrings", "path": ["monitoring", "stdout"], "values": [{"value": "[[tensor(750000, device='cuda:0'), tensor(0, device='cuda:0')], [tensor(0, device='cuda:0'), tensor(0, device='cuda:0')]]", "step": null, "ts": 1647450935.895543}]}, "version": 103}
{"obj": {"type": "LogStrings", "path": ["monitoring", "stdout"], "values": [{"value": "\n", "step": null, "ts": 1647450935.895543}]}, "version": 104}
{"obj": {"type": "LogStrings", "path": ["monitoring", "stdout"], "values": [{"value": "[[tensor(750000, device='cuda:0'), tensor(0, device='cuda:0')], [tensor(0, device='cuda:0'), tensor(0, device='cuda:0')]]", "step": null, "ts": 1647450936.0832233}]}, "version": 105}
{"obj": {"type": "LogStrings", "path": ["monitoring", "stdout"], "values": [{"value": "\n", "step": null, "ts": 1647450936.084223}]}, "version": 106}
{"obj": {"type": "LogStrings", "path": ["monitoring", "stdout"], "values": [{"value": "[[tensor(750000, device='cuda:0'), tensor(0, device='cuda:0')], [tensor(0, device='cuda:0'), tensor(0, device='cuda:0')]]", "step": null, "ts": 1647450936.271393}]}, "version": 107}
{"obj": {"type": "LogStrings", "path": ["monitoring", "stdout"], "values": [{"value": "\n", "step": null, "ts": 1647450936.271393}]}, "version": 108}
{"obj": {"type": "LogStrings", "path": ["monitoring", "stdout"], "values": [{"value": "[[tensor(750000, device='cuda:0'), tensor(0, device='cuda:0')], [tensor(0, device='cuda:0'), tensor(0, device='cuda:0')]]", "step": null, "ts": 1647450936.4595652}]}, "version": 109}
{"obj": {"type": "LogStrings", "path": ["monitoring", "stdout"], "values": [{"value": "\n", "step": null, "ts": 1647450936.4595652}]}, "version": 110}
{"obj": {"type": "LogStrings", "path": ["monitoring", "stdout"], "values": [{"value": "[[tensor(750000, device='cuda:0'), tensor(0, device='cuda:0')], [tensor(0, device='cuda:0'), tensor(0, device='cuda:0')]]", "step": null, "ts": 1647450936.647236}]}, "version": 111}
{"obj": {"type": "LogStrings", "path": ["monitoring", "stdout"], "values": [{"value": "\n", "step": null, "ts": 1647450936.647236}]}, "version": 112}
{"obj": {"type": "LogStrings", "path": ["monitoring", "stdout"], "values": [{"value": "[[tensor(750000, device='cuda:0'), tensor(0, device='cuda:0')], [tensor(0, device='cuda:0'), tensor(0, device='cuda:0')]]", "step": null, "ts": 1647450936.834462}]}, "version": 113}
{"obj": {"type": "LogStrings", "path": ["monitoring", "stdout"], "values": [{"value": "\n", "step": null, "ts": 1647450936.834462}]}, "version": 114}
{"obj": {"type": "LogStrings", "path": ["monitoring", "stdout"], "values": [{"value": "[[tensor(450000, device='cuda:0'), tensor(0, device='cuda:0')], [tensor(0, device='cuda:0'), tensor(0, device='cuda:0')]]", "step": null, "ts": 1647450936.9515684}]}, "version": 115}
{"obj": {"type": "LogStrings", "path": ["monitoring", "stdout"], "values": [{"value": "\n", "step": null, "ts": 1647450936.9515684}]}, "version": 116}
{"obj": {"type": "LogFloats", "path": ["monitoring", "cpu"], "values": [{"value": 15.4, "step": null, "ts": 1647450937.062233}]}, "version": 117}
{"obj": {"type": "LogFloats", "path": ["monitoring", "memory"], "values": [{"value": 9.232276916503906, "step": null, "ts": 1647450937.062233}]}, "version": 118}
{"obj": {"type": "LogFloats", "path": ["monitoring", "gpu"], "values": [{"value": 44.0, "step": null, "ts": 1647450937.062233}]}, "version": 119}
{"obj": {"type": "LogFloats", "path": ["monitoring", "gpu_memory"], "values": [{"value": 2.141998291015625, "step": null, "ts": 1647450937.062233}]}, "version": 120}
{"obj": {"type": "LogStrings", "path": ["monitoring", "stdout"], "values": [{"value": "[[tensor(150000, device='cuda:0'), tensor(600000, device='cuda:0')], [tensor(0, device='cuda:0'), tensor(0, device='cuda:0')]]", "step": null, "ts": 1647450937.3064551}]}, "version": 121}
{"obj": {"type": "LogStrings", "path": ["monitoring", "stdout"], "values": [{"value": "\n", "step": null, "ts": 1647450937.3064551}]}, "version": 122}
{"obj": {"type": "LogStrings", "path": ["monitoring", "stdout"], "values": [{"value": "[[tensor(304344, device='cuda:0'), tensor(445656, device='cuda:0')], [tensor(0, device='cuda:0'), tensor(0, device='cuda:0')]]", "step": null, "ts": 1647450937.4946263}]}, "version": 123}
{"obj": {"type": "LogStrings", "path": ["monitoring", "stdout"], "values": [{"value": "\n", "step": null, "ts": 1647450937.4946263}]}, "version": 124}
{"obj": {"type": "LogStrings", "path": ["monitoring", "stdout"], "values": [{"value": "[[tensor(5750, device='cuda:0'), tensor(744250, device='cuda:0')], [tensor(0, device='cuda:0'), tensor(0, device='cuda:0')]]", "step": null, "ts": 1647450937.682299}]}, "version": 125}
{"obj": {"type": "LogStrings", "path": ["monitoring", "stdout"], "values": [{"value": "\n", "step": null, "ts": 1647450937.682299}]}, "version": 126}
{"obj": {"type": "LogStrings", "path": ["monitoring", "stdout"], "values": [{"value": "[[tensor(17816, device='cuda:0'), tensor(732184, device='cuda:0')], [tensor(0, device='cuda:0'), tensor(0, device='cuda:0')]]", "step": null, "ts": 1647450937.8704698}]}, "version": 127}
{"obj": {"type": "LogStrings", "path": ["monitoring", "stdout"], "values": [{"value": "\n", "step": null, "ts": 1647450937.8704698}]}, "version": 128}
{"obj": {"type": "LogStrings", "path": ["monitoring", "stdout"], "values": [{"value": "[[tensor(75430, device='cuda:0'), tensor(674570, device='cuda:0')], [tensor(0, device='cuda:0'), tensor(0, device='cuda:0')]]", "step": null, "ts": 1647450938.069651}]}, "version": 129}
{"obj": {"type": "LogStrings", "path": ["monitoring", "stdout"], "values": [{"value": "\n", "step": null, "ts": 1647450938.069651}]}, "version": 130}
{"obj": {"type": "LogStrings", "path": ["monitoring", "stdout"], "values": [{"value": "[[tensor(85750, device='cuda:0'), tensor(664250, device='cuda:0')], [tensor(0, device='cuda:0'), tensor(0, device='cuda:0')]]", "step": null, "ts": 1647450938.2578793}]}, "version": 131}
{"obj": {"type": "LogStrings", "path": ["monitoring", "stdout"], "values": [{"value": "\n", "step": null, "ts": 1647450938.2578793}]}, "version": 132}
{"obj": {"type": "LogStrings", "path": ["monitoring", "stdout"], "values": [{"value": "[[tensor(8432, device='cuda:0'), tensor(441568, device='cuda:0')], [tensor(0, device='cuda:0'), tensor(0, device='cuda:0')]]", "step": null, "ts": 1647450938.3744886}]}, "version": 133}
{"obj": {"type": "LogStrings", "path": ["monitoring", "stdout"], "values": [{"value": "\n", "step": null, "ts": 1647450938.3744886}]}, "version": 134}
{"obj": {"type": "LogStrings", "path": ["monitoring", "stdout"], "values": [{"value": "[[tensor(23664, device='cuda:0'), tensor(726336, device='cuda:0')], [tensor(0, device='cuda:0'), tensor(0, device='cuda:0')]]", "step": null, "ts": 1647450938.5998783}]}, "version": 135}
{"obj": {"type": "LogStrings", "path": ["monitoring", "stdout"], "values": [{"value": "\n", "step": null, "ts": 1647450938.5998783}]}, "version": 136}
{"obj": {"type": "LogStrings", "path": ["monitoring", "stdout"], "values": [{"value": "[[tensor(27290, device='cuda:0'), tensor(722710, device='cuda:0')], [tensor(0, device='cuda:0'), tensor(0, device='cuda:0')]]", "step": null, "ts": 1647450938.788049}]}, "version": 137}
{"obj": {"type": "LogStrings", "path": ["monitoring", "stdout"], "values": [{"value": "\n", "step": null, "ts": 1647450938.788049}]}, "version": 138}
{"obj": {"type": "LogStrings", "path": ["monitoring", "stdout"], "values": [{"value": "[[tensor(887, device='cuda:0'), tensor(749113, device='cuda:0')], [tensor(0, device='cuda:0'), tensor(0, device='cuda:0')]]", "step": null, "ts": 1647450938.9752188}]}, "version": 139}
{"obj": {"type": "LogStrings", "path": ["monitoring", "stdout"], "values": [{"value": "\n", "step": null, "ts": 1647450938.9762201}]}, "version": 140}
{"obj": {"type": "LogStrings", "path": ["monitoring", "stdout"], "values": [{"value": "[[tensor(43750, device='cuda:0'), tensor(556250, device='cuda:0')], [tensor(0, device='cuda:0'), tensor(0, device='cuda:0')]]", "step": null, "ts": 1647450939.1273575}]}, "version": 141}
{"obj": {"type": "LogStrings", "path": ["monitoring", "stdout"], "values": [{"value": "\n", "step": null, "ts": 1647450939.1273575}]}, "version": 142}
{"obj": {"type": "LogStrings", "path": ["monitoring", "stdout"], "values": [{"value": "[[tensor(371519, device='cuda:0'), tensor(378481, device='cuda:0')], [tensor(0, device='cuda:0'), tensor(0, device='cuda:0')]]", "step": null, "ts": 1647450939.3593767}]}, "version": 143}
{"obj": {"type": "LogStrings", "path": ["monitoring", "stdout"], "values": [{"value": "\n", "step": null, "ts": 1647450939.3593767}]}, "version": 144}
{"obj": {"type": "LogStrings", "path": ["monitoring", "stdout"], "values": [{"value": "[[tensor(540031, device='cuda:0'), tensor(209969, device='cuda:0')], [tensor(0, device='cuda:0'), tensor(0, device='cuda:0')]]", "step": null, "ts": 1647450939.5465474}]}, "version": 145}
{"obj": {"type": "LogStrings", "path": ["monitoring", "stdout"], "values": [{"value": "\n", "step": null, "ts": 1647450939.5465474}]}, "version": 146}
{"obj": {"type": "LogStrings", "path": ["monitoring", "stdout"], "values": [{"value": "[[tensor(488225, device='cuda:0'), tensor(261775, device='cuda:0')], [tensor(0, device='cuda:0'), tensor(0, device='cuda:0')]]", "step": null, "ts": 1647450939.7337189}]}, "version": 147}
{"obj": {"type": "LogStrings", "path": ["monitoring", "stdout"], "values": [{"value": "\n", "step": null, "ts": 1647450939.7337189}]}, "version": 148}
{"obj": {"type": "LogStrings", "path": ["monitoring", "stdout"], "values": [{"value": "[[tensor(226218, device='cuda:0'), tensor(523782, device='cuda:0')], [tensor(0, device='cuda:0'), tensor(0, device='cuda:0')]]", "step": null, "ts": 1647450939.9208884}]}, "version": 149}
{"obj": {"type": "LogStrings", "path": ["monitoring", "stdout"], "values": [{"value": "\n", "step": null, "ts": 1647450939.9218895}]}, "version": 150}
{"obj": {"type": "LogStrings", "path": ["monitoring", "stdout"], "values": [{"value": "[[tensor(188940, device='cuda:0'), tensor(111060, device='cuda:0')], [tensor(0, device='cuda:0'), tensor(0, device='cuda:0')]]", "step": null, "ts": 1647450940.0019615}]}, "version": 151}
{"obj": {"type": "LogStrings", "path": ["monitoring", "stdout"], "values": [{"value": "\n", "step": null, "ts": 1647450940.0019615}]}, "version": 152}
{"obj": {"type": "LogStrings", "path": ["monitoring", "stdout"], "values": [{"value": "[[tensor(47401, device='cuda:0'), tensor(702599, device='cuda:0')], [tensor(0, device='cuda:0'), tensor(0, device='cuda:0')]]", "step": null, "ts": 1647450940.2351727}]}, "version": 153}
{"obj": {"type": "LogStrings", "path": ["monitoring", "stdout"], "values": [{"value": "\n", "step": null, "ts": 1647450940.2351727}]}, "version": 154}
{"obj": {"type": "LogStrings", "path": ["monitoring", "stdout"], "values": [{"value": "[[tensor(79209, device='cuda:0'), tensor(670791, device='cuda:0')], [tensor(0, device='cuda:0'), tensor(0, device='cuda:0')]]", "step": null, "ts": 1647450940.42307}]}, "version": 155}
{"obj": {"type": "LogStrings", "path": ["monitoring", "stdout"], "values": [{"value": "\n", "step": null, "ts": 1647450940.42307}]}, "version": 156}
{"obj": {"type": "LogStrings", "path": ["monitoring", "stdout"], "values": [{"value": "[[tensor(50750, device='cuda:0'), tensor(699250, device='cuda:0')], [tensor(0, device='cuda:0'), tensor(0, device='cuda:0')]]", "step": null, "ts": 1647450940.6112509}]}, "version": 157}
{"obj": {"type": "LogStrings", "path": ["monitoring", "stdout"], "values": [{"value": "\n", "step": null, "ts": 1647450940.6112509}]}, "version": 158}
{"obj": {"type": "LogStrings", "path": ["monitoring", "stdout"], "values": [{"value": "[[tensor(57637, device='cuda:0'), tensor(692363, device='cuda:0')], [tensor(0, device='cuda:0'), tensor(0, device='cuda:0')]]", "step": null, "ts": 1647450940.7984207}]}, "version": 159}
{"obj": {"type": "LogStrings", "path": ["monitoring", "stdout"], "values": [{"value": "\n", "step": null, "ts": 1647450940.7984207}]}, "version": 160}
{"obj": {"type": "LogStrings", "path": ["monitoring", "stdout"], "values": [{"value": "[[tensor(68653, device='cuda:0'), tensor(681347, device='cuda:0')], [tensor(0, device='cuda:0'), tensor(0, device='cuda:0')]]", "step": null, "ts": 1647450940.9865909}]}, "version": 161}
{"obj": {"type": "LogStrings", "path": ["monitoring", "stdout"], "values": [{"value": "\n", "step": null, "ts": 1647450940.9865909}]}, "version": 162}
{"obj": {"type": "LogStrings", "path": ["monitoring", "stdout"], "values": [{"value": "[[tensor(59665, device='cuda:0'), tensor(690335, device='cuda:0')], [tensor(0, device='cuda:0'), tensor(0, device='cuda:0')]]", "step": null, "ts": 1647450941.1737618}]}, "version": 163}
{"obj": {"type": "LogStrings", "path": ["monitoring", "stdout"], "values": [{"value": "\n", "step": null, "ts": 1647450941.1737618}]}, "version": 164}
{"obj": {"type": "LogStrings", "path": ["monitoring", "stdout"], "values": [{"value": "[[tensor(46250, device='cuda:0'), tensor(403750, device='cuda:0')], [tensor(0, device='cuda:0'), tensor(0, device='cuda:0')]]", "step": null, "ts": 1647450941.2898672}]}, "version": 165}
{"obj": {"type": "LogStrings", "path": ["monitoring", "stdout"], "values": [{"value": "\n", "step": null, "ts": 1647450941.2898672}]}, "version": 166}
{"obj": {"type": "LogStrings", "path": ["monitoring", "stdout"], "values": [{"value": "[[tensor(22000, device='cuda:0'), tensor(728000, device='cuda:0')], [tensor(0, device='cuda:0'), tensor(0, device='cuda:0')]]", "step": null, "ts": 1647450941.5230787}]}, "version": 167}
{"obj": {"type": "LogStrings", "path": ["monitoring", "stdout"], "values": [{"value": "\n", "step": null, "ts": 1647450941.5240803}]}, "version": 168}
{"obj": {"type": "LogStrings", "path": ["monitoring", "stdout"], "values": [{"value": "[[tensor(16000, device='cuda:0'), tensor(734000, device='cuda:0')], [tensor(0, device='cuda:0'), tensor(0, device='cuda:0')]]", "step": null, "ts": 1647450941.71125}]}, "version": 169}
{"obj": {"type": "LogStrings", "path": ["monitoring", "stdout"], "values": [{"value": "\n", "step": null, "ts": 1647450941.71125}]}, "version": 170}
{"obj": {"type": "LogStrings", "path": ["monitoring", "stdout"], "values": [{"value": "[[tensor(2750, device='cuda:0'), tensor(747250, device='cuda:0')], [tensor(0, device='cuda:0'), tensor(0, device='cuda:0')]]", "step": null, "ts": 1647450941.8984203}]}, "version": 171}
{"obj": {"type": "LogStrings", "path": ["monitoring", "stdout"], "values": [{"value": "\n", "step": null, "ts": 1647450941.8984203}]}, "version": 172}
{"obj": {"type": "LogStrings", "path": ["monitoring", "stdout"], "values": [{"value": "[[tensor(8750, device='cuda:0'), tensor(741250, device='cuda:0')], [tensor(0, device='cuda:0'), tensor(0, device='cuda:0')]]", "step": null, "ts": 1647450942.085591}]}, "version": 173}
{"obj": {"type": "LogStrings", "path": ["monitoring", "stdout"], "values": [{"value": "\n", "step": null, "ts": 1647450942.085591}]}, "version": 174}
{"obj": {"type": "LogStrings", "path": ["monitoring", "stdout"], "values": [{"value": "[[tensor(8750, device='cuda:0'), tensor(741250, device='cuda:0')], [tensor(0, device='cuda:0'), tensor(0, device='cuda:0')]]", "step": null, "ts": 1647450942.2727606}]}, "version": 175}
{"obj": {"type": "LogStrings", "path": ["monitoring", "stdout"], "values": [{"value": "\n", "step": null, "ts": 1647450942.2737615}]}, "version": 176}
{"obj": {"type": "LogStrings", "path": ["monitoring", "stdout"], "values": [{"value": "[[tensor(16500, device='cuda:0'), tensor(733500, device='cuda:0')], [tensor(0, device='cuda:0'), tensor(0, device='cuda:0')]]", "step": null, "ts": 1647450942.460932}]}, "version": 177}
{"obj": {"type": "LogStrings", "path": ["monitoring", "stdout"], "values": [{"value": "\n", "step": null, "ts": 1647450942.460932}]}, "version": 178}
{"obj": {"type": "LogStrings", "path": ["monitoring", "stdout"], "values": [{"value": "[[tensor(2250, device='cuda:0'), tensor(447750, device='cuda:0')], [tensor(0, device='cuda:0'), tensor(0, device='cuda:0')]]", "step": null, "ts": 1647450942.5770404}]}, "version": 179}
{"obj": {"type": "LogStrings", "path": ["monitoring", "stdout"], "values": [{"value": "\n", "step": null, "ts": 1647450942.5770404}]}, "version": 180}
{"obj": {"type": "LogStrings", "path": ["monitoring", "stdout"], "values": [{"value": "[[tensor(132511, device='cuda:0'), tensor(617489, device='cuda:0')], [tensor(0, device='cuda:0'), tensor(0, device='cuda:0')]]", "step": null, "ts": 1647450942.91227}]}, "version": 181}
{"obj": {"type": "LogStrings", "path": ["monitoring", "stdout"], "values": [{"value": "\n", "step": null, "ts": 1647450942.91227}]}, "version": 182}
{"obj": {"type": "LogStrings", "path": ["monitoring", "stdout"], "values": [{"value": "[[tensor(15781, device='cuda:0'), tensor(61921, device='cuda:0')], [tensor(19612, device='cuda:0'), tensor(652686, device='cuda:0')]]", "step": null, "ts": 1647450943.0994413}]}, "version": 183}
{"obj": {"type": "LogStrings", "path": ["monitoring", "stdout"], "values": [{"value": "\n", "step": null, "ts": 1647450943.0994413}]}, "version": 184}
{"obj": {"type": "LogStrings", "path": ["monitoring", "stdout"], "values": [{"value": "[[tensor(30736, device='cuda:0'), tensor(43060, device='cuda:0')], [tensor(60981, device='cuda:0'), tensor(615223, device='cuda:0')]]", "step": null, "ts": 1647450943.2876713}]}, "version": 185}
{"obj": {"type": "LogStrings", "path": ["monitoring", "stdout"], "values": [{"value": "\n", "step": null, "ts": 1647450943.2876713}]}, "version": 186}
{"obj": {"type": "LogStrings", "path": ["monitoring", "stdout"], "values": [{"value": "[[tensor(7448, device='cuda:0'), tensor(52474, device='cuda:0')], [tensor(4655, device='cuda:0'), tensor(685423, device='cuda:0')]]", "step": null, "ts": 1647450943.4752843}]}, "version": 187}
{"obj": {"type": "LogStrings", "path": ["monitoring", "stdout"], "values": [{"value": "\n", "step": null, "ts": 1647450943.4752843}]}, "version": 188}
{"obj": {"type": "LogStrings", "path": ["monitoring", "stdout"], "values": [{"value": "[[tensor(72181, device='cuda:0'), tensor(19304, device='cuda:0')], [tensor(91319, device='cuda:0'), tensor(567196, device='cuda:0')]]", "step": null, "ts": 1647450943.663456}]}, "version": 189}
{"obj": {"type": "LogStrings", "path": ["monitoring", "stdout"], "values": [{"value": "\n", "step": null, "ts": 1647450943.663456}]}, "version": 190}
{"obj": {"type": "LogStrings", "path": ["monitoring", "stdout"], "values": [{"value": "[[tensor(40027, device='cuda:0'), tensor(20658, device='cuda:0')], [tensor(142625, device='cuda:0'), tensor(546690, device='cuda:0')]]", "step": null, "ts": 1647450943.8504739}]}, "version": 191}
{"obj": {"type": "LogStrings", "path": ["monitoring", "stdout"], "values": [{"value": "\n", "step": null, "ts": 1647450943.85146}]}, "version": 192}
{"obj": {"type": "LogStrings", "path": ["monitoring", "stdout"], "values": [{"value": "[[tensor(6584, device='cuda:0'), tensor(9343, device='cuda:0')], [tensor(30114, device='cuda:0'), tensor(178959, device='cuda:0')]]", "step": null, "ts": 1647450943.9145176}]}, "version": 193}
{"obj": {"type": "LogStrings", "path": ["monitoring", "stdout"], "values": [{"value": "\n", "step": null, "ts": 1647450943.9145176}]}, "version": 194}
{"obj": {"type": "LogStrings", "path": ["monitoring", "stdout"], "values": [{"value": "[[tensor(250, device='cuda:0'), tensor(86831, device='cuda:0')], [tensor(0, device='cuda:0'), tensor(662919, device='cuda:0')]]", "step": null, "ts": 1647450944.1748781}]}, "version": 195}
{"obj": {"type": "LogStrings", "path": ["monitoring", "stdout"], "values": [{"value": "\n", "step": null, "ts": 1647450944.1748781}]}, "version": 196}
{"obj": {"type": "LogStrings", "path": ["monitoring", "stdout"], "values": [{"value": "[[tensor(2669, device='cuda:0'), tensor(80345, device='cuda:0')], [tensor(581, device='cuda:0'), tensor(666405, device='cuda:0')]]", "step": null, "ts": 1647450944.3622842}]}, "version": 197}
{"obj": {"type": "LogStrings", "path": ["monitoring", "stdout"], "values": [{"value": "\n", "step": null, "ts": 1647450944.3622842}]}, "version": 198}
{"obj": {"type": "LogStrings", "path": ["monitoring", "stdout"], "values": [{"value": "[[tensor(1134, device='cuda:0'), tensor(90832, device='cuda:0')], [tensor(366, device='cuda:0'), tensor(657668, device='cuda:0')]]", "step": null, "ts": 1647450944.5504553}]}, "version": 199}
{"obj": {"type": "LogStrings", "path": ["monitoring", "stdout"], "values": [{"value": "\n", "step": null, "ts": 1647450944.5504553}]}, "version": 200}
{"obj": {"type": "LogStrings", "path": ["monitoring", "stdout"], "values": [{"value": "[[tensor(301, device='cuda:0'), tensor(80823, device='cuda:0')], [tensor(199, device='cuda:0'), tensor(668677, device='cuda:0')]]", "step": null, "ts": 1647450944.7376256}]}, "version": 201}
{"obj": {"type": "LogStrings", "path": ["monitoring", "stdout"], "values": [{"value": "\n", "step": null, "ts": 1647450944.7376256}]}, "version": 202}
{"obj": {"type": "LogStrings", "path": ["monitoring", "stdout"], "values": [{"value": "[[tensor(181, device='cuda:0'), tensor(79097, device='cuda:0')], [tensor(69, device='cuda:0'), tensor(670653, device='cuda:0')]]", "step": null, "ts": 1647450944.9252992}]}, "version": 203}
{"obj": {"type": "LogStrings", "path": ["monitoring", "stdout"], "values": [{"value": "\n", "step": null, "ts": 1647450944.9252992}]}, "version": 204}
{"obj": {"type": "LogStrings", "path": ["monitoring", "stdout"], "values": [{"value": "[[tensor(803, device='cuda:0'), tensor(27026, device='cuda:0')], [tensor(697, device='cuda:0'), tensor(496474, device='cuda:0')]]", "step": null, "ts": 1647450945.0594046}]}, "version": 205}
{"obj": {"type": "LogStrings", "path": ["monitoring", "stdout"], "values": [{"value": "\n", "step": null, "ts": 1647450945.0594046}]}, "version": 206}
{"obj": {"type": "LogStrings", "path": ["monitoring", "stdout"], "values": [{"value": "[[tensor(5341, device='cuda:0'), tensor(48075, device='cuda:0')], [tensor(9890, device='cuda:0'), tensor(686694, device='cuda:0')]]", "step": null, "ts": 1647450945.292623}]}, "version": 207}
{"obj": {"type": "LogStrings", "path": ["monitoring", "stdout"], "values": [{"value": "\n", "step": null, "ts": 1647450945.292623}]}, "version": 208}
{"obj": {"type": "LogStrings", "path": ["monitoring", "stdout"], "values": [{"value": "[[tensor(7225, device='cuda:0'), tensor(23669, device='cuda:0')], [tensor(15525, device='cuda:0'), tensor(703581, device='cuda:0')]]", "step": null, "ts": 1647450945.4794614}]}, "version": 209}
{"obj": {"type": "LogStrings", "path": ["monitoring", "stdout"], "values": [{"value": "\n", "step": null, "ts": 1647450945.4794614}]}, "version": 210}
{"obj": {"type": "LogStrings", "path": ["monitoring", "stdout"], "values": [{"value": "[[tensor(4688, device='cuda:0'), tensor(42266, device='cuda:0')], [tensor(7312, device='cuda:0'), tensor(695734, device='cuda:0')]]", "step": null, "ts": 1647450945.6676333}]}, "version": 211}
{"obj": {"type": "LogStrings", "path": ["monitoring", "stdout"], "values": [{"value": "\n", "step": null, "ts": 1647450945.6676333}]}, "version": 212}
{"obj": {"type": "LogStrings", "path": ["monitoring", "stdout"], "values": [{"value": "[[tensor(2675, device='cuda:0'), tensor(32166, device='cuda:0')], [tensor(3325, device='cuda:0'), tensor(711834, device='cuda:0')]]", "step": null, "ts": 1647450945.8548026}]}, "version": 213}
{"obj": {"type": "LogStrings", "path": ["monitoring", "stdout"], "values": [{"value": "\n", "step": null, "ts": 1647450945.8548026}]}, "version": 214}
{"obj": {"type": "LogStrings", "path": ["monitoring", "stdout"], "values": [{"value": "[[tensor(14160, device='cuda:0'), tensor(21322, device='cuda:0')], [tensor(23049, device='cuda:0'), tensor(691469, device='cuda:0')]]", "step": null, "ts": 1647450946.0429742}]}, "version": 215}
{"obj": {"type": "LogStrings", "path": ["monitoring", "stdout"], "values": [{"value": "\n", "step": null, "ts": 1647450946.0429742}]}, "version": 216}
{"obj": {"type": "LogStrings", "path": ["monitoring", "stdout"], "values": [{"value": "[[tensor(6743, device='cuda:0'), tensor(21610, device='cuda:0')], [tensor(10173, device='cuda:0'), tensor(711474, device='cuda:0')]]", "step": null, "ts": 1647450946.2301445}]}, "version": 217}
{"obj": {"type": "LogStrings", "path": ["monitoring", "stdout"], "values": [{"value": "\n", "step": null, "ts": 1647450946.2311447}]}, "version": 218}
{"obj": {"type": "LogStrings", "path": ["monitoring", "stdout"], "values": [{"value": "[[tensor(8591, device='cuda:0'), tensor(30301, device='cuda:0')], [tensor(10133, device='cuda:0'), tensor(700975, device='cuda:0')]]", "step": null, "ts": 1647450946.4753492}]}, "version": 219}
{"obj": {"type": "LogStrings", "path": ["monitoring", "stdout"], "values": [{"value": "\n", "step": null, "ts": 1647450946.4753492}]}, "version": 220}
{"obj": {"type": "LogStrings", "path": ["monitoring", "stdout"], "values": [{"value": "[[tensor(7711, device='cuda:0'), tensor(17707, device='cuda:0')], [tensor(8323, device='cuda:0'), tensor(716259, device='cuda:0')]]", "step": null, "ts": 1647450946.6633468}]}, "version": 221}
{"obj": {"type": "LogStrings", "path": ["monitoring", "stdout"], "values": [{"value": "\n", "step": null, "ts": 1647450946.6633468}]}, "version": 222}
{"obj": {"type": "LogStrings", "path": ["monitoring", "stdout"], "values": [{"value": "[[tensor(4060, device='cuda:0'), tensor(14754, device='cuda:0')], [tensor(3440, device='cuda:0'), tensor(727746, device='cuda:0')]]", "step": null, "ts": 1647450946.8499944}]}, "version": 223}
{"obj": {"type": "LogStrings", "path": ["monitoring", "stdout"], "values": [{"value": "\n", "step": null, "ts": 1647450946.8509948}]}, "version": 224}
{"obj": {"type": "LogStrings", "path": ["monitoring", "stdout"], "values": [{"value": "[[tensor(4115, device='cuda:0'), tensor(24497, device='cuda:0')], [tensor(2635, device='cuda:0'), tensor(718753, device='cuda:0')]]", "step": null, "ts": 1647450947.0381653}]}, "version": 225}
{"obj": {"type": "LogStrings", "path": ["monitoring", "stdout"], "values": [{"value": "\n", "step": null, "ts": 1647450947.0381653}]}, "version": 226}
{"obj": {"type": "LogFloats", "path": ["monitoring", "cpu"], "values": [{"value": 17.6, "step": null, "ts": 1647450947.0661902}]}, "version": 227}
{"obj": {"type": "LogFloats", "path": ["monitoring", "memory"], "values": [{"value": 9.450984954833984, "step": null, "ts": 1647450947.0661902}]}, "version": 228}
{"obj": {"type": "LogFloats", "path": ["monitoring", "gpu"], "values": [{"value": 98.0, "step": null, "ts": 1647450947.0661902}]}, "version": 229}
{"obj": {"type": "LogFloats", "path": ["monitoring", "gpu_memory"], "values": [{"value": 2.143951416015625, "step": null, "ts": 1647450947.0661902}]}, "version": 230}
{"obj": {"type": "LogStrings", "path": ["monitoring", "stdout"], "values": [{"value": "[[tensor(11809, device='cuda:0'), tensor(8889, device='cuda:0')], [tensor(11441, device='cuda:0'), tensor(717861, device='cuda:0')]]", "step": null, "ts": 1647450947.2263365}]}, "version": 231}
{"obj": {"type": "LogStrings", "path": ["monitoring", "stdout"], "values": [{"value": "\n", "step": null, "ts": 1647450947.2263365}]}, "version": 232}
{"obj": {"type": "LogStrings", "path": ["monitoring", "stdout"], "values": [{"value": "[[tensor(1047, device='cuda:0'), tensor(7232, device='cuda:0')], [tensor(953, device='cuda:0'), tensor(440768, device='cuda:0')]]", "step": null, "ts": 1647450947.3424425}]}, "version": 233}
{"obj": {"type": "LogStrings", "path": ["monitoring", "stdout"], "values": [{"value": "\n", "step": null, "ts": 1647450947.3424425}]}, "version": 234}
{"obj": {"type": "LogStrings", "path": ["monitoring", "stdout"], "values": [{"value": "[[tensor(26396, device='cuda:0'), tensor(1110, device='cuda:0')], [tensor(19435, device='cuda:0'), tensor(703059, device='cuda:0')]]", "step": null, "ts": 1647450947.6076398}]}, "version": 235}
{"obj": {"type": "LogStrings", "path": ["monitoring", "stdout"], "values": [{"value": "\n", "step": null, "ts": 1647450947.608641}]}, "version": 236}
{"obj": {"type": "LogStrings", "path": ["monitoring", "stdout"], "values": [{"value": "[[tensor(3838, device='cuda:0'), tensor(17590, device='cuda:0')], [tensor(3162, device='cuda:0'), tensor(725410, device='cuda:0')]]", "step": null, "ts": 1647450947.7958107}]}, "version": 237}
{"obj": {"type": "LogStrings", "path": ["monitoring", "stdout"], "values": [{"value": "\n", "step": null, "ts": 1647450947.7958107}]}, "version": 238}
{"obj": {"type": "LogStrings", "path": ["monitoring", "stdout"], "values": [{"value": "[[tensor(26938, device='cuda:0'), tensor(678, device='cuda:0')], [tensor(147039, device='cuda:0'), tensor(575345, device='cuda:0')]]", "step": null, "ts": 1647450947.9829812}]}, "version": 239}
{"obj": {"type": "LogStrings", "path": ["monitoring", "stdout"], "values": [{"value": "\n", "step": null, "ts": 1647450947.9839823}]}, "version": 240}
{"obj": {"type": "LogStrings", "path": ["monitoring", "stdout"], "values": [{"value": "[[tensor(8670, device='cuda:0'), tensor(4205, device='cuda:0')], [tensor(69227, device='cuda:0'), tensor(667898, device='cuda:0')]]", "step": null, "ts": 1647450948.171152}]}, "version": 241}
{"obj": {"type": "LogStrings", "path": ["monitoring", "stdout"], "values": [{"value": "\n", "step": null, "ts": 1647450948.171152}]}, "version": 242}
{"obj": {"type": "LogStrings", "path": ["monitoring", "stdout"], "values": [{"value": "[[tensor(17894, device='cuda:0'), tensor(1699, device='cuda:0')], [tensor(18972, device='cuda:0'), tensor(711435, device='cuda:0')]]", "step": null, "ts": 1647450948.3583221}]}, "version": 243}
{"obj": {"type": "LogStrings", "path": ["monitoring", "stdout"], "values": [{"value": "\n", "step": null, "ts": 1647450948.3583221}]}, "version": 244}
{"obj": {"type": "LogStrings", "path": ["monitoring", "stdout"], "values": [{"value": "[[tensor(1988, device='cuda:0'), tensor(7664, device='cuda:0')], [tensor(1012, device='cuda:0'), tensor(514336, device='cuda:0')]]", "step": null, "ts": 1647450948.4924443}]}, "version": 245}
{"obj": {"type": "LogStrings", "path": ["monitoring", "stdout"], "values": [{"value": "\n", "step": null, "ts": 1647450948.4924443}]}, "version": 246}
{"obj": {"type": "LogStrings", "path": ["monitoring", "stdout"], "values": [{"value": "[[tensor(21233, device='cuda:0'), tensor(4535, device='cuda:0')], [tensor(237606, device='cuda:0'), tensor(486626, device='cuda:0')]]", "step": null, "ts": 1647450948.7223306}]}, "version": 247}
{"obj": {"type": "LogStrings", "path": ["monitoring", "stdout"], "values": [{"value": "\n", "step": null, "ts": 1647450948.7233317}]}, "version": 248}
{"obj": {"type": "LogStrings", "path": ["monitoring", "stdout"], "values": [{"value": "[[tensor(15248, device='cuda:0'), tensor(6880, device='cuda:0')], [tensor(171348, device='cuda:0'), tensor(556524, device='cuda:0')]]", "step": null, "ts": 1647450948.9105024}]}, "version": 249}
{"obj": {"type": "LogStrings", "path": ["monitoring", "stdout"], "values": [{"value": "\n", "step": null, "ts": 1647450948.9105024}]}, "version": 250}
{"obj": {"type": "LogStrings", "path": ["monitoring", "stdout"], "values": [{"value": "[[tensor(21364, device='cuda:0'), tensor(8484, device='cuda:0')], [tensor(192022, device='cuda:0'), tensor(528130, device='cuda:0')]]", "step": null, "ts": 1647450949.0986736}]}, "version": 251}
{"obj": {"type": "LogStrings", "path": ["monitoring", "stdout"], "values": [{"value": "\n", "step": null, "ts": 1647450949.0986736}]}, "version": 252}
{"obj": {"type": "LogStrings", "path": ["monitoring", "stdout"], "values": [{"value": "[[tensor(25782, device='cuda:0'), tensor(7227, device='cuda:0')], [tensor(172472, device='cuda:0'), tensor(544519, device='cuda:0')]]", "step": null, "ts": 1647450949.286845}]}, "version": 253}
{"obj": {"type": "LogStrings", "path": ["monitoring", "stdout"], "values": [{"value": "\n", "step": null, "ts": 1647450949.286845}]}, "version": 254}
{"obj": {"type": "LogStrings", "path": ["monitoring", "stdout"], "values": [{"value": "[[tensor(894, device='cuda:0'), tensor(9102, device='cuda:0')], [tensor(14356, device='cuda:0'), tensor(275648, device='cuda:0')]]", "step": null, "ts": 1647450949.3679183}]}, "version": 255}
{"obj": {"type": "LogStrings", "path": ["monitoring", "stdout"], "values": [{"value": "\n", "step": null, "ts": 1647450949.3679183}]}, "version": 256}
{"obj": {"type": "LogStrings", "path": ["monitoring", "stdout"], "values": [{"value": "[[tensor(476, device='cuda:0'), tensor(9157, device='cuda:0')], [tensor(524, device='cuda:0'), tensor(289843, device='cuda:0')]]", "step": null, "ts": 1647450949.4587972}]}, "version": 257}
{"obj": {"type": "LogStrings", "path": ["monitoring", "stdout"], "values": [{"value": "\n", "step": null, "ts": 1647450949.4587972}]}, "version": 258}
{"obj": {"type": "LogStrings", "path": ["monitoring", "stdout"], "values": [{"value": "[[tensor(60028, device='cuda:0'), tensor(1617, device='cuda:0')], [tensor(155141, device='cuda:0'), tensor(533214, device='cuda:0')]]", "step": null, "ts": 1647450949.7120278}]}, "version": 259}
{"obj": {"type": "LogStrings", "path": ["monitoring", "stdout"], "values": [{"value": "\n", "step": null, "ts": 1647450949.7120278}]}, "version": 260}
{"obj": {"type": "LogStrings", "path": ["monitoring", "stdout"], "values": [{"value": "[[tensor(52664, device='cuda:0'), tensor(5476, device='cuda:0')], [tensor(179650, device='cuda:0'), tensor(512210, device='cuda:0')]]", "step": null, "ts": 1647450949.8991988}]}, "version": 261}
{"obj": {"type": "LogStrings", "path": ["monitoring", "stdout"], "values": [{"value": "\n", "step": null, "ts": 1647450949.8991988}]}, "version": 262}
{"obj": {"type": "LogStrings", "path": ["monitoring", "stdout"], "values": [{"value": "[[tensor(53188, device='cuda:0'), tensor(1633, device='cuda:0')], [tensor(114044, device='cuda:0'), tensor(581135, device='cuda:0')]]", "step": null, "ts": 1647450950.0873697}]}, "version": 263}
{"obj": {"type": "LogStrings", "path": ["monitoring", "stdout"], "values": [{"value": "\n", "step": null, "ts": 1647450950.0873697}]}, "version": 264}
{"obj": {"type": "LogStrings", "path": ["monitoring", "stdout"], "values": [{"value": "[[tensor(76667, device='cuda:0'), tensor(3097, device='cuda:0')], [tensor(180600, device='cuda:0'), tensor(489636, device='cuda:0')]]", "step": null, "ts": 1647450950.2755408}]}, "version": 265}
{"obj": {"type": "LogStrings", "path": ["monitoring", "stdout"], "values": [{"value": "\n", "step": null, "ts": 1647450950.2755408}]}, "version": 266}
{"obj": {"type": "LogStrings", "path": ["monitoring", "stdout"], "values": [{"value": "[[tensor(61328, device='cuda:0'), tensor(19470, device='cuda:0')], [tensor(122882, device='cuda:0'), tensor(546320, device='cuda:0')]]", "step": null, "ts": 1647450950.463218}]}, "version": 267}
{"obj": {"type": "LogStrings", "path": ["monitoring", "stdout"], "values": [{"value": "\n", "step": null, "ts": 1647450950.4642186}]}, "version": 268}
{"obj": {"type": "LogStrings", "path": ["monitoring", "stdout"], "values": [{"value": "[[tensor(78761, device='cuda:0'), tensor(9662, device='cuda:0')], [tensor(143089, device='cuda:0'), tensor(518488, device='cuda:0')]]", "step": null, "ts": 1647450950.6523125}]}, "version": 269}
{"obj": {"type": "LogStrings", "path": ["monitoring", "stdout"], "values": [{"value": "\n", "step": null, "ts": 1647450950.6523125}]}, "version": 270}
{"obj": {"type": "LogStrings", "path": ["monitoring", "stdout"], "values": [{"value": "[[tensor(38894, device='cuda:0'), tensor(3605, device='cuda:0')], [tensor(41583, device='cuda:0'), tensor(365918, device='cuda:0')]]", "step": null, "ts": 1647450950.768418}]}, "version": 271}
{"obj": {"type": "LogStrings", "path": ["monitoring", "stdout"], "values": [{"value": "\n", "step": null, "ts": 1647450950.768418}]}, "version": 272}
{"obj": {"type": "LogStrings", "path": ["monitoring", "stdout"], "values": [{"value": "[[tensor(56563, device='cuda:0'), tensor(37075, device='cuda:0')], [tensor(196744, device='cuda:0'), tensor(459618, device='cuda:0')]]", "step": null, "ts": 1647450951.0476527}]}, "version": 273}
{"obj": {"type": "LogStrings", "path": ["monitoring", "stdout"], "values": [{"value": "\n", "step": null, "ts": 1647450951.048654}]}, "version": 274}
{"obj": {"type": "LogStrings", "path": ["monitoring", "stdout"], "values": [{"value": "[[tensor(41758, device='cuda:0'), tensor(82360, device='cuda:0')], [tensor(149992, device='cuda:0'), tensor(475890, device='cuda:0')]]", "step": null, "ts": 1647450951.2358947}]}, "version": 275}
{"obj": {"type": "LogStrings", "path": ["monitoring", "stdout"], "values": [{"value": "\n", "step": null, "ts": 1647450951.2358947}]}, "version": 276}
{"obj": {"type": "LogStrings", "path": ["monitoring", "stdout"], "values": [{"value": "[[tensor(64186, device='cuda:0'), tensor(84940, device='cuda:0')], [tensor(96883, device='cuda:0'), tensor(503991, device='cuda:0')]]", "step": null, "ts": 1647450951.4238665}]}, "version": 277}
{"obj": {"type": "LogStrings", "path": ["monitoring", "stdout"], "values": [{"value": "\n", "step": null, "ts": 1647450951.4238665}]}, "version": 278}
{"obj": {"type": "LogStrings", "path": ["monitoring", "stdout"], "values": [{"value": "[[tensor(82971, device='cuda:0'), tensor(82514, device='cuda:0')], [tensor(120898, device='cuda:0'), tensor(463617, device='cuda:0')]]", "step": null, "ts": 1647450951.611915}]}, "version": 279}
{"obj": {"type": "LogStrings", "path": ["monitoring", "stdout"], "values": [{"value": "\n", "step": null, "ts": 1647450951.611915}]}, "version": 280}
{"obj": {"type": "LogStrings", "path": ["monitoring", "stdout"], "values": [{"value": "[[tensor(87810, device='cuda:0'), tensor(108122, device='cuda:0')], [tensor(110017, device='cuda:0'), tensor(444051, device='cuda:0')]]", "step": null, "ts": 1647450951.8000863}]}, "version": 281}
{"obj": {"type": "LogStrings", "path": ["monitoring", "stdout"], "values": [{"value": "\n", "step": null, "ts": 1647450951.8000863}]}, "version": 282}
{"obj": {"type": "LogStrings", "path": ["monitoring", "stdout"], "values": [{"value": "[[tensor(102399, device='cuda:0'), tensor(75211, device='cuda:0')], [tensor(75757, device='cuda:0'), tensor(496633, device='cuda:0')]]", "step": null, "ts": 1647450951.9882576}]}, "version": 283}
{"obj": {"type": "LogStrings", "path": ["monitoring", "stdout"], "values": [{"value": "\n", "step": null, "ts": 1647450951.9882576}]}, "version": 284}
{"obj": {"type": "LogStrings", "path": ["monitoring", "stdout"], "values": [{"value": "[[tensor(32101, device='cuda:0'), tensor(106702, device='cuda:0')], [tensor(20775, device='cuda:0'), tensor(290422, device='cuda:0')]]", "step": null, "ts": 1647450952.104363}]}, "version": 285}
{"obj": {"type": "LogStrings", "path": ["monitoring", "stdout"], "values": [{"value": "\n", "step": null, "ts": 1647450952.1053636}]}, "version": 286}
{"obj": {"type": "LogStrings", "path": ["monitoring", "stdout"], "values": [{"value": "[[tensor(44581, device='cuda:0'), tensor(230081, device='cuda:0')], [tensor(48087, device='cuda:0'), tensor(427251, device='cuda:0')]]", "step": null, "ts": 1647450952.4796646}]}, "version": 287}
{"obj": {"type": "LogStrings", "path": ["monitoring", "stdout"], "values": [{"value": "\n", "step": null, "ts": 1647450952.4796646}]}, "version": 288}
{"obj": {"type": "LogStrings", "path": ["monitoring", "stdout"], "values": [{"value": "[[tensor(68419, device='cuda:0'), tensor(239714, device='cuda:0')], [tensor(45690, device='cuda:0'), tensor(396177, device='cuda:0')]]", "step": null, "ts": 1647450952.6678357}]}, "version": 289}
{"obj": {"type": "LogStrings", "path": ["monitoring", "stdout"], "values": [{"value": "\n", "step": null, "ts": 1647450952.6678357}]}, "version": 290}
{"obj": {"type": "LogStrings", "path": ["monitoring", "stdout"], "values": [{"value": "[[tensor(9497, device='cuda:0'), tensor(317390, device='cuda:0')], [tensor(25253, device='cuda:0'), tensor(397860, device='cuda:0')]]", "step": null, "ts": 1647450952.8564124}]}, "version": 291}
{"obj": {"type": "LogStrings", "path": ["monitoring", "stdout"], "values": [{"value": "\n", "step": null, "ts": 1647450952.8564124}]}, "version": 292}
{"obj": {"type": "LogStrings", "path": ["monitoring", "stdout"], "values": [{"value": "[[tensor(5879, device='cuda:0'), tensor(349653, device='cuda:0')], [tensor(4955, device='cuda:0'), tensor(389513, device='cuda:0')]]", "step": null, "ts": 1647450953.0435884}]}, "version": 293}
{"obj": {"type": "LogStrings", "path": ["monitoring", "stdout"], "values": [{"value": "\n", "step": null, "ts": 1647450953.0445893}]}, "version": 294}
{"obj": {"type": "LogStrings", "path": ["monitoring", "stdout"], "values": [{"value": "[[tensor(75751, device='cuda:0'), tensor(253508, device='cuda:0')], [tensor(19927, device='cuda:0'), tensor(400814, device='cuda:0')]]", "step": null, "ts": 1647450953.2318354}]}, "version": 295}
{"obj": {"type": "LogStrings", "path": ["monitoring", "stdout"], "values": [{"value": "\n", "step": null, "ts": 1647450953.2318354}]}, "version": 296}
{"obj": {"type": "LogStrings", "path": ["monitoring", "stdout"], "values": [{"value": "[[tensor(40839, device='cuda:0'), tensor(309049, device='cuda:0')], [tensor(13961, device='cuda:0'), tensor(386151, device='cuda:0')]]", "step": null, "ts": 1647450953.4199166}]}, "version": 297}
{"obj": {"type": "LogStrings", "path": ["monitoring", "stdout"], "values": [{"value": "\n", "step": null, "ts": 1647450953.4199166}]}, "version": 298}
{"obj": {"type": "LogStrings", "path": ["monitoring", "stdout"], "values": [{"value": "[[tensor(16705, device='cuda:0'), tensor(183994, device='cuda:0')], [tensor(14889, device='cuda:0'), tensor(234412, device='cuda:0')]]", "step": null, "ts": 1647450953.5369658}]}, "version": 299}
{"obj": {"type": "LogStrings", "path": ["monitoring", "stdout"], "values": [{"value": "\n", "step": null, "ts": 1647450953.5369658}]}, "version": 300}
{"obj": {"type": "LogStrings", "path": ["monitoring", "stdout"], "values": [{"value": "[[tensor(2699, device='cuda:0'), tensor(271718, device='cuda:0')], [tensor(301, device='cuda:0'), tensor(475282, device='cuda:0')]]", "step": null, "ts": 1647450953.7462912}]}, "version": 301}
{"obj": {"type": "LogStrings", "path": ["monitoring", "stdout"], "values": [{"value": "\n", "step": null, "ts": 1647450953.7462912}]}, "version": 302}
{"obj": {"type": "LogStrings", "path": ["monitoring", "stdout"], "values": [{"value": "[[tensor(0, device='cuda:0'), tensor(118380, device='cuda:0')], [tensor(0, device='cuda:0'), tensor(481620, device='cuda:0')]]", "step": null, "ts": 1647450953.898431}]}, "version": 303}
{"obj": {"type": "LogStrings", "path": ["monitoring", "stdout"], "values": [{"value": "\n", "step": null, "ts": 1647450953.898431}]}, "version": 304}
{"obj": {"type": "LogStrings", "path": ["monitoring", "stdout"], "values": [{"value": "[[tensor(38890, device='cuda:0'), tensor(73894, device='cuda:0')], [tensor(43480, device='cuda:0'), tensor(593736, device='cuda:0')]]", "step": null, "ts": 1647450954.1784039}]}, "version": 305}
{"obj": {"type": "LogStrings", "path": ["monitoring", "stdout"], "values": [{"value": "\n", "step": null, "ts": 1647450954.1784039}]}, "version": 306}
{"obj": {"type": "LogStrings", "path": ["monitoring", "stdout"], "values": [{"value": "[[tensor(37343, device='cuda:0'), tensor(41751, device='cuda:0')], [tensor(50245, device='cuda:0'), tensor(620661, device='cuda:0')]]", "step": null, "ts": 1647450954.3655741}]}, "version": 307}
{"obj": {"type": "LogStrings", "path": ["monitoring", "stdout"], "values": [{"value": "\n", "step": null, "ts": 1647450954.3655741}]}, "version": 308}
{"obj": {"type": "LogStrings", "path": ["monitoring", "stdout"], "values": [{"value": "[[tensor(36132, device='cuda:0'), tensor(23263, device='cuda:0')], [tensor(24868, device='cuda:0'), tensor(665737, device='cuda:0')]]", "step": null, "ts": 1647450954.5537453}]}, "version": 309}
{"obj": {"type": "LogStrings", "path": ["monitoring", "stdout"], "values": [{"value": "\n", "step": null, "ts": 1647450954.5537453}]}, "version": 310}
{"obj": {"type": "LogStrings", "path": ["monitoring", "stdout"], "values": [{"value": "[[tensor(18784, device='cuda:0'), tensor(41490, device='cuda:0')], [tensor(15216, device='cuda:0'), tensor(674510, device='cuda:0')]]", "step": null, "ts": 1647450954.7409153}]}, "version": 311}
{"obj": {"type": "LogStrings", "path": ["monitoring", "stdout"], "values": [{"value": "\n", "step": null, "ts": 1647450954.7419162}]}, "version": 312}
{"obj": {"type": "LogStrings", "path": ["monitoring", "stdout"], "values": [{"value": "[[tensor(28273, device='cuda:0'), tensor(36737, device='cuda:0')], [tensor(38727, device='cuda:0'), tensor(646263, device='cuda:0')]]", "step": null, "ts": 1647450954.9300873}]}, "version": 313}
{"obj": {"type": "LogStrings", "path": ["monitoring", "stdout"], "values": [{"value": "\n", "step": null, "ts": 1647450954.9300873}]}, "version": 314}
{"obj": {"type": "LogStrings", "path": ["monitoring", "stdout"], "values": [{"value": "[[tensor(33430, device='cuda:0'), tensor(30119, device='cuda:0')], [tensor(50805, device='cuda:0'), tensor(635646, device='cuda:0')]]", "step": null, "ts": 1647450955.117258}]}, "version": 315}
{"obj": {"type": "LogStrings", "path": ["monitoring", "stdout"], "values": [{"value": "\n", "step": null, "ts": 1647450955.117258}]}, "version": 316}
{"obj": {"type": "LogStrings", "path": ["monitoring", "stdout"], "values": [{"value": "[[tensor(12799, device='cuda:0'), tensor(20471, device='cuda:0')], [tensor(9760, device='cuda:0'), tensor(406970, device='cuda:0')]]", "step": null, "ts": 1647450955.2332501}]}, "version": 317}
{"obj": {"type": "LogStrings", "path": ["monitoring", "stdout"], "values": [{"value": "\n", "step": null, "ts": 1647450955.2332501}]}, "version": 318}
{"obj": {"type": "LogStrings", "path": ["monitoring", "stdout"], "values": [{"value": "[[tensor(220, device='cuda:0'), tensor(99194, device='cuda:0')], [tensor(2030, device='cuda:0'), tensor(648556, device='cuda:0')]]", "step": null, "ts": 1647450955.8015997}]}, "version": 319}
{"obj": {"type": "LogStrings", "path": ["monitoring", "stdout"], "values": [{"value": "\n", "step": null, "ts": 1647450955.8015997}]}, "version": 320}
{"obj": {"type": "LogStrings", "path": ["monitoring", "stdout"], "values": [{"value": "[[tensor(1540, device='cuda:0'), tensor(109565, device='cuda:0')], [tensor(24677, device='cuda:0'), tensor(614218, device='cuda:0')]]", "step": null, "ts": 1647450955.9897726}]}, "version": 321}
{"obj": {"type": "LogStrings", "path": ["monitoring", "stdout"], "values": [{"value": "\n", "step": null, "ts": 1647450955.9897726}]}, "version": 322}
{"obj": {"type": "LogStrings", "path": ["monitoring", "stdout"], "values": [{"value": "[[tensor(16, device='cuda:0'), tensor(80893, device='cuda:0')], [tensor(11234, device='cuda:0'), tensor(657857, device='cuda:0')]]", "step": null, "ts": 1647450956.1781476}]}, "version": 323}
{"obj": {"type": "LogStrings", "path": ["monitoring", "stdout"], "values": [{"value": "\n", "step": null, "ts": 1647450956.1781476}]}, "version": 324}
{"obj": {"type": "LogStrings", "path": ["monitoring", "stdout"], "values": [{"value": "[[tensor(37, device='cuda:0'), tensor(74193, device='cuda:0')], [tensor(1815, device='cuda:0'), tensor(673955, device='cuda:0')]]", "step": null, "ts": 1647450956.3647501}]}, "version": 325}
{"obj": {"type": "LogStrings", "path": ["monitoring", "stdout"], "values": [{"value": "\n", "step": null, "ts": 1647450956.3657503}]}, "version": 326}
{"obj": {"type": "LogStrings", "path": ["monitoring", "stdout"], "values": [{"value": "[[tensor(3091, device='cuda:0'), tensor(74236, device='cuda:0')], [tensor(25708, device='cuda:0'), tensor(646965, device='cuda:0')]]", "step": null, "ts": 1647450956.5534227}]}, "version": 327}
{"obj": {"type": "LogStrings", "path": ["monitoring", "stdout"], "values": [{"value": "\n", "step": null, "ts": 1647450956.5534227}]}, "version": 328}
{"obj": {"type": "LogStrings", "path": ["monitoring", "stdout"], "values": [{"value": "[[tensor(0, device='cuda:0'), tensor(76434, device='cuda:0')], [tensor(2500, device='cuda:0'), tensor(671066, device='cuda:0')]]", "step": null, "ts": 1647450956.7405941}]}, "version": 329}
{"obj": {"type": "LogStrings", "path": ["monitoring", "stdout"], "values": [{"value": "\n", "step": null, "ts": 1647450956.7405941}]}, "version": 330}
{"obj": {"type": "LogStrings", "path": ["monitoring", "stdout"], "values": [{"value": "[[tensor(0, device='cuda:0'), tensor(63879, device='cuda:0')], [tensor(0, device='cuda:0'), tensor(386121, device='cuda:0')]]", "step": null, "ts": 1647450956.8566995}]}, "version": 331}
{"obj": {"type": "LogStrings", "path": ["monitoring", "stdout"], "values": [{"value": "\n", "step": null, "ts": 1647450956.8577025}]}, "version": 332}
{"obj": {"type": "LogFloats", "path": ["monitoring", "cpu"], "values": [{"value": 18.7, "step": null, "ts": 1647450957.0758986}]}, "version": 333}
{"obj": {"type": "LogFloats", "path": ["monitoring", "memory"], "values": [{"value": 9.689754486083984, "step": null, "ts": 1647450957.0758986}]}, "version": 334}
{"obj": {"type": "LogFloats", "path": ["monitoring", "gpu"], "values": [{"value": 69.0, "step": null, "ts": 1647450957.0758986}]}, "version": 335}
{"obj": {"type": "LogFloats", "path": ["monitoring", "gpu_memory"], "values": [{"value": 2.143951416015625, "step": null, "ts": 1647450957.0758986}]}, "version": 336}
{"obj": {"type": "LogStrings", "path": ["monitoring", "stdout"], "values": [{"value": "[[tensor(5681, device='cuda:0'), tensor(82239, device='cuda:0')], [tensor(4814, device='cuda:0'), tensor(657266, device='cuda:0')]]", "step": null, "ts": 1647450957.0919132}]}, "version": 337}
{"obj": {"type": "LogStrings", "path": ["monitoring", "stdout"], "values": [{"value": "\n", "step": null, "ts": 1647450957.0919132}]}, "version": 338}
{"obj": {"type": "LogStrings", "path": ["monitoring", "stdout"], "values": [{"value": "[[tensor(16232, device='cuda:0'), tensor(40032, device='cuda:0')], [tensor(12469, device='cuda:0'), tensor(681267, device='cuda:0')]]", "step": null, "ts": 1647450957.279084}]}, "version": 339}
{"obj": {"type": "LogStrings", "path": ["monitoring", "stdout"], "values": [{"value": "\n", "step": null, "ts": 1647450957.279084}]}, "version": 340}
{"obj": {"type": "LogStrings", "path": ["monitoring", "stdout"], "values": [{"value": "[[tensor(6977, device='cuda:0'), tensor(11538, device='cuda:0')], [tensor(2523, device='cuda:0'), tensor(728962, device='cuda:0')]]", "step": null, "ts": 1647450957.4672546}]}, "version": 341}
{"obj": {"type": "LogStrings", "path": ["monitoring", "stdout"], "values": [{"value": "\n", "step": null, "ts": 1647450957.4672546}]}, "version": 342}
{"obj": {"type": "LogStrings", "path": ["monitoring", "stdout"], "values": [{"value": "[[tensor(11826, device='cuda:0'), tensor(21727, device='cuda:0')], [tensor(14924, device='cuda:0'), tensor(701523, device='cuda:0')]]", "step": null, "ts": 1647450957.6544251}]}, "version": 343}
{"obj": {"type": "LogStrings", "path": ["monitoring", "stdout"], "values": [{"value": "\n", "step": null, "ts": 1647450957.6554263}]}, "version": 344}
{"obj": {"type": "LogStrings", "path": ["monitoring", "stdout"], "values": [{"value": "[[tensor(10606, device='cuda:0'), tensor(16319, device='cuda:0')], [tensor(12644, device='cuda:0'), tensor(710431, device='cuda:0')]]", "step": null, "ts": 1647450957.842596}]}, "version": 345}
{"obj": {"type": "LogStrings", "path": ["monitoring", "stdout"], "values": [{"value": "\n", "step": null, "ts": 1647450957.842596}]}, "version": 346}
{"obj": {"type": "LogStrings", "path": ["monitoring", "stdout"], "values": [{"value": "[[tensor(17371, device='cuda:0'), tensor(38517, device='cuda:0')], [tensor(7988, device='cuda:0'), tensor(686124, device='cuda:0')]]", "step": null, "ts": 1647450958.0309134}]}, "version": 347}
{"obj": {"type": "LogStrings", "path": ["monitoring", "stdout"], "values": [{"value": "\n", "step": null, "ts": 1647450958.0309134}]}, "version": 348}
{"obj": {"type": "LogStrings", "path": ["monitoring", "stdout"], "values": [{"value": "[[tensor(3063, device='cuda:0'), tensor(7148, device='cuda:0')], [tensor(7437, device='cuda:0'), tensor(432352, device='cuda:0')]]", "step": null, "ts": 1647450958.1470459}]}, "version": 349}
{"obj": {"type": "LogStrings", "path": ["monitoring", "stdout"], "values": [{"value": "\n", "step": null, "ts": 1647450958.1470459}]}, "version": 350}
{"obj": {"type": "LogStrings", "path": ["monitoring", "stdout"], "values": [{"value": "[[tensor(18697, device='cuda:0'), tensor(27937, device='cuda:0')], [tensor(3553, device='cuda:0'), tensor(699813, device='cuda:0')]]", "step": null, "ts": 1647450958.377116}]}, "version": 351}
{"obj": {"type": "LogStrings", "path": ["monitoring", "stdout"], "values": [{"value": "\n", "step": null, "ts": 1647450958.377116}]}, "version": 352}
{"obj": {"type": "LogStrings", "path": ["monitoring", "stdout"], "values": [{"value": "[[tensor(8793, device='cuda:0'), tensor(42551, device='cuda:0')], [tensor(2957, device='cuda:0'), tensor(695699, device='cuda:0')]]", "step": null, "ts": 1647450958.5642865}]}, "version": 353}
{"obj": {"type": "LogStrings", "path": ["monitoring", "stdout"], "values": [{"value": "\n", "step": null, "ts": 1647450958.5642865}]}, "version": 354}
{"obj": {"type": "LogStrings", "path": ["monitoring", "stdout"], "values": [{"value": "[[tensor(22942, device='cuda:0'), tensor(10754, device='cuda:0')], [tensor(4308, device='cuda:0'), tensor(711996, device='cuda:0')]]", "step": null, "ts": 1647450958.752459}]}, "version": 355}
{"obj": {"type": "LogStrings", "path": ["monitoring", "stdout"], "values": [{"value": "\n", "step": null, "ts": 1647450958.752459}]}, "version": 356}
{"obj": {"type": "LogStrings", "path": ["monitoring", "stdout"], "values": [{"value": "[[tensor(8963, device='cuda:0'), tensor(27415, device='cuda:0')], [tensor(4037, device='cuda:0'), tensor(709585, device='cuda:0')]]", "step": null, "ts": 1647450958.9406295}]}, "version": 357}
{"obj": {"type": "LogStrings", "path": ["monitoring", "stdout"], "values": [{"value": "\n", "step": null, "ts": 1647450958.9406295}]}, "version": 358}
{"obj": {"type": "LogStrings", "path": ["monitoring", "stdout"], "values": [{"value": "[[tensor(15725, device='cuda:0'), tensor(23621, device='cuda:0')], [tensor(6525, device='cuda:0'), tensor(704129, device='cuda:0')]]", "step": null, "ts": 1647450959.1277993}]}, "version": 359}
{"obj": {"type": "LogStrings", "path": ["monitoring", "stdout"], "values": [{"value": "\n", "step": null, "ts": 1647450959.1277993}]}, "version": 360}
{"obj": {"type": "LogStrings", "path": ["monitoring", "traceback"], "values": [{"value": "An uncaught exception occurred while run was active on worker DESKTOP-SDMAFDQ.", "step": null, "ts": 1647450959.1408107}, {"value": "Marking run as failed", "step": null, "ts": 1647450959.1408107}, {"value": "Traceback:", "step": null, "ts": 1647450959.1408107}, {"value": "  File \"C:\\Users\\Marc\\Documents\\GitHub\\Artefact-Rejection\\unet-training.py\", line 150, in <module>\n    loss.backward()\n", "step": null, "ts": 1647450959.1408107}, {"value": "  File \"C:\\Users\\Marc\\anaconda3\\envs\\deep\\lib\\site-packages\\torch\\_tensor.py\", line 307, in backward\n    torch.autograd.backward(self, gradient, retain_graph, create_graph, inputs=inputs)\n", "step": null, "ts": 1647450959.1408107}, {"value": "  File \"C:\\Users\\Marc\\anaconda3\\envs\\deep\\lib\\site-packages\\torch\\autograd\\__init__.py\", line 154, in backward\n    Variable._execution_engine.run_backward(\n", "step": null, "ts": 1647450959.1408107}, {"value": "", "step": null, "ts": 1647450959.1408107}]}, "version": 361}
{"obj": {"type": "AssignBool", "path": ["sys", "failed"], "value": true}, "version": 362}
{"obj": {"type": "LogStrings", "path": ["monitoring", "stderr"], "values": [{"value": "Traceback (most recent call last):\n", "step": null, "ts": 1647450959.1408107}]}, "version": 363}
{"obj": {"type": "LogStrings", "path": ["monitoring", "stderr"], "values": [{"value": "  File \"C:\\Users\\Marc\\Documents\\GitHub\\Artefact-Rejection\\unet-training.py\", line 150, in <module>\n", "step": null, "ts": 1647450959.1408107}]}, "version": 364}
{"obj": {"type": "LogStrings", "path": ["monitoring", "stderr"], "values": [{"value": "    ", "step": null, "ts": 1647450959.1418126}]}, "version": 365}
{"obj": {"type": "LogStrings", "path": ["monitoring", "stderr"], "values": [{"value": "loss.backward()", "step": null, "ts": 1647450959.1418126}]}, "version": 366}
{"obj": {"type": "LogStrings", "path": ["monitoring", "stderr"], "values": [{"value": "\n", "step": null, "ts": 1647450959.1418126}]}, "version": 367}
{"obj": {"type": "LogStrings", "path": ["monitoring", "stderr"], "values": [{"value": "  File \"C:\\Users\\Marc\\anaconda3\\envs\\deep\\lib\\site-packages\\torch\\_tensor.py\", line 307, in backward\n", "step": null, "ts": 1647450959.1418126}]}, "version": 368}
{"obj": {"type": "LogStrings", "path": ["monitoring", "stderr"], "values": [{"value": "    ", "step": null, "ts": 1647450959.1428132}]}, "version": 369}
{"obj": {"type": "LogStrings", "path": ["monitoring", "stderr"], "values": [{"value": "torch.autograd.backward(self, gradient, retain_graph, create_graph, inputs=inputs)", "step": null, "ts": 1647450959.1428132}]}, "version": 370}
{"obj": {"type": "LogStrings", "path": ["monitoring", "stderr"], "values": [{"value": "\n", "step": null, "ts": 1647450959.1428132}]}, "version": 371}
{"obj": {"type": "LogStrings", "path": ["monitoring", "stderr"], "values": [{"value": "  File \"C:\\Users\\Marc\\anaconda3\\envs\\deep\\lib\\site-packages\\torch\\autograd\\__init__.py\", line 154, in backward\n", "step": null, "ts": 1647450959.1428132}]}, "version": 372}
{"obj": {"type": "LogStrings", "path": ["monitoring", "stderr"], "values": [{"value": "    ", "step": null, "ts": 1647450959.1438138}]}, "version": 373}
{"obj": {"type": "LogStrings", "path": ["monitoring", "stderr"], "values": [{"value": "Variable._execution_engine.run_backward(", "step": null, "ts": 1647450959.1438138}]}, "version": 374}
{"obj": {"type": "LogStrings", "path": ["monitoring", "stderr"], "values": [{"value": "\n", "step": null, "ts": 1647450959.1438138}]}, "version": 375}
{"obj": {"type": "LogStrings", "path": ["monitoring", "stderr"], "values": [{"value": "KeyboardInterrupt", "step": null, "ts": 1647450959.1438138}]}, "version": 376}
{"obj": {"type": "LogStrings", "path": ["monitoring", "stderr"], "values": [{"value": "", "step": null, "ts": 1647450959.1438138}]}, "version": 377}
{"obj": {"type": "LogStrings", "path": ["monitoring", "stderr"], "values": [{"value": "\n", "step": null, "ts": 1647450959.1438138}]}, "version": 378}
