{"obj": {"type": "LogFloats", "path": ["monitoring", "cpu"], "values": [{"value": 36.7, "step": null, "ts": 1654163847.1851528}]}, "version": 1}
{"obj": {"type": "LogFloats", "path": ["monitoring", "memory"], "values": [{"value": 8.154552459716797, "step": null, "ts": 1654163847.1851528}]}, "version": 2}
{"obj": {"type": "LogFloats", "path": ["monitoring", "gpu"], "values": [{"value": 1.0, "step": null, "ts": 1654163847.1851528}]}, "version": 3}
{"obj": {"type": "LogFloats", "path": ["monitoring", "gpu_memory"], "values": [{"value": 0.8332405090332031, "step": null, "ts": 1654163847.1851528}]}, "version": 4}
{"obj": {"type": "LogStrings", "path": ["monitoring", "traceback"], "values": [{"value": "An uncaught exception occurred while run was active on worker DESKTOP-SH3J0RM.", "step": null, "ts": 1654163849.0921552}, {"value": "Marking run as failed", "step": null, "ts": 1654163849.0921552}, {"value": "Traceback:", "step": null, "ts": 1654163849.0921552}, {"value": "  File \"C:\\Users\\Marc\\Documents\\GitHub\\Artefact-Rejection\\plotting\\1.learn_plotter.py\", line 111, in <module>\n    print(sgd_loss[0])\n", "step": null, "ts": 1654163849.0921552}, {"value": "  File \"C:\\Users\\Marc\\anaconda3\\envs\\deep\\lib\\site-packages\\pandas\\core\\frame.py\", line 3505, in __getitem__\n    indexer = self.columns.get_loc(key)\n", "step": null, "ts": 1654163849.0921552}, {"value": "  File \"C:\\Users\\Marc\\anaconda3\\envs\\deep\\lib\\site-packages\\pandas\\core\\indexes\\base.py\", line 3623, in get_loc\n    raise KeyError(key) from err\n", "step": null, "ts": 1654163849.0921552}, {"value": "0", "step": null, "ts": 1654163849.0921552}]}, "version": 5}
{"obj": {"type": "AssignBool", "path": ["sys", "failed"], "value": true}, "version": 6}
{"obj": {"type": "LogStrings", "path": ["monitoring", "stderr"], "values": [{"value": "Traceback (most recent call last):\n", "step": null, "ts": 1654163849.0921552}]}, "version": 7}
{"obj": {"type": "LogStrings", "path": ["monitoring", "stderr"], "values": [{"value": "  File \"C:\\Users\\Marc\\anaconda3\\envs\\deep\\lib\\site-packages\\pandas\\core\\indexes\\base.py\", line 3621, in get_loc\n", "step": null, "ts": 1654163849.0931554}]}, "version": 8}
{"obj": {"type": "LogStrings", "path": ["monitoring", "stderr"], "values": [{"value": "    ", "step": null, "ts": 1654163849.0941553}]}, "version": 9}
{"obj": {"type": "LogStrings", "path": ["monitoring", "stderr"], "values": [{"value": "return self._engine.get_loc(casted_key)", "step": null, "ts": 1654163849.0941553}]}, "version": 10}
{"obj": {"type": "LogStrings", "path": ["monitoring", "stderr"], "values": [{"value": "\n", "step": null, "ts": 1654163849.0941553}]}, "version": 11}
{"obj": {"type": "LogStrings", "path": ["monitoring", "stderr"], "values": [{"value": "  File \"pandas\\_libs\\index.pyx\", line 136, in pandas._libs.index.IndexEngine.get_loc\n", "step": null, "ts": 1654163849.0941553}]}, "version": 12}
{"obj": {"type": "LogStrings", "path": ["monitoring", "stderr"], "values": [{"value": "  File \"pandas\\_libs\\index.pyx\", line 163, in pandas._libs.index.IndexEngine.get_loc\n", "step": null, "ts": 1654163849.0951552}]}, "version": 13}
{"obj": {"type": "LogStrings", "path": ["monitoring", "stderr"], "values": [{"value": "  File \"pandas\\_libs\\hashtable_class_helper.pxi\", line 5198, in pandas._libs.hashtable.PyObjectHashTable.get_item\n", "step": null, "ts": 1654163849.0951552}]}, "version": 14}
{"obj": {"type": "LogStrings", "path": ["monitoring", "stderr"], "values": [{"value": "  File \"pandas\\_libs\\hashtable_class_helper.pxi\", line 5206, in pandas._libs.hashtable.PyObjectHashTable.get_item\n", "step": null, "ts": 1654163849.0951552}]}, "version": 15}
{"obj": {"type": "LogStrings", "path": ["monitoring", "stderr"], "values": [{"value": "KeyError", "step": null, "ts": 1654163849.096155}]}, "version": 16}
{"obj": {"type": "LogStrings", "path": ["monitoring", "stderr"], "values": [{"value": ": ", "step": null, "ts": 1654163849.096155}]}, "version": 17}
{"obj": {"type": "LogStrings", "path": ["monitoring", "stderr"], "values": [{"value": "0", "step": null, "ts": 1654163849.096155}]}, "version": 18}
{"obj": {"type": "LogStrings", "path": ["monitoring", "stderr"], "values": [{"value": "\n", "step": null, "ts": 1654163849.096155}]}, "version": 19}
{"obj": {"type": "LogStrings", "path": ["monitoring", "stderr"], "values": [{"value": "\nThe above exception was the direct cause of the following exception:\n\n", "step": null, "ts": 1654163849.096155}]}, "version": 20}
{"obj": {"type": "LogStrings", "path": ["monitoring", "stderr"], "values": [{"value": "Traceback (most recent call last):\n", "step": null, "ts": 1654163849.096155}]}, "version": 21}
{"obj": {"type": "LogStrings", "path": ["monitoring", "stderr"], "values": [{"value": "  File \"C:\\Users\\Marc\\Documents\\GitHub\\Artefact-Rejection\\plotting\\1.learn_plotter.py\", line 111, in <module>\n", "step": null, "ts": 1654163849.096155}]}, "version": 22}
{"obj": {"type": "LogStrings", "path": ["monitoring", "stderr"], "values": [{"value": "    ", "step": null, "ts": 1654163849.097155}]}, "version": 23}
{"obj": {"type": "LogStrings", "path": ["monitoring", "stderr"], "values": [{"value": "print(sgd_loss[0])", "step": null, "ts": 1654163849.097155}]}, "version": 24}
{"obj": {"type": "LogStrings", "path": ["monitoring", "stderr"], "values": [{"value": "\n", "step": null, "ts": 1654163849.097155}]}, "version": 25}
{"obj": {"type": "LogStrings", "path": ["monitoring", "stderr"], "values": [{"value": "  File \"C:\\Users\\Marc\\anaconda3\\envs\\deep\\lib\\site-packages\\pandas\\core\\frame.py\", line 3505, in __getitem__\n", "step": null, "ts": 1654163849.098155}]}, "version": 26}
{"obj": {"type": "LogStrings", "path": ["monitoring", "stderr"], "values": [{"value": "    ", "step": null, "ts": 1654163849.0991552}]}, "version": 27}
{"obj": {"type": "LogStrings", "path": ["monitoring", "stderr"], "values": [{"value": "indexer = self.columns.get_loc(key)", "step": null, "ts": 1654163849.0991552}]}, "version": 28}
{"obj": {"type": "LogStrings", "path": ["monitoring", "stderr"], "values": [{"value": "\n", "step": null, "ts": 1654163849.0991552}]}, "version": 29}
{"obj": {"type": "LogStrings", "path": ["monitoring", "stderr"], "values": [{"value": "  File \"C:\\Users\\Marc\\anaconda3\\envs\\deep\\lib\\site-packages\\pandas\\core\\indexes\\base.py\", line 3623, in get_loc\n", "step": null, "ts": 1654163849.0991552}]}, "version": 30}
{"obj": {"type": "LogStrings", "path": ["monitoring", "stderr"], "values": [{"value": "    ", "step": null, "ts": 1654163849.1011553}]}, "version": 31}
{"obj": {"type": "LogStrings", "path": ["monitoring", "stderr"], "values": [{"value": "raise KeyError(key) from err", "step": null, "ts": 1654163849.1011553}]}, "version": 32}
{"obj": {"type": "LogStrings", "path": ["monitoring", "stderr"], "values": [{"value": "\n", "step": null, "ts": 1654163849.102154}]}, "version": 33}
{"obj": {"type": "LogStrings", "path": ["monitoring", "stderr"], "values": [{"value": "KeyError", "step": null, "ts": 1654163849.102154}]}, "version": 34}
{"obj": {"type": "LogStrings", "path": ["monitoring", "stderr"], "values": [{"value": ": ", "step": null, "ts": 1654163849.102154}]}, "version": 35}
{"obj": {"type": "LogStrings", "path": ["monitoring", "stderr"], "values": [{"value": "0", "step": null, "ts": 1654163849.102154}]}, "version": 36}
{"obj": {"type": "LogStrings", "path": ["monitoring", "stderr"], "values": [{"value": "\n", "step": null, "ts": 1654163849.102154}]}, "version": 37}
{"obj": {"type": "LogStrings", "path": ["monitoring", "stderr"], "values": [{"value": "Waiting for the remaining 37 operations to synchronize with Neptune. Do not kill this process.\n", "step": null, "ts": 1654163849.1271546}]}, "version": 38}
