{"obj": {"type": "AssignString", "path": ["sys", "name"], "value": "Untitled"}, "version": 1}
{"obj": {"type": "AssignString", "path": ["sys", "description"], "value": ""}, "version": 2}
{"obj": {"type": "AssignString", "path": ["sys", "hostname"], "value": "DESKTOP-SDMAFDQ"}, "version": 3}
{"obj": {"type": "AssignBool", "path": ["sys", "failed"], "value": false}, "version": 4}
{"obj": {"type": "ClearStringLog", "path": ["monitoring", "stdout"]}, "version": 5}
{"obj": {"type": "ClearStringLog", "path": ["monitoring", "stderr"]}, "version": 6}
{"obj": {"type": "AssignString", "path": ["source_code", "entrypoint"], "value": "Learning_rate_finder2.py"}, "version": 7}
{"obj": {"type": "UploadFileSet", "path": ["source_code", "files"], "file_globs": ["C:\\Users\\Marc\\Documents\\GitHub\\Artefact-Rejection\\1. Finding the learning-rate\\Learning_rate_finder2.py"], "reset": "False"}, "version": 8}
{"obj": {"type": "ConfigFloatSeries", "path": ["monitoring", "cpu"], "min": 0.0, "max": 100.0, "unit": "%"}, "version": 9}
{"obj": {"type": "ClearFloatLog", "path": ["monitoring", "cpu"]}, "version": 10}
{"obj": {"type": "ConfigFloatSeries", "path": ["monitoring", "memory"], "min": 0.0, "max": 15.88718032836914, "unit": "GB"}, "version": 11}
{"obj": {"type": "ClearFloatLog", "path": ["monitoring", "memory"]}, "version": 12}
{"obj": {"type": "ConfigFloatSeries", "path": ["monitoring", "gpu"], "min": 0.0, "max": 100.0, "unit": "%"}, "version": 13}
{"obj": {"type": "ClearFloatLog", "path": ["monitoring", "gpu"]}, "version": 14}
{"obj": {"type": "ConfigFloatSeries", "path": ["monitoring", "gpu_memory"], "min": 0.0, "max": 4.0, "unit": "GB"}, "version": 15}
{"obj": {"type": "ClearFloatLog", "path": ["monitoring", "gpu_memory"]}, "version": 16}
{"obj": {"type": "LogFloats", "path": ["monitoring", "cpu"], "values": [{"value": 13.4, "step": null, "ts": 1648310405.2689128}]}, "version": 17}
{"obj": {"type": "LogFloats", "path": ["monitoring", "memory"], "values": [{"value": 8.010726928710938, "step": null, "ts": 1648310405.2689128}]}, "version": 18}
{"obj": {"type": "LogFloats", "path": ["monitoring", "gpu_memory"], "values": [{"value": 0.6070137023925781, "step": null, "ts": 1648310405.2689128}]}, "version": 19}
{"obj": {"type": "AssignString", "path": ["SGD_net8", "parameters", "optimizer"], "value": "SGD"}, "version": 20}
{"obj": {"type": "AssignInt", "path": ["SGD_net8", "parameters", "batch_size"], "value": 10}, "version": 21}
{"obj": {"type": "AssignInt", "path": ["SGD_net8", "parameters", "optimizer_learning_rate"], "value": 2}, "version": 22}
{"obj": {"type": "AssignFloat", "path": ["SGD_net8", "parameters", "optimizer_weight_decay"], "value": 0.01}, "version": 23}
{"obj": {"type": "AssignString", "path": ["SGD_net8", "parameters", "loss_function"], "value": "CrossEntropyLoss"}, "version": 24}
{"obj": {"type": "AssignString", "path": ["SGD_net8", "parameters", "loss_function_weights"], "value": "[1, 5]"}, "version": 25}
{"obj": {"type": "AssignString", "path": ["SGD_net8", "parameters", "loss_function_reduction"], "value": "mean"}, "version": 26}
{"obj": {"type": "AssignString", "path": ["SGD_net8", "parameters", "model"], "value": "Unet"}, "version": 27}
{"obj": {"type": "LogStrings", "path": ["monitoring", "stdout"], "values": [{"value": "Training epoch 0", "step": null, "ts": 1648310405.3654966}]}, "version": 28}
{"obj": {"type": "LogStrings", "path": ["monitoring", "stdout"], "values": [{"value": "\n", "step": null, "ts": 1648310405.365998}]}, "version": 29}
{"obj": {"type": "LogFloats", "path": ["SGD_net8", "learning_rate"], "values": [{"value": 2.0, "step": null, "ts": 1648310405.365998}]}, "version": 30}
{"obj": {"type": "LogFloats", "path": ["SGD_net8", "train_loss_pr_file"], "values": [{"value": 0.5877218842506409, "step": null, "ts": 1648310407.055225}]}, "version": 31}
{"obj": {"type": "LogFloats", "path": ["SGD_net8", "train_loss_pr_file"], "values": [{"value": 0.6299530040650141, "step": null, "ts": 1648310410.698157}]}, "version": 32}
{"obj": {"type": "LogFloats", "path": ["SGD_net8", "train_acc_pr_file"], "values": [{"value": 0.6046490669250488, "step": null, "ts": 1648310410.6986575}]}, "version": 33}
{"obj": {"type": "LogStrings", "path": ["SGD_net8", "matrix", "train_confusion_matrix_pr_file"], "values": [{"value": "tensor([[1414932., 4569657.],\n        [ 989791., 7350620.]])", "step": null, "ts": 1648310410.699658}]}, "version": 34}
{"obj": {"type": "LogFloats", "path": ["SGD_net8", "matrix", "train_tp_pr_file"], "values": [{"value": 0.23642927408218384, "step": null, "ts": 1648310410.699658}]}, "version": 35}
{"obj": {"type": "LogFloats", "path": ["SGD_net8", "matrix", "train_fp_pr_file"], "values": [{"value": 0.7635707259178162, "step": null, "ts": 1648310410.700158}]}, "version": 36}
{"obj": {"type": "LogFloats", "path": ["SGD_net8", "matrix", "train_fn_pr_file"], "values": [{"value": 0.1186741292476654, "step": null, "ts": 1648310410.700158}]}, "version": 37}
{"obj": {"type": "LogFloats", "path": ["SGD_net8", "matrix", "train_tn_pr_file"], "values": [{"value": 0.881325900554657, "step": null, "ts": 1648310410.7006583}]}, "version": 38}
{"obj": {"type": "LogFloats", "path": ["SGD_net8", "validation_loss_pr_file"], "values": [{"value": 0.8261012434959412, "step": null, "ts": 1648310410.8217623}]}, "version": 39}
{"obj": {"type": "LogFloats", "path": ["SGD_net8", "validation_loss_pr_file"], "values": [{"value": 0.672073245048523, "step": null, "ts": 1648310411.4708207}]}, "version": 40}
{"obj": {"type": "LogFloats", "path": ["SGD_net8", "val_acc_pr_file"], "values": [{"value": 0.8355352282524109, "step": null, "ts": 1648310411.4708207}]}, "version": 41}
{"obj": {"type": "LogStrings", "path": ["SGD_net8", "matrix", "val_confusion_matrix_pr_file"], "values": [{"value": "tensor([[ 172002.,   90827.],\n        [ 751266., 3935905.]])", "step": null, "ts": 1648310411.4713206}]}, "version": 42}
{"obj": {"type": "LogFloats", "path": ["SGD_net8", "matrix", "val_tp_pr_file"], "values": [{"value": 0.6544255018234253, "step": null, "ts": 1648310411.4718206}]}, "version": 43}
{"obj": {"type": "LogFloats", "path": ["SGD_net8", "matrix", "val_fp_pr_file"], "values": [{"value": 0.3455744981765747, "step": null, "ts": 1648310411.4718206}]}, "version": 44}
{"obj": {"type": "LogFloats", "path": ["SGD_net8", "matrix", "val_fn_pr_file"], "values": [{"value": 0.16028133034706116, "step": null, "ts": 1648310411.4723208}]}, "version": 45}
{"obj": {"type": "LogFloats", "path": ["SGD_net8", "matrix", "val_tn_pr_file"], "values": [{"value": 0.8397186994552612, "step": null, "ts": 1648310411.4723208}]}, "version": 46}
{"obj": {"type": "LogStrings", "path": ["monitoring", "stdout"], "values": [{"value": "Training epoch 1", "step": null, "ts": 1648310411.4723208}]}, "version": 47}
{"obj": {"type": "LogStrings", "path": ["monitoring", "stdout"], "values": [{"value": "\n", "step": null, "ts": 1648310411.4728212}]}, "version": 48}
{"obj": {"type": "LogFloats", "path": ["SGD_net8", "learning_rate"], "values": [{"value": 2.0, "step": null, "ts": 1648310411.4728212}]}, "version": 49}
{"obj": {"type": "LogFloats", "path": ["monitoring", "cpu"], "values": [{"value": 20.3, "step": null, "ts": 1648310415.286595}]}, "version": 50}
{"obj": {"type": "LogFloats", "path": ["monitoring", "memory"], "values": [{"value": 9.821685791015625, "step": null, "ts": 1648310415.286595}]}, "version": 51}
{"obj": {"type": "LogFloats", "path": ["monitoring", "gpu"], "values": [{"value": 98.0, "step": null, "ts": 1648310415.286595}]}, "version": 52}
{"obj": {"type": "LogFloats", "path": ["monitoring", "gpu_memory"], "values": [{"value": 3.918689727783203, "step": null, "ts": 1648310415.286595}]}, "version": 53}
{"obj": {"type": "LogFloats", "path": ["SGD_net8", "train_loss_pr_file"], "values": [{"value": 0.639080693324407, "step": null, "ts": 1648310415.3856804}]}, "version": 54}
{"obj": {"type": "LogFloats", "path": ["SGD_net8", "train_acc_pr_file"], "values": [{"value": 0.7700082063674927, "step": null, "ts": 1648310415.3856804}]}, "version": 55}
{"obj": {"type": "LogStrings", "path": ["SGD_net8", "matrix", "train_confusion_matrix_pr_file"], "values": [{"value": "tensor([[  452784.,  1159205.],\n        [ 2033469., 10679542.]])", "step": null, "ts": 1648310415.3861806}]}, "version": 56}
{"obj": {"type": "LogFloats", "path": ["SGD_net8", "matrix", "train_tp_pr_file"], "values": [{"value": 0.2808852791786194, "step": null, "ts": 1648310415.3866804}]}, "version": 57}
{"obj": {"type": "LogFloats", "path": ["SGD_net8", "matrix", "train_fp_pr_file"], "values": [{"value": 0.7191147208213806, "step": null, "ts": 1648310415.3866804}]}, "version": 58}
{"obj": {"type": "LogFloats", "path": ["SGD_net8", "matrix", "train_fn_pr_file"], "values": [{"value": 0.1599518060684204, "step": null, "ts": 1648310415.3866804}]}, "version": 59}
{"obj": {"type": "LogFloats", "path": ["SGD_net8", "matrix", "train_tn_pr_file"], "values": [{"value": 0.8400481939315796, "step": null, "ts": 1648310415.3871808}]}, "version": 60}
{"obj": {"type": "LogFloats", "path": ["SGD_net8", "validation_loss_pr_file"], "values": [{"value": 0.6086376139095852, "step": null, "ts": 1648310416.1768591}]}, "version": 61}
{"obj": {"type": "LogFloats", "path": ["SGD_net8", "val_acc_pr_file"], "values": [{"value": 0.7696431875228882, "step": null, "ts": 1648310416.1768591}]}, "version": 62}
{"obj": {"type": "LogStrings", "path": ["SGD_net8", "matrix", "val_confusion_matrix_pr_file"], "values": [{"value": "tensor([[ 559050.,  740952.],\n        [ 391836., 3258162.]])", "step": null, "ts": 1648310416.1773596}]}, "version": 63}
{"obj": {"type": "LogFloats", "path": ["SGD_net8", "matrix", "val_tp_pr_file"], "values": [{"value": 0.43003779649734497, "step": null, "ts": 1648310416.1778593}]}, "version": 64}
{"obj": {"type": "LogFloats", "path": ["SGD_net8", "matrix", "val_fp_pr_file"], "values": [{"value": 0.569962203502655, "step": null, "ts": 1648310416.1778593}]}, "version": 65}
{"obj": {"type": "LogFloats", "path": ["SGD_net8", "matrix", "val_fn_pr_file"], "values": [{"value": 0.10735239088535309, "step": null, "ts": 1648310416.1778593}]}, "version": 66}
{"obj": {"type": "LogFloats", "path": ["SGD_net8", "matrix", "val_tn_pr_file"], "values": [{"value": 0.8926476240158081, "step": null, "ts": 1648310416.1783595}]}, "version": 67}
{"obj": {"type": "LogStrings", "path": ["monitoring", "stdout"], "values": [{"value": "Training epoch 2", "step": null, "ts": 1648310416.1783595}]}, "version": 68}
{"obj": {"type": "LogStrings", "path": ["monitoring", "stdout"], "values": [{"value": "\n", "step": null, "ts": 1648310416.1783595}]}, "version": 69}
{"obj": {"type": "LogFloats", "path": ["SGD_net8", "learning_rate"], "values": [{"value": 2.0, "step": null, "ts": 1648310416.17886}]}, "version": 70}
{"obj": {"type": "LogFloats", "path": ["SGD_net8", "train_loss_pr_file"], "values": [{"value": 0.6456141528629121, "step": null, "ts": 1648310419.9230742}]}, "version": 71}
{"obj": {"type": "LogFloats", "path": ["SGD_net8", "train_acc_pr_file"], "values": [{"value": 0.7848905324935913, "step": null, "ts": 1648310419.9235744}]}, "version": 72}
{"obj": {"type": "LogStrings", "path": ["SGD_net8", "matrix", "train_confusion_matrix_pr_file"], "values": [{"value": "tensor([[  515810.,  1147978.],\n        [ 1861774., 10799438.]])", "step": null, "ts": 1648310419.9240742}]}, "version": 73}
{"obj": {"type": "LogFloats", "path": ["SGD_net8", "matrix", "train_tp_pr_file"], "values": [{"value": 0.31002146005630493, "step": null, "ts": 1648310419.9240742}]}, "version": 74}
{"obj": {"type": "LogFloats", "path": ["SGD_net8", "matrix", "train_fp_pr_file"], "values": [{"value": 0.6899785399436951, "step": null, "ts": 1648310419.9245746}]}, "version": 75}
{"obj": {"type": "LogFloats", "path": ["SGD_net8", "matrix", "train_fn_pr_file"], "values": [{"value": 0.14704547822475433, "step": null, "ts": 1648310419.9245746}]}, "version": 76}
{"obj": {"type": "LogFloats", "path": ["SGD_net8", "matrix", "train_tn_pr_file"], "values": [{"value": 0.8529545068740845, "step": null, "ts": 1648310419.9245746}]}, "version": 77}
{"obj": {"type": "LogFloats", "path": ["SGD_net8", "validation_loss_pr_file"], "values": [{"value": 0.6573043465614319, "step": null, "ts": 1648310420.6832266}]}, "version": 78}
{"obj": {"type": "LogFloats", "path": ["SGD_net8", "val_acc_pr_file"], "values": [{"value": 0.7908886671066284, "step": null, "ts": 1648310420.6832266}]}, "version": 79}
{"obj": {"type": "LogStrings", "path": ["SGD_net8", "matrix", "val_confusion_matrix_pr_file"], "values": [{"value": "tensor([[ 306765.,  405235.],\n        [ 635711., 3602289.]])", "step": null, "ts": 1648310420.683727}]}, "version": 80}
{"obj": {"type": "LogFloats", "path": ["SGD_net8", "matrix", "val_tp_pr_file"], "values": [{"value": 0.43084973096847534, "step": null, "ts": 1648310420.6842268}]}, "version": 81}
{"obj": {"type": "LogFloats", "path": ["SGD_net8", "matrix", "val_fp_pr_file"], "values": [{"value": 0.5691502690315247, "step": null, "ts": 1648310420.6842268}]}, "version": 82}
{"obj": {"type": "LogFloats", "path": ["SGD_net8", "matrix", "val_fn_pr_file"], "values": [{"value": 0.1500025987625122, "step": null, "ts": 1648310420.6842268}]}, "version": 83}
{"obj": {"type": "LogFloats", "path": ["SGD_net8", "matrix", "val_tn_pr_file"], "values": [{"value": 0.8499974012374878, "step": null, "ts": 1648310420.684727}]}, "version": 84}
{"obj": {"type": "LogStrings", "path": ["monitoring", "stdout"], "values": [{"value": "Training epoch 3", "step": null, "ts": 1648310420.684727}]}, "version": 85}
{"obj": {"type": "LogStrings", "path": ["monitoring", "stdout"], "values": [{"value": "\n", "step": null, "ts": 1648310420.684727}]}, "version": 86}
{"obj": {"type": "LogFloats", "path": ["SGD_net8", "learning_rate"], "values": [{"value": 2.0, "step": null, "ts": 1648310420.684727}]}, "version": 87}
{"obj": {"type": "LogFloats", "path": ["SGD_net8", "train_loss_pr_file"], "values": [{"value": 0.6474738177799043, "step": null, "ts": 1648310424.4179318}]}, "version": 88}
{"obj": {"type": "LogFloats", "path": ["SGD_net8", "train_acc_pr_file"], "values": [{"value": 0.7875204682350159, "step": null, "ts": 1648310424.4179318}]}, "version": 89}
{"obj": {"type": "LogStrings", "path": ["SGD_net8", "matrix", "train_confusion_matrix_pr_file"], "values": [{"value": "tensor([[  453064.,   945969.],\n        [ 2007979., 10917988.]])", "step": null, "ts": 1648310424.4184322}]}, "version": 90}
{"obj": {"type": "LogFloats", "path": ["SGD_net8", "matrix", "train_tp_pr_file"], "values": [{"value": 0.32384082674980164, "step": null, "ts": 1648310424.418932}]}, "version": 91}
{"obj": {"type": "LogFloats", "path": ["SGD_net8", "matrix", "train_fp_pr_file"], "values": [{"value": 0.6761592030525208, "step": null, "ts": 1648310424.418932}]}, "version": 92}
{"obj": {"type": "LogFloats", "path": ["SGD_net8", "matrix", "train_fn_pr_file"], "values": [{"value": 0.15534459054470062, "step": null, "ts": 1648310424.418932}]}, "version": 93}
{"obj": {"type": "LogFloats", "path": ["SGD_net8", "matrix", "train_tn_pr_file"], "values": [{"value": 0.8446553945541382, "step": null, "ts": 1648310424.4194322}]}, "version": 94}
{"obj": {"type": "LogFloats", "path": ["SGD_net8", "validation_loss_pr_file"], "values": [{"value": 0.6426877720015389, "step": null, "ts": 1648310425.1910954}]}, "version": 95}
{"obj": {"type": "LogFloats", "path": ["SGD_net8", "val_acc_pr_file"], "values": [{"value": 0.6726358532905579, "step": null, "ts": 1648310425.1915958}]}, "version": 96}
{"obj": {"type": "LogStrings", "path": ["SGD_net8", "matrix", "val_confusion_matrix_pr_file"], "values": [{"value": "tensor([[ 552677., 1258931.],\n        [ 351943., 2786449.]])", "step": null, "ts": 1648310425.1915958}]}, "version": 97}
{"obj": {"type": "LogFloats", "path": ["SGD_net8", "matrix", "val_tp_pr_file"], "values": [{"value": 0.30507537722587585, "step": null, "ts": 1648310425.1920955}]}, "version": 98}
{"obj": {"type": "LogFloats", "path": ["SGD_net8", "matrix", "val_fp_pr_file"], "values": [{"value": 0.6949245929718018, "step": null, "ts": 1648310425.1920955}]}, "version": 99}
{"obj": {"type": "LogFloats", "path": ["SGD_net8", "matrix", "val_fn_pr_file"], "values": [{"value": 0.1121411845088005, "step": null, "ts": 1648310425.192596}]}, "version": 100}
{"obj": {"type": "LogFloats", "path": ["SGD_net8", "matrix", "val_tn_pr_file"], "values": [{"value": 0.8878588080406189, "step": null, "ts": 1648310425.192596}]}, "version": 101}
