{"obj": {"type": "AssignString", "path": ["sys", "name"], "value": "Untitled"}, "version": 1}
{"obj": {"type": "AssignString", "path": ["sys", "description"], "value": ""}, "version": 2}
{"obj": {"type": "AssignString", "path": ["sys", "hostname"], "value": "DESKTOP-SDMAFDQ"}, "version": 3}
{"obj": {"type": "AssignBool", "path": ["sys", "failed"], "value": false}, "version": 4}
{"obj": {"type": "ClearStringLog", "path": ["monitoring", "stdout"]}, "version": 5}
{"obj": {"type": "ClearStringLog", "path": ["monitoring", "stderr"]}, "version": 6}
{"obj": {"type": "AssignString", "path": ["source_code", "entrypoint"], "value": "Learning_rate_finder2.py"}, "version": 7}
{"obj": {"type": "UploadFileSet", "path": ["source_code", "files"], "file_globs": ["C:\\Users\\Marc\\Documents\\GitHub\\Artefact-Rejection\\1. Finding the learning-rate\\Learning_rate_finder2.py"], "reset": "False"}, "version": 8}
{"obj": {"type": "ConfigFloatSeries", "path": ["monitoring", "cpu"], "min": 0.0, "max": 100.0, "unit": "%"}, "version": 9}
{"obj": {"type": "ClearFloatLog", "path": ["monitoring", "cpu"]}, "version": 10}
{"obj": {"type": "ConfigFloatSeries", "path": ["monitoring", "memory"], "min": 0.0, "max": 15.88718032836914, "unit": "GB"}, "version": 11}
{"obj": {"type": "ClearFloatLog", "path": ["monitoring", "memory"]}, "version": 12}
{"obj": {"type": "ConfigFloatSeries", "path": ["monitoring", "gpu"], "min": 0.0, "max": 100.0, "unit": "%"}, "version": 13}
{"obj": {"type": "ClearFloatLog", "path": ["monitoring", "gpu"]}, "version": 14}
{"obj": {"type": "ConfigFloatSeries", "path": ["monitoring", "gpu_memory"], "min": 0.0, "max": 4.0, "unit": "GB"}, "version": 15}
{"obj": {"type": "ClearFloatLog", "path": ["monitoring", "gpu_memory"]}, "version": 16}
{"obj": {"type": "LogFloats", "path": ["monitoring", "cpu"], "values": [{"value": 13.6, "step": null, "ts": 1648310381.372788}]}, "version": 17}
{"obj": {"type": "LogFloats", "path": ["monitoring", "memory"], "values": [{"value": 8.024890899658203, "step": null, "ts": 1648310381.372788}]}, "version": 18}
{"obj": {"type": "LogFloats", "path": ["monitoring", "gpu"], "values": [{"value": 1.0, "step": null, "ts": 1648310381.372788}]}, "version": 19}
{"obj": {"type": "LogFloats", "path": ["monitoring", "gpu_memory"], "values": [{"value": 0.6070137023925781, "step": null, "ts": 1648310381.372788}]}, "version": 20}
{"obj": {"type": "AssignString", "path": ["SGD_net7", "parameters", "optimizer"], "value": "SGD"}, "version": 21}
{"obj": {"type": "AssignInt", "path": ["SGD_net7", "parameters", "batch_size"], "value": 10}, "version": 22}
{"obj": {"type": "AssignInt", "path": ["SGD_net7", "parameters", "optimizer_learning_rate"], "value": 2}, "version": 23}
{"obj": {"type": "AssignInt", "path": ["SGD_net7", "parameters", "optimizer_weight_decay"], "value": 0}, "version": 24}
{"obj": {"type": "AssignString", "path": ["SGD_net7", "parameters", "loss_function"], "value": "CrossEntropyLoss"}, "version": 25}
{"obj": {"type": "AssignString", "path": ["SGD_net7", "parameters", "loss_function_weights"], "value": "[1, 5]"}, "version": 26}
{"obj": {"type": "AssignString", "path": ["SGD_net7", "parameters", "loss_function_reduction"], "value": "mean"}, "version": 27}
{"obj": {"type": "AssignString", "path": ["SGD_net7", "parameters", "model"], "value": "Unet"}, "version": 28}
{"obj": {"type": "LogStrings", "path": ["monitoring", "stdout"], "values": [{"value": "Training epoch 0", "step": null, "ts": 1648310381.4669425}]}, "version": 29}
{"obj": {"type": "LogStrings", "path": ["monitoring", "stdout"], "values": [{"value": "\n", "step": null, "ts": 1648310381.467443}]}, "version": 30}
{"obj": {"type": "LogFloats", "path": ["SGD_net7", "learning_rate"], "values": [{"value": 2.0, "step": null, "ts": 1648310381.467443}]}, "version": 31}
{"obj": {"type": "LogFloats", "path": ["SGD_net7", "train_loss_pr_file"], "values": [{"value": 0.6441271901130676, "step": null, "ts": 1648310383.1484077}]}, "version": 32}
{"obj": {"type": "LogFloats", "path": ["SGD_net7", "train_loss_pr_file"], "values": [{"value": 0.6402621964613596, "step": null, "ts": 1648310386.7733548}]}, "version": 33}
{"obj": {"type": "LogFloats", "path": ["SGD_net7", "train_acc_pr_file"], "values": [{"value": 0.8235006928443909, "step": null, "ts": 1648310386.773855}]}, "version": 34}
{"obj": {"type": "LogStrings", "path": ["SGD_net7", "matrix", "train_confusion_matrix_pr_file"], "values": [{"value": "tensor([[  317821.,   315810.],\n        [ 1984031., 11707338.]])", "step": null, "ts": 1648310386.774355}]}, "version": 35}
{"obj": {"type": "LogFloats", "path": ["SGD_net7", "matrix", "train_tp_pr_file"], "values": [{"value": 0.5015869140625, "step": null, "ts": 1648310386.7748554}]}, "version": 36}
{"obj": {"type": "LogFloats", "path": ["SGD_net7", "matrix", "train_fp_pr_file"], "values": [{"value": 0.4984131157398224, "step": null, "ts": 1648310386.7748554}]}, "version": 37}
{"obj": {"type": "LogFloats", "path": ["SGD_net7", "matrix", "train_fn_pr_file"], "values": [{"value": 0.14491108059883118, "step": null, "ts": 1648310386.7753556}]}, "version": 38}
{"obj": {"type": "LogFloats", "path": ["SGD_net7", "matrix", "train_tn_pr_file"], "values": [{"value": 0.8550889492034912, "step": null, "ts": 1648310386.7753556}]}, "version": 39}
{"obj": {"type": "LogFloats", "path": ["SGD_net7", "validation_loss_pr_file"], "values": [{"value": 0.750403106212616, "step": null, "ts": 1648310386.8939576}]}, "version": 40}
{"obj": {"type": "LogFloats", "path": ["SGD_net7", "validation_loss_pr_file"], "values": [{"value": 0.6620307905333382, "step": null, "ts": 1648310387.5425153}]}, "version": 41}
{"obj": {"type": "LogFloats", "path": ["SGD_net7", "val_acc_pr_file"], "values": [{"value": 0.7466050386428833, "step": null, "ts": 1648310387.5430152}]}, "version": 42}
{"obj": {"type": "LogStrings", "path": ["SGD_net7", "matrix", "val_confusion_matrix_pr_file"], "values": [{"value": "tensor([[ 357942.,  675942.],\n        [ 582023., 3334093.]])", "step": null, "ts": 1648310387.5435157}]}, "version": 43}
{"obj": {"type": "LogFloats", "path": ["SGD_net7", "matrix", "val_tp_pr_file"], "values": [{"value": 0.3462109863758087, "step": null, "ts": 1648310387.5440156}]}, "version": 44}
{"obj": {"type": "LogFloats", "path": ["SGD_net7", "matrix", "val_fp_pr_file"], "values": [{"value": 0.6537889838218689, "step": null, "ts": 1648310387.5440156}]}, "version": 45}
{"obj": {"type": "LogFloats", "path": ["SGD_net7", "matrix", "val_fn_pr_file"], "values": [{"value": 0.1486225128173828, "step": null, "ts": 1648310387.544516}]}, "version": 46}
{"obj": {"type": "LogFloats", "path": ["SGD_net7", "matrix", "val_tn_pr_file"], "values": [{"value": 0.8513774871826172, "step": null, "ts": 1648310387.544516}]}, "version": 47}
{"obj": {"type": "LogStrings", "path": ["monitoring", "stdout"], "values": [{"value": "Training epoch 1", "step": null, "ts": 1648310387.5450175}]}, "version": 48}
{"obj": {"type": "LogStrings", "path": ["monitoring", "stdout"], "values": [{"value": "\n", "step": null, "ts": 1648310387.5450175}]}, "version": 49}
{"obj": {"type": "LogFloats", "path": ["SGD_net7", "learning_rate"], "values": [{"value": 2.0, "step": null, "ts": 1648310387.5450175}]}, "version": 50}
{"obj": {"type": "LogFloats", "path": ["monitoring", "cpu"], "values": [{"value": 21.3, "step": null, "ts": 1648310391.3889952}]}, "version": 51}
{"obj": {"type": "LogFloats", "path": ["monitoring", "memory"], "values": [{"value": 9.806549072265625, "step": null, "ts": 1648310391.3889952}]}, "version": 52}
{"obj": {"type": "LogFloats", "path": ["monitoring", "gpu"], "values": [{"value": 100.0, "step": null, "ts": 1648310391.3889952}]}, "version": 53}
{"obj": {"type": "LogFloats", "path": ["monitoring", "gpu_memory"], "values": [{"value": 3.918689727783203, "step": null, "ts": 1648310391.3889952}]}, "version": 54}
{"obj": {"type": "LogFloats", "path": ["SGD_net7", "train_loss_pr_file"], "values": [{"value": 0.6277496843110948, "step": null, "ts": 1648310391.4630585}]}, "version": 55}
{"obj": {"type": "LogFloats", "path": ["SGD_net7", "train_acc_pr_file"], "values": [{"value": 0.7092713117599487, "step": null, "ts": 1648310391.4635599}]}, "version": 56}
{"obj": {"type": "LogStrings", "path": ["SGD_net7", "matrix", "train_confusion_matrix_pr_file"], "values": [{"value": "tensor([[1057636., 2677928.],\n        [1357462., 9231974.]])", "step": null, "ts": 1648310391.4640603}]}, "version": 57}
{"obj": {"type": "LogFloats", "path": ["SGD_net7", "matrix", "train_tp_pr_file"], "values": [{"value": 0.28312617540359497, "step": null, "ts": 1648310391.4640603}]}, "version": 58}
{"obj": {"type": "LogFloats", "path": ["SGD_net7", "matrix", "train_fp_pr_file"], "values": [{"value": 0.716873824596405, "step": null, "ts": 1648310391.4640603}]}, "version": 59}
{"obj": {"type": "LogFloats", "path": ["SGD_net7", "matrix", "train_fn_pr_file"], "values": [{"value": 0.12819020450115204, "step": null, "ts": 1648310391.4645681}]}, "version": 60}
{"obj": {"type": "LogFloats", "path": ["SGD_net7", "matrix", "train_tn_pr_file"], "values": [{"value": 0.8718097805976868, "step": null, "ts": 1648310391.4645681}]}, "version": 61}
{"obj": {"type": "LogFloats", "path": ["SGD_net7", "validation_loss_pr_file"], "values": [{"value": 0.6370951107570103, "step": null, "ts": 1648310392.2214994}]}, "version": 62}
{"obj": {"type": "LogFloats", "path": ["SGD_net7", "val_acc_pr_file"], "values": [{"value": 0.8412901163101196, "step": null, "ts": 1648310392.2214994}]}, "version": 63}
{"obj": {"type": "LogStrings", "path": ["SGD_net7", "matrix", "val_confusion_matrix_pr_file"], "values": [{"value": "tensor([[ 293639.,  131505.],\n        [ 682113., 3842743.]])", "step": null, "ts": 1648310392.2219996}]}, "version": 64}
{"obj": {"type": "LogFloats", "path": ["SGD_net7", "matrix", "val_tp_pr_file"], "values": [{"value": 0.6906812787055969, "step": null, "ts": 1648310392.2219996}]}, "version": 65}
{"obj": {"type": "LogFloats", "path": ["SGD_net7", "matrix", "val_fp_pr_file"], "values": [{"value": 0.3093187212944031, "step": null, "ts": 1648310392.2224994}]}, "version": 66}
{"obj": {"type": "LogFloats", "path": ["SGD_net7", "matrix", "val_fn_pr_file"], "values": [{"value": 0.15074799954891205, "step": null, "ts": 1648310392.2224994}]}, "version": 67}
{"obj": {"type": "LogFloats", "path": ["SGD_net7", "matrix", "val_tn_pr_file"], "values": [{"value": 0.8492519855499268, "step": null, "ts": 1648310392.2224994}]}, "version": 68}
{"obj": {"type": "LogStrings", "path": ["monitoring", "stdout"], "values": [{"value": "Training epoch 2", "step": null, "ts": 1648310392.2229998}]}, "version": 69}
{"obj": {"type": "LogStrings", "path": ["monitoring", "stdout"], "values": [{"value": "\n", "step": null, "ts": 1648310392.2229998}]}, "version": 70}
{"obj": {"type": "LogFloats", "path": ["SGD_net7", "learning_rate"], "values": [{"value": 2.0, "step": null, "ts": 1648310392.2229998}]}, "version": 71}
{"obj": {"type": "LogFloats", "path": ["SGD_net7", "train_loss_pr_file"], "values": [{"value": 0.6315694877079555, "step": null, "ts": 1648310395.941326}]}, "version": 72}
{"obj": {"type": "LogFloats", "path": ["SGD_net7", "train_acc_pr_file"], "values": [{"value": 0.8038836121559143, "step": null, "ts": 1648310395.9418263}]}, "version": 73}
{"obj": {"type": "LogStrings", "path": ["SGD_net7", "matrix", "train_confusion_matrix_pr_file"], "values": [{"value": "tensor([[  445723.,   713511.],\n        [ 1910376., 11255390.]])", "step": null, "ts": 1648310395.9423263}]}, "version": 74}
{"obj": {"type": "LogFloats", "path": ["SGD_net7", "matrix", "train_tp_pr_file"], "values": [{"value": 0.38449788093566895, "step": null, "ts": 1648310395.9423263}]}, "version": 75}
{"obj": {"type": "LogFloats", "path": ["SGD_net7", "matrix", "train_fp_pr_file"], "values": [{"value": 0.615502119064331, "step": null, "ts": 1648310395.9428265}]}, "version": 76}
{"obj": {"type": "LogFloats", "path": ["SGD_net7", "matrix", "train_fn_pr_file"], "values": [{"value": 0.14510177075862885, "step": null, "ts": 1648310395.9428265}]}, "version": 77}
{"obj": {"type": "LogFloats", "path": ["SGD_net7", "matrix", "train_tn_pr_file"], "values": [{"value": 0.85489821434021, "step": null, "ts": 1648310395.9428265}]}, "version": 78}
{"obj": {"type": "LogFloats", "path": ["SGD_net7", "validation_loss_pr_file"], "values": [{"value": 0.6427562407084874, "step": null, "ts": 1648310396.7039797}]}, "version": 79}
{"obj": {"type": "LogFloats", "path": ["SGD_net7", "val_acc_pr_file"], "values": [{"value": 0.8059123158454895, "step": null, "ts": 1648310396.704481}]}, "version": 80}
{"obj": {"type": "LogStrings", "path": ["SGD_net7", "matrix", "val_confusion_matrix_pr_file"], "values": [{"value": "tensor([[ 294141.,  340530.],\n        [ 627821., 3687508.]])", "step": null, "ts": 1648310396.7049804}]}, "version": 81}
{"obj": {"type": "LogFloats", "path": ["SGD_net7", "matrix", "val_tp_pr_file"], "values": [{"value": 0.46345430612564087, "step": null, "ts": 1648310396.7049804}]}, "version": 82}
{"obj": {"type": "LogFloats", "path": ["SGD_net7", "matrix", "val_fp_pr_file"], "values": [{"value": 0.5365456938743591, "step": null, "ts": 1648310396.7049804}]}, "version": 83}
{"obj": {"type": "LogFloats", "path": ["SGD_net7", "matrix", "val_fn_pr_file"], "values": [{"value": 0.1454862356185913, "step": null, "ts": 1648310396.705481}]}, "version": 84}
{"obj": {"type": "LogFloats", "path": ["SGD_net7", "matrix", "val_tn_pr_file"], "values": [{"value": 0.8545137643814087, "step": null, "ts": 1648310396.705481}]}, "version": 85}
{"obj": {"type": "LogStrings", "path": ["monitoring", "stdout"], "values": [{"value": "Training epoch 3", "step": null, "ts": 1648310396.705481}]}, "version": 86}
{"obj": {"type": "LogStrings", "path": ["monitoring", "stdout"], "values": [{"value": "\n", "step": null, "ts": 1648310396.7059817}]}, "version": 87}
{"obj": {"type": "LogFloats", "path": ["SGD_net7", "learning_rate"], "values": [{"value": 2.0, "step": null, "ts": 1648310396.7059817}]}, "version": 88}
{"obj": {"type": "LogFloats", "path": ["SGD_net7", "train_loss_pr_file"], "values": [{"value": 0.631128463007155, "step": null, "ts": 1648310400.5871897}]}, "version": 89}
{"obj": {"type": "LogFloats", "path": ["SGD_net7", "train_acc_pr_file"], "values": [{"value": 0.8099781274795532, "step": null, "ts": 1648310400.5871897}]}, "version": 90}
{"obj": {"type": "LogStrings", "path": ["SGD_net7", "matrix", "train_confusion_matrix_pr_file"], "values": [{"value": "tensor([[  441918.,   754158.],\n        [ 1886680., 11242244.]])", "step": null, "ts": 1648310400.5876904}]}, "version": 91}
{"obj": {"type": "LogFloats", "path": ["SGD_net7", "matrix", "train_tp_pr_file"], "values": [{"value": 0.3694731891155243, "step": null, "ts": 1648310400.5881891}]}, "version": 92}
{"obj": {"type": "LogFloats", "path": ["SGD_net7", "matrix", "train_fp_pr_file"], "values": [{"value": 0.6305268406867981, "step": null, "ts": 1648310400.5881891}]}, "version": 93}
{"obj": {"type": "LogFloats", "path": ["SGD_net7", "matrix", "train_fn_pr_file"], "values": [{"value": 0.14370408654212952, "step": null, "ts": 1648310400.5881891}]}, "version": 94}
{"obj": {"type": "LogFloats", "path": ["SGD_net7", "matrix", "train_tn_pr_file"], "values": [{"value": 0.8562959432601929, "step": null, "ts": 1648310400.5886896}]}, "version": 95}
{"obj": {"type": "LogFloats", "path": ["SGD_net7", "validation_loss_pr_file"], "values": [{"value": 0.6127092838287354, "step": null, "ts": 1648310401.3623843}]}, "version": 96}
{"obj": {"type": "LogFloats", "path": ["SGD_net7", "val_acc_pr_file"], "values": [{"value": 0.8075271844863892, "step": null, "ts": 1648310401.3628852}]}, "version": 97}
{"obj": {"type": "LogStrings", "path": ["SGD_net7", "matrix", "val_confusion_matrix_pr_file"], "values": [{"value": "tensor([[ 413635.,  436947.],\n        [ 523251., 3576167.]])", "step": null, "ts": 1648310401.3633857}]}, "version": 98}
{"obj": {"type": "LogFloats", "path": ["SGD_net7", "matrix", "val_tp_pr_file"], "values": [{"value": 0.4862964451313019, "step": null, "ts": 1648310401.3638854}]}, "version": 99}
{"obj": {"type": "LogFloats", "path": ["SGD_net7", "matrix", "val_fp_pr_file"], "values": [{"value": 0.5137035846710205, "step": null, "ts": 1648310401.3638854}]}, "version": 100}
{"obj": {"type": "LogFloats", "path": ["SGD_net7", "matrix", "val_fn_pr_file"], "values": [{"value": 0.12764030694961548, "step": null, "ts": 1648310401.3638854}]}, "version": 101}
{"obj": {"type": "LogFloats", "path": ["SGD_net7", "matrix", "val_tn_pr_file"], "values": [{"value": 0.8723596930503845, "step": null, "ts": 1648310401.3643856}]}, "version": 102}
{"obj": {"type": "LogFloats", "path": ["monitoring", "cpu"], "values": [{"value": 22.8, "step": null, "ts": 1648310401.3969142}]}, "version": 103}
{"obj": {"type": "LogFloats", "path": ["monitoring", "memory"], "values": [{"value": 9.708274841308594, "step": null, "ts": 1648310401.3969142}]}, "version": 104}
{"obj": {"type": "LogFloats", "path": ["monitoring", "gpu"], "values": [{"value": 98.0, "step": null, "ts": 1648310401.3969142}]}, "version": 105}
{"obj": {"type": "LogFloats", "path": ["monitoring", "gpu_memory"], "values": [{"value": 3.918689727783203, "step": null, "ts": 1648310401.3969142}]}, "version": 106}
