{"obj": {"type": "AssignString", "path": ["sys", "name"], "value": "Untitled"}, "version": 1}
{"obj": {"type": "AssignString", "path": ["sys", "description"], "value": ""}, "version": 2}
{"obj": {"type": "AssignString", "path": ["sys", "hostname"], "value": "DESKTOP-SH3J0RM"}, "version": 3}
{"obj": {"type": "AssignBool", "path": ["sys", "failed"], "value": false}, "version": 4}
{"obj": {"type": "ClearStringLog", "path": ["monitoring", "stdout"]}, "version": 5}
{"obj": {"type": "ClearStringLog", "path": ["monitoring", "stderr"]}, "version": 6}
{"obj": {"type": "AssignString", "path": ["source_code", "entrypoint"], "value": "LSTM_train.py"}, "version": 7}
{"obj": {"type": "UploadFileSet", "path": ["source_code", "files"], "file_globs": ["C:\\Users\\Marc\\Documents\\GitHub\\Artefact-Rejection\\2. Testing and training networks\\LSTM_train.py"], "reset": "False"}, "version": 8}
{"obj": {"type": "ConfigFloatSeries", "path": ["monitoring", "cpu"], "min": 0.0, "max": 100.0, "unit": "%"}, "version": 9}
{"obj": {"type": "ClearFloatLog", "path": ["monitoring", "cpu"]}, "version": 10}
{"obj": {"type": "ConfigFloatSeries", "path": ["monitoring", "memory"], "min": 0.0, "max": 15.747394561767578, "unit": "GB"}, "version": 11}
{"obj": {"type": "ClearFloatLog", "path": ["monitoring", "memory"]}, "version": 12}
{"obj": {"type": "ConfigFloatSeries", "path": ["monitoring", "gpu"], "min": 0.0, "max": 100.0, "unit": "%"}, "version": 13}
{"obj": {"type": "ClearFloatLog", "path": ["monitoring", "gpu"]}, "version": 14}
{"obj": {"type": "ConfigFloatSeries", "path": ["monitoring", "gpu_memory"], "min": 0.0, "max": 8.0, "unit": "GB"}, "version": 15}
{"obj": {"type": "ClearFloatLog", "path": ["monitoring", "gpu_memory"]}, "version": 16}
{"obj": {"type": "LogFloats", "path": ["monitoring", "cpu"], "values": [{"value": 12.9, "step": null, "ts": 1653150111.2637627}]}, "version": 17}
{"obj": {"type": "LogFloats", "path": ["monitoring", "memory"], "values": [{"value": 5.610897064208984, "step": null, "ts": 1653150111.2637627}]}, "version": 18}
{"obj": {"type": "LogFloats", "path": ["monitoring", "gpu"], "values": [{"value": 1.0, "step": null, "ts": 1653150111.2637627}]}, "version": 19}
{"obj": {"type": "LogFloats", "path": ["monitoring", "gpu_memory"], "values": [{"value": 0.7345008850097656, "step": null, "ts": 1653150111.2637627}]}, "version": 20}
{"obj": {"type": "AssignString", "path": ["network_LSTM", "parameters", "optimizer"], "value": "Adam"}, "version": 21}
{"obj": {"type": "AssignInt", "path": ["network_LSTM", "parameters", "batch_size"], "value": 5}, "version": 22}
{"obj": {"type": "AssignFloat", "path": ["network_LSTM", "parameters", "optimizer_learning_rate"], "value": 0.001}, "version": 23}
{"obj": {"type": "AssignString", "path": ["network_LSTM", "parameters", "loss_function"], "value": "CrossEntropyLoss"}, "version": 24}
{"obj": {"type": "AssignString", "path": ["network_LSTM", "parameters", "loss_function_weights"], "value": "[1, 5]"}, "version": 25}
{"obj": {"type": "AssignString", "path": ["network_LSTM", "parameters", "loss_function_reduction"], "value": "mean"}, "version": 26}
{"obj": {"type": "AssignString", "path": ["network_LSTM", "parameters", "model"], "value": "LSTM_net"}, "version": 27}
{"obj": {"type": "AssignFloat", "path": ["network_LSTM", "parameters", "smooting_loss"], "value": 0.05}, "version": 28}
{"obj": {"type": "LogStrings", "path": ["monitoring", "stdout"], "values": [{"value": "Training epoch 0", "step": null, "ts": 1653150112.4198878}]}, "version": 29}
{"obj": {"type": "LogStrings", "path": ["monitoring", "stdout"], "values": [{"value": "\n", "step": null, "ts": 1653150112.4198878}]}, "version": 30}
{"obj": {"type": "LogFloats", "path": ["network_LSTM", "learning_rate"], "values": [{"value": 0.001, "step": null, "ts": 1653150112.4198878}]}, "version": 31}
{"obj": {"type": "LogFloats", "path": ["monitoring", "cpu"], "values": [{"value": 9.3, "step": null, "ts": 1653150121.277642}]}, "version": 32}
{"obj": {"type": "LogFloats", "path": ["monitoring", "memory"], "values": [{"value": 7.5225372314453125, "step": null, "ts": 1653150121.277642}]}, "version": 33}
{"obj": {"type": "LogFloats", "path": ["monitoring", "gpu"], "values": [{"value": 90.0, "step": null, "ts": 1653150121.277642}]}, "version": 34}
{"obj": {"type": "LogFloats", "path": ["monitoring", "gpu_memory"], "values": [{"value": 5.535488128662109, "step": null, "ts": 1653150121.277642}]}, "version": 35}
{"obj": {"type": "LogFloats", "path": ["monitoring", "cpu"], "values": [{"value": 8.2, "step": null, "ts": 1653150131.2844243}]}, "version": 36}
{"obj": {"type": "LogFloats", "path": ["monitoring", "memory"], "values": [{"value": 7.5161590576171875, "step": null, "ts": 1653150131.2844243}]}, "version": 37}
{"obj": {"type": "LogFloats", "path": ["monitoring", "gpu"], "values": [{"value": 90.0, "step": null, "ts": 1653150131.2844243}]}, "version": 38}
{"obj": {"type": "LogFloats", "path": ["monitoring", "gpu_memory"], "values": [{"value": 5.526454925537109, "step": null, "ts": 1653150131.2844243}]}, "version": 39}
{"obj": {"type": "LogFloats", "path": ["monitoring", "cpu"], "values": [{"value": 7.9, "step": null, "ts": 1653150141.3019567}]}, "version": 40}
{"obj": {"type": "LogFloats", "path": ["monitoring", "memory"], "values": [{"value": 7.516181945800781, "step": null, "ts": 1653150141.3019567}]}, "version": 41}
{"obj": {"type": "LogFloats", "path": ["monitoring", "gpu"], "values": [{"value": 90.0, "step": null, "ts": 1653150141.3019567}]}, "version": 42}
{"obj": {"type": "LogFloats", "path": ["monitoring", "gpu_memory"], "values": [{"value": 5.497768402099609, "step": null, "ts": 1653150141.3019567}]}, "version": 43}
{"obj": {"type": "LogFloats", "path": ["monitoring", "cpu"], "values": [{"value": 7.3, "step": null, "ts": 1653150151.3186178}]}, "version": 44}
{"obj": {"type": "LogFloats", "path": ["monitoring", "memory"], "values": [{"value": 7.516365051269531, "step": null, "ts": 1653150151.3186178}]}, "version": 45}
{"obj": {"type": "LogFloats", "path": ["monitoring", "gpu"], "values": [{"value": 90.0, "step": null, "ts": 1653150151.3186178}]}, "version": 46}
{"obj": {"type": "LogFloats", "path": ["monitoring", "gpu_memory"], "values": [{"value": 5.493007659912109, "step": null, "ts": 1653150151.3186178}]}, "version": 47}
{"obj": {"type": "LogFloats", "path": ["network_LSTM", "train_loss_pr_file"], "values": [{"value": 0.5869477391242981, "step": null, "ts": 1653150160.7510896}]}, "version": 48}
{"obj": {"type": "LogFloats", "path": ["network_LSTM", "smooth_train_loss_pr_file"], "values": [{"value": 0.5869477391242981, "step": null, "ts": 1653150160.7510896}]}, "version": 49}
{"obj": {"type": "LogFloats", "path": ["network_LSTM", "validation_loss_pr_file"], "values": [{"value": 0.5869477391242981, "step": null, "ts": 1653150160.7510896}]}, "version": 50}
{"obj": {"type": "LogFloats", "path": ["network_LSTM", "smooth_val_loss_pr_file"], "values": [{"value": 0.5869477391242981, "step": null, "ts": 1653150160.7510896}]}, "version": 51}
{"obj": {"type": "LogFloats", "path": ["monitoring", "cpu"], "values": [{"value": 8.7, "step": null, "ts": 1653150161.3303516}]}, "version": 52}
{"obj": {"type": "LogFloats", "path": ["monitoring", "memory"], "values": [{"value": 8.274730682373047, "step": null, "ts": 1653150161.3303516}]}, "version": 53}
{"obj": {"type": "LogFloats", "path": ["monitoring", "gpu"], "values": [{"value": 90.0, "step": null, "ts": 1653150161.3303516}]}, "version": 54}
{"obj": {"type": "LogFloats", "path": ["monitoring", "gpu_memory"], "values": [{"value": 5.546352386474609, "step": null, "ts": 1653150161.3303516}]}, "version": 55}
{"obj": {"type": "LogFloats", "path": ["monitoring", "cpu"], "values": [{"value": 9.8, "step": null, "ts": 1653150171.3356876}]}, "version": 56}
{"obj": {"type": "LogFloats", "path": ["monitoring", "memory"], "values": [{"value": 11.931427001953125, "step": null, "ts": 1653150171.3356876}]}, "version": 57}
{"obj": {"type": "LogFloats", "path": ["monitoring", "gpu"], "values": [{"value": 84.0, "step": null, "ts": 1653150171.3356876}]}, "version": 58}
{"obj": {"type": "LogFloats", "path": ["monitoring", "gpu_memory"], "values": [{"value": 5.544887542724609, "step": null, "ts": 1653150171.3356876}]}, "version": 59}
{"obj": {"type": "LogFloats", "path": ["monitoring", "cpu"], "values": [{"value": 8.7, "step": null, "ts": 1653150181.3473148}]}, "version": 60}
{"obj": {"type": "LogFloats", "path": ["monitoring", "memory"], "values": [{"value": 11.966655731201172, "step": null, "ts": 1653150181.3473148}]}, "version": 61}
{"obj": {"type": "LogFloats", "path": ["monitoring", "gpu"], "values": [{"value": 84.0, "step": null, "ts": 1653150181.3473148}]}, "version": 62}
{"obj": {"type": "LogFloats", "path": ["monitoring", "gpu_memory"], "values": [{"value": 5.561550140380859, "step": null, "ts": 1653150181.3473148}]}, "version": 63}
{"obj": {"type": "LogFloats", "path": ["monitoring", "cpu"], "values": [{"value": 8.1, "step": null, "ts": 1653150191.3707957}]}, "version": 64}
{"obj": {"type": "LogFloats", "path": ["monitoring", "memory"], "values": [{"value": 11.965805053710938, "step": null, "ts": 1653150191.3707957}]}, "version": 65}
{"obj": {"type": "LogFloats", "path": ["monitoring", "gpu"], "values": [{"value": 83.0, "step": null, "ts": 1653150191.3707957}]}, "version": 66}
{"obj": {"type": "LogFloats", "path": ["monitoring", "gpu_memory"], "values": [{"value": 5.569118499755859, "step": null, "ts": 1653150191.3707957}]}, "version": 67}
{"obj": {"type": "LogFloats", "path": ["monitoring", "cpu"], "values": [{"value": 9.0, "step": null, "ts": 1653150201.374576}]}, "version": 68}
{"obj": {"type": "LogFloats", "path": ["monitoring", "memory"], "values": [{"value": 11.963253021240234, "step": null, "ts": 1653150201.374576}]}, "version": 69}
{"obj": {"type": "LogFloats", "path": ["monitoring", "gpu"], "values": [{"value": 84.0, "step": null, "ts": 1653150201.374576}]}, "version": 70}
{"obj": {"type": "LogFloats", "path": ["monitoring", "gpu_memory"], "values": [{"value": 5.569423675537109, "step": null, "ts": 1653150201.374576}]}, "version": 71}
{"obj": {"type": "LogFloats", "path": ["monitoring", "cpu"], "values": [{"value": 9.0, "step": null, "ts": 1653150211.3892522}]}, "version": 72}
{"obj": {"type": "LogFloats", "path": ["monitoring", "memory"], "values": [{"value": 11.979923248291016, "step": null, "ts": 1653150211.3892522}]}, "version": 73}
{"obj": {"type": "LogFloats", "path": ["monitoring", "gpu"], "values": [{"value": 84.0, "step": null, "ts": 1653150211.3892522}]}, "version": 74}
{"obj": {"type": "LogFloats", "path": ["monitoring", "gpu_memory"], "values": [{"value": 5.562099456787109, "step": null, "ts": 1653150211.3892522}]}, "version": 75}
{"obj": {"type": "LogFloats", "path": ["monitoring", "cpu"], "values": [{"value": 8.4, "step": null, "ts": 1653150221.3918858}]}, "version": 76}
{"obj": {"type": "LogFloats", "path": ["monitoring", "memory"], "values": [{"value": 11.861454010009766, "step": null, "ts": 1653150221.3918858}]}, "version": 77}
{"obj": {"type": "LogFloats", "path": ["monitoring", "gpu"], "values": [{"value": 84.0, "step": null, "ts": 1653150221.3918858}]}, "version": 78}
{"obj": {"type": "LogFloats", "path": ["monitoring", "gpu_memory"], "values": [{"value": 5.543178558349609, "step": null, "ts": 1653150221.3918858}]}, "version": 79}
{"obj": {"type": "LogFloats", "path": ["monitoring", "cpu"], "values": [{"value": 7.4, "step": null, "ts": 1653150231.4019558}]}, "version": 80}
{"obj": {"type": "LogFloats", "path": ["monitoring", "memory"], "values": [{"value": 11.663135528564453, "step": null, "ts": 1653150231.4019558}]}, "version": 81}
{"obj": {"type": "LogFloats", "path": ["monitoring", "gpu"], "values": [{"value": 83.0, "step": null, "ts": 1653150231.4019558}]}, "version": 82}
{"obj": {"type": "LogFloats", "path": ["monitoring", "gpu_memory"], "values": [{"value": 5.543178558349609, "step": null, "ts": 1653150231.4019558}]}, "version": 83}
{"obj": {"type": "LogFloats", "path": ["monitoring", "cpu"], "values": [{"value": 13.7, "step": null, "ts": 1653150241.4087324}]}, "version": 84}
{"obj": {"type": "LogFloats", "path": ["monitoring", "memory"], "values": [{"value": 7.236427307128906, "step": null, "ts": 1653150241.4087324}]}, "version": 85}
{"obj": {"type": "LogFloats", "path": ["monitoring", "gpu"], "values": [{"value": 79.0, "step": null, "ts": 1653150241.4087324}]}, "version": 86}
{"obj": {"type": "LogFloats", "path": ["monitoring", "gpu_memory"], "values": [{"value": 5.561191558837891, "step": null, "ts": 1653150241.4087324}]}, "version": 87}
{"obj": {"type": "LogFloats", "path": ["monitoring", "cpu"], "values": [{"value": 12.6, "step": null, "ts": 1653150251.4151738}]}, "version": 88}
{"obj": {"type": "LogFloats", "path": ["monitoring", "memory"], "values": [{"value": 7.228660583496094, "step": null, "ts": 1653150251.4151738}]}, "version": 89}
{"obj": {"type": "LogFloats", "path": ["monitoring", "gpu"], "values": [{"value": 81.0, "step": null, "ts": 1653150251.4151738}]}, "version": 90}
{"obj": {"type": "LogFloats", "path": ["monitoring", "gpu_memory"], "values": [{"value": 5.568759918212891, "step": null, "ts": 1653150251.4151738}]}, "version": 91}
{"obj": {"type": "LogFloats", "path": ["monitoring", "cpu"], "values": [{"value": 13.0, "step": null, "ts": 1653150261.4291403}]}, "version": 92}
{"obj": {"type": "LogFloats", "path": ["monitoring", "memory"], "values": [{"value": 7.238475799560547, "step": null, "ts": 1653150261.4291403}]}, "version": 93}
{"obj": {"type": "LogFloats", "path": ["monitoring", "gpu"], "values": [{"value": 82.0, "step": null, "ts": 1653150261.4291403}]}, "version": 94}
{"obj": {"type": "LogFloats", "path": ["monitoring", "gpu_memory"], "values": [{"value": 5.584140777587891, "step": null, "ts": 1653150261.4291403}]}, "version": 95}
{"obj": {"type": "LogFloats", "path": ["monitoring", "cpu"], "values": [{"value": 12.6, "step": null, "ts": 1653150271.4382665}]}, "version": 96}
{"obj": {"type": "LogFloats", "path": ["monitoring", "memory"], "values": [{"value": 7.241847991943359, "step": null, "ts": 1653150271.4382665}]}, "version": 97}
{"obj": {"type": "LogFloats", "path": ["monitoring", "gpu"], "values": [{"value": 81.0, "step": null, "ts": 1653150271.4382665}]}, "version": 98}
{"obj": {"type": "LogFloats", "path": ["monitoring", "gpu_memory"], "values": [{"value": 5.591770172119141, "step": null, "ts": 1653150271.4382665}]}, "version": 99}
{"obj": {"type": "LogFloats", "path": ["monitoring", "cpu"], "values": [{"value": 14.4, "step": null, "ts": 1653150281.4488323}]}, "version": 100}
{"obj": {"type": "LogFloats", "path": ["monitoring", "memory"], "values": [{"value": 7.2470855712890625, "step": null, "ts": 1653150281.4488323}]}, "version": 101}
{"obj": {"type": "LogFloats", "path": ["monitoring", "gpu"], "values": [{"value": 82.0, "step": null, "ts": 1653150281.4488323}]}, "version": 102}
{"obj": {"type": "LogFloats", "path": ["monitoring", "gpu_memory"], "values": [{"value": 5.575588226318359, "step": null, "ts": 1653150281.4488323}]}, "version": 103}
{"obj": {"type": "LogStrings", "path": ["monitoring", "stderr"], "values": [{"value": "Process Process-1:1:\n", "step": null, "ts": 1653150283.5191033}]}, "version": 104}
{"obj": {"type": "LogStrings", "path": ["monitoring", "stderr"], "values": [{"value": "Traceback (most recent call last):\n", "step": null, "ts": 1653150285.2237844}]}, "version": 105}
{"obj": {"type": "LogStrings", "path": ["monitoring", "stderr"], "values": [{"value": "", "step": null, "ts": 1653150285.2237844}]}, "version": 106}
{"obj": {"type": "LogStrings", "path": ["monitoring", "stderr"], "values": [{"value": "  File \"C:\\Users\\Marc\\anaconda3\\envs\\deep\\lib\\multiprocessing\\process.py\", line 315, in _bootstrap\n    self.run()\n", "step": null, "ts": 1653150285.224781}]}, "version": 107}
{"obj": {"type": "LogStrings", "path": ["monitoring", "stderr"], "values": [{"value": "", "step": null, "ts": 1653150285.224781}]}, "version": 108}
{"obj": {"type": "LogStrings", "path": ["monitoring", "stderr"], "values": [{"value": "  File \"C:\\Users\\Marc\\anaconda3\\envs\\deep\\lib\\multiprocessing\\process.py\", line 108, in run\n    self._target(*self._args, **self._kwargs)\n", "step": null, "ts": 1653150285.224781}]}, "version": 109}
{"obj": {"type": "LogStrings", "path": ["monitoring", "stderr"], "values": [{"value": "", "step": null, "ts": 1653150285.224781}]}, "version": 110}
{"obj": {"type": "LogStrings", "path": ["monitoring", "stderr"], "values": [{"value": "  File \"C:\\Users\\Marc\\Documents\\GitHub\\Artefact-Rejection\\2. Testing and training networks\\LSTM_train.py\", line 92, in net_LSTM\n    net_train(device = device,\n", "step": null, "ts": 1653150285.224781}]}, "version": 111}
{"obj": {"type": "LogStrings", "path": ["monitoring", "stderr"], "values": [{"value": "", "step": null, "ts": 1653150285.2257779}]}, "version": 112}
{"obj": {"type": "LogStrings", "path": ["monitoring", "stderr"], "values": [{"value": "  File \"C:\\Users\\Marc\\Documents\\GitHub\\Artefact-Rejection\\2. Testing and training networks\\..\\LoaderPACK\\trainer.py\", line 59, in net_train\n    model.zero_grad()\n", "step": null, "ts": 1653150285.2257779}]}, "version": 113}
{"obj": {"type": "LogStrings", "path": ["monitoring", "stderr"], "values": [{"value": "", "step": null, "ts": 1653150285.2257779}]}, "version": 114}
{"obj": {"type": "LogStrings", "path": ["monitoring", "stderr"], "values": [{"value": "  File \"C:\\Users\\Marc\\anaconda3\\envs\\deep\\lib\\site-packages\\torch\\nn\\modules\\module.py\", line 1110, in _call_impl\n    return forward_call(*input, **kwargs)\n", "step": null, "ts": 1653150285.2257779}]}, "version": 115}
{"obj": {"type": "LogStrings", "path": ["monitoring", "stderr"], "values": [{"value": "", "step": null, "ts": 1653150285.2257779}]}, "version": 116}
{"obj": {"type": "LogStrings", "path": ["monitoring", "stderr"], "values": [{"value": "  File \"C:\\Users\\Marc\\Documents\\GitHub\\Artefact-Rejection\\2. Testing and training networks\\..\\LoaderPACK\\LSTM_net.py\", line 52, in forward\n    out, _ = self.lstm(ind)\n", "step": null, "ts": 1653150285.2257779}]}, "version": 117}
{"obj": {"type": "LogStrings", "path": ["monitoring", "stderr"], "values": [{"value": "", "step": null, "ts": 1653150285.2257779}]}, "version": 118}
{"obj": {"type": "LogStrings", "path": ["monitoring", "stderr"], "values": [{"value": "  File \"C:\\Users\\Marc\\anaconda3\\envs\\deep\\lib\\site-packages\\torch\\nn\\modules\\module.py\", line 1110, in _call_impl\n    return forward_call(*input, **kwargs)\n", "step": null, "ts": 1653150285.2257779}]}, "version": 119}
{"obj": {"type": "LogStrings", "path": ["monitoring", "stderr"], "values": [{"value": "", "step": null, "ts": 1653150285.2257779}]}, "version": 120}
{"obj": {"type": "LogStrings", "path": ["monitoring", "stderr"], "values": [{"value": "  File \"C:\\Users\\Marc\\anaconda3\\envs\\deep\\lib\\site-packages\\torch\\nn\\modules\\rnn.py\", line 761, in forward\n    result = _VF.lstm(input, hx, self._flat_weights, self.bias, self.num_layers,\n", "step": null, "ts": 1653150285.2257779}]}, "version": 121}
{"obj": {"type": "LogStrings", "path": ["monitoring", "stderr"], "values": [{"value": "", "step": null, "ts": 1653150285.2257779}]}, "version": 122}
{"obj": {"type": "LogStrings", "path": ["monitoring", "stderr"], "values": [{"value": "KeyboardInterrupt\n", "step": null, "ts": 1653150285.2267742}]}, "version": 123}
{"obj": {"type": "LogStrings", "path": ["monitoring", "stderr"], "values": [{"value": "", "step": null, "ts": 1653150285.2267742}]}, "version": 124}
