{"obj": {"type": "AssignString", "path": ["sys", "name"], "value": "Untitled"}, "version": 1}
{"obj": {"type": "AssignString", "path": ["sys", "description"], "value": ""}, "version": 2}
{"obj": {"type": "AssignString", "path": ["sys", "hostname"], "value": "DESKTOP-SH3J0RM"}, "version": 3}
{"obj": {"type": "AssignBool", "path": ["sys", "failed"], "value": false}, "version": 4}
{"obj": {"type": "ClearStringLog", "path": ["monitoring", "stdout"]}, "version": 5}
{"obj": {"type": "ClearStringLog", "path": ["monitoring", "stderr"]}, "version": 6}
{"obj": {"type": "AssignString", "path": ["source_code", "entrypoint"], "value": "1.Learning_rate_finder.py"}, "version": 7}
{"obj": {"type": "UploadFileSet", "path": ["source_code", "files"], "file_globs": ["C:\\Users\\Marc\\Documents\\GitHub\\Artefact-Rejection\\mulitclass_net\\1. Finding the learning-rate\\1.Learning_rate_finder.py"], "reset": "False"}, "version": 8}
{"obj": {"type": "ConfigFloatSeries", "path": ["monitoring", "cpu"], "min": 0.0, "max": 100.0, "unit": "%"}, "version": 9}
{"obj": {"type": "ClearFloatLog", "path": ["monitoring", "cpu"]}, "version": 10}
{"obj": {"type": "ConfigFloatSeries", "path": ["monitoring", "memory"], "min": 0.0, "max": 15.747394561767578, "unit": "GB"}, "version": 11}
{"obj": {"type": "ClearFloatLog", "path": ["monitoring", "memory"]}, "version": 12}
{"obj": {"type": "ConfigFloatSeries", "path": ["monitoring", "gpu"], "min": 0.0, "max": 100.0, "unit": "%"}, "version": 13}
{"obj": {"type": "ClearFloatLog", "path": ["monitoring", "gpu"]}, "version": 14}
{"obj": {"type": "ConfigFloatSeries", "path": ["monitoring", "gpu_memory"], "min": 0.0, "max": 8.0, "unit": "GB"}, "version": 15}
{"obj": {"type": "ClearFloatLog", "path": ["monitoring", "gpu_memory"]}, "version": 16}
{"obj": {"type": "LogFloats", "path": ["monitoring", "cpu"], "values": [{"value": 5.6, "step": null, "ts": 1654178085.3357763}]}, "version": 17}
{"obj": {"type": "LogFloats", "path": ["monitoring", "memory"], "values": [{"value": 8.252250671386719, "step": null, "ts": 1654178085.3357763}]}, "version": 18}
{"obj": {"type": "LogFloats", "path": ["monitoring", "gpu"], "values": [{"value": 1.0, "step": null, "ts": 1654178085.3357763}]}, "version": 19}
{"obj": {"type": "LogFloats", "path": ["monitoring", "gpu_memory"], "values": [{"value": 1.0543632507324219, "step": null, "ts": 1654178085.3357763}]}, "version": 20}
{"obj": {"type": "AssignString", "path": ["network_SGD", "parameters", "optimizer"], "value": "SGD"}, "version": 21}
{"obj": {"type": "AssignInt", "path": ["network_SGD", "parameters", "batch_size"], "value": 10}, "version": 22}
{"obj": {"type": "AssignFloat", "path": ["network_SGD", "parameters", "optimizer_learning_rate"], "value": 0.01}, "version": 23}
{"obj": {"type": "AssignString", "path": ["network_SGD", "parameters", "loss_function"], "value": "CrossEntropyLoss"}, "version": 24}
{"obj": {"type": "AssignString", "path": ["network_SGD", "parameters", "loss_function_weights"], "value": "[1.25, 6.67, 16.67, 1.0]"}, "version": 25}
{"obj": {"type": "AssignString", "path": ["network_SGD", "parameters", "loss_function_reduction"], "value": "mean"}, "version": 26}
{"obj": {"type": "AssignString", "path": ["network_SGD", "parameters", "model"], "value": "Unet_leaky_lstm"}, "version": 27}
{"obj": {"type": "AssignString", "path": ["network_SGD", "parameters", "scheduler"], "value": "CyclicLR"}, "version": 28}
{"obj": {"type": "AssignFloat", "path": ["network_SGD", "parameters", "scheduler_base_lr"], "value": 0.01}, "version": 29}
{"obj": {"type": "AssignInt", "path": ["network_SGD", "parameters", "scheduler_max_lr"], "value": 1}, "version": 30}
{"obj": {"type": "AssignBool", "path": ["network_SGD", "parameters", "scheduler_cycle_momentum"], "value": false}, "version": 31}
{"obj": {"type": "AssignFloat", "path": ["network_SGD", "parameters", "scheduler_step_size_up"], "value": 249.0}, "version": 32}
{"obj": {"type": "AssignFloat", "path": ["network_SGD", "parameters", "smooting_loss"], "value": 0.05}, "version": 33}
{"obj": {"type": "LogStrings", "path": ["monitoring", "stdout"], "values": [{"value": "Training epoch 0", "step": null, "ts": 1654178086.6037004}]}, "version": 34}
{"obj": {"type": "LogStrings", "path": ["monitoring", "stdout"], "values": [{"value": "\n", "step": null, "ts": 1654178086.6037004}]}, "version": 35}
{"obj": {"type": "LogFloats", "path": ["network_SGD", "learning_rate"], "values": [{"value": 0.01, "step": null, "ts": 1654178086.6247003}]}, "version": 36}
{"obj": {"type": "LogFloats", "path": ["network_SGD", "train_loss_pr_file"], "values": [{"value": 1.3778693675994873, "step": null, "ts": 1654178088.162594}]}, "version": 37}
{"obj": {"type": "LogFloats", "path": ["network_SGD", "smooth_train_loss_pr_file"], "values": [{"value": 1.3778693675994873, "step": null, "ts": 1654178088.1635942}]}, "version": 38}
{"obj": {"type": "LogFloats", "path": ["network_SGD", "validation_loss_pr_file"], "values": [{"value": 1.3778693675994873, "step": null, "ts": 1654178088.1635942}]}, "version": 39}
{"obj": {"type": "LogFloats", "path": ["network_SGD", "smooth_val_loss_pr_file"], "values": [{"value": 1.3778693675994873, "step": null, "ts": 1654178088.1635942}]}, "version": 40}
{"obj": {"type": "LogFloats", "path": ["network_SGD", "train_loss_pr_file"], "values": [{"value": 1.3778693675994873, "step": null, "ts": 1654178089.928229}]}, "version": 41}
{"obj": {"type": "LogFloats", "path": ["network_SGD", "smooth_train_loss_pr_file"], "values": [{"value": 1.3778693675994873, "step": null, "ts": 1654178089.928229}]}, "version": 42}
{"obj": {"type": "LogFloats", "path": ["network_SGD", "train_acc_pr_file"], "values": [{"value": 0.493426114320755, "step": null, "ts": 1654178089.9297297}]}, "version": 43}
{"obj": {"type": "LogStrings", "path": ["network_SGD", "matrix", "train_confusion_matrix_pr_file"], "values": [{"value": "tensor([[[ 81231.,  20637.],\n         [334806., 163326.]],\n\n        [[  1470.,  32409.],\n         [111893., 454228.]],\n\n        [[ 61382., 402870.],\n         [  9218., 126530.]]])", "step": null, "ts": 1654178089.9307294}]}, "version": 44}
{"obj": {"type": "LogFloats", "path": ["network_SGD", "matrix", "train_noart_tp_pr_file"], "values": [{"value": 0.13538523018360138, "step": null, "ts": 1654178089.9319696}]}, "version": 45}
{"obj": {"type": "LogFloats", "path": ["network_SGD", "matrix", "train_art_tp_pr_file"], "values": [{"value": 0.0024500039871782064, "step": null, "ts": 1654178089.9319696}]}, "version": 46}
{"obj": {"type": "LogFloats", "path": ["network_SGD", "matrix", "train_elec_tp_pr_file"], "values": [{"value": 0.10230350494384766, "step": null, "ts": 1654178089.9319696}]}, "version": 47}
{"obj": {"type": "LogFloats", "path": ["network_SGD", "matrix", "train_noart_tn_pr_file"], "values": [{"value": 0.13610488176345825, "step": null, "ts": 1654178089.9319696}]}, "version": 48}
{"obj": {"type": "LogFloats", "path": ["network_SGD", "matrix", "train_art_tn_pr_file"], "values": [{"value": 0.3785230219364166, "step": null, "ts": 1654178089.9319696}]}, "version": 49}
{"obj": {"type": "LogFloats", "path": ["network_SGD", "matrix", "train_elec_tn_pr_file"], "values": [{"value": 0.10544157773256302, "step": null, "ts": 1654178089.932971}]}, "version": 50}
{"obj": {"type": "LogFloats", "path": ["monitoring", "cpu"], "values": [{"value": 9.6, "step": null, "ts": 1654178095.343235}]}, "version": 51}
{"obj": {"type": "LogFloats", "path": ["monitoring", "memory"], "values": [{"value": 10.182170867919922, "step": null, "ts": 1654178095.343235}]}, "version": 52}
{"obj": {"type": "LogFloats", "path": ["monitoring", "gpu"], "values": [{"value": 12.0, "step": null, "ts": 1654178095.343235}]}, "version": 53}
{"obj": {"type": "LogFloats", "path": ["monitoring", "gpu_memory"], "values": [{"value": 4.914775848388672, "step": null, "ts": 1654178095.343235}]}, "version": 54}
{"obj": {"type": "LogFloats", "path": ["monitoring", "cpu"], "values": [{"value": 7.2, "step": null, "ts": 1654178105.3548124}]}, "version": 55}
{"obj": {"type": "LogFloats", "path": ["monitoring", "memory"], "values": [{"value": 10.098995208740234, "step": null, "ts": 1654178105.3548124}]}, "version": 56}
{"obj": {"type": "LogFloats", "path": ["monitoring", "gpu"], "values": [{"value": 7.0, "step": null, "ts": 1654178105.3548124}]}, "version": 57}
{"obj": {"type": "LogFloats", "path": ["monitoring", "gpu_memory"], "values": [{"value": 4.914775848388672, "step": null, "ts": 1654178105.3548124}]}, "version": 58}
{"obj": {"type": "LogFloats", "path": ["monitoring", "cpu"], "values": [{"value": 3.6, "step": null, "ts": 1654178115.3687308}]}, "version": 59}
{"obj": {"type": "LogFloats", "path": ["monitoring", "memory"], "values": [{"value": 10.101627349853516, "step": null, "ts": 1654178115.3687308}]}, "version": 60}
{"obj": {"type": "LogFloats", "path": ["monitoring", "gpu"], "values": [{"value": 2.0, "step": null, "ts": 1654178115.3687308}]}, "version": 61}
{"obj": {"type": "LogFloats", "path": ["monitoring", "gpu_memory"], "values": [{"value": 4.914775848388672, "step": null, "ts": 1654178115.3687308}]}, "version": 62}
{"obj": {"type": "LogFloats", "path": ["monitoring", "cpu"], "values": [{"value": 8.2, "step": null, "ts": 1654178125.3889408}]}, "version": 63}
{"obj": {"type": "LogFloats", "path": ["monitoring", "memory"], "values": [{"value": 10.093421936035156, "step": null, "ts": 1654178125.3889408}]}, "version": 64}
{"obj": {"type": "LogFloats", "path": ["monitoring", "gpu"], "values": [{"value": 9.0, "step": null, "ts": 1654178125.3889408}]}, "version": 65}
{"obj": {"type": "LogFloats", "path": ["monitoring", "gpu_memory"], "values": [{"value": 4.914775848388672, "step": null, "ts": 1654178125.3889408}]}, "version": 66}
{"obj": {"type": "LogFloats", "path": ["monitoring", "cpu"], "values": [{"value": 3.0, "step": null, "ts": 1654178135.4000485}]}, "version": 67}
{"obj": {"type": "LogFloats", "path": ["monitoring", "memory"], "values": [{"value": 10.098983764648438, "step": null, "ts": 1654178135.4000485}]}, "version": 68}
{"obj": {"type": "LogFloats", "path": ["monitoring", "gpu"], "values": [{"value": 5.0, "step": null, "ts": 1654178135.4000485}]}, "version": 69}
{"obj": {"type": "LogFloats", "path": ["monitoring", "gpu_memory"], "values": [{"value": 4.914775848388672, "step": null, "ts": 1654178135.4000485}]}, "version": 70}
{"obj": {"type": "LogFloats", "path": ["monitoring", "cpu"], "values": [{"value": 7.7, "step": null, "ts": 1654178145.4098792}]}, "version": 71}
{"obj": {"type": "LogFloats", "path": ["monitoring", "memory"], "values": [{"value": 10.111770629882812, "step": null, "ts": 1654178145.4098792}]}, "version": 72}
{"obj": {"type": "LogFloats", "path": ["monitoring", "gpu"], "values": [{"value": 7.0, "step": null, "ts": 1654178145.4098792}]}, "version": 73}
{"obj": {"type": "LogFloats", "path": ["monitoring", "gpu_memory"], "values": [{"value": 4.914775848388672, "step": null, "ts": 1654178145.4098792}]}, "version": 74}
{"obj": {"type": "LogFloats", "path": ["monitoring", "cpu"], "values": [{"value": 9.9, "step": null, "ts": 1654178155.419218}]}, "version": 75}
{"obj": {"type": "LogFloats", "path": ["monitoring", "memory"], "values": [{"value": 10.08255386352539, "step": null, "ts": 1654178155.419218}]}, "version": 76}
{"obj": {"type": "LogFloats", "path": ["monitoring", "gpu"], "values": [{"value": 4.0, "step": null, "ts": 1654178155.419218}]}, "version": 77}
{"obj": {"type": "LogFloats", "path": ["monitoring", "gpu_memory"], "values": [{"value": 4.914897918701172, "step": null, "ts": 1654178155.419218}]}, "version": 78}
{"obj": {"type": "LogFloats", "path": ["monitoring", "cpu"], "values": [{"value": 12.0, "step": null, "ts": 1654178165.4302814}]}, "version": 79}
{"obj": {"type": "LogFloats", "path": ["monitoring", "memory"], "values": [{"value": 10.079307556152344, "step": null, "ts": 1654178165.4302814}]}, "version": 80}
{"obj": {"type": "LogFloats", "path": ["monitoring", "gpu"], "values": [{"value": 11.0, "step": null, "ts": 1654178165.4302814}]}, "version": 81}
{"obj": {"type": "LogFloats", "path": ["monitoring", "gpu_memory"], "values": [{"value": 4.914775848388672, "step": null, "ts": 1654178165.4302814}]}, "version": 82}
