{"obj": {"type": "LogFloats", "path": ["monitoring", "cpu"], "values": [{"value": 4.6, "step": null, "ts": 1652697051.7972095}]}, "version": 1}
{"obj": {"type": "LogFloats", "path": ["monitoring", "memory"], "values": [{"value": 6.771587371826172, "step": null, "ts": 1652697051.7972095}]}, "version": 2}
{"obj": {"type": "LogFloats", "path": ["monitoring", "gpu_memory"], "values": [{"value": 1.0318832397460938, "step": null, "ts": 1652697051.7972095}]}, "version": 3}
{"obj": {"type": "LogStrings", "path": ["monitoring", "traceback"], "values": [{"value": "An uncaught exception occurred while run was active on worker DESKTOP-SDMAFDQ.", "step": null, "ts": 1652697052.267231}, {"value": "Marking run as failed", "step": null, "ts": 1652697052.267231}, {"value": "Traceback:", "step": null, "ts": 1652697052.267231}, {"value": "  File \"C:\\Users\\Marc\\Documents\\GitHub\\Artefact-Rejection\\plotting\\3.weight_decay_plotter_adam.py\", line 17, in <module>\n    adam1_weight = run1['network_ADAM/parameters/optimizer_weight_decay'].fetch_values()\n", "step": null, "ts": 1652697052.267231}, {"value": "  File \"C:\\Users\\Marc\\anaconda3\\envs\\deep\\lib\\site-packages\\neptune\\new\\handler.py\", line 411, in fetch_values\n    return self._pass_call_to_attr(\n", "step": null, "ts": 1652697052.267231}, {"value": "  File \"C:\\Users\\Marc\\anaconda3\\envs\\deep\\lib\\site-packages\\neptune\\new\\handler.py\", line 501, in _pass_call_to_attr\n    return getattr(self._get_attribute(), function_name)(**kwargs)\n", "step": null, "ts": 1652697052.267231}, {"value": "  File \"C:\\Users\\Marc\\anaconda3\\envs\\deep\\lib\\site-packages\\neptune\\new\\attributes\\attribute.py\", line 37, in __getattr__\n    raise TypeDoesNotSupportAttributeException(type_=type(self), attribute=attr)\n", "step": null, "ts": 1652697052.267231}, {"value": "", "step": null, "ts": 1652697052.267231}, {"value": "", "step": null, "ts": 1652697052.267231}, {"value": "----TypeDoesNotSupportAttributeException----------------------------------------", "step": null, "ts": 1652697052.267231}]}, "version": 4}
{"obj": {"type": "LogStrings", "path": ["monitoring", "traceback"], "values": [{"value": "", "step": null, "ts": 1652697052.267231}, {"value": "<class 'neptune.new.attributes.atoms.integer.Integer'> has no attribute fetch_values.", "step": null, "ts": 1652697052.267231}, {"value": "", "step": null, "ts": 1652697052.267231}, {"value": "Need help?-> https://docs.neptune.ai/getting-started/getting-help", "step": null, "ts": 1652697052.267231}, {"value": "", "step": null, "ts": 1652697052.267231}]}, "version": 5}
{"obj": {"type": "AssignBool", "path": ["sys", "failed"], "value": true}, "version": 6}
{"obj": {"type": "LogStrings", "path": ["monitoring", "stderr"], "values": [{"value": "Traceback (most recent call last):\n", "step": null, "ts": 1652697052.2677298}]}, "version": 7}
{"obj": {"type": "LogStrings", "path": ["monitoring", "stderr"], "values": [{"value": "  File \"C:\\Users\\Marc\\Documents\\GitHub\\Artefact-Rejection\\plotting\\3.weight_decay_plotter_adam.py\", line 17, in <module>\n", "step": null, "ts": 1652697052.268723}]}, "version": 8}
{"obj": {"type": "LogStrings", "path": ["monitoring", "stderr"], "values": [{"value": "    ", "step": null, "ts": 1652697052.268723}]}, "version": 9}
{"obj": {"type": "LogStrings", "path": ["monitoring", "stderr"], "values": [{"value": "adam1_weight = run1['network_ADAM/parameters/optimizer_weight_decay'].fetch_values()", "step": null, "ts": 1652697052.268723}]}, "version": 10}
{"obj": {"type": "LogStrings", "path": ["monitoring", "stderr"], "values": [{"value": "\n", "step": null, "ts": 1652697052.2692237}]}, "version": 11}
{"obj": {"type": "LogStrings", "path": ["monitoring", "stderr"], "values": [{"value": "  File \"C:\\Users\\Marc\\anaconda3\\envs\\deep\\lib\\site-packages\\neptune\\new\\handler.py\", line 411, in fetch_values\n", "step": null, "ts": 1652697052.2692237}]}, "version": 12}
{"obj": {"type": "LogStrings", "path": ["monitoring", "stderr"], "values": [{"value": "    ", "step": null, "ts": 1652697052.2697408}]}, "version": 13}
{"obj": {"type": "LogStrings", "path": ["monitoring", "stderr"], "values": [{"value": "return self._pass_call_to_attr(", "step": null, "ts": 1652697052.2697408}]}, "version": 14}
{"obj": {"type": "LogStrings", "path": ["monitoring", "stderr"], "values": [{"value": "\n", "step": null, "ts": 1652697052.2697408}]}, "version": 15}
{"obj": {"type": "LogStrings", "path": ["monitoring", "stderr"], "values": [{"value": "  File \"C:\\Users\\Marc\\anaconda3\\envs\\deep\\lib\\site-packages\\neptune\\new\\handler.py\", line 501, in _pass_call_to_attr\n", "step": null, "ts": 1652697052.2702248}]}, "version": 16}
{"obj": {"type": "LogStrings", "path": ["monitoring", "stderr"], "values": [{"value": "    ", "step": null, "ts": 1652697052.270725}]}, "version": 17}
{"obj": {"type": "LogStrings", "path": ["monitoring", "stderr"], "values": [{"value": "return getattr(self._get_attribute(), function_name)(**kwargs)", "step": null, "ts": 1652697052.270725}]}, "version": 18}
{"obj": {"type": "LogStrings", "path": ["monitoring", "stderr"], "values": [{"value": "\n", "step": null, "ts": 1652697052.270725}]}, "version": 19}
{"obj": {"type": "LogStrings", "path": ["monitoring", "stderr"], "values": [{"value": "  File \"C:\\Users\\Marc\\anaconda3\\envs\\deep\\lib\\site-packages\\neptune\\new\\attributes\\attribute.py\", line 37, in __getattr__\n", "step": null, "ts": 1652697052.2712257}]}, "version": 20}
{"obj": {"type": "LogStrings", "path": ["monitoring", "stderr"], "values": [{"value": "    ", "step": null, "ts": 1652697052.2712257}]}, "version": 21}
{"obj": {"type": "LogStrings", "path": ["monitoring", "stderr"], "values": [{"value": "raise TypeDoesNotSupportAttributeException(type_=type(self), attribute=attr)", "step": null, "ts": 1652697052.2712257}]}, "version": 22}
{"obj": {"type": "LogStrings", "path": ["monitoring", "stderr"], "values": [{"value": "\n", "step": null, "ts": 1652697052.2712257}]}, "version": 23}
{"obj": {"type": "LogStrings", "path": ["monitoring", "stderr"], "values": [{"value": "neptune.new.exceptions", "step": null, "ts": 1652697052.271726}]}, "version": 24}
{"obj": {"type": "LogStrings", "path": ["monitoring", "stderr"], "values": [{"value": ".", "step": null, "ts": 1652697052.271726}]}, "version": 25}
{"obj": {"type": "LogStrings", "path": ["monitoring", "stderr"], "values": [{"value": "TypeDoesNotSupportAttributeException", "step": null, "ts": 1652697052.271726}]}, "version": 26}
{"obj": {"type": "LogStrings", "path": ["monitoring", "stderr"], "values": [{"value": ": ", "step": null, "ts": 1652697052.271726}]}, "version": 27}
{"obj": {"type": "LogStrings", "path": ["monitoring", "stderr"], "values": [{"value": "\n\n----TypeDoesNotSupportAttributeException----------------------------------------\n\n<class 'neptune.new.attributes.atoms.integer.Integer'> has no attribute fetch_values.\n\nNeed help?-> https://docs.neptune.ai/getting-started/getting-help\n", "step": null, "ts": 1652697052.271726}]}, "version": 28}
{"obj": {"type": "LogStrings", "path": ["monitoring", "stderr"], "values": [{"value": "\n", "step": null, "ts": 1652697052.272226}]}, "version": 29}
