{"obj": {"type": "AssignString", "path": ["sys", "name"], "value": "Untitled"}, "version": 1}
{"obj": {"type": "AssignString", "path": ["sys", "description"], "value": ""}, "version": 2}
{"obj": {"type": "AssignString", "path": ["sys", "hostname"], "value": "DESKTOP-SDMAFDQ"}, "version": 3}
{"obj": {"type": "AssignBool", "path": ["sys", "failed"], "value": false}, "version": 4}
{"obj": {"type": "ClearStringLog", "path": ["monitoring", "stdout"]}, "version": 5}
{"obj": {"type": "ClearStringLog", "path": ["monitoring", "stderr"]}, "version": 6}
{"obj": {"type": "AssignString", "path": ["source_code", "entrypoint"], "value": "Learning_rate_finder2.py"}, "version": 7}
{"obj": {"type": "UploadFileSet", "path": ["source_code", "files"], "file_globs": ["C:\\Users\\Marc\\Documents\\GitHub\\Artefact-Rejection\\1. Finding the learning-rate\\Learning_rate_finder2.py"], "reset": "False"}, "version": 8}
{"obj": {"type": "ConfigFloatSeries", "path": ["monitoring", "cpu"], "min": 0.0, "max": 100.0, "unit": "%"}, "version": 9}
{"obj": {"type": "ClearFloatLog", "path": ["monitoring", "cpu"]}, "version": 10}
{"obj": {"type": "ConfigFloatSeries", "path": ["monitoring", "memory"], "min": 0.0, "max": 15.88718032836914, "unit": "GB"}, "version": 11}
{"obj": {"type": "ClearFloatLog", "path": ["monitoring", "memory"]}, "version": 12}
{"obj": {"type": "ConfigFloatSeries", "path": ["monitoring", "gpu"], "min": 0.0, "max": 100.0, "unit": "%"}, "version": 13}
{"obj": {"type": "ClearFloatLog", "path": ["monitoring", "gpu"]}, "version": 14}
{"obj": {"type": "ConfigFloatSeries", "path": ["monitoring", "gpu_memory"], "min": 0.0, "max": 4.0, "unit": "GB"}, "version": 15}
{"obj": {"type": "ClearFloatLog", "path": ["monitoring", "gpu_memory"]}, "version": 16}
{"obj": {"type": "LogFloats", "path": ["monitoring", "cpu"], "values": [{"value": 11.2, "step": null, "ts": 1648310357.752514}]}, "version": 17}
{"obj": {"type": "LogFloats", "path": ["monitoring", "memory"], "values": [{"value": 8.016357421875, "step": null, "ts": 1648310357.752514}]}, "version": 18}
{"obj": {"type": "LogFloats", "path": ["monitoring", "gpu_memory"], "values": [{"value": 0.6070137023925781, "step": null, "ts": 1648310357.752514}]}, "version": 19}
{"obj": {"type": "AssignString", "path": ["SGD_net6", "parameters", "optimizer"], "value": "SGD"}, "version": 20}
{"obj": {"type": "AssignInt", "path": ["SGD_net6", "parameters", "batch_size"], "value": 10}, "version": 21}
{"obj": {"type": "AssignInt", "path": ["SGD_net6", "parameters", "optimizer_learning_rate"], "value": 1}, "version": 22}
{"obj": {"type": "AssignFloat", "path": ["SGD_net6", "parameters", "optimizer_weight_decay"], "value": 1e-05}, "version": 23}
{"obj": {"type": "AssignString", "path": ["SGD_net6", "parameters", "loss_function"], "value": "CrossEntropyLoss"}, "version": 24}
{"obj": {"type": "AssignString", "path": ["SGD_net6", "parameters", "loss_function_weights"], "value": "[1, 5]"}, "version": 25}
{"obj": {"type": "AssignString", "path": ["SGD_net6", "parameters", "loss_function_reduction"], "value": "mean"}, "version": 26}
{"obj": {"type": "AssignString", "path": ["SGD_net6", "parameters", "model"], "value": "Unet"}, "version": 27}
{"obj": {"type": "LogStrings", "path": ["monitoring", "stdout"], "values": [{"value": "Training epoch 0", "step": null, "ts": 1648310357.8493154}]}, "version": 28}
{"obj": {"type": "LogStrings", "path": ["monitoring", "stdout"], "values": [{"value": "\n", "step": null, "ts": 1648310357.8493154}]}, "version": 29}
{"obj": {"type": "LogFloats", "path": ["SGD_net6", "learning_rate"], "values": [{"value": 1.0, "step": null, "ts": 1648310357.8493154}]}, "version": 30}
{"obj": {"type": "LogFloats", "path": ["SGD_net6", "train_loss_pr_file"], "values": [{"value": 0.6953295469284058, "step": null, "ts": 1648310359.5115626}]}, "version": 31}
{"obj": {"type": "LogFloats", "path": ["SGD_net6", "train_loss_pr_file"], "values": [{"value": 0.5799464696929568, "step": null, "ts": 1648310363.1785047}]}, "version": 32}
{"obj": {"type": "LogFloats", "path": ["SGD_net6", "train_acc_pr_file"], "values": [{"value": 0.6110312342643738, "step": null, "ts": 1648310363.1785047}]}, "version": 33}
{"obj": {"type": "LogStrings", "path": ["SGD_net6", "matrix", "train_confusion_matrix_pr_file"], "values": [{"value": "tensor([[2086214., 5028852.],\n        [ 210364., 6999570.]])", "step": null, "ts": 1648310363.1795046}]}, "version": 34}
{"obj": {"type": "LogFloats", "path": ["SGD_net6", "matrix", "train_tp_pr_file"], "values": [{"value": 0.2932107746601105, "step": null, "ts": 1648310363.180005}]}, "version": 35}
{"obj": {"type": "LogFloats", "path": ["SGD_net6", "matrix", "train_fp_pr_file"], "values": [{"value": 0.7067892551422119, "step": null, "ts": 1648310363.180005}]}, "version": 36}
{"obj": {"type": "LogFloats", "path": ["SGD_net6", "matrix", "train_fn_pr_file"], "values": [{"value": 0.029176965355873108, "step": null, "ts": 1648310363.1805055}]}, "version": 37}
{"obj": {"type": "LogFloats", "path": ["SGD_net6", "matrix", "train_tn_pr_file"], "values": [{"value": 0.9708230495452881, "step": null, "ts": 1648310363.1805055}]}, "version": 38}
{"obj": {"type": "LogFloats", "path": ["SGD_net6", "validation_loss_pr_file"], "values": [{"value": 0.9627191424369812, "step": null, "ts": 1648310363.3016095}]}, "version": 39}
{"obj": {"type": "LogFloats", "path": ["SGD_net6", "validation_loss_pr_file"], "values": [{"value": 0.7256659439631871, "step": null, "ts": 1648310363.9481652}]}, "version": 40}
{"obj": {"type": "LogFloats", "path": ["SGD_net6", "val_acc_pr_file"], "values": [{"value": 0.8269940614700317, "step": null, "ts": 1648310363.9481652}]}, "version": 41}
{"obj": {"type": "LogStrings", "path": ["SGD_net6", "matrix", "val_confusion_matrix_pr_file"], "values": [{"value": "tensor([[  41442.,    6088.],\n        [ 888760., 4013710.]])", "step": null, "ts": 1648310363.9491653}]}, "version": 42}
{"obj": {"type": "LogFloats", "path": ["SGD_net6", "matrix", "val_tp_pr_file"], "values": [{"value": 0.8719124794006348, "step": null, "ts": 1648310363.9491653}]}, "version": 43}
{"obj": {"type": "LogFloats", "path": ["SGD_net6", "matrix", "val_fp_pr_file"], "values": [{"value": 0.12808752059936523, "step": null, "ts": 1648310363.9491653}]}, "version": 44}
{"obj": {"type": "LogFloats", "path": ["SGD_net6", "matrix", "val_fn_pr_file"], "values": [{"value": 0.1812882125377655, "step": null, "ts": 1648310363.9496658}]}, "version": 45}
{"obj": {"type": "LogFloats", "path": ["SGD_net6", "matrix", "val_tn_pr_file"], "values": [{"value": 0.8187118172645569, "step": null, "ts": 1648310363.9496658}]}, "version": 46}
{"obj": {"type": "LogStrings", "path": ["monitoring", "stdout"], "values": [{"value": "Training epoch 1", "step": null, "ts": 1648310363.950166}]}, "version": 47}
{"obj": {"type": "LogStrings", "path": ["monitoring", "stdout"], "values": [{"value": "\n", "step": null, "ts": 1648310363.950166}]}, "version": 48}
{"obj": {"type": "LogFloats", "path": ["SGD_net6", "learning_rate"], "values": [{"value": 1.0, "step": null, "ts": 1648310363.950166}]}, "version": 49}
{"obj": {"type": "LogFloats", "path": ["SGD_net6", "train_loss_pr_file"], "values": [{"value": 0.6360556511651903, "step": null, "ts": 1648310367.7534308}]}, "version": 50}
{"obj": {"type": "LogFloats", "path": ["SGD_net6", "train_acc_pr_file"], "values": [{"value": 0.8152341246604919, "step": null, "ts": 1648310367.7534308}]}, "version": 51}
{"obj": {"type": "LogStrings", "path": ["SGD_net6", "matrix", "train_confusion_matrix_pr_file"], "values": [{"value": "tensor([[  344530.,   512386.],\n        [ 2091312., 11376772.]])", "step": null, "ts": 1648310367.7539318}]}, "version": 52}
{"obj": {"type": "LogFloats", "path": ["SGD_net6", "matrix", "train_tp_pr_file"], "values": [{"value": 0.40205806493759155, "step": null, "ts": 1648310367.754431}]}, "version": 53}
{"obj": {"type": "LogFloats", "path": ["SGD_net6", "matrix", "train_fp_pr_file"], "values": [{"value": 0.5979419350624084, "step": null, "ts": 1648310367.754431}]}, "version": 54}
{"obj": {"type": "LogFloats", "path": ["SGD_net6", "matrix", "train_fn_pr_file"], "values": [{"value": 0.15527909994125366, "step": null, "ts": 1648310367.754431}]}, "version": 55}
{"obj": {"type": "LogFloats", "path": ["SGD_net6", "matrix", "train_tn_pr_file"], "values": [{"value": 0.8447209000587463, "step": null, "ts": 1648310367.7549317}]}, "version": 56}
{"obj": {"type": "LogFloats", "path": ["monitoring", "cpu"], "values": [{"value": 20.8, "step": null, "ts": 1648310367.7699454}]}, "version": 57}
{"obj": {"type": "LogFloats", "path": ["monitoring", "memory"], "values": [{"value": 9.909832000732422, "step": null, "ts": 1648310367.7699454}]}, "version": 58}
{"obj": {"type": "LogFloats", "path": ["monitoring", "gpu"], "values": [{"value": 100.0, "step": null, "ts": 1648310367.7699454}]}, "version": 59}
{"obj": {"type": "LogFloats", "path": ["monitoring", "gpu_memory"], "values": [{"value": 3.889392852783203, "step": null, "ts": 1648310367.7699454}]}, "version": 60}
{"obj": {"type": "LogFloats", "path": ["SGD_net6", "validation_loss_pr_file"], "values": [{"value": 0.6381089091300964, "step": null, "ts": 1648310368.5060766}]}, "version": 61}
{"obj": {"type": "LogFloats", "path": ["SGD_net6", "val_acc_pr_file"], "values": [{"value": 0.8119787573814392, "step": null, "ts": 1648310368.5060766}]}, "version": 62}
{"obj": {"type": "LogStrings", "path": ["SGD_net6", "matrix", "val_confusion_matrix_pr_file"], "values": [{"value": "tensor([[ 269862.,  295292.],\n        [ 652806., 3732040.]])", "step": null, "ts": 1648310368.5065775}]}, "version": 63}
{"obj": {"type": "LogFloats", "path": ["SGD_net6", "matrix", "val_tp_pr_file"], "values": [{"value": 0.4775017201900482, "step": null, "ts": 1648310368.5070772}]}, "version": 64}
{"obj": {"type": "LogFloats", "path": ["SGD_net6", "matrix", "val_fp_pr_file"], "values": [{"value": 0.5224983096122742, "step": null, "ts": 1648310368.5070772}]}, "version": 65}
{"obj": {"type": "LogFloats", "path": ["SGD_net6", "matrix", "val_fn_pr_file"], "values": [{"value": 0.14887775480747223, "step": null, "ts": 1648310368.5070772}]}, "version": 66}
{"obj": {"type": "LogFloats", "path": ["SGD_net6", "matrix", "val_tn_pr_file"], "values": [{"value": 0.851122260093689, "step": null, "ts": 1648310368.5075774}]}, "version": 67}
{"obj": {"type": "LogStrings", "path": ["monitoring", "stdout"], "values": [{"value": "Training epoch 2", "step": null, "ts": 1648310368.5075774}]}, "version": 68}
{"obj": {"type": "LogStrings", "path": ["monitoring", "stdout"], "values": [{"value": "\n", "step": null, "ts": 1648310368.5075774}]}, "version": 69}
{"obj": {"type": "LogFloats", "path": ["SGD_net6", "learning_rate"], "values": [{"value": 1.0, "step": null, "ts": 1648310368.5075774}]}, "version": 70}
{"obj": {"type": "LogFloats", "path": ["SGD_net6", "train_loss_pr_file"], "values": [{"value": 0.6055404998007274, "step": null, "ts": 1648310372.2612996}]}, "version": 71}
{"obj": {"type": "LogFloats", "path": ["SGD_net6", "train_acc_pr_file"], "values": [{"value": 0.7537016868591309, "step": null, "ts": 1648310372.2618003}]}, "version": 72}
{"obj": {"type": "LogStrings", "path": ["SGD_net6", "matrix", "train_confusion_matrix_pr_file"], "values": [{"value": "tensor([[ 919379., 1954403.],\n        [1466566., 9984652.]])", "step": null, "ts": 1648310372.2623}]}, "version": 73}
{"obj": {"type": "LogFloats", "path": ["SGD_net6", "matrix", "train_tp_pr_file"], "values": [{"value": 0.31991952657699585, "step": null, "ts": 1648310372.2623}]}, "version": 74}
{"obj": {"type": "LogFloats", "path": ["SGD_net6", "matrix", "train_fp_pr_file"], "values": [{"value": 0.6800804734230042, "step": null, "ts": 1648310372.2623}]}, "version": 75}
{"obj": {"type": "LogFloats", "path": ["SGD_net6", "matrix", "train_fn_pr_file"], "values": [{"value": 0.12807074189186096, "step": null, "ts": 1648310372.2628002}]}, "version": 76}
{"obj": {"type": "LogFloats", "path": ["SGD_net6", "matrix", "train_tn_pr_file"], "values": [{"value": 0.8719292283058167, "step": null, "ts": 1648310372.2628002}]}, "version": 77}
{"obj": {"type": "LogFloats", "path": ["SGD_net6", "validation_loss_pr_file"], "values": [{"value": 0.6633752414158413, "step": null, "ts": 1648310373.0244546}]}, "version": 78}
{"obj": {"type": "LogFloats", "path": ["SGD_net6", "val_acc_pr_file"], "values": [{"value": 0.7845720648765564, "step": null, "ts": 1648310373.024955}]}, "version": 79}
{"obj": {"type": "LogStrings", "path": ["SGD_net6", "matrix", "val_confusion_matrix_pr_file"], "values": [{"value": "tensor([[ 223677.,  338758.],\n        [ 746154., 3641411.]])", "step": null, "ts": 1648310373.0254564}]}, "version": 80}
{"obj": {"type": "LogFloats", "path": ["SGD_net6", "matrix", "val_tp_pr_file"], "values": [{"value": 0.3976939618587494, "step": null, "ts": 1648310373.0259566}]}, "version": 81}
{"obj": {"type": "LogFloats", "path": ["SGD_net6", "matrix", "val_fp_pr_file"], "values": [{"value": 0.602306067943573, "step": null, "ts": 1648310373.0259566}]}, "version": 82}
{"obj": {"type": "LogFloats", "path": ["SGD_net6", "matrix", "val_fn_pr_file"], "values": [{"value": 0.17006106674671173, "step": null, "ts": 1648310373.0259566}]}, "version": 83}
{"obj": {"type": "LogFloats", "path": ["SGD_net6", "matrix", "val_tn_pr_file"], "values": [{"value": 0.8299389481544495, "step": null, "ts": 1648310373.0264564}]}, "version": 84}
{"obj": {"type": "LogStrings", "path": ["monitoring", "stdout"], "values": [{"value": "Training epoch 3", "step": null, "ts": 1648310373.0264564}]}, "version": 85}
{"obj": {"type": "LogStrings", "path": ["monitoring", "stdout"], "values": [{"value": "\n", "step": null, "ts": 1648310373.0264564}]}, "version": 86}
{"obj": {"type": "LogFloats", "path": ["SGD_net6", "learning_rate"], "values": [{"value": 1.0, "step": null, "ts": 1648310373.0264564}]}, "version": 87}
{"obj": {"type": "LogFloats", "path": ["SGD_net6", "train_loss_pr_file"], "values": [{"value": 0.613005253530684, "step": null, "ts": 1648310376.7786765}]}, "version": 88}
{"obj": {"type": "LogFloats", "path": ["SGD_net6", "train_acc_pr_file"], "values": [{"value": 0.8164611458778381, "step": null, "ts": 1648310376.779177}]}, "version": 89}
{"obj": {"type": "LogStrings", "path": ["SGD_net6", "matrix", "train_confusion_matrix_pr_file"], "values": [{"value": "tensor([[  394735.,   596637.],\n        [ 1963059., 11370569.]])", "step": null, "ts": 1648310376.779677}]}, "version": 90}
{"obj": {"type": "LogFloats", "path": ["SGD_net6", "matrix", "train_tp_pr_file"], "values": [{"value": 0.3981704115867615, "step": null, "ts": 1648310376.779677}]}, "version": 91}
{"obj": {"type": "LogFloats", "path": ["SGD_net6", "matrix", "train_fp_pr_file"], "values": [{"value": 0.6018295884132385, "step": null, "ts": 1648310376.780177}]}, "version": 92}
{"obj": {"type": "LogFloats", "path": ["SGD_net6", "matrix", "train_fn_pr_file"], "values": [{"value": 0.14722616970539093, "step": null, "ts": 1648310376.780177}]}, "version": 93}
{"obj": {"type": "LogFloats", "path": ["SGD_net6", "matrix", "train_tn_pr_file"], "values": [{"value": 0.8527738451957703, "step": null, "ts": 1648310376.780177}]}, "version": 94}
{"obj": {"type": "LogFloats", "path": ["SGD_net6", "validation_loss_pr_file"], "values": [{"value": 0.6257240218775613, "step": null, "ts": 1648310377.5458353}]}, "version": 95}
{"obj": {"type": "LogFloats", "path": ["SGD_net6", "val_acc_pr_file"], "values": [{"value": 0.837219774723053, "step": null, "ts": 1648310377.5463355}]}, "version": 96}
{"obj": {"type": "LogStrings", "path": ["SGD_net6", "matrix", "val_confusion_matrix_pr_file"], "values": [{"value": "tensor([[ 278142.,  156622.],\n        [ 671430., 3843806.]])", "step": null, "ts": 1648310377.5463355}]}, "version": 97}
{"obj": {"type": "LogFloats", "path": ["SGD_net6", "matrix", "val_tp_pr_file"], "values": [{"value": 0.6397539973258972, "step": null, "ts": 1648310377.5468357}]}, "version": 98}
{"obj": {"type": "LogFloats", "path": ["SGD_net6", "matrix", "val_fp_pr_file"], "values": [{"value": 0.36024603247642517, "step": null, "ts": 1648310377.5468357}]}, "version": 99}
{"obj": {"type": "LogFloats", "path": ["SGD_net6", "matrix", "val_fn_pr_file"], "values": [{"value": 0.1487031877040863, "step": null, "ts": 1648310377.5468357}]}, "version": 100}
{"obj": {"type": "LogFloats", "path": ["SGD_net6", "matrix", "val_tn_pr_file"], "values": [{"value": 0.8512967824935913, "step": null, "ts": 1648310377.5473354}]}, "version": 101}
