{"obj": {"type": "AssignString", "path": ["sys", "name"], "value": "Untitled"}, "version": 1}
{"obj": {"type": "AssignString", "path": ["sys", "description"], "value": ""}, "version": 2}
{"obj": {"type": "AssignString", "path": ["sys", "hostname"], "value": "DESKTOP-SH3J0RM"}, "version": 3}
{"obj": {"type": "AssignBool", "path": ["sys", "failed"], "value": false}, "version": 4}
{"obj": {"type": "ClearStringLog", "path": ["monitoring", "stdout"]}, "version": 5}
{"obj": {"type": "ClearStringLog", "path": ["monitoring", "stderr"]}, "version": 6}
{"obj": {"type": "AssignString", "path": ["source_code", "entrypoint"], "value": "1.Learning_rate_finder.py"}, "version": 7}
{"obj": {"type": "UploadFileSet", "path": ["source_code", "files"], "file_globs": ["C:\\Users\\Marc\\Documents\\GitHub\\Artefact-Rejection\\mulitclass_net\\1. Finding the learning-rate\\1.Learning_rate_finder.py"], "reset": "False"}, "version": 8}
{"obj": {"type": "ConfigFloatSeries", "path": ["monitoring", "cpu"], "min": 0.0, "max": 100.0, "unit": "%"}, "version": 9}
{"obj": {"type": "ClearFloatLog", "path": ["monitoring", "cpu"]}, "version": 10}
{"obj": {"type": "ConfigFloatSeries", "path": ["monitoring", "memory"], "min": 0.0, "max": 15.747394561767578, "unit": "GB"}, "version": 11}
{"obj": {"type": "ClearFloatLog", "path": ["monitoring", "memory"]}, "version": 12}
{"obj": {"type": "ConfigFloatSeries", "path": ["monitoring", "gpu"], "min": 0.0, "max": 100.0, "unit": "%"}, "version": 13}
{"obj": {"type": "ClearFloatLog", "path": ["monitoring", "gpu"]}, "version": 14}
{"obj": {"type": "ConfigFloatSeries", "path": ["monitoring", "gpu_memory"], "min": 0.0, "max": 8.0, "unit": "GB"}, "version": 15}
{"obj": {"type": "ClearFloatLog", "path": ["monitoring", "gpu_memory"]}, "version": 16}
{"obj": {"type": "LogFloats", "path": ["monitoring", "cpu"], "values": [{"value": 5.9, "step": null, "ts": 1654173798.5480766}]}, "version": 17}
{"obj": {"type": "LogFloats", "path": ["monitoring", "memory"], "values": [{"value": 6.945987701416016, "step": null, "ts": 1654173798.5480766}]}, "version": 18}
{"obj": {"type": "LogFloats", "path": ["monitoring", "gpu_memory"], "values": [{"value": 0.7634963989257812, "step": null, "ts": 1654173798.5480766}]}, "version": 19}
{"obj": {"type": "AssignString", "path": ["network_SGD", "parameters", "optimizer"], "value": "SGD"}, "version": 20}
{"obj": {"type": "AssignInt", "path": ["network_SGD", "parameters", "batch_size"], "value": 10}, "version": 21}
{"obj": {"type": "AssignFloat", "path": ["network_SGD", "parameters", "optimizer_learning_rate"], "value": 0.01}, "version": 22}
{"obj": {"type": "AssignString", "path": ["network_SGD", "parameters", "loss_function"], "value": "CrossEntropyLoss"}, "version": 23}
{"obj": {"type": "AssignString", "path": ["network_SGD", "parameters", "loss_function_weights"], "value": "[1, 5]"}, "version": 24}
{"obj": {"type": "AssignString", "path": ["network_SGD", "parameters", "loss_function_reduction"], "value": "mean"}, "version": 25}
{"obj": {"type": "AssignString", "path": ["network_SGD", "parameters", "model"], "value": "Unet_leaky_lstm"}, "version": 26}
{"obj": {"type": "AssignString", "path": ["network_SGD", "parameters", "scheduler"], "value": "CyclicLR"}, "version": 27}
{"obj": {"type": "AssignFloat", "path": ["network_SGD", "parameters", "scheduler_base_lr"], "value": 0.01}, "version": 28}
{"obj": {"type": "AssignInt", "path": ["network_SGD", "parameters", "scheduler_max_lr"], "value": 1}, "version": 29}
{"obj": {"type": "AssignBool", "path": ["network_SGD", "parameters", "scheduler_cycle_momentum"], "value": false}, "version": 30}
{"obj": {"type": "AssignFloat", "path": ["network_SGD", "parameters", "scheduler_step_size_up"], "value": 249.0}, "version": 31}
{"obj": {"type": "AssignFloat", "path": ["network_SGD", "parameters", "smooting_loss"], "value": 0.05}, "version": 32}
{"obj": {"type": "LogStrings", "path": ["monitoring", "stdout"], "values": [{"value": "Training epoch 0", "step": null, "ts": 1654173799.7776458}]}, "version": 33}
{"obj": {"type": "LogStrings", "path": ["monitoring", "stdout"], "values": [{"value": "\n", "step": null, "ts": 1654173799.7776458}]}, "version": 34}
{"obj": {"type": "LogFloats", "path": ["network_SGD", "learning_rate"], "values": [{"value": 0.01, "step": null, "ts": 1654173799.7947364}]}, "version": 35}
{"obj": {"type": "LogStrings", "path": ["monitoring", "stderr"], "values": [{"value": "Process Process-1:1:\n", "step": null, "ts": 1654173801.5016408}]}, "version": 36}
{"obj": {"type": "LogStrings", "path": ["monitoring", "stderr"], "values": [{"value": "Traceback (most recent call last):\n", "step": null, "ts": 1654173801.5065787}]}, "version": 37}
{"obj": {"type": "LogStrings", "path": ["monitoring", "stderr"], "values": [{"value": "", "step": null, "ts": 1654173801.5065787}]}, "version": 38}
{"obj": {"type": "LogStrings", "path": ["monitoring", "stderr"], "values": [{"value": "  File \"C:\\Users\\Marc\\anaconda3\\envs\\deep\\lib\\multiprocessing\\process.py\", line 315, in _bootstrap\n    self.run()\n", "step": null, "ts": 1654173801.5065787}]}, "version": 39}
{"obj": {"type": "LogStrings", "path": ["monitoring", "stderr"], "values": [{"value": "", "step": null, "ts": 1654173801.5065787}]}, "version": 40}
{"obj": {"type": "LogStrings", "path": ["monitoring", "stderr"], "values": [{"value": "  File \"C:\\Users\\Marc\\anaconda3\\envs\\deep\\lib\\multiprocessing\\process.py\", line 108, in run\n    self._target(*self._args, **self._kwargs)\n", "step": null, "ts": 1654173801.5065787}]}, "version": 41}
{"obj": {"type": "LogStrings", "path": ["monitoring", "stderr"], "values": [{"value": "", "step": null, "ts": 1654173801.5065787}]}, "version": 42}
{"obj": {"type": "LogStrings", "path": ["monitoring", "stderr"], "values": [{"value": "  File \"C:\\Users\\Marc\\Documents\\GitHub\\Artefact-Rejection\\mulitclass_net\\1. Finding the learning-rate\\1.Learning_rate_finder.py\", line 120, in net_SGD1\n    loss = lossFunc(y_pred, target)\n", "step": null, "ts": 1654173801.5065787}]}, "version": 43}
{"obj": {"type": "LogStrings", "path": ["monitoring", "stderr"], "values": [{"value": "", "step": null, "ts": 1654173801.5075784}]}, "version": 44}
{"obj": {"type": "LogStrings", "path": ["monitoring", "stderr"], "values": [{"value": "  File \"C:\\Users\\Marc\\anaconda3\\envs\\deep\\lib\\site-packages\\torch\\nn\\modules\\module.py\", line 1110, in _call_impl\n    return forward_call(*input, **kwargs)\n", "step": null, "ts": 1654173801.5075784}]}, "version": 45}
{"obj": {"type": "LogStrings", "path": ["monitoring", "stderr"], "values": [{"value": "", "step": null, "ts": 1654173801.5075784}]}, "version": 46}
{"obj": {"type": "LogStrings", "path": ["monitoring", "stderr"], "values": [{"value": "  File \"C:\\Users\\Marc\\anaconda3\\envs\\deep\\lib\\site-packages\\torch\\nn\\modules\\loss.py\", line 1163, in forward\n    return F.cross_entropy(input, target, weight=self.weight,\n", "step": null, "ts": 1654173801.5075784}]}, "version": 47}
{"obj": {"type": "LogStrings", "path": ["monitoring", "stderr"], "values": [{"value": "", "step": null, "ts": 1654173801.5075784}]}, "version": 48}
{"obj": {"type": "LogStrings", "path": ["monitoring", "stderr"], "values": [{"value": "  File \"C:\\Users\\Marc\\anaconda3\\envs\\deep\\lib\\site-packages\\torch\\nn\\functional.py\", line 2996, in cross_entropy\n    return torch._C._nn.cross_entropy_loss(input, target, weight, _Reduction.get_enum(reduction), ignore_index, label_smoothing)\n", "step": null, "ts": 1654173801.5075784}]}, "version": 49}
{"obj": {"type": "LogStrings", "path": ["monitoring", "stderr"], "values": [{"value": "", "step": null, "ts": 1654173801.5075784}]}, "version": 50}
{"obj": {"type": "LogStrings", "path": ["monitoring", "stderr"], "values": [{"value": "ValueError: Expected input batch_size (10) to match target batch_size (600000).\n", "step": null, "ts": 1654173801.5075784}]}, "version": 51}
{"obj": {"type": "LogStrings", "path": ["monitoring", "stderr"], "values": [{"value": "", "step": null, "ts": 1654173801.5075784}]}, "version": 52}
{"obj": {"type": "LogStrings", "path": ["monitoring", "stdout"], "values": [{"value": "", "step": null, "ts": 1654173801.8904076}]}, "version": 53}
{"obj": {"type": "LogStrings", "path": ["monitoring", "stdout"], "values": [{"value": "Shutting down background jobs, please wait a moment...\n", "step": null, "ts": 1654173801.8914604}]}, "version": 54}
