{"obj": {"type": "AssignString", "path": ["sys", "name"], "value": "Untitled"}, "version": 1}
{"obj": {"type": "AssignString", "path": ["sys", "description"], "value": ""}, "version": 2}
{"obj": {"type": "AssignString", "path": ["sys", "hostname"], "value": "DESKTOP-SH3J0RM"}, "version": 3}
{"obj": {"type": "AssignBool", "path": ["sys", "failed"], "value": false}, "version": 4}
{"obj": {"type": "ClearStringLog", "path": ["monitoring", "stdout"]}, "version": 5}
{"obj": {"type": "ClearStringLog", "path": ["monitoring", "stderr"]}, "version": 6}
{"obj": {"type": "AssignString", "path": ["source_code", "entrypoint"], "value": "1.Learning_rate_finder.py"}, "version": 7}
{"obj": {"type": "UploadFileSet", "path": ["source_code", "files"], "file_globs": ["C:\\Users\\Marc\\Documents\\GitHub\\Artefact-Rejection\\mulitclass_net\\1. Finding the learning-rate\\1.Learning_rate_finder.py"], "reset": "False"}, "version": 8}
{"obj": {"type": "ConfigFloatSeries", "path": ["monitoring", "cpu"], "min": 0.0, "max": 100.0, "unit": "%"}, "version": 9}
{"obj": {"type": "ClearFloatLog", "path": ["monitoring", "cpu"]}, "version": 10}
{"obj": {"type": "ConfigFloatSeries", "path": ["monitoring", "memory"], "min": 0.0, "max": 15.747394561767578, "unit": "GB"}, "version": 11}
{"obj": {"type": "ClearFloatLog", "path": ["monitoring", "memory"]}, "version": 12}
{"obj": {"type": "ConfigFloatSeries", "path": ["monitoring", "gpu"], "min": 0.0, "max": 100.0, "unit": "%"}, "version": 13}
{"obj": {"type": "ClearFloatLog", "path": ["monitoring", "gpu"]}, "version": 14}
{"obj": {"type": "ConfigFloatSeries", "path": ["monitoring", "gpu_memory"], "min": 0.0, "max": 8.0, "unit": "GB"}, "version": 15}
{"obj": {"type": "ClearFloatLog", "path": ["monitoring", "gpu_memory"]}, "version": 16}
{"obj": {"type": "LogFloats", "path": ["monitoring", "cpu"], "values": [{"value": 7.4, "step": null, "ts": 1654173221.0963535}]}, "version": 17}
{"obj": {"type": "LogFloats", "path": ["monitoring", "memory"], "values": [{"value": 6.8130950927734375, "step": null, "ts": 1654173221.0963535}]}, "version": 18}
{"obj": {"type": "LogFloats", "path": ["monitoring", "gpu_memory"], "values": [{"value": 0.7667732238769531, "step": null, "ts": 1654173221.0963535}]}, "version": 19}
{"obj": {"type": "AssignString", "path": ["network_SGD", "parameters", "optimizer"], "value": "SGD"}, "version": 20}
{"obj": {"type": "AssignInt", "path": ["network_SGD", "parameters", "batch_size"], "value": 10}, "version": 21}
{"obj": {"type": "AssignFloat", "path": ["network_SGD", "parameters", "optimizer_learning_rate"], "value": 0.01}, "version": 22}
{"obj": {"type": "AssignString", "path": ["network_SGD", "parameters", "loss_function"], "value": "CrossEntropyLoss"}, "version": 23}
{"obj": {"type": "AssignString", "path": ["network_SGD", "parameters", "loss_function_weights"], "value": "[1, 5]"}, "version": 24}
{"obj": {"type": "AssignString", "path": ["network_SGD", "parameters", "loss_function_reduction"], "value": "mean"}, "version": 25}
{"obj": {"type": "AssignString", "path": ["network_SGD", "parameters", "model"], "value": "Unet_leaky_lstm"}, "version": 26}
{"obj": {"type": "AssignString", "path": ["network_SGD", "parameters", "scheduler"], "value": "CyclicLR"}, "version": 27}
{"obj": {"type": "AssignFloat", "path": ["network_SGD", "parameters", "scheduler_base_lr"], "value": 0.01}, "version": 28}
{"obj": {"type": "AssignInt", "path": ["network_SGD", "parameters", "scheduler_max_lr"], "value": 1}, "version": 29}
{"obj": {"type": "AssignBool", "path": ["network_SGD", "parameters", "scheduler_cycle_momentum"], "value": false}, "version": 30}
{"obj": {"type": "AssignFloat", "path": ["network_SGD", "parameters", "scheduler_step_size_up"], "value": 249.0}, "version": 31}
{"obj": {"type": "AssignFloat", "path": ["network_SGD", "parameters", "smooting_loss"], "value": 0.05}, "version": 32}
{"obj": {"type": "LogStrings", "path": ["monitoring", "stdout"], "values": [{"value": "Training epoch 0", "step": null, "ts": 1654173222.3248682}]}, "version": 33}
{"obj": {"type": "LogStrings", "path": ["monitoring", "stdout"], "values": [{"value": "\n", "step": null, "ts": 1654173222.3248682}]}, "version": 34}
{"obj": {"type": "LogFloats", "path": ["network_SGD", "learning_rate"], "values": [{"value": 0.01, "step": null, "ts": 1654173222.3560047}]}, "version": 35}
{"obj": {"type": "LogFloats", "path": ["monitoring", "cpu"], "values": [{"value": 7.2, "step": null, "ts": 1654173231.1162589}]}, "version": 36}
{"obj": {"type": "LogFloats", "path": ["monitoring", "memory"], "values": [{"value": 8.96596908569336, "step": null, "ts": 1654173231.1162589}]}, "version": 37}
{"obj": {"type": "LogFloats", "path": ["monitoring", "gpu"], "values": [{"value": 8.0, "step": null, "ts": 1654173231.1162589}]}, "version": 38}
{"obj": {"type": "LogFloats", "path": ["monitoring", "gpu_memory"], "values": [{"value": 4.536449432373047, "step": null, "ts": 1654173231.1162589}]}, "version": 39}
{"obj": {"type": "LogFloats", "path": ["monitoring", "cpu"], "values": [{"value": 3.6, "step": null, "ts": 1654173241.1321588}]}, "version": 40}
{"obj": {"type": "LogFloats", "path": ["monitoring", "memory"], "values": [{"value": 8.875972747802734, "step": null, "ts": 1654173241.1321588}]}, "version": 41}
{"obj": {"type": "LogFloats", "path": ["monitoring", "gpu"], "values": [{"value": 8.0, "step": null, "ts": 1654173241.1321588}]}, "version": 42}
{"obj": {"type": "LogFloats", "path": ["monitoring", "gpu_memory"], "values": [{"value": 4.536449432373047, "step": null, "ts": 1654173241.1321588}]}, "version": 43}
{"obj": {"type": "LogFloats", "path": ["monitoring", "cpu"], "values": [{"value": 1.4, "step": null, "ts": 1654173251.150158}]}, "version": 44}
{"obj": {"type": "LogFloats", "path": ["monitoring", "memory"], "values": [{"value": 8.876327514648438, "step": null, "ts": 1654173251.150158}]}, "version": 45}
{"obj": {"type": "LogFloats", "path": ["monitoring", "gpu"], "values": [{"value": 9.0, "step": null, "ts": 1654173251.150158}]}, "version": 46}
{"obj": {"type": "LogFloats", "path": ["monitoring", "gpu_memory"], "values": [{"value": 4.536449432373047, "step": null, "ts": 1654173251.150158}]}, "version": 47}
{"obj": {"type": "LogFloats", "path": ["monitoring", "cpu"], "values": [{"value": 3.0, "step": null, "ts": 1654173261.175262}]}, "version": 48}
{"obj": {"type": "LogFloats", "path": ["monitoring", "memory"], "values": [{"value": 8.874210357666016, "step": null, "ts": 1654173261.175262}]}, "version": 49}
{"obj": {"type": "LogFloats", "path": ["monitoring", "gpu"], "values": [{"value": 3.0, "step": null, "ts": 1654173261.175262}]}, "version": 50}
{"obj": {"type": "LogFloats", "path": ["monitoring", "gpu_memory"], "values": [{"value": 4.536449432373047, "step": null, "ts": 1654173261.175262}]}, "version": 51}
{"obj": {"type": "LogFloats", "path": ["monitoring", "cpu"], "values": [{"value": 1.9, "step": null, "ts": 1654173271.1879518}]}, "version": 52}
{"obj": {"type": "LogFloats", "path": ["monitoring", "memory"], "values": [{"value": 8.875, "step": null, "ts": 1654173271.1879518}]}, "version": 53}
{"obj": {"type": "LogFloats", "path": ["monitoring", "gpu"], "values": [{"value": 3.0, "step": null, "ts": 1654173271.1879518}]}, "version": 54}
{"obj": {"type": "LogFloats", "path": ["monitoring", "gpu_memory"], "values": [{"value": 4.536449432373047, "step": null, "ts": 1654173271.1879518}]}, "version": 55}
{"obj": {"type": "LogFloats", "path": ["monitoring", "cpu"], "values": [{"value": 1.3, "step": null, "ts": 1654173281.2149749}]}, "version": 56}
{"obj": {"type": "LogFloats", "path": ["monitoring", "memory"], "values": [{"value": 8.868541717529297, "step": null, "ts": 1654173281.2149749}]}, "version": 57}
{"obj": {"type": "LogFloats", "path": ["monitoring", "gpu_memory"], "values": [{"value": 4.536449432373047, "step": null, "ts": 1654173281.2149749}]}, "version": 58}
{"obj": {"type": "LogFloats", "path": ["monitoring", "cpu"], "values": [{"value": 2.4, "step": null, "ts": 1654173291.2309394}]}, "version": 59}
{"obj": {"type": "LogFloats", "path": ["monitoring", "memory"], "values": [{"value": 8.86661148071289, "step": null, "ts": 1654173291.2309394}]}, "version": 60}
{"obj": {"type": "LogFloats", "path": ["monitoring", "gpu"], "values": [{"value": 4.0, "step": null, "ts": 1654173291.2309394}]}, "version": 61}
{"obj": {"type": "LogFloats", "path": ["monitoring", "gpu_memory"], "values": [{"value": 4.536449432373047, "step": null, "ts": 1654173291.2309394}]}, "version": 62}
{"obj": {"type": "LogFloats", "path": ["monitoring", "cpu"], "values": [{"value": 2.3, "step": null, "ts": 1654173301.2431796}]}, "version": 63}
{"obj": {"type": "LogFloats", "path": ["monitoring", "memory"], "values": [{"value": 8.864433288574219, "step": null, "ts": 1654173301.2431796}]}, "version": 64}
{"obj": {"type": "LogFloats", "path": ["monitoring", "gpu"], "values": [{"value": 9.0, "step": null, "ts": 1654173301.2431796}]}, "version": 65}
{"obj": {"type": "LogFloats", "path": ["monitoring", "gpu_memory"], "values": [{"value": 4.536449432373047, "step": null, "ts": 1654173301.2431796}]}, "version": 66}
{"obj": {"type": "LogFloats", "path": ["monitoring", "cpu"], "values": [{"value": 3.1, "step": null, "ts": 1654173311.2542489}]}, "version": 67}
{"obj": {"type": "LogFloats", "path": ["monitoring", "memory"], "values": [{"value": 8.865692138671875, "step": null, "ts": 1654173311.2542489}]}, "version": 68}
{"obj": {"type": "LogFloats", "path": ["monitoring", "gpu"], "values": [{"value": 13.0, "step": null, "ts": 1654173311.2542489}]}, "version": 69}
{"obj": {"type": "LogFloats", "path": ["monitoring", "gpu_memory"], "values": [{"value": 4.536449432373047, "step": null, "ts": 1654173311.2542489}]}, "version": 70}
{"obj": {"type": "LogFloats", "path": ["monitoring", "cpu"], "values": [{"value": 2.8, "step": null, "ts": 1654173321.2682235}]}, "version": 71}
{"obj": {"type": "LogFloats", "path": ["monitoring", "memory"], "values": [{"value": 8.864181518554688, "step": null, "ts": 1654173321.2682235}]}, "version": 72}
{"obj": {"type": "LogFloats", "path": ["monitoring", "gpu"], "values": [{"value": 6.0, "step": null, "ts": 1654173321.2682235}]}, "version": 73}
{"obj": {"type": "LogFloats", "path": ["monitoring", "gpu_memory"], "values": [{"value": 4.536449432373047, "step": null, "ts": 1654173321.2682235}]}, "version": 74}
{"obj": {"type": "LogFloats", "path": ["monitoring", "cpu"], "values": [{"value": 2.4, "step": null, "ts": 1654173331.2748008}]}, "version": 75}
{"obj": {"type": "LogFloats", "path": ["monitoring", "memory"], "values": [{"value": 8.86447525024414, "step": null, "ts": 1654173331.2748008}]}, "version": 76}
{"obj": {"type": "LogFloats", "path": ["monitoring", "gpu"], "values": [{"value": 3.0, "step": null, "ts": 1654173331.2748008}]}, "version": 77}
{"obj": {"type": "LogFloats", "path": ["monitoring", "gpu_memory"], "values": [{"value": 4.536449432373047, "step": null, "ts": 1654173331.2748008}]}, "version": 78}
{"obj": {"type": "LogFloats", "path": ["monitoring", "cpu"], "values": [{"value": 2.4, "step": null, "ts": 1654173341.2900786}]}, "version": 79}
{"obj": {"type": "LogFloats", "path": ["monitoring", "memory"], "values": [{"value": 8.712089538574219, "step": null, "ts": 1654173341.2900786}]}, "version": 80}
{"obj": {"type": "LogFloats", "path": ["monitoring", "gpu"], "values": [{"value": 6.0, "step": null, "ts": 1654173341.2900786}]}, "version": 81}
{"obj": {"type": "LogFloats", "path": ["monitoring", "gpu_memory"], "values": [{"value": 4.536449432373047, "step": null, "ts": 1654173341.2900786}]}, "version": 82}
{"obj": {"type": "LogFloats", "path": ["monitoring", "cpu"], "values": [{"value": 1.4, "step": null, "ts": 1654173351.3088076}]}, "version": 83}
{"obj": {"type": "LogFloats", "path": ["monitoring", "memory"], "values": [{"value": 8.710693359375, "step": null, "ts": 1654173351.3088076}]}, "version": 84}
{"obj": {"type": "LogFloats", "path": ["monitoring", "gpu_memory"], "values": [{"value": 4.536449432373047, "step": null, "ts": 1654173351.3088076}]}, "version": 85}
{"obj": {"type": "LogFloats", "path": ["monitoring", "cpu"], "values": [{"value": 3.2, "step": null, "ts": 1654173361.3179407}]}, "version": 86}
{"obj": {"type": "LogFloats", "path": ["monitoring", "memory"], "values": [{"value": 8.699569702148438, "step": null, "ts": 1654173361.3179407}]}, "version": 87}
{"obj": {"type": "LogFloats", "path": ["monitoring", "gpu"], "values": [{"value": 9.0, "step": null, "ts": 1654173361.3179407}]}, "version": 88}
{"obj": {"type": "LogFloats", "path": ["monitoring", "gpu_memory"], "values": [{"value": 4.536449432373047, "step": null, "ts": 1654173361.3179407}]}, "version": 89}
{"obj": {"type": "LogFloats", "path": ["monitoring", "cpu"], "values": [{"value": 6.2, "step": null, "ts": 1654173371.3369997}]}, "version": 90}
{"obj": {"type": "LogFloats", "path": ["monitoring", "memory"], "values": [{"value": 8.858760833740234, "step": null, "ts": 1654173371.3369997}]}, "version": 91}
{"obj": {"type": "LogFloats", "path": ["monitoring", "gpu"], "values": [{"value": 8.0, "step": null, "ts": 1654173371.3369997}]}, "version": 92}
{"obj": {"type": "LogFloats", "path": ["monitoring", "gpu_memory"], "values": [{"value": 4.536449432373047, "step": null, "ts": 1654173371.3369997}]}, "version": 93}
{"obj": {"type": "LogFloats", "path": ["monitoring", "cpu"], "values": [{"value": 2.6, "step": null, "ts": 1654173381.3513432}]}, "version": 94}
{"obj": {"type": "LogFloats", "path": ["monitoring", "memory"], "values": [{"value": 8.854549407958984, "step": null, "ts": 1654173381.3513432}]}, "version": 95}
{"obj": {"type": "LogFloats", "path": ["monitoring", "gpu"], "values": [{"value": 1.0, "step": null, "ts": 1654173381.3513432}]}, "version": 96}
{"obj": {"type": "LogFloats", "path": ["monitoring", "gpu_memory"], "values": [{"value": 4.536449432373047, "step": null, "ts": 1654173381.3513432}]}, "version": 97}
{"obj": {"type": "LogFloats", "path": ["monitoring", "cpu"], "values": [{"value": 2.6, "step": null, "ts": 1654173391.3738315}]}, "version": 98}
{"obj": {"type": "LogFloats", "path": ["monitoring", "memory"], "values": [{"value": 8.711261749267578, "step": null, "ts": 1654173391.3738315}]}, "version": 99}
{"obj": {"type": "LogFloats", "path": ["monitoring", "gpu"], "values": [{"value": 2.0, "step": null, "ts": 1654173391.3738315}]}, "version": 100}
{"obj": {"type": "LogFloats", "path": ["monitoring", "gpu_memory"], "values": [{"value": 4.536449432373047, "step": null, "ts": 1654173391.3738315}]}, "version": 101}
{"obj": {"type": "LogFloats", "path": ["monitoring", "cpu"], "values": [{"value": 2.6, "step": null, "ts": 1654173401.3843029}]}, "version": 102}
{"obj": {"type": "LogFloats", "path": ["monitoring", "memory"], "values": [{"value": 8.712650299072266, "step": null, "ts": 1654173401.3843029}]}, "version": 103}
{"obj": {"type": "LogFloats", "path": ["monitoring", "gpu"], "values": [{"value": 2.0, "step": null, "ts": 1654173401.3843029}]}, "version": 104}
{"obj": {"type": "LogFloats", "path": ["monitoring", "gpu_memory"], "values": [{"value": 4.536449432373047, "step": null, "ts": 1654173401.3843029}]}, "version": 105}
{"obj": {"type": "LogFloats", "path": ["monitoring", "cpu"], "values": [{"value": 2.1, "step": null, "ts": 1654173411.4104083}]}, "version": 106}
{"obj": {"type": "LogFloats", "path": ["monitoring", "memory"], "values": [{"value": 8.71234130859375, "step": null, "ts": 1654173411.4104083}]}, "version": 107}
{"obj": {"type": "LogFloats", "path": ["monitoring", "gpu"], "values": [{"value": 4.0, "step": null, "ts": 1654173411.4104083}]}, "version": 108}
{"obj": {"type": "LogFloats", "path": ["monitoring", "gpu_memory"], "values": [{"value": 4.536449432373047, "step": null, "ts": 1654173411.4104083}]}, "version": 109}
{"obj": {"type": "LogFloats", "path": ["monitoring", "cpu"], "values": [{"value": 2.2, "step": null, "ts": 1654173421.430207}]}, "version": 110}
{"obj": {"type": "LogFloats", "path": ["monitoring", "memory"], "values": [{"value": 8.713645935058594, "step": null, "ts": 1654173421.430207}]}, "version": 111}
{"obj": {"type": "LogFloats", "path": ["monitoring", "gpu"], "values": [{"value": 8.0, "step": null, "ts": 1654173421.430207}]}, "version": 112}
{"obj": {"type": "LogFloats", "path": ["monitoring", "gpu_memory"], "values": [{"value": 4.536449432373047, "step": null, "ts": 1654173421.430207}]}, "version": 113}
{"obj": {"type": "LogFloats", "path": ["monitoring", "cpu"], "values": [{"value": 2.7, "step": null, "ts": 1654173431.4482496}]}, "version": 114}
{"obj": {"type": "LogFloats", "path": ["monitoring", "memory"], "values": [{"value": 8.714927673339844, "step": null, "ts": 1654173431.4482496}]}, "version": 115}
{"obj": {"type": "LogFloats", "path": ["monitoring", "gpu"], "values": [{"value": 5.0, "step": null, "ts": 1654173431.4482496}]}, "version": 116}
{"obj": {"type": "LogFloats", "path": ["monitoring", "gpu_memory"], "values": [{"value": 4.536449432373047, "step": null, "ts": 1654173431.4482496}]}, "version": 117}
{"obj": {"type": "LogFloats", "path": ["monitoring", "cpu"], "values": [{"value": 1.5, "step": null, "ts": 1654173441.4649885}]}, "version": 118}
{"obj": {"type": "LogFloats", "path": ["monitoring", "memory"], "values": [{"value": 8.711894989013672, "step": null, "ts": 1654173441.4649885}]}, "version": 119}
{"obj": {"type": "LogFloats", "path": ["monitoring", "gpu"], "values": [{"value": 2.0, "step": null, "ts": 1654173441.4649885}]}, "version": 120}
{"obj": {"type": "LogFloats", "path": ["monitoring", "gpu_memory"], "values": [{"value": 4.536449432373047, "step": null, "ts": 1654173441.4649885}]}, "version": 121}
{"obj": {"type": "LogFloats", "path": ["monitoring", "cpu"], "values": [{"value": 4.1, "step": null, "ts": 1654173451.486704}]}, "version": 122}
{"obj": {"type": "LogFloats", "path": ["monitoring", "memory"], "values": [{"value": 8.713214874267578, "step": null, "ts": 1654173451.486704}]}, "version": 123}
{"obj": {"type": "LogFloats", "path": ["monitoring", "gpu"], "values": [{"value": 7.0, "step": null, "ts": 1654173451.486704}]}, "version": 124}
{"obj": {"type": "LogFloats", "path": ["monitoring", "gpu_memory"], "values": [{"value": 4.536449432373047, "step": null, "ts": 1654173451.486704}]}, "version": 125}
{"obj": {"type": "LogFloats", "path": ["monitoring", "cpu"], "values": [{"value": 2.0, "step": null, "ts": 1654173461.5023904}]}, "version": 126}
{"obj": {"type": "LogFloats", "path": ["monitoring", "memory"], "values": [{"value": 8.721115112304688, "step": null, "ts": 1654173461.5023904}]}, "version": 127}
{"obj": {"type": "LogFloats", "path": ["monitoring", "gpu"], "values": [{"value": 6.0, "step": null, "ts": 1654173461.5023904}]}, "version": 128}
{"obj": {"type": "LogFloats", "path": ["monitoring", "gpu_memory"], "values": [{"value": 4.536449432373047, "step": null, "ts": 1654173461.5023904}]}, "version": 129}
{"obj": {"type": "LogFloats", "path": ["monitoring", "cpu"], "values": [{"value": 10.8, "step": null, "ts": 1654173471.5158117}]}, "version": 130}
{"obj": {"type": "LogFloats", "path": ["monitoring", "memory"], "values": [{"value": 8.740531921386719, "step": null, "ts": 1654173471.5158117}]}, "version": 131}
{"obj": {"type": "LogFloats", "path": ["monitoring", "gpu"], "values": [{"value": 13.0, "step": null, "ts": 1654173471.5158117}]}, "version": 132}
{"obj": {"type": "LogFloats", "path": ["monitoring", "gpu_memory"], "values": [{"value": 4.530284881591797, "step": null, "ts": 1654173471.5158117}]}, "version": 133}
{"obj": {"type": "LogFloats", "path": ["monitoring", "cpu"], "values": [{"value": 2.5, "step": null, "ts": 1654173481.5265386}]}, "version": 134}
{"obj": {"type": "LogFloats", "path": ["monitoring", "memory"], "values": [{"value": 8.737812042236328, "step": null, "ts": 1654173481.5265386}]}, "version": 135}
{"obj": {"type": "LogFloats", "path": ["monitoring", "gpu"], "values": [{"value": 6.0, "step": null, "ts": 1654173481.5265386}]}, "version": 136}
{"obj": {"type": "LogFloats", "path": ["monitoring", "gpu_memory"], "values": [{"value": 4.530284881591797, "step": null, "ts": 1654173481.5265386}]}, "version": 137}
{"obj": {"type": "LogFloats", "path": ["monitoring", "cpu"], "values": [{"value": 6.2, "step": null, "ts": 1654173491.5489702}]}, "version": 138}
{"obj": {"type": "LogFloats", "path": ["monitoring", "memory"], "values": [{"value": 8.731136322021484, "step": null, "ts": 1654173491.5489702}]}, "version": 139}
{"obj": {"type": "LogFloats", "path": ["monitoring", "gpu"], "values": [{"value": 6.0, "step": null, "ts": 1654173491.5489702}]}, "version": 140}
{"obj": {"type": "LogFloats", "path": ["monitoring", "gpu_memory"], "values": [{"value": 4.530284881591797, "step": null, "ts": 1654173491.5489702}]}, "version": 141}
{"obj": {"type": "LogFloats", "path": ["monitoring", "cpu"], "values": [{"value": 7.6, "step": null, "ts": 1654173501.5589707}]}, "version": 142}
{"obj": {"type": "LogFloats", "path": ["monitoring", "memory"], "values": [{"value": 8.724292755126953, "step": null, "ts": 1654173501.5589707}]}, "version": 143}
{"obj": {"type": "LogFloats", "path": ["monitoring", "gpu"], "values": [{"value": 14.0, "step": null, "ts": 1654173501.5589707}]}, "version": 144}
{"obj": {"type": "LogFloats", "path": ["monitoring", "gpu_memory"], "values": [{"value": 4.530284881591797, "step": null, "ts": 1654173501.5589707}]}, "version": 145}
{"obj": {"type": "LogFloats", "path": ["monitoring", "cpu"], "values": [{"value": 2.1, "step": null, "ts": 1654173511.5668464}]}, "version": 146}
{"obj": {"type": "LogFloats", "path": ["monitoring", "memory"], "values": [{"value": 8.73593521118164, "step": null, "ts": 1654173511.5668464}]}, "version": 147}
{"obj": {"type": "LogFloats", "path": ["monitoring", "gpu"], "values": [{"value": 1.0, "step": null, "ts": 1654173511.5668464}]}, "version": 148}
{"obj": {"type": "LogFloats", "path": ["monitoring", "gpu_memory"], "values": [{"value": 4.530284881591797, "step": null, "ts": 1654173511.5668464}]}, "version": 149}
{"obj": {"type": "LogFloats", "path": ["monitoring", "cpu"], "values": [{"value": 3.1, "step": null, "ts": 1654173521.5719206}]}, "version": 150}
{"obj": {"type": "LogFloats", "path": ["monitoring", "memory"], "values": [{"value": 8.725021362304688, "step": null, "ts": 1654173521.5719206}]}, "version": 151}
{"obj": {"type": "LogFloats", "path": ["monitoring", "gpu"], "values": [{"value": 6.0, "step": null, "ts": 1654173521.5719206}]}, "version": 152}
{"obj": {"type": "LogFloats", "path": ["monitoring", "gpu_memory"], "values": [{"value": 4.530284881591797, "step": null, "ts": 1654173521.5719206}]}, "version": 153}
{"obj": {"type": "LogFloats", "path": ["monitoring", "cpu"], "values": [{"value": 2.8, "step": null, "ts": 1654173531.5925522}]}, "version": 154}
{"obj": {"type": "LogFloats", "path": ["monitoring", "memory"], "values": [{"value": 8.725711822509766, "step": null, "ts": 1654173531.5925522}]}, "version": 155}
{"obj": {"type": "LogFloats", "path": ["monitoring", "gpu"], "values": [{"value": 9.0, "step": null, "ts": 1654173531.5925522}]}, "version": 156}
{"obj": {"type": "LogFloats", "path": ["monitoring", "gpu_memory"], "values": [{"value": 4.530284881591797, "step": null, "ts": 1654173531.5925522}]}, "version": 157}
{"obj": {"type": "LogFloats", "path": ["monitoring", "cpu"], "values": [{"value": 2.5, "step": null, "ts": 1654173541.613439}]}, "version": 158}
{"obj": {"type": "LogFloats", "path": ["monitoring", "memory"], "values": [{"value": 8.731609344482422, "step": null, "ts": 1654173541.613439}]}, "version": 159}
{"obj": {"type": "LogFloats", "path": ["monitoring", "gpu_memory"], "values": [{"value": 4.530284881591797, "step": null, "ts": 1654173541.613439}]}, "version": 160}
{"obj": {"type": "LogFloats", "path": ["monitoring", "cpu"], "values": [{"value": 1.7, "step": null, "ts": 1654173551.6223772}]}, "version": 161}
{"obj": {"type": "LogFloats", "path": ["monitoring", "memory"], "values": [{"value": 8.733413696289062, "step": null, "ts": 1654173551.6223772}]}, "version": 162}
{"obj": {"type": "LogFloats", "path": ["monitoring", "gpu_memory"], "values": [{"value": 4.530284881591797, "step": null, "ts": 1654173551.6223772}]}, "version": 163}
{"obj": {"type": "LogFloats", "path": ["monitoring", "cpu"], "values": [{"value": 1.3, "step": null, "ts": 1654173561.6359677}]}, "version": 164}
{"obj": {"type": "LogFloats", "path": ["monitoring", "memory"], "values": [{"value": 8.733451843261719, "step": null, "ts": 1654173561.6359677}]}, "version": 165}
{"obj": {"type": "LogFloats", "path": ["monitoring", "gpu_memory"], "values": [{"value": 4.530284881591797, "step": null, "ts": 1654173561.6359677}]}, "version": 166}
{"obj": {"type": "LogFloats", "path": ["monitoring", "cpu"], "values": [{"value": 1.1, "step": null, "ts": 1654173571.6604197}]}, "version": 167}
{"obj": {"type": "LogFloats", "path": ["monitoring", "memory"], "values": [{"value": 8.729660034179688, "step": null, "ts": 1654173571.6604197}]}, "version": 168}
{"obj": {"type": "LogFloats", "path": ["monitoring", "gpu_memory"], "values": [{"value": 4.530284881591797, "step": null, "ts": 1654173571.6604197}]}, "version": 169}
{"obj": {"type": "LogFloats", "path": ["monitoring", "cpu"], "values": [{"value": 1.4, "step": null, "ts": 1654173581.6747148}]}, "version": 170}
{"obj": {"type": "LogFloats", "path": ["monitoring", "memory"], "values": [{"value": 8.733707427978516, "step": null, "ts": 1654173581.6747148}]}, "version": 171}
{"obj": {"type": "LogFloats", "path": ["monitoring", "gpu_memory"], "values": [{"value": 4.530284881591797, "step": null, "ts": 1654173581.6747148}]}, "version": 172}
{"obj": {"type": "LogFloats", "path": ["monitoring", "cpu"], "values": [{"value": 1.2, "step": null, "ts": 1654173591.6963649}]}, "version": 173}
{"obj": {"type": "LogFloats", "path": ["monitoring", "memory"], "values": [{"value": 8.733467102050781, "step": null, "ts": 1654173591.6963649}]}, "version": 174}
{"obj": {"type": "LogFloats", "path": ["monitoring", "gpu_memory"], "values": [{"value": 4.530284881591797, "step": null, "ts": 1654173591.6963649}]}, "version": 175}
{"obj": {"type": "LogFloats", "path": ["monitoring", "cpu"], "values": [{"value": 5.7, "step": null, "ts": 1654173601.7095892}]}, "version": 176}
{"obj": {"type": "LogFloats", "path": ["monitoring", "memory"], "values": [{"value": 8.973747253417969, "step": null, "ts": 1654173601.7095892}]}, "version": 177}
{"obj": {"type": "LogFloats", "path": ["monitoring", "gpu"], "values": [{"value": 2.0, "step": null, "ts": 1654173601.7095892}]}, "version": 178}
{"obj": {"type": "LogFloats", "path": ["monitoring", "gpu_memory"], "values": [{"value": 4.550540924072266, "step": null, "ts": 1654173601.7095892}]}, "version": 179}
{"obj": {"type": "LogFloats", "path": ["monitoring", "cpu"], "values": [{"value": 1.5, "step": null, "ts": 1654173611.721073}]}, "version": 180}
{"obj": {"type": "LogFloats", "path": ["monitoring", "memory"], "values": [{"value": 8.967700958251953, "step": null, "ts": 1654173611.721073}]}, "version": 181}
{"obj": {"type": "LogFloats", "path": ["monitoring", "gpu_memory"], "values": [{"value": 4.538051605224609, "step": null, "ts": 1654173611.721073}]}, "version": 182}
{"obj": {"type": "LogFloats", "path": ["monitoring", "cpu"], "values": [{"value": 1.5, "step": null, "ts": 1654173621.7381196}]}, "version": 183}
{"obj": {"type": "LogFloats", "path": ["monitoring", "memory"], "values": [{"value": 8.967941284179688, "step": null, "ts": 1654173621.7381196}]}, "version": 184}
{"obj": {"type": "LogFloats", "path": ["monitoring", "gpu"], "values": [{"value": 1.0, "step": null, "ts": 1654173621.7381196}]}, "version": 185}
{"obj": {"type": "LogFloats", "path": ["monitoring", "gpu_memory"], "values": [{"value": 4.538051605224609, "step": null, "ts": 1654173621.7381196}]}, "version": 186}
{"obj": {"type": "LogFloats", "path": ["monitoring", "cpu"], "values": [{"value": 9.8, "step": null, "ts": 1654173631.7542236}]}, "version": 187}
{"obj": {"type": "LogFloats", "path": ["monitoring", "memory"], "values": [{"value": 8.967395782470703, "step": null, "ts": 1654173631.7542236}]}, "version": 188}
{"obj": {"type": "LogFloats", "path": ["monitoring", "gpu"], "values": [{"value": 3.0, "step": null, "ts": 1654173631.7542236}]}, "version": 189}
{"obj": {"type": "LogFloats", "path": ["monitoring", "gpu_memory"], "values": [{"value": 4.537563323974609, "step": null, "ts": 1654173631.7542236}]}, "version": 190}
{"obj": {"type": "LogFloats", "path": ["monitoring", "cpu"], "values": [{"value": 6.5, "step": null, "ts": 1654173641.771526}]}, "version": 191}
{"obj": {"type": "LogFloats", "path": ["monitoring", "memory"], "values": [{"value": 9.010368347167969, "step": null, "ts": 1654173641.771526}]}, "version": 192}
{"obj": {"type": "LogFloats", "path": ["monitoring", "gpu_memory"], "values": [{"value": 4.537506103515625, "step": null, "ts": 1654173641.771526}]}, "version": 193}
{"obj": {"type": "LogFloats", "path": ["monitoring", "cpu"], "values": [{"value": 6.6, "step": null, "ts": 1654173651.7918603}]}, "version": 194}
{"obj": {"type": "LogFloats", "path": ["monitoring", "memory"], "values": [{"value": 9.003215789794922, "step": null, "ts": 1654173651.7918603}]}, "version": 195}
{"obj": {"type": "LogFloats", "path": ["monitoring", "gpu"], "values": [{"value": 5.0, "step": null, "ts": 1654173651.7918603}]}, "version": 196}
{"obj": {"type": "LogFloats", "path": ["monitoring", "gpu_memory"], "values": [{"value": 4.538116455078125, "step": null, "ts": 1654173651.7918603}]}, "version": 197}
{"obj": {"type": "LogFloats", "path": ["monitoring", "cpu"], "values": [{"value": 2.0, "step": null, "ts": 1654173661.7982473}]}, "version": 198}
{"obj": {"type": "LogFloats", "path": ["monitoring", "memory"], "values": [{"value": 9.001075744628906, "step": null, "ts": 1654173661.7982473}]}, "version": 199}
{"obj": {"type": "LogFloats", "path": ["monitoring", "gpu"], "values": [{"value": 6.0, "step": null, "ts": 1654173661.7982473}]}, "version": 200}
{"obj": {"type": "LogFloats", "path": ["monitoring", "gpu_memory"], "values": [{"value": 4.537689208984375, "step": null, "ts": 1654173661.7982473}]}, "version": 201}
{"obj": {"type": "LogFloats", "path": ["monitoring", "cpu"], "values": [{"value": 14.2, "step": null, "ts": 1654173671.8159366}]}, "version": 202}
{"obj": {"type": "LogFloats", "path": ["monitoring", "memory"], "values": [{"value": 9.00619888305664, "step": null, "ts": 1654173671.8159366}]}, "version": 203}
{"obj": {"type": "LogFloats", "path": ["monitoring", "gpu"], "values": [{"value": 13.0, "step": null, "ts": 1654173671.8159366}]}, "version": 204}
{"obj": {"type": "LogFloats", "path": ["monitoring", "gpu_memory"], "values": [{"value": 4.537689208984375, "step": null, "ts": 1654173671.8159366}]}, "version": 205}
{"obj": {"type": "LogFloats", "path": ["monitoring", "cpu"], "values": [{"value": 2.0, "step": null, "ts": 1654173681.828317}]}, "version": 206}
{"obj": {"type": "LogFloats", "path": ["monitoring", "memory"], "values": [{"value": 9.008079528808594, "step": null, "ts": 1654173681.828317}]}, "version": 207}
{"obj": {"type": "LogFloats", "path": ["monitoring", "gpu"], "values": [{"value": 2.0, "step": null, "ts": 1654173681.828317}]}, "version": 208}
{"obj": {"type": "LogFloats", "path": ["monitoring", "gpu_memory"], "values": [{"value": 4.537689208984375, "step": null, "ts": 1654173681.828317}]}, "version": 209}
{"obj": {"type": "LogFloats", "path": ["monitoring", "cpu"], "values": [{"value": 6.0, "step": null, "ts": 1654173691.846235}]}, "version": 210}
{"obj": {"type": "LogFloats", "path": ["monitoring", "memory"], "values": [{"value": 8.993885040283203, "step": null, "ts": 1654173691.846235}]}, "version": 211}
{"obj": {"type": "LogFloats", "path": ["monitoring", "gpu"], "values": [{"value": 16.0, "step": null, "ts": 1654173691.846235}]}, "version": 212}
{"obj": {"type": "LogFloats", "path": ["monitoring", "gpu_memory"], "values": [{"value": 4.537689208984375, "step": null, "ts": 1654173691.846235}]}, "version": 213}
{"obj": {"type": "LogFloats", "path": ["monitoring", "cpu"], "values": [{"value": 6.9, "step": null, "ts": 1654173701.8563766}]}, "version": 214}
{"obj": {"type": "LogFloats", "path": ["monitoring", "memory"], "values": [{"value": 8.991813659667969, "step": null, "ts": 1654173701.8563766}]}, "version": 215}
{"obj": {"type": "LogFloats", "path": ["monitoring", "gpu"], "values": [{"value": 10.0, "step": null, "ts": 1654173701.8563766}]}, "version": 216}
{"obj": {"type": "LogFloats", "path": ["monitoring", "gpu_memory"], "values": [{"value": 4.537689208984375, "step": null, "ts": 1654173701.8563766}]}, "version": 217}
{"obj": {"type": "LogFloats", "path": ["monitoring", "cpu"], "values": [{"value": 3.1, "step": null, "ts": 1654173711.8753657}]}, "version": 218}
{"obj": {"type": "LogFloats", "path": ["monitoring", "memory"], "values": [{"value": 8.99001693725586, "step": null, "ts": 1654173711.8753657}]}, "version": 219}
{"obj": {"type": "LogFloats", "path": ["monitoring", "gpu"], "values": [{"value": 5.0, "step": null, "ts": 1654173711.8753657}]}, "version": 220}
{"obj": {"type": "LogFloats", "path": ["monitoring", "gpu_memory"], "values": [{"value": 4.538665771484375, "step": null, "ts": 1654173711.8753657}]}, "version": 221}
{"obj": {"type": "LogFloats", "path": ["monitoring", "cpu"], "values": [{"value": 4.2, "step": null, "ts": 1654173721.8900197}]}, "version": 222}
{"obj": {"type": "LogFloats", "path": ["monitoring", "memory"], "values": [{"value": 8.840782165527344, "step": null, "ts": 1654173721.8900197}]}, "version": 223}
{"obj": {"type": "LogFloats", "path": ["monitoring", "gpu"], "values": [{"value": 16.0, "step": null, "ts": 1654173721.8900197}]}, "version": 224}
{"obj": {"type": "LogFloats", "path": ["monitoring", "gpu_memory"], "values": [{"value": 4.544525146484375, "step": null, "ts": 1654173721.8900197}]}, "version": 225}
{"obj": {"type": "LogFloats", "path": ["monitoring", "cpu"], "values": [{"value": 7.2, "step": null, "ts": 1654173731.9044497}]}, "version": 226}
{"obj": {"type": "LogFloats", "path": ["monitoring", "memory"], "values": [{"value": 8.844711303710938, "step": null, "ts": 1654173731.9044497}]}, "version": 227}
{"obj": {"type": "LogFloats", "path": ["monitoring", "gpu"], "values": [{"value": 7.0, "step": null, "ts": 1654173731.9044497}]}, "version": 228}
{"obj": {"type": "LogFloats", "path": ["monitoring", "gpu_memory"], "values": [{"value": 4.544525146484375, "step": null, "ts": 1654173731.9044497}]}, "version": 229}
{"obj": {"type": "LogFloats", "path": ["monitoring", "cpu"], "values": [{"value": 5.1, "step": null, "ts": 1654173741.907701}]}, "version": 230}
{"obj": {"type": "LogFloats", "path": ["monitoring", "memory"], "values": [{"value": 8.841949462890625, "step": null, "ts": 1654173741.907701}]}, "version": 231}
{"obj": {"type": "LogFloats", "path": ["monitoring", "gpu"], "values": [{"value": 14.0, "step": null, "ts": 1654173741.907701}]}, "version": 232}
{"obj": {"type": "LogFloats", "path": ["monitoring", "gpu_memory"], "values": [{"value": 4.544525146484375, "step": null, "ts": 1654173741.907701}]}, "version": 233}
{"obj": {"type": "LogFloats", "path": ["monitoring", "cpu"], "values": [{"value": 4.3, "step": null, "ts": 1654173751.9191725}]}, "version": 234}
{"obj": {"type": "LogFloats", "path": ["monitoring", "memory"], "values": [{"value": 8.84530258178711, "step": null, "ts": 1654173751.9191725}]}, "version": 235}
{"obj": {"type": "LogFloats", "path": ["monitoring", "gpu"], "values": [{"value": 11.0, "step": null, "ts": 1654173751.9191725}]}, "version": 236}
{"obj": {"type": "LogFloats", "path": ["monitoring", "gpu_memory"], "values": [{"value": 4.536163330078125, "step": null, "ts": 1654173751.9191725}]}, "version": 237}
{"obj": {"type": "LogFloats", "path": ["monitoring", "cpu"], "values": [{"value": 6.5, "step": null, "ts": 1654173761.931182}]}, "version": 238}
{"obj": {"type": "LogFloats", "path": ["monitoring", "memory"], "values": [{"value": 8.846275329589844, "step": null, "ts": 1654173761.931182}]}, "version": 239}
{"obj": {"type": "LogFloats", "path": ["monitoring", "gpu"], "values": [{"value": 13.0, "step": null, "ts": 1654173761.931182}]}, "version": 240}
{"obj": {"type": "LogFloats", "path": ["monitoring", "gpu_memory"], "values": [{"value": 4.536163330078125, "step": null, "ts": 1654173761.931182}]}, "version": 241}
{"obj": {"type": "LogFloats", "path": ["monitoring", "cpu"], "values": [{"value": 4.6, "step": null, "ts": 1654173771.9452257}]}, "version": 242}
{"obj": {"type": "LogFloats", "path": ["monitoring", "memory"], "values": [{"value": 8.840686798095703, "step": null, "ts": 1654173771.9452257}]}, "version": 243}
{"obj": {"type": "LogFloats", "path": ["monitoring", "gpu"], "values": [{"value": 13.0, "step": null, "ts": 1654173771.9452257}]}, "version": 244}
{"obj": {"type": "LogFloats", "path": ["monitoring", "gpu_memory"], "values": [{"value": 4.536163330078125, "step": null, "ts": 1654173771.9452257}]}, "version": 245}
{"obj": {"type": "LogFloats", "path": ["monitoring", "cpu"], "values": [{"value": 9.1, "step": null, "ts": 1654173781.9630594}]}, "version": 246}
{"obj": {"type": "LogFloats", "path": ["monitoring", "memory"], "values": [{"value": 8.836402893066406, "step": null, "ts": 1654173781.9630594}]}, "version": 247}
{"obj": {"type": "LogFloats", "path": ["monitoring", "gpu"], "values": [{"value": 14.0, "step": null, "ts": 1654173781.9630594}]}, "version": 248}
{"obj": {"type": "LogFloats", "path": ["monitoring", "gpu_memory"], "values": [{"value": 4.536163330078125, "step": null, "ts": 1654173781.9630594}]}, "version": 249}
{"obj": {"type": "LogStrings", "path": ["monitoring", "stderr"], "values": [{"value": "Process Process-1:1:\n", "step": null, "ts": 1654173785.4187539}]}, "version": 250}
{"obj": {"type": "LogStrings", "path": ["monitoring", "stderr"], "values": [{"value": "Traceback (most recent call last):\n", "step": null, "ts": 1654173787.3423386}]}, "version": 251}
{"obj": {"type": "LogStrings", "path": ["monitoring", "stderr"], "values": [{"value": "", "step": null, "ts": 1654173787.3423386}]}, "version": 252}
{"obj": {"type": "LogStrings", "path": ["monitoring", "stderr"], "values": [{"value": "  File \"C:\\Users\\Marc\\anaconda3\\envs\\deep\\lib\\multiprocessing\\process.py\", line 315, in _bootstrap\n    self.run()\n", "step": null, "ts": 1654173787.3423386}]}, "version": 253}
{"obj": {"type": "LogStrings", "path": ["monitoring", "stderr"], "values": [{"value": "", "step": null, "ts": 1654173787.3423386}]}, "version": 254}
{"obj": {"type": "LogStrings", "path": ["monitoring", "stderr"], "values": [{"value": "  File \"C:\\Users\\Marc\\anaconda3\\envs\\deep\\lib\\multiprocessing\\process.py\", line 108, in run\n    self._target(*self._args, **self._kwargs)\n", "step": null, "ts": 1654173787.3423386}]}, "version": 255}
{"obj": {"type": "LogStrings", "path": ["monitoring", "stderr"], "values": [{"value": "", "step": null, "ts": 1654173787.3423386}]}, "version": 256}
{"obj": {"type": "LogStrings", "path": ["monitoring", "stderr"], "values": [{"value": "  File \"C:\\Users\\Marc\\Documents\\GitHub\\Artefact-Rejection\\mulitclass_net\\1. Finding the learning-rate\\1.Learning_rate_finder.py\", line 122, in net_SGD1\n    if first_loss_save:\n", "step": null, "ts": 1654173787.3423386}]}, "version": 257}
{"obj": {"type": "LogStrings", "path": ["monitoring", "stderr"], "values": [{"value": "", "step": null, "ts": 1654173787.3423386}]}, "version": 258}
{"obj": {"type": "LogStrings", "path": ["monitoring", "stderr"], "values": [{"value": "  File \"C:\\Users\\Marc\\Documents\\GitHub\\Artefact-Rejection\\mulitclass_net\\1. Finding the learning-rate\\1.Learning_rate_finder.py\", line 122, in net_SGD1\n    if first_loss_save:\n", "step": null, "ts": 1654173787.3423386}]}, "version": 259}
{"obj": {"type": "LogStrings", "path": ["monitoring", "stderr"], "values": [{"value": "", "step": null, "ts": 1654173787.3433385}]}, "version": 260}
{"obj": {"type": "LogStrings", "path": ["monitoring", "stderr"], "values": [{"value": "  File \"_pydevd_bundle\\pydevd_cython_win32_39_64.pyx\", line 1589, in _pydevd_bundle.pydevd_cython_win32_39_64.ThreadTracer.__call__\n", "step": null, "ts": 1654173787.3433385}]}, "version": 261}
{"obj": {"type": "LogStrings", "path": ["monitoring", "stderr"], "values": [{"value": "", "step": null, "ts": 1654173787.3433385}]}, "version": 262}
{"obj": {"type": "LogStrings", "path": ["monitoring", "stderr"], "values": [{"value": "  File \"_pydevd_bundle\\pydevd_cython_win32_39_64.pyx\", line 929, in _pydevd_bundle.pydevd_cython_win32_39_64.PyDBFrame.trace_dispatch\n", "step": null, "ts": 1654173787.3433385}]}, "version": 263}
{"obj": {"type": "LogStrings", "path": ["monitoring", "stderr"], "values": [{"value": "", "step": null, "ts": 1654173787.3433385}]}, "version": 264}
{"obj": {"type": "LogStrings", "path": ["monitoring", "stderr"], "values": [{"value": "  File \"_pydevd_bundle\\pydevd_cython_win32_39_64.pyx\", line 920, in _pydevd_bundle.pydevd_cython_win32_39_64.PyDBFrame.trace_dispatch\n", "step": null, "ts": 1654173787.3433385}]}, "version": 265}
{"obj": {"type": "LogStrings", "path": ["monitoring", "stderr"], "values": [{"value": "", "step": null, "ts": 1654173787.3433385}]}, "version": 266}
{"obj": {"type": "LogStrings", "path": ["monitoring", "stderr"], "values": [{"value": "  File \"_pydevd_bundle\\pydevd_cython_win32_39_64.pyx\", line 317, in _pydevd_bundle.pydevd_cython_win32_39_64.PyDBFrame.do_wait_suspend\n", "step": null, "ts": 1654173787.3433385}]}, "version": 267}
{"obj": {"type": "LogStrings", "path": ["monitoring", "stderr"], "values": [{"value": "", "step": null, "ts": 1654173787.3433385}]}, "version": 268}
{"obj": {"type": "LogStrings", "path": ["monitoring", "stderr"], "values": [{"value": "  File \"C:\\Program Files\\JetBrains\\PyCharm Community Edition 2022.1.1\\plugins\\python-ce\\helpers\\pydev\\pydevd.py\", line 1155, in do_wait_suspend\n    self._do_wait_suspend(thread, frame, event, arg, suspend_type, from_this_thread)\n", "step": null, "ts": 1654173787.3433385}]}, "version": 269}
{"obj": {"type": "LogStrings", "path": ["monitoring", "stderr"], "values": [{"value": "", "step": null, "ts": 1654173787.3433385}]}, "version": 270}
{"obj": {"type": "LogStrings", "path": ["monitoring", "stderr"], "values": [{"value": "  File \"C:\\Program Files\\JetBrains\\PyCharm Community Edition 2022.1.1\\plugins\\python-ce\\helpers\\pydev\\pydevd.py\", line 1170, in _do_wait_suspend\n    time.sleep(0.01)\n", "step": null, "ts": 1654173787.3433385}]}, "version": 271}
{"obj": {"type": "LogStrings", "path": ["monitoring", "stderr"], "values": [{"value": "", "step": null, "ts": 1654173787.3433385}]}, "version": 272}
{"obj": {"type": "LogStrings", "path": ["monitoring", "stderr"], "values": [{"value": "KeyboardInterrupt\n", "step": null, "ts": 1654173787.3433385}]}, "version": 273}
{"obj": {"type": "LogStrings", "path": ["monitoring", "stderr"], "values": [{"value": "", "step": null, "ts": 1654173787.3433385}]}, "version": 274}
{"obj": {"type": "LogStrings", "path": ["monitoring", "stdout"], "values": [{"value": "", "step": null, "ts": 1654173787.7942367}]}, "version": 275}
{"obj": {"type": "LogStrings", "path": ["monitoring", "stdout"], "values": [{"value": "Shutting down background jobs, please wait a moment...\n", "step": null, "ts": 1654173787.7942367}]}, "version": 276}
