{"obj": {"type": "AssignString", "path": ["sys", "name"], "value": "Untitled"}, "version": 1}
{"obj": {"type": "AssignString", "path": ["sys", "description"], "value": ""}, "version": 2}
{"obj": {"type": "AssignString", "path": ["sys", "hostname"], "value": "DESKTOP-SDMAFDQ"}, "version": 3}
{"obj": {"type": "AssignBool", "path": ["sys", "failed"], "value": false}, "version": 4}
{"obj": {"type": "ClearStringLog", "path": ["monitoring", "stdout"]}, "version": 5}
{"obj": {"type": "ClearStringLog", "path": ["monitoring", "stderr"]}, "version": 6}
{"obj": {"type": "AssignString", "path": ["source_code", "entrypoint"], "value": "Learning_rate_finder2.py"}, "version": 7}
{"obj": {"type": "UploadFileSet", "path": ["source_code", "files"], "file_globs": ["C:\\Users\\Marc\\Documents\\GitHub\\Artefact-Rejection\\1. Finding the learning-rate\\Learning_rate_finder2.py"], "reset": "False"}, "version": 8}
{"obj": {"type": "ConfigFloatSeries", "path": ["monitoring", "cpu"], "min": 0.0, "max": 100.0, "unit": "%"}, "version": 9}
{"obj": {"type": "ClearFloatLog", "path": ["monitoring", "cpu"]}, "version": 10}
{"obj": {"type": "ConfigFloatSeries", "path": ["monitoring", "memory"], "min": 0.0, "max": 15.88718032836914, "unit": "GB"}, "version": 11}
{"obj": {"type": "ClearFloatLog", "path": ["monitoring", "memory"]}, "version": 12}
{"obj": {"type": "ConfigFloatSeries", "path": ["monitoring", "gpu"], "min": 0.0, "max": 100.0, "unit": "%"}, "version": 13}
{"obj": {"type": "ClearFloatLog", "path": ["monitoring", "gpu"]}, "version": 14}
{"obj": {"type": "ConfigFloatSeries", "path": ["monitoring", "gpu_memory"], "min": 0.0, "max": 4.0, "unit": "GB"}, "version": 15}
{"obj": {"type": "ClearFloatLog", "path": ["monitoring", "gpu_memory"]}, "version": 16}
{"obj": {"type": "LogFloats", "path": ["monitoring", "cpu"], "values": [{"value": 13.0, "step": null, "ts": 1648309980.8213348}]}, "version": 17}
{"obj": {"type": "LogFloats", "path": ["monitoring", "memory"], "values": [{"value": 7.982692718505859, "step": null, "ts": 1648309980.8213348}]}, "version": 18}
{"obj": {"type": "LogFloats", "path": ["monitoring", "gpu"], "values": [{"value": 1.0, "step": null, "ts": 1648309980.8213348}]}, "version": 19}
{"obj": {"type": "LogFloats", "path": ["monitoring", "gpu_memory"], "values": [{"value": 0.7677421569824219, "step": null, "ts": 1648309980.8213348}]}, "version": 20}
{"obj": {"type": "AssignString", "path": ["SGD_net1", "parameters", "optimizer"], "value": "SGD"}, "version": 21}
{"obj": {"type": "AssignInt", "path": ["SGD_net1", "parameters", "batch_size"], "value": 10}, "version": 22}
{"obj": {"type": "AssignFloat", "path": ["SGD_net1", "parameters", "optimizer_learning_rate"], "value": 0.6}, "version": 23}
{"obj": {"type": "AssignInt", "path": ["SGD_net1", "parameters", "optimizer_weight_decay"], "value": 0}, "version": 24}
{"obj": {"type": "AssignString", "path": ["SGD_net1", "parameters", "loss_function"], "value": "CrossEntropyLoss"}, "version": 25}
{"obj": {"type": "AssignString", "path": ["SGD_net1", "parameters", "loss_function_weights"], "value": "[1, 5]"}, "version": 26}
{"obj": {"type": "AssignString", "path": ["SGD_net1", "parameters", "loss_function_reduction"], "value": "mean"}, "version": 27}
{"obj": {"type": "AssignString", "path": ["SGD_net1", "parameters", "model"], "value": "Unet"}, "version": 28}
{"obj": {"type": "LogStrings", "path": ["monitoring", "stdout"], "values": [{"value": "Training epoch 0", "step": null, "ts": 1648309980.9190788}]}, "version": 29}
{"obj": {"type": "LogStrings", "path": ["monitoring", "stdout"], "values": [{"value": "\n", "step": null, "ts": 1648309980.9190788}]}, "version": 30}
{"obj": {"type": "LogFloats", "path": ["SGD_net1", "learning_rate"], "values": [{"value": 0.6, "step": null, "ts": 1648309980.9190788}]}, "version": 31}
{"obj": {"type": "LogFloats", "path": ["SGD_net1", "train_loss_pr_file"], "values": [{"value": 0.679282546043396, "step": null, "ts": 1648309982.6209226}]}, "version": 32}
{"obj": {"type": "LogFloats", "path": ["SGD_net1", "train_loss_pr_file"], "values": [{"value": 0.5720815906922022, "step": null, "ts": 1648309986.9189973}]}, "version": 33}
{"obj": {"type": "LogFloats", "path": ["SGD_net1", "train_acc_pr_file"], "values": [{"value": 0.8836435079574585, "step": null, "ts": 1648309986.919498}]}, "version": 34}
{"obj": {"type": "LogStrings", "path": ["SGD_net1", "matrix", "train_confusion_matrix_pr_file"], "values": [{"value": "tensor([[  525035.,   767914.],\n        [ 1183763., 14023288.]])", "step": null, "ts": 1648309986.9204988}]}, "version": 35}
{"obj": {"type": "LogFloats", "path": ["SGD_net1", "matrix", "train_tp_pr_file"], "values": [{"value": 0.4060755670070648, "step": null, "ts": 1648309986.9204988}]}, "version": 36}
{"obj": {"type": "LogFloats", "path": ["SGD_net1", "matrix", "train_fp_pr_file"], "values": [{"value": 0.5939244031906128, "step": null, "ts": 1648309986.920998}]}, "version": 37}
{"obj": {"type": "LogFloats", "path": ["SGD_net1", "matrix", "train_fn_pr_file"], "values": [{"value": 0.07784303277730942, "step": null, "ts": 1648309986.920998}]}, "version": 38}
{"obj": {"type": "LogFloats", "path": ["SGD_net1", "matrix", "train_tn_pr_file"], "values": [{"value": 0.9221569895744324, "step": null, "ts": 1648309986.9214985}]}, "version": 39}
{"obj": {"type": "LogFloats", "path": ["SGD_net1", "validation_loss_pr_file"], "values": [{"value": 0.8545985817909241, "step": null, "ts": 1648309986.9650354}]}, "version": 40}
{"obj": {"type": "LogFloats", "path": ["SGD_net1", "validation_loss_pr_file"], "values": [{"value": 0.8545985817909241, "step": null, "ts": 1648309986.9665368}]}, "version": 41}
{"obj": {"type": "LogFloats", "path": ["SGD_net1", "val_acc_pr_file"], "values": [{"value": 0.6284899711608887, "step": null, "ts": 1648309986.9670372}]}, "version": 42}
{"obj": {"type": "LogStrings", "path": ["SGD_net1", "matrix", "val_confusion_matrix_pr_file"], "values": [{"value": "tensor([[ 37036.,    778.],\n        [110675., 151511.]])", "step": null, "ts": 1648309986.9675374}]}, "version": 43}
{"obj": {"type": "LogFloats", "path": ["SGD_net1", "matrix", "val_tp_pr_file"], "values": [{"value": 0.9794256091117859, "step": null, "ts": 1648309986.9675374}]}, "version": 44}
{"obj": {"type": "LogFloats", "path": ["SGD_net1", "matrix", "val_fp_pr_file"], "values": [{"value": 0.02057439088821411, "step": null, "ts": 1648309986.9680378}]}, "version": 45}
{"obj": {"type": "LogFloats", "path": ["SGD_net1", "matrix", "val_fn_pr_file"], "values": [{"value": 0.4221239984035492, "step": null, "ts": 1648309986.9680378}]}, "version": 46}
{"obj": {"type": "LogFloats", "path": ["SGD_net1", "matrix", "val_tn_pr_file"], "values": [{"value": 0.5778760313987732, "step": null, "ts": 1648309986.9680378}]}, "version": 47}
{"obj": {"type": "LogStrings", "path": ["monitoring", "stdout"], "values": [{"value": "Training epoch 1", "step": null, "ts": 1648309986.9685383}]}, "version": 48}
{"obj": {"type": "LogStrings", "path": ["monitoring", "stdout"], "values": [{"value": "\n", "step": null, "ts": 1648309986.9685383}]}, "version": 49}
{"obj": {"type": "LogFloats", "path": ["SGD_net1", "learning_rate"], "values": [{"value": 0.6, "step": null, "ts": 1648309986.9685383}]}, "version": 50}
{"obj": {"type": "LogFloats", "path": ["monitoring", "cpu"], "values": [{"value": 19.6, "step": null, "ts": 1648309990.8383605}]}, "version": 51}
{"obj": {"type": "LogFloats", "path": ["monitoring", "memory"], "values": [{"value": 9.870563507080078, "step": null, "ts": 1648309990.8383605}]}, "version": 52}
{"obj": {"type": "LogFloats", "path": ["monitoring", "gpu"], "values": [{"value": 90.0, "step": null, "ts": 1648309990.8383605}]}, "version": 53}
{"obj": {"type": "LogFloats", "path": ["monitoring", "gpu_memory"], "values": [{"value": 3.411205291748047, "step": null, "ts": 1648309990.8383605}]}, "version": 54}
{"obj": {"type": "LogFloats", "path": ["SGD_net1", "train_loss_pr_file"], "values": [{"value": 0.5275093304614226, "step": null, "ts": 1648309991.3232758}]}, "version": 55}
{"obj": {"type": "LogFloats", "path": ["SGD_net1", "train_acc_pr_file"], "values": [{"value": 0.882584273815155, "step": null, "ts": 1648309991.3232758}]}, "version": 56}
{"obj": {"type": "LogStrings", "path": ["SGD_net1", "matrix", "train_confusion_matrix_pr_file"], "values": [{"value": "tensor([[  629560.,   924822.],\n        [  983556., 13962062.]])", "step": null, "ts": 1648309991.323776}]}, "version": 57}
{"obj": {"type": "LogFloats", "path": ["SGD_net1", "matrix", "train_tp_pr_file"], "values": [{"value": 0.4050227105617523, "step": null, "ts": 1648309991.323776}]}, "version": 58}
{"obj": {"type": "LogFloats", "path": ["SGD_net1", "matrix", "train_fp_pr_file"], "values": [{"value": 0.5949773192405701, "step": null, "ts": 1648309991.3242767}]}, "version": 59}
{"obj": {"type": "LogFloats", "path": ["SGD_net1", "matrix", "train_fn_pr_file"], "values": [{"value": 0.0658089891076088, "step": null, "ts": 1648309991.3242767}]}, "version": 60}
{"obj": {"type": "LogFloats", "path": ["SGD_net1", "matrix", "train_tn_pr_file"], "values": [{"value": 0.9341909885406494, "step": null, "ts": 1648309991.3242767}]}, "version": 61}
{"obj": {"type": "LogFloats", "path": ["SGD_net1", "validation_loss_pr_file"], "values": [{"value": 0.8375900983810425, "step": null, "ts": 1648309991.3613083}]}, "version": 62}
{"obj": {"type": "LogFloats", "path": ["SGD_net1", "val_acc_pr_file"], "values": [{"value": 0.5927666425704956, "step": null, "ts": 1648309991.3618088}]}, "version": 63}
{"obj": {"type": "LogStrings", "path": ["SGD_net1", "matrix", "val_confusion_matrix_pr_file"], "values": [{"value": "tensor([[ 53171.,    746.],\n        [121424., 124659.]])", "step": null, "ts": 1648309991.3623095}]}, "version": 64}
{"obj": {"type": "LogFloats", "path": ["SGD_net1", "matrix", "val_tp_pr_file"], "values": [{"value": 0.9861639142036438, "step": null, "ts": 1648309991.3623095}]}, "version": 65}
{"obj": {"type": "LogFloats", "path": ["SGD_net1", "matrix", "val_fp_pr_file"], "values": [{"value": 0.013836081139743328, "step": null, "ts": 1648309991.36281}]}, "version": 66}
{"obj": {"type": "LogFloats", "path": ["SGD_net1", "matrix", "val_fn_pr_file"], "values": [{"value": 0.49342700839042664, "step": null, "ts": 1648309991.36281}]}, "version": 67}
{"obj": {"type": "LogFloats", "path": ["SGD_net1", "matrix", "val_tn_pr_file"], "values": [{"value": 0.506572961807251, "step": null, "ts": 1648309991.36331}]}, "version": 68}
{"obj": {"type": "LogStrings", "path": ["monitoring", "stdout"], "values": [{"value": "Training epoch 2", "step": null, "ts": 1648309991.36331}]}, "version": 69}
{"obj": {"type": "LogStrings", "path": ["monitoring", "stdout"], "values": [{"value": "\n", "step": null, "ts": 1648309991.36331}]}, "version": 70}
{"obj": {"type": "LogFloats", "path": ["SGD_net1", "learning_rate"], "values": [{"value": 0.6, "step": null, "ts": 1648309991.3638105}]}, "version": 71}
{"obj": {"type": "LogFloats", "path": ["SGD_net1", "train_loss_pr_file"], "values": [{"value": 0.5169528561333815, "step": null, "ts": 1648309995.6965292}]}, "version": 72}
{"obj": {"type": "LogFloats", "path": ["SGD_net1", "train_acc_pr_file"], "values": [{"value": 0.873865008354187, "step": null, "ts": 1648309995.6965292}]}, "version": 73}
{"obj": {"type": "LogStrings", "path": ["SGD_net1", "matrix", "train_confusion_matrix_pr_file"], "values": [{"value": "tensor([[  749687.,  1163882.],\n        [  886045., 13700386.]])", "step": null, "ts": 1648309995.6970303}]}, "version": 74}
{"obj": {"type": "LogFloats", "path": ["SGD_net1", "matrix", "train_tp_pr_file"], "values": [{"value": 0.3917742073535919, "step": null, "ts": 1648309995.6970303}]}, "version": 75}
{"obj": {"type": "LogFloats", "path": ["SGD_net1", "matrix", "train_fp_pr_file"], "values": [{"value": 0.6082257628440857, "step": null, "ts": 1648309995.6975303}]}, "version": 76}
{"obj": {"type": "LogFloats", "path": ["SGD_net1", "matrix", "train_fn_pr_file"], "values": [{"value": 0.06074446812272072, "step": null, "ts": 1648309995.6975303}]}, "version": 77}
{"obj": {"type": "LogFloats", "path": ["SGD_net1", "matrix", "train_tn_pr_file"], "values": [{"value": 0.9392555356025696, "step": null, "ts": 1648309995.6980307}]}, "version": 78}
{"obj": {"type": "LogFloats", "path": ["SGD_net1", "validation_loss_pr_file"], "values": [{"value": 0.965165913105011, "step": null, "ts": 1648309995.7345634}]}, "version": 79}
{"obj": {"type": "LogFloats", "path": ["SGD_net1", "val_acc_pr_file"], "values": [{"value": 0.5618266463279724, "step": null, "ts": 1648309995.7350643}]}, "version": 80}
{"obj": {"type": "LogStrings", "path": ["SGD_net1", "matrix", "val_confusion_matrix_pr_file"], "values": [{"value": "tensor([[ 34678.,      0.],\n        [131452., 133870.]])", "step": null, "ts": 1648309995.7355628}]}, "version": 81}
{"obj": {"type": "LogFloats", "path": ["SGD_net1", "matrix", "val_tp_pr_file"], "values": [{"value": 1.0, "step": null, "ts": 1648309995.7355628}]}, "version": 82}
{"obj": {"type": "LogFloats", "path": ["SGD_net1", "matrix", "val_fp_pr_file"], "values": [{"value": 0.0, "step": null, "ts": 1648309995.7355628}]}, "version": 83}
{"obj": {"type": "LogFloats", "path": ["SGD_net1", "matrix", "val_fn_pr_file"], "values": [{"value": 0.49544328451156616, "step": null, "ts": 1648309995.7360642}]}, "version": 84}
{"obj": {"type": "LogFloats", "path": ["SGD_net1", "matrix", "val_tn_pr_file"], "values": [{"value": 0.5045567154884338, "step": null, "ts": 1648309995.7360642}]}, "version": 85}
{"obj": {"type": "LogStrings", "path": ["monitoring", "stdout"], "values": [{"value": "Training epoch 3", "step": null, "ts": 1648309995.7360642}]}, "version": 86}
{"obj": {"type": "LogStrings", "path": ["monitoring", "stdout"], "values": [{"value": "\n", "step": null, "ts": 1648309995.7365642}]}, "version": 87}
{"obj": {"type": "LogFloats", "path": ["SGD_net1", "learning_rate"], "values": [{"value": 0.6, "step": null, "ts": 1648309995.7365642}]}, "version": 88}
{"obj": {"type": "LogFloats", "path": ["SGD_net1", "train_loss_pr_file"], "values": [{"value": 0.5087643712759018, "step": null, "ts": 1648310000.0857966}]}, "version": 89}
{"obj": {"type": "LogFloats", "path": ["SGD_net1", "train_acc_pr_file"], "values": [{"value": 0.8959579467773438, "step": null, "ts": 1648310000.0857966}]}, "version": 90}
{"obj": {"type": "LogStrings", "path": ["SGD_net1", "matrix", "train_confusion_matrix_pr_file"], "values": [{"value": "tensor([[  674354.,   787884.],\n        [  884406., 14153356.]])", "step": null, "ts": 1648310000.0862975}]}, "version": 91}
{"obj": {"type": "LogFloats", "path": ["SGD_net1", "matrix", "train_tp_pr_file"], "values": [{"value": 0.46117937564849854, "step": null, "ts": 1648310000.0867968}]}, "version": 92}
{"obj": {"type": "LogFloats", "path": ["SGD_net1", "matrix", "train_fp_pr_file"], "values": [{"value": 0.5388206243515015, "step": null, "ts": 1648310000.0867968}]}, "version": 93}
{"obj": {"type": "LogFloats", "path": ["SGD_net1", "matrix", "train_fn_pr_file"], "values": [{"value": 0.05881234258413315, "step": null, "ts": 1648310000.0867968}]}, "version": 94}
{"obj": {"type": "LogFloats", "path": ["SGD_net1", "matrix", "train_tn_pr_file"], "values": [{"value": 0.9411876797676086, "step": null, "ts": 1648310000.0872972}]}, "version": 95}
{"obj": {"type": "LogFloats", "path": ["SGD_net1", "validation_loss_pr_file"], "values": [{"value": 0.7652226686477661, "step": null, "ts": 1648310000.1238284}]}, "version": 96}
{"obj": {"type": "LogFloats", "path": ["SGD_net1", "val_acc_pr_file"], "values": [{"value": 0.6900966763496399, "step": null, "ts": 1648310000.1238284}]}, "version": 97}
{"obj": {"type": "LogStrings", "path": ["SGD_net1", "matrix", "val_confusion_matrix_pr_file"], "values": [{"value": "tensor([[ 61060.,      0.],\n        [ 92971., 145969.]])", "step": null, "ts": 1648310000.1243289}]}, "version": 98}
{"obj": {"type": "LogFloats", "path": ["SGD_net1", "matrix", "val_tp_pr_file"], "values": [{"value": 1.0, "step": null, "ts": 1648310000.1243289}]}, "version": 99}
{"obj": {"type": "LogFloats", "path": ["SGD_net1", "matrix", "val_fp_pr_file"], "values": [{"value": 0.0, "step": null, "ts": 1648310000.1248295}]}, "version": 100}
{"obj": {"type": "LogFloats", "path": ["SGD_net1", "matrix", "val_fn_pr_file"], "values": [{"value": 0.3890976905822754, "step": null, "ts": 1648310000.1248295}]}, "version": 101}
{"obj": {"type": "LogFloats", "path": ["SGD_net1", "matrix", "val_tn_pr_file"], "values": [{"value": 0.6109023094177246, "step": null, "ts": 1648310000.1248295}]}, "version": 102}
