{"obj": {"type": "AssignString", "path": ["sys", "name"], "value": "Untitled"}, "version": 1}
{"obj": {"type": "AssignString", "path": ["sys", "description"], "value": ""}, "version": 2}
{"obj": {"type": "AssignString", "path": ["sys", "hostname"], "value": "DESKTOP-SH3J0RM"}, "version": 3}
{"obj": {"type": "AssignBool", "path": ["sys", "failed"], "value": false}, "version": 4}
{"obj": {"type": "ClearStringLog", "path": ["monitoring", "stdout"]}, "version": 5}
{"obj": {"type": "ClearStringLog", "path": ["monitoring", "stderr"]}, "version": 6}
{"obj": {"type": "AssignString", "path": ["source_code", "entrypoint"], "value": "1.Learning_rate_finder.py"}, "version": 7}
{"obj": {"type": "UploadFileSet", "path": ["source_code", "files"], "file_globs": ["C:\\Users\\Marc\\Documents\\GitHub\\Artefact-Rejection\\mulitclass_net\\1. Finding the learning-rate\\1.Learning_rate_finder.py"], "reset": "False"}, "version": 8}
{"obj": {"type": "ConfigFloatSeries", "path": ["monitoring", "cpu"], "min": 0.0, "max": 100.0, "unit": "%"}, "version": 9}
{"obj": {"type": "ClearFloatLog", "path": ["monitoring", "cpu"]}, "version": 10}
{"obj": {"type": "ConfigFloatSeries", "path": ["monitoring", "memory"], "min": 0.0, "max": 15.747394561767578, "unit": "GB"}, "version": 11}
{"obj": {"type": "ClearFloatLog", "path": ["monitoring", "memory"]}, "version": 12}
{"obj": {"type": "ConfigFloatSeries", "path": ["monitoring", "gpu"], "min": 0.0, "max": 100.0, "unit": "%"}, "version": 13}
{"obj": {"type": "ClearFloatLog", "path": ["monitoring", "gpu"]}, "version": 14}
{"obj": {"type": "ConfigFloatSeries", "path": ["monitoring", "gpu_memory"], "min": 0.0, "max": 8.0, "unit": "GB"}, "version": 15}
{"obj": {"type": "ClearFloatLog", "path": ["monitoring", "gpu_memory"]}, "version": 16}
{"obj": {"type": "LogFloats", "path": ["monitoring", "cpu"], "values": [{"value": 6.4, "step": null, "ts": 1654173939.832768}]}, "version": 17}
{"obj": {"type": "LogFloats", "path": ["monitoring", "memory"], "values": [{"value": 6.985809326171875, "step": null, "ts": 1654173939.832768}]}, "version": 18}
{"obj": {"type": "LogFloats", "path": ["monitoring", "gpu_memory"], "values": [{"value": 0.7588577270507812, "step": null, "ts": 1654173939.832768}]}, "version": 19}
{"obj": {"type": "AssignString", "path": ["network_SGD", "parameters", "optimizer"], "value": "SGD"}, "version": 20}
{"obj": {"type": "AssignInt", "path": ["network_SGD", "parameters", "batch_size"], "value": 10}, "version": 21}
{"obj": {"type": "AssignFloat", "path": ["network_SGD", "parameters", "optimizer_learning_rate"], "value": 0.01}, "version": 22}
{"obj": {"type": "AssignString", "path": ["network_SGD", "parameters", "loss_function"], "value": "CrossEntropyLoss"}, "version": 23}
{"obj": {"type": "AssignString", "path": ["network_SGD", "parameters", "loss_function_weights"], "value": "[1, 5]"}, "version": 24}
{"obj": {"type": "AssignString", "path": ["network_SGD", "parameters", "loss_function_reduction"], "value": "mean"}, "version": 25}
{"obj": {"type": "AssignString", "path": ["network_SGD", "parameters", "model"], "value": "Unet_leaky_lstm"}, "version": 26}
{"obj": {"type": "AssignString", "path": ["network_SGD", "parameters", "scheduler"], "value": "CyclicLR"}, "version": 27}
{"obj": {"type": "AssignFloat", "path": ["network_SGD", "parameters", "scheduler_base_lr"], "value": 0.01}, "version": 28}
{"obj": {"type": "AssignInt", "path": ["network_SGD", "parameters", "scheduler_max_lr"], "value": 1}, "version": 29}
{"obj": {"type": "AssignBool", "path": ["network_SGD", "parameters", "scheduler_cycle_momentum"], "value": false}, "version": 30}
{"obj": {"type": "AssignFloat", "path": ["network_SGD", "parameters", "scheduler_step_size_up"], "value": 249.0}, "version": 31}
{"obj": {"type": "AssignFloat", "path": ["network_SGD", "parameters", "smooting_loss"], "value": 0.05}, "version": 32}
{"obj": {"type": "LogStrings", "path": ["monitoring", "stdout"], "values": [{"value": "Training epoch 0", "step": null, "ts": 1654173941.0536542}]}, "version": 33}
{"obj": {"type": "LogStrings", "path": ["monitoring", "stdout"], "values": [{"value": "\n", "step": null, "ts": 1654173941.0536542}]}, "version": 34}
{"obj": {"type": "LogFloats", "path": ["network_SGD", "learning_rate"], "values": [{"value": 0.01, "step": null, "ts": 1654173941.0727534}]}, "version": 35}
{"obj": {"type": "LogFloats", "path": ["monitoring", "cpu"], "values": [{"value": 6.5, "step": null, "ts": 1654173949.8509748}]}, "version": 36}
{"obj": {"type": "LogFloats", "path": ["monitoring", "memory"], "values": [{"value": 9.145057678222656, "step": null, "ts": 1654173949.8509748}]}, "version": 37}
{"obj": {"type": "LogFloats", "path": ["monitoring", "gpu"], "values": [{"value": 6.0, "step": null, "ts": 1654173949.8509748}]}, "version": 38}
{"obj": {"type": "LogFloats", "path": ["monitoring", "gpu_memory"], "values": [{"value": 4.537139892578125, "step": null, "ts": 1654173949.8509748}]}, "version": 39}
{"obj": {"type": "LogFloats", "path": ["monitoring", "cpu"], "values": [{"value": 1.3, "step": null, "ts": 1654173959.8649738}]}, "version": 40}
{"obj": {"type": "LogFloats", "path": ["monitoring", "memory"], "values": [{"value": 9.134529113769531, "step": null, "ts": 1654173959.8649738}]}, "version": 41}
{"obj": {"type": "LogFloats", "path": ["monitoring", "gpu"], "values": [{"value": 1.0, "step": null, "ts": 1654173959.8649738}]}, "version": 42}
{"obj": {"type": "LogFloats", "path": ["monitoring", "gpu_memory"], "values": [{"value": 4.537139892578125, "step": null, "ts": 1654173959.8649738}]}, "version": 43}
{"obj": {"type": "LogFloats", "path": ["monitoring", "cpu"], "values": [{"value": 6.4, "step": null, "ts": 1654173969.8733928}]}, "version": 44}
{"obj": {"type": "LogFloats", "path": ["monitoring", "memory"], "values": [{"value": 9.298442840576172, "step": null, "ts": 1654173969.8733928}]}, "version": 45}
{"obj": {"type": "LogFloats", "path": ["monitoring", "gpu"], "values": [{"value": 19.0, "step": null, "ts": 1654173969.8733928}]}, "version": 46}
{"obj": {"type": "LogFloats", "path": ["monitoring", "gpu_memory"], "values": [{"value": 4.5911865234375, "step": null, "ts": 1654173969.8733928}]}, "version": 47}
{"obj": {"type": "LogFloats", "path": ["monitoring", "cpu"], "values": [{"value": 6.1, "step": null, "ts": 1654173979.8906844}]}, "version": 48}
{"obj": {"type": "LogFloats", "path": ["monitoring", "memory"], "values": [{"value": 9.434146881103516, "step": null, "ts": 1654173979.8906844}]}, "version": 49}
{"obj": {"type": "LogFloats", "path": ["monitoring", "gpu"], "values": [{"value": 11.0, "step": null, "ts": 1654173979.8906844}]}, "version": 50}
{"obj": {"type": "LogFloats", "path": ["monitoring", "gpu_memory"], "values": [{"value": 4.968475341796875, "step": null, "ts": 1654173979.8906844}]}, "version": 51}
{"obj": {"type": "LogFloats", "path": ["monitoring", "cpu"], "values": [{"value": 3.7, "step": null, "ts": 1654173989.9043977}]}, "version": 52}
{"obj": {"type": "LogFloats", "path": ["monitoring", "memory"], "values": [{"value": 9.284595489501953, "step": null, "ts": 1654173989.9043977}]}, "version": 53}
{"obj": {"type": "LogFloats", "path": ["monitoring", "gpu_memory"], "values": [{"value": 5.0528411865234375, "step": null, "ts": 1654173989.9043977}]}, "version": 54}
{"obj": {"type": "LogFloats", "path": ["monitoring", "cpu"], "values": [{"value": 1.3, "step": null, "ts": 1654173999.9310534}]}, "version": 55}
{"obj": {"type": "LogFloats", "path": ["monitoring", "memory"], "values": [{"value": 9.289363861083984, "step": null, "ts": 1654173999.9310534}]}, "version": 56}
{"obj": {"type": "LogFloats", "path": ["monitoring", "gpu_memory"], "values": [{"value": 4.998687744140625, "step": null, "ts": 1654173999.9310534}]}, "version": 57}
{"obj": {"type": "LogFloats", "path": ["monitoring", "cpu"], "values": [{"value": 2.8, "step": null, "ts": 1654174009.9533956}]}, "version": 58}
{"obj": {"type": "LogFloats", "path": ["monitoring", "memory"], "values": [{"value": 9.293376922607422, "step": null, "ts": 1654174009.9533956}]}, "version": 59}
{"obj": {"type": "LogFloats", "path": ["monitoring", "gpu"], "values": [{"value": 2.0, "step": null, "ts": 1654174009.9533956}]}, "version": 60}
{"obj": {"type": "LogFloats", "path": ["monitoring", "gpu_memory"], "values": [{"value": 4.998687744140625, "step": null, "ts": 1654174009.9533956}]}, "version": 61}
{"obj": {"type": "LogFloats", "path": ["monitoring", "cpu"], "values": [{"value": 4.0, "step": null, "ts": 1654174019.9738216}]}, "version": 62}
{"obj": {"type": "LogFloats", "path": ["monitoring", "memory"], "values": [{"value": 9.306400299072266, "step": null, "ts": 1654174019.9738216}]}, "version": 63}
{"obj": {"type": "LogFloats", "path": ["monitoring", "gpu"], "values": [{"value": 9.0, "step": null, "ts": 1654174019.9738216}]}, "version": 64}
{"obj": {"type": "LogFloats", "path": ["monitoring", "gpu_memory"], "values": [{"value": 4.693817138671875, "step": null, "ts": 1654174019.9738216}]}, "version": 65}
{"obj": {"type": "LogFloats", "path": ["monitoring", "cpu"], "values": [{"value": 5.4, "step": null, "ts": 1654174029.9919796}]}, "version": 66}
{"obj": {"type": "LogFloats", "path": ["monitoring", "memory"], "values": [{"value": 9.318126678466797, "step": null, "ts": 1654174029.9919796}]}, "version": 67}
{"obj": {"type": "LogFloats", "path": ["monitoring", "gpu_memory"], "values": [{"value": 4.808769226074219, "step": null, "ts": 1654174029.9919796}]}, "version": 68}
{"obj": {"type": "LogFloats", "path": ["monitoring", "cpu"], "values": [{"value": 2.6, "step": null, "ts": 1654174040.0143108}]}, "version": 69}
{"obj": {"type": "LogFloats", "path": ["monitoring", "memory"], "values": [{"value": 9.308536529541016, "step": null, "ts": 1654174040.0143108}]}, "version": 70}
{"obj": {"type": "LogFloats", "path": ["monitoring", "gpu"], "values": [{"value": 19.0, "step": null, "ts": 1654174040.0143108}]}, "version": 71}
{"obj": {"type": "LogFloats", "path": ["monitoring", "gpu_memory"], "values": [{"value": 4.8798675537109375, "step": null, "ts": 1654174040.0143108}]}, "version": 72}
{"obj": {"type": "LogFloats", "path": ["monitoring", "cpu"], "values": [{"value": 3.0, "step": null, "ts": 1654174050.025036}]}, "version": 73}
{"obj": {"type": "LogFloats", "path": ["monitoring", "memory"], "values": [{"value": 9.30703353881836, "step": null, "ts": 1654174050.025036}]}, "version": 74}
{"obj": {"type": "LogFloats", "path": ["monitoring", "gpu"], "values": [{"value": 10.0, "step": null, "ts": 1654174050.025036}]}, "version": 75}
{"obj": {"type": "LogFloats", "path": ["monitoring", "gpu_memory"], "values": [{"value": 4.9105682373046875, "step": null, "ts": 1654174050.025036}]}, "version": 76}
{"obj": {"type": "LogFloats", "path": ["monitoring", "cpu"], "values": [{"value": 11.6, "step": null, "ts": 1654174060.0449455}]}, "version": 77}
{"obj": {"type": "LogFloats", "path": ["monitoring", "memory"], "values": [{"value": 9.18853759765625, "step": null, "ts": 1654174060.0449455}]}, "version": 78}
{"obj": {"type": "LogFloats", "path": ["monitoring", "gpu"], "values": [{"value": 10.0, "step": null, "ts": 1654174060.0449455}]}, "version": 79}
{"obj": {"type": "LogFloats", "path": ["monitoring", "gpu_memory"], "values": [{"value": 4.7823333740234375, "step": null, "ts": 1654174060.0449455}]}, "version": 80}
{"obj": {"type": "LogFloats", "path": ["monitoring", "cpu"], "values": [{"value": 5.5, "step": null, "ts": 1654174070.0607693}]}, "version": 81}
{"obj": {"type": "LogFloats", "path": ["monitoring", "memory"], "values": [{"value": 9.17879867553711, "step": null, "ts": 1654174070.0607693}]}, "version": 82}
{"obj": {"type": "LogFloats", "path": ["monitoring", "gpu_memory"], "values": [{"value": 4.927459716796875, "step": null, "ts": 1654174070.0607693}]}, "version": 83}
{"obj": {"type": "LogFloats", "path": ["monitoring", "cpu"], "values": [{"value": 1.2, "step": null, "ts": 1654174080.0805244}]}, "version": 84}
{"obj": {"type": "LogFloats", "path": ["monitoring", "memory"], "values": [{"value": 9.163040161132812, "step": null, "ts": 1654174080.0805244}]}, "version": 85}
{"obj": {"type": "LogFloats", "path": ["monitoring", "gpu_memory"], "values": [{"value": 4.927215576171875, "step": null, "ts": 1654174080.0805244}]}, "version": 86}
{"obj": {"type": "LogFloats", "path": ["monitoring", "cpu"], "values": [{"value": 6.7, "step": null, "ts": 1654174090.0950174}]}, "version": 87}
{"obj": {"type": "LogFloats", "path": ["monitoring", "memory"], "values": [{"value": 9.158641815185547, "step": null, "ts": 1654174090.0950174}]}, "version": 88}
{"obj": {"type": "LogFloats", "path": ["monitoring", "gpu"], "values": [{"value": 11.0, "step": null, "ts": 1654174090.0950174}]}, "version": 89}
{"obj": {"type": "LogFloats", "path": ["monitoring", "gpu_memory"], "values": [{"value": 4.8639373779296875, "step": null, "ts": 1654174090.0950174}]}, "version": 90}
{"obj": {"type": "LogFloats", "path": ["monitoring", "cpu"], "values": [{"value": 5.0, "step": null, "ts": 1654174100.1064558}]}, "version": 91}
{"obj": {"type": "LogFloats", "path": ["monitoring", "memory"], "values": [{"value": 9.123611450195312, "step": null, "ts": 1654174100.1064558}]}, "version": 92}
{"obj": {"type": "LogFloats", "path": ["monitoring", "gpu"], "values": [{"value": 8.0, "step": null, "ts": 1654174100.1064558}]}, "version": 93}
{"obj": {"type": "LogFloats", "path": ["monitoring", "gpu_memory"], "values": [{"value": 4.589210510253906, "step": null, "ts": 1654174100.1064558}]}, "version": 94}
{"obj": {"type": "LogFloats", "path": ["monitoring", "cpu"], "values": [{"value": 6.5, "step": null, "ts": 1654174110.1225219}]}, "version": 95}
{"obj": {"type": "LogFloats", "path": ["monitoring", "memory"], "values": [{"value": 9.134162902832031, "step": null, "ts": 1654174110.1225219}]}, "version": 96}
{"obj": {"type": "LogFloats", "path": ["monitoring", "gpu"], "values": [{"value": 18.0, "step": null, "ts": 1654174110.1225219}]}, "version": 97}
{"obj": {"type": "LogFloats", "path": ["monitoring", "gpu_memory"], "values": [{"value": 4.806648254394531, "step": null, "ts": 1654174110.1225219}]}, "version": 98}
{"obj": {"type": "LogFloats", "path": ["monitoring", "cpu"], "values": [{"value": 2.6, "step": null, "ts": 1654174120.145795}]}, "version": 99}
{"obj": {"type": "LogFloats", "path": ["monitoring", "memory"], "values": [{"value": 9.152656555175781, "step": null, "ts": 1654174120.145795}]}, "version": 100}
{"obj": {"type": "LogFloats", "path": ["monitoring", "gpu"], "values": [{"value": 8.0, "step": null, "ts": 1654174120.145795}]}, "version": 101}
{"obj": {"type": "LogFloats", "path": ["monitoring", "gpu_memory"], "values": [{"value": 4.65069580078125, "step": null, "ts": 1654174120.145795}]}, "version": 102}
