{"obj": {"type": "AssignString", "path": ["sys", "name"], "value": "Untitled"}, "version": 1}
{"obj": {"type": "AssignString", "path": ["sys", "description"], "value": ""}, "version": 2}
{"obj": {"type": "AssignString", "path": ["sys", "hostname"], "value": "DESKTOP-SH3J0RM"}, "version": 3}
{"obj": {"type": "AssignBool", "path": ["sys", "failed"], "value": false}, "version": 4}
{"obj": {"type": "ClearStringLog", "path": ["monitoring", "stdout"]}, "version": 5}
{"obj": {"type": "ClearStringLog", "path": ["monitoring", "stderr"]}, "version": 6}
{"obj": {"type": "AssignString", "path": ["source_code", "entrypoint"], "value": "LSTM_train.py"}, "version": 7}
{"obj": {"type": "UploadFileSet", "path": ["source_code", "files"], "file_globs": ["C:\\Users\\Marc\\Documents\\GitHub\\Artefact-Rejection\\2. Testing and training networks\\LSTM_train.py"], "reset": "False"}, "version": 8}
{"obj": {"type": "ConfigFloatSeries", "path": ["monitoring", "cpu"], "min": 0.0, "max": 100.0, "unit": "%"}, "version": 9}
{"obj": {"type": "ClearFloatLog", "path": ["monitoring", "cpu"]}, "version": 10}
{"obj": {"type": "ConfigFloatSeries", "path": ["monitoring", "memory"], "min": 0.0, "max": 15.747394561767578, "unit": "GB"}, "version": 11}
{"obj": {"type": "ClearFloatLog", "path": ["monitoring", "memory"]}, "version": 12}
{"obj": {"type": "ConfigFloatSeries", "path": ["monitoring", "gpu"], "min": 0.0, "max": 100.0, "unit": "%"}, "version": 13}
{"obj": {"type": "ClearFloatLog", "path": ["monitoring", "gpu"]}, "version": 14}
{"obj": {"type": "ConfigFloatSeries", "path": ["monitoring", "gpu_memory"], "min": 0.0, "max": 8.0, "unit": "GB"}, "version": 15}
{"obj": {"type": "ClearFloatLog", "path": ["monitoring", "gpu_memory"]}, "version": 16}
{"obj": {"type": "LogFloats", "path": ["monitoring", "cpu"], "values": [{"value": 14.2, "step": null, "ts": 1653149181.855819}]}, "version": 17}
{"obj": {"type": "LogFloats", "path": ["monitoring", "memory"], "values": [{"value": 7.021335601806641, "step": null, "ts": 1653149181.855819}]}, "version": 18}
{"obj": {"type": "LogFloats", "path": ["monitoring", "gpu"], "values": [{"value": 2.0, "step": null, "ts": 1653149181.855819}]}, "version": 19}
{"obj": {"type": "LogFloats", "path": ["monitoring", "gpu_memory"], "values": [{"value": 0.6735420227050781, "step": null, "ts": 1653149181.855819}]}, "version": 20}
{"obj": {"type": "AssignString", "path": ["network_LSTM", "parameters", "optimizer"], "value": "Adam"}, "version": 21}
{"obj": {"type": "AssignInt", "path": ["network_LSTM", "parameters", "batch_size"], "value": 10}, "version": 22}
{"obj": {"type": "AssignFloat", "path": ["network_LSTM", "parameters", "optimizer_learning_rate"], "value": 0.001}, "version": 23}
{"obj": {"type": "AssignString", "path": ["network_LSTM", "parameters", "loss_function"], "value": "CrossEntropyLoss"}, "version": 24}
{"obj": {"type": "AssignString", "path": ["network_LSTM", "parameters", "loss_function_weights"], "value": "[1, 5]"}, "version": 25}
{"obj": {"type": "AssignString", "path": ["network_LSTM", "parameters", "loss_function_reduction"], "value": "mean"}, "version": 26}
{"obj": {"type": "AssignString", "path": ["network_LSTM", "parameters", "model"], "value": "LSTM_net"}, "version": 27}
{"obj": {"type": "AssignFloat", "path": ["network_LSTM", "parameters", "smooting_loss"], "value": 0.05}, "version": 28}
{"obj": {"type": "LogStrings", "path": ["monitoring", "stdout"], "values": [{"value": "Training epoch 0", "step": null, "ts": 1653149183.0900598}]}, "version": 29}
{"obj": {"type": "LogStrings", "path": ["monitoring", "stdout"], "values": [{"value": "\n", "step": null, "ts": 1653149183.0900598}]}, "version": 30}
{"obj": {"type": "LogFloats", "path": ["network_LSTM", "learning_rate"], "values": [{"value": 0.001, "step": null, "ts": 1653149183.0900598}]}, "version": 31}
{"obj": {"type": "LogFloats", "path": ["monitoring", "cpu"], "values": [{"value": 8.9, "step": null, "ts": 1653149191.870353}]}, "version": 32}
{"obj": {"type": "LogFloats", "path": ["monitoring", "memory"], "values": [{"value": 8.916519165039062, "step": null, "ts": 1653149191.870353}]}, "version": 33}
{"obj": {"type": "LogFloats", "path": ["monitoring", "gpu"], "values": [{"value": 90.0, "step": null, "ts": 1653149191.870353}]}, "version": 34}
{"obj": {"type": "LogFloats", "path": ["monitoring", "gpu_memory"], "values": [{"value": 7.950176239013672, "step": null, "ts": 1653149191.870353}]}, "version": 35}
{"obj": {"type": "LogFloats", "path": ["monitoring", "cpu"], "values": [{"value": 6.6, "step": null, "ts": 1653149201.885084}]}, "version": 36}
{"obj": {"type": "LogFloats", "path": ["monitoring", "memory"], "values": [{"value": 8.912944793701172, "step": null, "ts": 1653149201.885084}]}, "version": 37}
{"obj": {"type": "LogFloats", "path": ["monitoring", "gpu"], "values": [{"value": 91.0, "step": null, "ts": 1653149201.885084}]}, "version": 38}
{"obj": {"type": "LogFloats", "path": ["monitoring", "gpu_memory"], "values": [{"value": 7.950176239013672, "step": null, "ts": 1653149201.885084}]}, "version": 39}
{"obj": {"type": "LogFloats", "path": ["monitoring", "cpu"], "values": [{"value": 6.2, "step": null, "ts": 1653149211.899437}]}, "version": 40}
{"obj": {"type": "LogFloats", "path": ["monitoring", "memory"], "values": [{"value": 8.907852172851562, "step": null, "ts": 1653149211.899437}]}, "version": 41}
{"obj": {"type": "LogFloats", "path": ["monitoring", "gpu"], "values": [{"value": 90.0, "step": null, "ts": 1653149211.899437}]}, "version": 42}
{"obj": {"type": "LogFloats", "path": ["monitoring", "gpu_memory"], "values": [{"value": 7.950176239013672, "step": null, "ts": 1653149211.899437}]}, "version": 43}
{"obj": {"type": "LogFloats", "path": ["network_LSTM", "train_loss_pr_file"], "values": [{"value": 0.9009488821029663, "step": null, "ts": 1653149221.5064478}]}, "version": 44}
{"obj": {"type": "LogFloats", "path": ["network_LSTM", "smooth_train_loss_pr_file"], "values": [{"value": 0.9009488821029663, "step": null, "ts": 1653149221.5064478}]}, "version": 45}
{"obj": {"type": "LogFloats", "path": ["network_LSTM", "validation_loss_pr_file"], "values": [{"value": 0.9009488821029663, "step": null, "ts": 1653149221.5064478}]}, "version": 46}
{"obj": {"type": "LogFloats", "path": ["network_LSTM", "smooth_val_loss_pr_file"], "values": [{"value": 0.9009488821029663, "step": null, "ts": 1653149221.5064478}]}, "version": 47}
{"obj": {"type": "LogStrings", "path": ["monitoring", "stderr"], "values": [{"value": "Process Process-1:1:\n", "step": null, "ts": 1653149221.865782}]}, "version": 48}
{"obj": {"type": "LogStrings", "path": ["monitoring", "stderr"], "values": [{"value": "Traceback (most recent call last):\n", "step": null, "ts": 1653149221.865782}]}, "version": 49}
{"obj": {"type": "LogStrings", "path": ["monitoring", "stderr"], "values": [{"value": "", "step": null, "ts": 1653149221.865782}]}, "version": 50}
{"obj": {"type": "LogStrings", "path": ["monitoring", "stderr"], "values": [{"value": "  File \"C:\\Users\\Marc\\anaconda3\\envs\\deep\\lib\\multiprocessing\\process.py\", line 315, in _bootstrap\n    self.run()\n", "step": null, "ts": 1653149221.865782}]}, "version": 51}
{"obj": {"type": "LogStrings", "path": ["monitoring", "stderr"], "values": [{"value": "", "step": null, "ts": 1653149221.865782}]}, "version": 52}
{"obj": {"type": "LogStrings", "path": ["monitoring", "stderr"], "values": [{"value": "  File \"C:\\Users\\Marc\\anaconda3\\envs\\deep\\lib\\multiprocessing\\process.py\", line 108, in run\n    self._target(*self._args, **self._kwargs)\n", "step": null, "ts": 1653149221.865782}]}, "version": 53}
{"obj": {"type": "LogStrings", "path": ["monitoring", "stderr"], "values": [{"value": "", "step": null, "ts": 1653149221.865782}]}, "version": 54}
{"obj": {"type": "LogStrings", "path": ["monitoring", "stderr"], "values": [{"value": "  File \"C:\\Users\\Marc\\Documents\\GitHub\\Artefact-Rejection\\2. Testing and training networks\\LSTM_train.py\", line 92, in net_LSTM\n    net_train(device = device,\n", "step": null, "ts": 1653149221.865782}]}, "version": 55}
{"obj": {"type": "LogStrings", "path": ["monitoring", "stderr"], "values": [{"value": "", "step": null, "ts": 1653149221.865782}]}, "version": 56}
{"obj": {"type": "LogStrings", "path": ["monitoring", "stderr"], "values": [{"value": "  File \"C:\\Users\\Marc\\Documents\\GitHub\\Artefact-Rejection\\2. Testing and training networks\\..\\LoaderPACK\\trainer.py\", line 74, in net_train\n    loss.backward()\n", "step": null, "ts": 1653149221.865782}]}, "version": 57}
{"obj": {"type": "LogStrings", "path": ["monitoring", "stderr"], "values": [{"value": "", "step": null, "ts": 1653149221.865782}]}, "version": 58}
{"obj": {"type": "LogStrings", "path": ["monitoring", "stderr"], "values": [{"value": "  File \"C:\\Users\\Marc\\anaconda3\\envs\\deep\\lib\\site-packages\\torch\\_tensor.py\", line 363, in backward\n    torch.autograd.backward(self, gradient, retain_graph, create_graph, inputs=inputs)\n", "step": null, "ts": 1653149221.865782}]}, "version": 59}
{"obj": {"type": "LogStrings", "path": ["monitoring", "stderr"], "values": [{"value": "", "step": null, "ts": 1653149221.865782}]}, "version": 60}
{"obj": {"type": "LogStrings", "path": ["monitoring", "stderr"], "values": [{"value": "  File \"C:\\Users\\Marc\\anaconda3\\envs\\deep\\lib\\site-packages\\torch\\autograd\\__init__.py\", line 173, in backward\n    Variable._execution_engine.run_backward(  # Calls into the C++ engine to run the backward pass\n", "step": null, "ts": 1653149221.865782}]}, "version": 61}
{"obj": {"type": "LogStrings", "path": ["monitoring", "stderr"], "values": [{"value": "", "step": null, "ts": 1653149221.865782}]}, "version": 62}
{"obj": {"type": "LogStrings", "path": ["monitoring", "stderr"], "values": [{"value": "RuntimeError: CUDA out of memory. Tried to allocate 162.00 MiB (GPU 0; 8.00 GiB total capacity; 6.45 GiB already allocated; 0 bytes free; 6.60 GiB reserved in total by PyTorch) If reserved memory is >> allocated memory try setting max_split_size_mb to avoid fragmentation.  See documentation for Memory Management and PYTORCH_CUDA_ALLOC_CONF\n", "step": null, "ts": 1653149221.865782}]}, "version": 63}
{"obj": {"type": "LogStrings", "path": ["monitoring", "stderr"], "values": [{"value": "", "step": null, "ts": 1653149221.865782}]}, "version": 64}
