{"obj": {"type": "AssignString", "path": ["sys", "name"], "value": "Untitled"}, "version": 1}
{"obj": {"type": "AssignString", "path": ["sys", "description"], "value": ""}, "version": 2}
{"obj": {"type": "AssignString", "path": ["sys", "hostname"], "value": "DESKTOP-SDMAFDQ"}, "version": 3}
{"obj": {"type": "AssignBool", "path": ["sys", "failed"], "value": false}, "version": 4}
{"obj": {"type": "ClearStringLog", "path": ["monitoring", "stdout"]}, "version": 5}
{"obj": {"type": "ClearStringLog", "path": ["monitoring", "stderr"]}, "version": 6}
{"obj": {"type": "AssignString", "path": ["source_code", "entrypoint"], "value": "unet-training.py"}, "version": 7}
{"obj": {"type": "UploadFileSet", "path": ["source_code", "files"], "file_globs": ["C:\\Users\\Marc\\Documents\\GitHub\\Artefact-Rejection\\unet-training.py"], "reset": "False"}, "version": 8}
{"obj": {"type": "ConfigFloatSeries", "path": ["monitoring", "cpu"], "min": 0.0, "max": 100.0, "unit": "%"}, "version": 9}
{"obj": {"type": "ClearFloatLog", "path": ["monitoring", "cpu"]}, "version": 10}
{"obj": {"type": "ConfigFloatSeries", "path": ["monitoring", "memory"], "min": 0.0, "max": 15.387187957763672, "unit": "GB"}, "version": 11}
{"obj": {"type": "ClearFloatLog", "path": ["monitoring", "memory"]}, "version": 12}
{"obj": {"type": "ConfigFloatSeries", "path": ["monitoring", "gpu"], "min": 0.0, "max": 100.0, "unit": "%"}, "version": 13}
{"obj": {"type": "ClearFloatLog", "path": ["monitoring", "gpu"]}, "version": 14}
{"obj": {"type": "ConfigFloatSeries", "path": ["monitoring", "gpu_memory"], "min": 0.0, "max": 4.0, "unit": "GB"}, "version": 15}
{"obj": {"type": "ClearFloatLog", "path": ["monitoring", "gpu_memory"]}, "version": 16}
{"obj": {"type": "AssignString", "path": ["network", "parameters", "optimizer"], "value": "SGD"}, "version": 17}
{"obj": {"type": "AssignFloat", "path": ["network", "parameters", "optimizer_momentum"], "value": 0.9}, "version": 18}
{"obj": {"type": "AssignFloat", "path": ["network", "parameters", "optimizer_learning_rate"], "value": 0.1}, "version": 19}
{"obj": {"type": "AssignString", "path": ["network", "parameters", "loss_function"], "value": "CrossEntropyLoss"}, "version": 20}
{"obj": {"type": "AssignString", "path": ["network", "parameters", "loss_function_weights"], "value": "[1, 10]"}, "version": 21}
{"obj": {"type": "AssignString", "path": ["network", "parameters", "loss_function_reduction"], "value": "mean"}, "version": 22}
{"obj": {"type": "AssignString", "path": ["network", "parameters", "model"], "value": "Unet"}, "version": 23}
{"obj": {"type": "LogFloats", "path": ["monitoring", "cpu"], "values": [{"value": 6.9, "step": null, "ts": 1647328414.5079265}]}, "version": 24}
{"obj": {"type": "LogFloats", "path": ["monitoring", "memory"], "values": [{"value": 6.417259216308594, "step": null, "ts": 1647328414.5079265}]}, "version": 25}
{"obj": {"type": "LogFloats", "path": ["monitoring", "gpu_memory"], "values": [{"value": 0.051025390625, "step": null, "ts": 1647328414.5079265}]}, "version": 26}
{"obj": {"type": "LogStrings", "path": ["monitoring", "stdout"], "values": [{"value": "Training epoch 0", "step": null, "ts": 1647328414.632757}]}, "version": 27}
{"obj": {"type": "LogStrings", "path": ["monitoring", "stdout"], "values": [{"value": "\n", "step": null, "ts": 1647328414.632757}]}, "version": 28}
{"obj": {"type": "LogFloats", "path": ["network", "train_loss_pr_file"], "values": [{"value": 3.689235414777483, "step": null, "ts": 1647328419.9732423}]}, "version": 29}
{"obj": {"type": "LogFloats", "path": ["network", "train_loss_pr_file"], "values": [{"value": 2.010774612426758, "step": null, "ts": 1647328421.102269}]}, "version": 30}
{"obj": {"type": "LogFloats", "path": ["network", "train_loss_pr_file"], "values": [{"value": 3.1113309462865195, "step": null, "ts": 1647328422.0731516}]}, "version": 31}
{"obj": {"type": "LogFloats", "path": ["network", "train_loss_pr_file"], "values": [{"value": 2.2582679986953735, "step": null, "ts": 1647328422.4354813}]}, "version": 32}
{"obj": {"type": "LogFloats", "path": ["network", "train_loss_pr_file"], "values": [{"value": 2.9934905052185057, "step": null, "ts": 1647328423.1884239}]}, "version": 33}
{"obj": {"type": "LogFloats", "path": ["network", "train_loss_pr_file"], "values": [{"value": 2.947387218475342, "step": null, "ts": 1647328423.8484478}]}, "version": 34}
{"obj": {"type": "LogFloats", "path": ["monitoring", "cpu"], "values": [{"value": 34.3, "step": null, "ts": 1647328424.5207849}]}, "version": 35}
{"obj": {"type": "LogFloats", "path": ["monitoring", "memory"], "values": [{"value": 8.122425079345703, "step": null, "ts": 1647328424.5207849}]}, "version": 36}
{"obj": {"type": "LogFloats", "path": ["monitoring", "gpu"], "values": [{"value": 98.0, "step": null, "ts": 1647328424.5207849}]}, "version": 37}
{"obj": {"type": "LogFloats", "path": ["monitoring", "gpu_memory"], "values": [{"value": 2.145904541015625, "step": null, "ts": 1647328424.5207849}]}, "version": 38}
{"obj": {"type": "LogFloats", "path": ["network", "train_loss_pr_file"], "values": [{"value": 2.9381855010986326, "step": null, "ts": 1647328424.5928504}]}, "version": 39}
{"obj": {"type": "LogFloats", "path": ["network", "train_loss_pr_file"], "values": [{"value": 3.1203283071517944, "step": null, "ts": 1647328424.920148}]}, "version": 40}
{"obj": {"type": "LogFloats", "path": ["network", "train_loss_pr_file"], "values": [{"value": 2.6759195804595945, "step": null, "ts": 1647328425.6738365}]}, "version": 41}
{"obj": {"type": "LogFloats", "path": ["network", "train_loss_pr_file"], "values": [{"value": 3.058531403541565, "step": null, "ts": 1647328426.65774}]}, "version": 42}
{"obj": {"type": "LogFloats", "path": ["network", "train_loss_pr_file"], "values": [{"value": 2.6973630360194614, "step": null, "ts": 1647328427.8027816}]}, "version": 43}
{"obj": {"type": "LogFloats", "path": ["network", "train_loss_pr_file"], "values": [{"value": 3.0785855452219644, "step": null, "ts": 1647328428.7786684}]}, "version": 44}
{"obj": {"type": "LogFloats", "path": ["network", "train_loss_pr_file"], "values": [{"value": 2.5807698726654054, "step": null, "ts": 1647328429.5003247}]}, "version": 45}
{"obj": {"type": "LogStrings", "path": ["monitoring", "traceback"], "values": [{"value": "An uncaught exception occurred while run was active on worker DESKTOP-SDMAFDQ.", "step": null, "ts": 1647328429.7505522}, {"value": "Marking run as failed", "step": null, "ts": 1647328429.7505522}, {"value": "Traceback:", "step": null, "ts": 1647328429.7505522}, {"value": "  File \"C:\\Users\\Marc\\Documents\\GitHub\\Artefact-Rejection\\unet-training.py\", line 141, in <module>\n    train_loss.append(loss.item())\n", "step": null, "ts": 1647328429.7505522}, {"value": "", "step": null, "ts": 1647328429.7505522}]}, "version": 46}
{"obj": {"type": "AssignBool", "path": ["sys", "failed"], "value": true}, "version": 47}
{"obj": {"type": "LogStrings", "path": ["monitoring", "stderr"], "values": [{"value": "Traceback (most recent call last):\n", "step": null, "ts": 1647328429.751553}]}, "version": 48}
{"obj": {"type": "LogStrings", "path": ["monitoring", "stderr"], "values": [{"value": "  File \"C:\\Users\\Marc\\Documents\\GitHub\\Artefact-Rejection\\unet-training.py\", line 141, in <module>\n", "step": null, "ts": 1647328429.751553}]}, "version": 49}
{"obj": {"type": "LogStrings", "path": ["monitoring", "stderr"], "values": [{"value": "    ", "step": null, "ts": 1647328429.7525537}]}, "version": 50}
{"obj": {"type": "LogStrings", "path": ["monitoring", "stderr"], "values": [{"value": "train_loss.append(loss.item())", "step": null, "ts": 1647328429.7525537}]}, "version": 51}
{"obj": {"type": "LogStrings", "path": ["monitoring", "stderr"], "values": [{"value": "\n", "step": null, "ts": 1647328429.7525537}]}, "version": 52}
{"obj": {"type": "LogStrings", "path": ["monitoring", "stderr"], "values": [{"value": "KeyboardInterrupt", "step": null, "ts": 1647328429.7525537}]}, "version": 53}
{"obj": {"type": "LogStrings", "path": ["monitoring", "stderr"], "values": [{"value": "", "step": null, "ts": 1647328429.7525537}]}, "version": 54}
{"obj": {"type": "LogStrings", "path": ["monitoring", "stderr"], "values": [{"value": "\n", "step": null, "ts": 1647328429.7525537}]}, "version": 55}
