{"obj": {"type": "AssignString", "path": ["sys", "name"], "value": "Untitled"}, "version": 1}
{"obj": {"type": "AssignString", "path": ["sys", "description"], "value": ""}, "version": 2}
{"obj": {"type": "AssignString", "path": ["sys", "hostname"], "value": "DESKTOP-SDMAFDQ"}, "version": 3}
{"obj": {"type": "AssignBool", "path": ["sys", "failed"], "value": false}, "version": 4}
{"obj": {"type": "ClearStringLog", "path": ["monitoring", "stdout"]}, "version": 5}
{"obj": {"type": "ClearStringLog", "path": ["monitoring", "stderr"]}, "version": 6}
{"obj": {"type": "AssignString", "path": ["source_code", "entrypoint"], "value": "unet-training.py"}, "version": 7}
{"obj": {"type": "UploadFileSet", "path": ["source_code", "files"], "file_globs": ["C:\\Users\\Marc\\Documents\\GitHub\\Artefact-Rejection\\unet-training.py"], "reset": "False"}, "version": 8}
{"obj": {"type": "ConfigFloatSeries", "path": ["monitoring", "cpu"], "min": 0.0, "max": 100.0, "unit": "%"}, "version": 9}
{"obj": {"type": "ClearFloatLog", "path": ["monitoring", "cpu"]}, "version": 10}
{"obj": {"type": "ConfigFloatSeries", "path": ["monitoring", "memory"], "min": 0.0, "max": 15.387187957763672, "unit": "GB"}, "version": 11}
{"obj": {"type": "ClearFloatLog", "path": ["monitoring", "memory"]}, "version": 12}
{"obj": {"type": "ConfigFloatSeries", "path": ["monitoring", "gpu"], "min": 0.0, "max": 100.0, "unit": "%"}, "version": 13}
{"obj": {"type": "ClearFloatLog", "path": ["monitoring", "gpu"]}, "version": 14}
{"obj": {"type": "ConfigFloatSeries", "path": ["monitoring", "gpu_memory"], "min": 0.0, "max": 4.0, "unit": "GB"}, "version": 15}
{"obj": {"type": "ClearFloatLog", "path": ["monitoring", "gpu_memory"]}, "version": 16}
{"obj": {"type": "AssignString", "path": ["network", "parameters", "optimizer"], "value": "SGD"}, "version": 17}
{"obj": {"type": "AssignFloat", "path": ["network", "parameters", "optimizer_momentum"], "value": 0.9}, "version": 18}
{"obj": {"type": "AssignFloat", "path": ["network", "parameters", "optimizer_learning_rate"], "value": 0.1}, "version": 19}
{"obj": {"type": "AssignString", "path": ["network", "parameters", "loss_function"], "value": "CrossEntropyLoss"}, "version": 20}
{"obj": {"type": "AssignString", "path": ["network", "parameters", "loss_function_weights"], "value": "[1, 10]"}, "version": 21}
{"obj": {"type": "AssignString", "path": ["network", "parameters", "loss_function_reduction"], "value": "mean"}, "version": 22}
{"obj": {"type": "AssignString", "path": ["network", "parameters", "model"], "value": "Unet"}, "version": 23}
{"obj": {"type": "LogFloats", "path": ["monitoring", "cpu"], "values": [{"value": 4.6, "step": null, "ts": 1647273914.6084309}]}, "version": 24}
{"obj": {"type": "LogFloats", "path": ["monitoring", "memory"], "values": [{"value": 5.3798370361328125, "step": null, "ts": 1647273914.6084309}]}, "version": 25}
{"obj": {"type": "LogFloats", "path": ["monitoring", "gpu_memory"], "values": [{"value": 0.051025390625, "step": null, "ts": 1647273914.6084309}]}, "version": 26}
{"obj": {"type": "LogStrings", "path": ["monitoring", "stdout"], "values": [{"value": "Training epoch 0", "step": null, "ts": 1647273914.7259643}]}, "version": 27}
{"obj": {"type": "LogStrings", "path": ["monitoring", "stdout"], "values": [{"value": "\n", "step": null, "ts": 1647273914.7259643}]}, "version": 28}
{"obj": {"type": "LogFloats", "path": ["network", "train_loss"], "values": [{"value": 4.7124446630477905, "step": null, "ts": 1647273919.9298244}]}, "version": 29}
{"obj": {"type": "LogFloats", "path": ["network", "train_loss"], "values": [{"value": 2.740720844268799, "step": null, "ts": 1647273920.6749675}]}, "version": 30}
{"obj": {"type": "LogFloats", "path": ["network", "train_loss"], "values": [{"value": 1.313057814325605, "step": null, "ts": 1647273921.8145728}]}, "version": 31}
{"obj": {"type": "LogFloats", "path": ["network", "train_loss"], "values": [{"value": 2.2101719209126065, "step": null, "ts": 1647273922.935592}]}, "version": 32}
{"obj": {"type": "LogFloats", "path": ["network", "train_loss"], "values": [{"value": 1.313787579536438, "step": null, "ts": 1647273923.224855}]}, "version": 33}
{"obj": {"type": "LogFloats", "path": ["network", "train_loss"], "values": [{"value": 3.0950684547424316, "step": null, "ts": 1647273924.5542948}]}, "version": 34}
{"obj": {"type": "LogFloats", "path": ["monitoring", "cpu"], "values": [{"value": 31.8, "step": null, "ts": 1647273924.6313653}]}, "version": 35}
{"obj": {"type": "LogFloats", "path": ["monitoring", "memory"], "values": [{"value": 7.439018249511719, "step": null, "ts": 1647273924.6313653}]}, "version": 36}
{"obj": {"type": "LogFloats", "path": ["monitoring", "gpu"], "values": [{"value": 98.0, "step": null, "ts": 1647273924.6313653}]}, "version": 37}
{"obj": {"type": "LogFloats", "path": ["monitoring", "gpu_memory"], "values": [{"value": 2.145904541015625, "step": null, "ts": 1647273924.6313653}]}, "version": 38}
{"obj": {"type": "LogFloats", "path": ["network", "train_loss"], "values": [{"value": 2.7372687544141496, "step": null, "ts": 1647273925.6993372}]}, "version": 39}
{"obj": {"type": "LogFloats", "path": ["network", "train_loss"], "values": [{"value": 2.9070811612265453, "step": null, "ts": 1647273926.8398802}]}, "version": 40}
{"obj": {"type": "LogFloats", "path": ["network", "train_loss"], "values": [{"value": 3.1056888784681047, "step": null, "ts": 1647273927.956426}]}, "version": 41}
{"obj": {"type": "LogFloats", "path": ["network", "train_loss"], "values": [{"value": 1.5590262753622872, "step": null, "ts": 1647273929.08336}]}, "version": 42}
{"obj": {"type": "LogFloats", "path": ["network", "train_loss"], "values": [{"value": 2.9793979781014577, "step": null, "ts": 1647273930.198398}]}, "version": 43}
{"obj": {"type": "LogFloats", "path": ["network", "train_loss"], "values": [{"value": 3.1023251669747487, "step": null, "ts": 1647273931.277379}]}, "version": 44}
{"obj": {"type": "LogFloats", "path": ["network", "train_loss"], "values": [{"value": 3.049080491065979, "step": null, "ts": 1647273931.8899362}]}, "version": 45}
{"obj": {"type": "LogFloats", "path": ["network", "train_loss"], "values": [{"value": 2.9753976549421037, "step": null, "ts": 1647273933.0419836}]}, "version": 46}
{"obj": {"type": "LogFloats", "path": ["network", "train_loss"], "values": [{"value": 3.0954900979995728, "step": null, "ts": 1647273933.978836}]}, "version": 47}
{"obj": {"type": "LogFloats", "path": ["monitoring", "cpu"], "values": [{"value": 55.4, "step": null, "ts": 1647273934.6464424}]}, "version": 48}
{"obj": {"type": "LogFloats", "path": ["monitoring", "memory"], "values": [{"value": 7.870689392089844, "step": null, "ts": 1647273934.6464424}]}, "version": 49}
{"obj": {"type": "LogFloats", "path": ["monitoring", "gpu"], "values": [{"value": 96.0, "step": null, "ts": 1647273934.6464424}]}, "version": 50}
{"obj": {"type": "LogFloats", "path": ["monitoring", "gpu_memory"], "values": [{"value": 2.145904541015625, "step": null, "ts": 1647273934.6464424}]}, "version": 51}
{"obj": {"type": "LogFloats", "path": ["network", "train_loss"], "values": [{"value": 3.038589096069336, "step": null, "ts": 1647273934.7245138}]}, "version": 52}
{"obj": {"type": "LogFloats", "path": ["network", "train_loss"], "values": [{"value": 3.0998700857162476, "step": null, "ts": 1647273935.6361108}]}, "version": 53}
{"obj": {"type": "LogFloats", "path": ["network", "train_loss"], "values": [{"value": 3.085172585078648, "step": null, "ts": 1647273936.7996209}]}, "version": 54}
{"obj": {"type": "LogFloats", "path": ["network", "train_loss"], "values": [{"value": 2.651486873626709, "step": null, "ts": 1647273937.5578322}]}, "version": 55}
{"obj": {"type": "LogFloats", "path": ["network", "train_loss"], "values": [{"value": 3.1002098321914673, "step": null, "ts": 1647273938.5455358}]}, "version": 56}
{"obj": {"type": "LogFloats", "path": ["network", "train_loss"], "values": [{"value": 2.9537817001342774, "step": null, "ts": 1647273939.301697}]}, "version": 57}
{"obj": {"type": "LogFloats", "path": ["network", "train_loss"], "values": [{"value": 2.910453955332438, "step": null, "ts": 1647273940.2996047}]}, "version": 58}
{"obj": {"type": "LogFloats", "path": ["network", "train_loss"], "values": [{"value": 2.909402084350586, "step": null, "ts": 1647273941.0482848}]}, "version": 59}
{"obj": {"type": "LogFloats", "path": ["network", "train_loss"], "values": [{"value": 2.551915854215622, "step": null, "ts": 1647273941.604791}]}, "version": 60}
{"obj": {"type": "LogFloats", "path": ["network", "train_loss"], "values": [{"value": 3.0921379923820496, "step": null, "ts": 1647273942.2894142}]}, "version": 61}
{"obj": {"type": "LogFloats", "path": ["network", "train_loss"], "values": [{"value": 1.3664506844111852, "step": null, "ts": 1647273943.4264467}]}, "version": 62}
{"obj": {"type": "LogFloats", "path": ["network", "train_loss"], "values": [{"value": 2.9726015840257918, "step": null, "ts": 1647273944.5673134}]}, "version": 63}
{"obj": {"type": "LogFloats", "path": ["monitoring", "cpu"], "values": [{"value": 57.6, "step": null, "ts": 1647273944.6534212}]}, "version": 64}
{"obj": {"type": "LogFloats", "path": ["monitoring", "memory"], "values": [{"value": 7.597450256347656, "step": null, "ts": 1647273944.6534212}]}, "version": 65}
{"obj": {"type": "LogFloats", "path": ["monitoring", "gpu"], "values": [{"value": 98.0, "step": null, "ts": 1647273944.6534212}]}, "version": 66}
{"obj": {"type": "LogFloats", "path": ["monitoring", "gpu_memory"], "values": [{"value": 2.145904541015625, "step": null, "ts": 1647273944.6534212}]}, "version": 67}
{"obj": {"type": "LogFloats", "path": ["network", "train_loss"], "values": [{"value": 3.0982209273747037, "step": null, "ts": 1647273945.6970525}]}, "version": 68}
{"obj": {"type": "LogFloats", "path": ["network", "train_loss"], "values": [{"value": 2.638697181429182, "step": null, "ts": 1647273946.8081517}]}, "version": 69}
{"obj": {"type": "LogFloats", "path": ["network", "train_loss"], "values": [{"value": 3.0413184563318887, "step": null, "ts": 1647273947.826077}]}, "version": 70}
{"obj": {"type": "LogFloats", "path": ["network", "validation_loss"], "values": [{"value": 3.033306496483939, "step": null, "ts": 1647273948.3475513}]}, "version": 71}
{"obj": {"type": "LogFloats", "path": ["network", "validation_loss"], "values": [{"value": 2.930203778403146, "step": null, "ts": 1647273948.8750303}]}, "version": 72}
{"obj": {"type": "LogFloats", "path": ["network", "validation_loss"], "values": [{"value": 2.913109983716692, "step": null, "ts": 1647273949.7557893}]}, "version": 73}
{"obj": {"type": "LogFloats", "path": ["network", "validation_loss"], "values": [{"value": 2.624611330032349, "step": null, "ts": 1647273950.0500557}]}, "version": 74}
{"obj": {"type": "LogFloats", "path": ["network", "validation_loss"], "values": [{"value": 3.0690823793411255, "step": null, "ts": 1647273950.3263075}]}, "version": 75}
{"obj": {"type": "LogStrings", "path": ["monitoring", "stdout"], "values": [{"value": "Training epoch 1", "step": null, "ts": 1647273950.3263075}]}, "version": 76}
{"obj": {"type": "LogStrings", "path": ["monitoring", "stdout"], "values": [{"value": "\n", "step": null, "ts": 1647273950.3273082}]}, "version": 77}
{"obj": {"type": "LogFloats", "path": ["network", "train_loss"], "values": [{"value": 1.3837573528289795, "step": null, "ts": 1647273951.4112413}]}, "version": 78}
{"obj": {"type": "LogFloats", "path": ["network", "train_loss"], "values": [{"value": 2.7199055671691896, "step": null, "ts": 1647273952.181696}]}, "version": 79}
{"obj": {"type": "LogFloats", "path": ["network", "train_loss"], "values": [{"value": 3.0969137804848805, "step": null, "ts": 1647273953.383339}]}, "version": 80}
{"obj": {"type": "LogFloats", "path": ["network", "train_loss"], "values": [{"value": 1.3132611513137817, "step": null, "ts": 1647273953.6475792}]}, "version": 81}
{"obj": {"type": "LogFloats", "path": ["network", "train_loss"], "values": [{"value": 2.923215627670288, "step": null, "ts": 1647273954.364231}]}, "version": 82}
{"obj": {"type": "LogFloats", "path": ["monitoring", "cpu"], "values": [{"value": 57.0, "step": null, "ts": 1647273954.6655047}]}, "version": 83}
{"obj": {"type": "LogFloats", "path": ["monitoring", "memory"], "values": [{"value": 7.364692687988281, "step": null, "ts": 1647273954.6655047}]}, "version": 84}
{"obj": {"type": "LogFloats", "path": ["monitoring", "gpu"], "values": [{"value": 91.0, "step": null, "ts": 1647273954.6655047}]}, "version": 85}
{"obj": {"type": "LogFloats", "path": ["monitoring", "gpu_memory"], "values": [{"value": 3.448638916015625, "step": null, "ts": 1647273954.6655047}]}, "version": 86}
{"obj": {"type": "LogFloats", "path": ["network", "train_loss"], "values": [{"value": 3.1070013840993247, "step": null, "ts": 1647273955.272056}]}, "version": 87}
{"obj": {"type": "LogFloats", "path": ["network", "train_loss"], "values": [{"value": 2.580735504627228, "step": null, "ts": 1647273955.796533}]}, "version": 88}
{"obj": {"type": "LogFloats", "path": ["network", "train_loss"], "values": [{"value": 3.009772232600621, "step": null, "ts": 1647273956.8685074}]}, "version": 89}
{"obj": {"type": "LogFloats", "path": ["network", "train_loss"], "values": [{"value": 1.3132611002240862, "step": null, "ts": 1647273957.957498}]}, "version": 90}
{"obj": {"type": "LogFloats", "path": ["network", "train_loss"], "values": [{"value": 2.6999871049608504, "step": null, "ts": 1647273959.0493038}]}, "version": 91}
{"obj": {"type": "LogFloats", "path": ["network", "train_loss"], "values": [{"value": 3.007934331893921, "step": null, "ts": 1647273959.769699}]}, "version": 92}
{"obj": {"type": "LogFloats", "path": ["network", "train_loss"], "values": [{"value": 3.106762068612235, "step": null, "ts": 1647273960.85199}]}, "version": 93}
{"obj": {"type": "LogFloats", "path": ["network", "train_loss"], "values": [{"value": 3.0975546836853027, "step": null, "ts": 1647273961.831105}]}, "version": 94}
{"obj": {"type": "LogFloats", "path": ["network", "train_loss"], "values": [{"value": 3.091453492641449, "step": null, "ts": 1647273962.4776928}]}, "version": 95}
{"obj": {"type": "LogFloats", "path": ["network", "train_loss"], "values": [{"value": 3.097713073094686, "step": null, "ts": 1647273963.4535801}]}, "version": 96}
{"obj": {"type": "LogFloats", "path": ["network", "train_loss"], "values": [{"value": 2.938830784388951, "step": null, "ts": 1647273964.543571}]}, "version": 97}
{"obj": {"type": "LogFloats", "path": ["monitoring", "cpu"], "values": [{"value": 54.7, "step": null, "ts": 1647273964.680695}]}, "version": 98}
{"obj": {"type": "LogFloats", "path": ["monitoring", "memory"], "values": [{"value": 7.812061309814453, "step": null, "ts": 1647273964.680695}]}, "version": 99}
{"obj": {"type": "LogFloats", "path": ["monitoring", "gpu"], "values": [{"value": 85.0, "step": null, "ts": 1647273964.680695}]}, "version": 100}
{"obj": {"type": "LogFloats", "path": ["monitoring", "gpu_memory"], "values": [{"value": 3.448638916015625, "step": null, "ts": 1647273964.680695}]}, "version": 101}
{"obj": {"type": "LogFloats", "path": ["network", "train_loss"], "values": [{"value": 2.2297248670033047, "step": null, "ts": 1647273965.6245532}]}, "version": 102}
{"obj": {"type": "LogFloats", "path": ["network", "train_loss"], "values": [{"value": 2.650988851274763, "step": null, "ts": 1647273966.6958685}]}, "version": 103}
{"obj": {"type": "LogFloats", "path": ["network", "train_loss"], "values": [{"value": 3.0987555980682373, "step": null, "ts": 1647273967.6015785}]}, "version": 104}
{"obj": {"type": "LogFloats", "path": ["network", "train_loss"], "values": [{"value": 2.912891705830892, "step": null, "ts": 1647273968.5414972}]}, "version": 105}
{"obj": {"type": "LogFloats", "path": ["network", "train_loss"], "values": [{"value": 2.979327746800014, "step": null, "ts": 1647273969.625175}]}, "version": 106}
{"obj": {"type": "LogFloats", "path": ["network", "train_loss"], "values": [{"value": 3.079281806945801, "step": null, "ts": 1647273970.7031558}]}, "version": 107}
{"obj": {"type": "LogFloats", "path": ["network", "train_loss"], "values": [{"value": 3.105715649468558, "step": null, "ts": 1647273971.7821367}]}, "version": 108}
{"obj": {"type": "LogFloats", "path": ["network", "train_loss"], "values": [{"value": 3.0299695134162903, "step": null, "ts": 1647273972.4097066}]}, "version": 109}
{"obj": {"type": "LogFloats", "path": ["network", "train_loss"], "values": [{"value": 2.6479472637176515, "step": null, "ts": 1647273973.1243567}]}, "version": 110}
{"obj": {"type": "LogFloats", "path": ["network", "train_loss"], "values": [{"value": 3.0074991385142007, "step": null, "ts": 1647273974.1032474}]}, "version": 111}
{"obj": {"type": "LogFloats", "path": ["monitoring", "cpu"], "values": [{"value": 54.4, "step": null, "ts": 1647273974.6944385}]}, "version": 112}
{"obj": {"type": "LogFloats", "path": ["monitoring", "memory"], "values": [{"value": 7.157611846923828, "step": null, "ts": 1647273974.6944385}]}, "version": 113}
{"obj": {"type": "LogFloats", "path": ["monitoring", "gpu"], "values": [{"value": 98.0, "step": null, "ts": 1647273974.6944385}]}, "version": 114}
{"obj": {"type": "LogFloats", "path": ["monitoring", "gpu_memory"], "values": [{"value": 3.448638916015625, "step": null, "ts": 1647273974.6944385}]}, "version": 115}
{"obj": {"type": "LogFloats", "path": ["network", "train_loss"], "values": [{"value": 1.611125145639692, "step": null, "ts": 1647273975.1873364}]}, "version": 116}
{"obj": {"type": "LogFloats", "path": ["network", "train_loss"], "values": [{"value": 2.972132921218872, "step": null, "ts": 1647273976.265921}]}, "version": 117}
{"obj": {"type": "LogFloats", "path": ["network", "train_loss"], "values": [{"value": 3.1058346884591237, "step": null, "ts": 1647273977.3456447}]}, "version": 118}
{"obj": {"type": "LogFloats", "path": ["network", "train_loss"], "values": [{"value": 2.960960626602173, "step": null, "ts": 1647273978.0632975}]}, "version": 119}
{"obj": {"type": "LogFloats", "path": ["network", "validation_loss"], "values": [{"value": 3.055428385734558, "step": null, "ts": 1647273978.324534}]}, "version": 120}
{"obj": {"type": "LogFloats", "path": ["network", "validation_loss"], "values": [{"value": 2.877852133342198, "step": null, "ts": 1647273978.9691207}]}, "version": 121}
{"obj": {"type": "LogFloats", "path": ["network", "validation_loss"], "values": [{"value": 3.0009964534214566, "step": null, "ts": 1647273979.4105222}]}, "version": 122}
{"obj": {"type": "LogFloats", "path": ["network", "validation_loss"], "values": [{"value": 2.944404023034232, "step": null, "ts": 1647273979.864935}]}, "version": 123}
{"obj": {"type": "LogFloats", "path": ["network", "validation_loss"], "values": [{"value": 2.674373006820679, "step": null, "ts": 1647273980.1551993}]}, "version": 124}
{"obj": {"type": "LogStrings", "path": ["monitoring", "stdout"], "values": [{"value": "Training epoch 2", "step": null, "ts": 1647273980.1562002}]}, "version": 125}
{"obj": {"type": "LogStrings", "path": ["monitoring", "stdout"], "values": [{"value": "\n", "step": null, "ts": 1647273980.1562002}]}, "version": 126}
{"obj": {"type": "LogFloats", "path": ["network", "train_loss"], "values": [{"value": 3.1025060017903647, "step": null, "ts": 1647273981.068029}]}, "version": 127}
{"obj": {"type": "LogFloats", "path": ["network", "train_loss"], "values": [{"value": 2.971578427723476, "step": null, "ts": 1647273982.1555235}]}, "version": 128}
{"obj": {"type": "LogFloats", "path": ["network", "train_loss"], "values": [{"value": 3.025901953379313, "step": null, "ts": 1647273983.1364365}]}, "version": 129}
{"obj": {"type": "LogFloats", "path": ["network", "train_loss"], "values": [{"value": 1.3132611513137817, "step": null, "ts": 1647273983.4006193}]}, "version": 130}
{"obj": {"type": "LogFloats", "path": ["network", "train_loss"], "values": [{"value": 2.713695321764265, "step": null, "ts": 1647273984.4911988}]}, "version": 131}
{"obj": {"type": "LogFloats", "path": ["monitoring", "cpu"], "values": [{"value": 55.9, "step": null, "ts": 1647273984.7028198}]}, "version": 132}
{"obj": {"type": "LogFloats", "path": ["monitoring", "memory"], "values": [{"value": 8.047138214111328, "step": null, "ts": 1647273984.7028198}]}, "version": 133}
{"obj": {"type": "LogFloats", "path": ["monitoring", "gpu"], "values": [{"value": 74.0, "step": null, "ts": 1647273984.7028198}]}, "version": 134}
{"obj": {"type": "LogFloats", "path": ["monitoring", "gpu_memory"], "values": [{"value": 3.505279541015625, "step": null, "ts": 1647273984.7028198}]}, "version": 135}
{"obj": {"type": "LogFloats", "path": ["network", "train_loss"], "values": [{"value": 3.0984195981706892, "step": null, "ts": 1647273985.5707307}]}, "version": 136}
{"obj": {"type": "LogFloats", "path": ["network", "train_loss"], "values": [{"value": 1.577203597341265, "step": null, "ts": 1647273986.6547315}]}, "version": 137}
{"obj": {"type": "LogFloats", "path": ["network", "train_loss"], "values": [{"value": 2.1288298538752963, "step": null, "ts": 1647273987.734699}]}, "version": 138}
{"obj": {"type": "LogFloats", "path": ["network", "train_loss"], "values": [{"value": 3.101202686627706, "step": null, "ts": 1647273988.6465273}]}, "version": 139}
{"obj": {"type": "LogFloats", "path": ["network", "train_loss"], "values": [{"value": 3.0287285804748536, "step": null, "ts": 1647273989.3651812}]}, "version": 140}
{"obj": {"type": "LogFloats", "path": ["network", "train_loss"], "values": [{"value": 1.3132611513137817, "step": null, "ts": 1647273990.457573}]}, "version": 141}
{"obj": {"type": "LogFloats", "path": ["network", "train_loss"], "values": [{"value": 2.913725342069353, "step": null, "ts": 1647273991.549774}]}, "version": 142}
{"obj": {"type": "LogFloats", "path": ["network", "train_loss"], "values": [{"value": 2.9550280570983887, "step": null, "ts": 1647273992.2672253}]}, "version": 143}
{"obj": {"type": "LogFloats", "path": ["network", "train_loss"], "values": [{"value": 3.1093546663011824, "step": null, "ts": 1647273993.347104}]}, "version": 144}
{"obj": {"type": "LogFloats", "path": ["network", "train_loss"], "values": [{"value": 2.7289154529571533, "step": null, "ts": 1647273994.0647564}]}, "version": 145}
{"obj": {"type": "LogFloats", "path": ["monitoring", "cpu"], "values": [{"value": 56.1, "step": null, "ts": 1647273994.7183955}]}, "version": 146}
{"obj": {"type": "LogFloats", "path": ["monitoring", "memory"], "values": [{"value": 7.040306091308594, "step": null, "ts": 1647273994.7183955}]}, "version": 147}
{"obj": {"type": "LogFloats", "path": ["monitoring", "gpu"], "values": [{"value": 98.0, "step": null, "ts": 1647273994.7183955}]}, "version": 148}
{"obj": {"type": "LogFloats", "path": ["monitoring", "gpu_memory"], "values": [{"value": 3.505279541015625, "step": null, "ts": 1647273994.7183955}]}, "version": 149}
{"obj": {"type": "LogFloats", "path": ["network", "train_loss"], "values": [{"value": 3.075388397489275, "step": null, "ts": 1647273995.147742}]}, "version": 150}
{"obj": {"type": "LogFloats", "path": ["network", "train_loss"], "values": [{"value": 2.9735441548483714, "step": null, "ts": 1647273996.2307262}]}, "version": 151}
{"obj": {"type": "LogFloats", "path": ["network", "train_loss"], "values": [{"value": 3.0937371253967285, "step": null, "ts": 1647273997.4314337}]}, "version": 152}
{"obj": {"type": "LogFloats", "path": ["network", "train_loss"], "values": [{"value": 2.678530897412981, "step": null, "ts": 1647273998.5034556}]}, "version": 153}
{"obj": {"type": "LogFloats", "path": ["network", "train_loss"], "values": [{"value": 3.0148518766675676, "step": null, "ts": 1647273999.5796914}]}, "version": 154}
{"obj": {"type": "LogFloats", "path": ["network", "train_loss"], "values": [{"value": 3.105480949083964, "step": null, "ts": 1647274000.5627348}]}, "version": 155}
{"obj": {"type": "LogFloats", "path": ["network", "train_loss"], "values": [{"value": 3.0898778438568115, "step": null, "ts": 1647274001.215328}]}, "version": 156}
{"obj": {"type": "LogFloats", "path": ["network", "train_loss"], "values": [{"value": 3.09675399462382, "step": null, "ts": 1647274002.1982212}]}, "version": 157}
{"obj": {"type": "LogFloats", "path": ["network", "train_loss"], "values": [{"value": 1.3726900986262731, "step": null, "ts": 1647274003.288213}]}, "version": 158}
{"obj": {"type": "LogFloats", "path": ["network", "train_loss"], "values": [{"value": 3.0538511872291565, "step": null, "ts": 1647274003.8767476}]}, "version": 159}
{"obj": {"type": "LogFloats", "path": ["network", "train_loss"], "values": [{"value": 2.5661630034446716, "step": null, "ts": 1647274004.4042287}]}, "version": 160}
{"obj": {"type": "LogFloats", "path": ["monitoring", "cpu"], "values": [{"value": 55.9, "step": null, "ts": 1647274004.7335265}]}, "version": 161}
{"obj": {"type": "LogFloats", "path": ["monitoring", "memory"], "values": [{"value": 7.634510040283203, "step": null, "ts": 1647274004.7335265}]}, "version": 162}
{"obj": {"type": "LogFloats", "path": ["monitoring", "gpu"], "values": [{"value": 97.0, "step": null, "ts": 1647274004.7335265}]}, "version": 163}
{"obj": {"type": "LogFloats", "path": ["monitoring", "gpu_memory"], "values": [{"value": 3.505279541015625, "step": null, "ts": 1647274004.7335265}]}, "version": 164}
{"obj": {"type": "LogFloats", "path": ["network", "train_loss"], "values": [{"value": 2.9268967628479006, "step": null, "ts": 1647274005.1202588}]}, "version": 165}
{"obj": {"type": "LogFloats", "path": ["network", "train_loss"], "values": [{"value": 2.6344354152679443, "step": null, "ts": 1647274005.8401997}]}, "version": 166}
{"obj": {"type": "LogFloats", "path": ["network", "train_loss"], "values": [{"value": 2.885742743810018, "step": null, "ts": 1647274006.7921937}]}, "version": 167}
{"obj": {"type": "LogFloats", "path": ["network", "train_loss"], "values": [{"value": 3.1057584285736084, "step": null, "ts": 1647274007.8751295}]}, "version": 168}
{"obj": {"type": "LogFloats", "path": ["network", "validation_loss"], "values": [{"value": 3.0237877709524974, "step": null, "ts": 1647274008.3218956}]}, "version": 169}
{"obj": {"type": "LogFloats", "path": ["network", "validation_loss"], "values": [{"value": 2.6552148342132567, "step": null, "ts": 1647274008.6131601}]}, "version": 170}
{"obj": {"type": "LogFloats", "path": ["network", "validation_loss"], "values": [{"value": 2.9016223634992326, "step": null, "ts": 1647274009.2997837}]}, "version": 171}
{"obj": {"type": "LogFloats", "path": ["network", "validation_loss"], "values": [{"value": 3.050894260406494, "step": null, "ts": 1647274009.551012}]}, "version": 172}
{"obj": {"type": "LogFloats", "path": ["network", "validation_loss"], "values": [{"value": 2.897747959409441, "step": null, "ts": 1647274010.0074277}]}, "version": 173}
{"obj": {"type": "LogStrings", "path": ["monitoring", "stdout"], "values": [{"value": "Training epoch 3", "step": null, "ts": 1647274010.0074277}]}, "version": 174}
{"obj": {"type": "LogStrings", "path": ["monitoring", "stdout"], "values": [{"value": "\n", "step": null, "ts": 1647274010.0084283}]}, "version": 175}
{"obj": {"type": "LogFloats", "path": ["network", "train_loss"], "values": [{"value": 3.0578285455703735, "step": null, "ts": 1647274010.595962}]}, "version": 176}
{"obj": {"type": "LogFloats", "path": ["network", "train_loss"], "values": [{"value": 2.1953843661717007, "step": null, "ts": 1647274011.675944}]}, "version": 177}
{"obj": {"type": "LogFloats", "path": ["network", "train_loss"], "values": [{"value": 1.3132611002240862, "step": null, "ts": 1647274012.7643456}]}, "version": 178}
{"obj": {"type": "LogFloats", "path": ["network", "train_loss"], "values": [{"value": 2.542862445116043, "step": null, "ts": 1647274013.2892156}]}, "version": 179}
{"obj": {"type": "LogFloats", "path": ["network", "train_loss"], "values": [{"value": 2.9074969632284984, "step": null, "ts": 1647274014.3829455}]}, "version": 180}
{"obj": {"type": "LogFloats", "path": ["monitoring", "cpu"], "values": [{"value": 55.6, "step": null, "ts": 1647274014.7462807}]}, "version": 181}
{"obj": {"type": "LogFloats", "path": ["monitoring", "memory"], "values": [{"value": 7.647106170654297, "step": null, "ts": 1647274014.7462807}]}, "version": 182}
{"obj": {"type": "LogFloats", "path": ["monitoring", "gpu"], "values": [{"value": 98.0, "step": null, "ts": 1647274014.7462807}]}, "version": 183}
{"obj": {"type": "LogFloats", "path": ["monitoring", "gpu_memory"], "values": [{"value": 3.505279541015625, "step": null, "ts": 1647274014.7462807}]}, "version": 184}
{"obj": {"type": "LogFloats", "path": ["network", "train_loss"], "values": [{"value": 3.0971537828445435, "step": null, "ts": 1647274015.2954473}]}, "version": 185}
{"obj": {"type": "LogFloats", "path": ["network", "train_loss"], "values": [{"value": 2.6239645140511647, "step": null, "ts": 1647274016.3684235}]}, "version": 186}
{"obj": {"type": "LogFloats", "path": ["network", "train_loss"], "values": [{"value": 2.717435026168823, "step": null, "ts": 1647274017.0870767}]}, "version": 187}
{"obj": {"type": "LogFloats", "path": ["network", "train_loss"], "values": [{"value": 3.0154672861099243, "step": null, "ts": 1647274018.064965}]}, "version": 188}
{"obj": {"type": "LogFloats", "path": ["network", "train_loss"], "values": [{"value": 1.3132611513137817, "step": null, "ts": 1647274018.3312073}]}, "version": 189}
{"obj": {"type": "LogFloats", "path": ["network", "train_loss"], "values": [{"value": 3.101870139439901, "step": null, "ts": 1647274019.3100972}]}, "version": 190}
{"obj": {"type": "LogFloats", "path": ["network", "train_loss"], "values": [{"value": 2.6403665065765383, "step": null, "ts": 1647274020.026254}]}, "version": 191}
{"obj": {"type": "LogFloats", "path": ["network", "train_loss"], "values": [{"value": 2.6876499312264577, "step": null, "ts": 1647274021.1199589}]}, "version": 192}
{"obj": {"type": "LogFloats", "path": ["network", "train_loss"], "values": [{"value": 3.099022763116019, "step": null, "ts": 1647274022.2019875}]}, "version": 193}
{"obj": {"type": "LogFloats", "path": ["network", "train_loss"], "values": [{"value": 3.0841521195002963, "step": null, "ts": 1647274023.2852852}]}, "version": 194}
{"obj": {"type": "LogFloats", "path": ["network", "train_loss"], "values": [{"value": 1.5673009497778756, "step": null, "ts": 1647274024.3692703}]}, "version": 195}
{"obj": {"type": "LogFloats", "path": ["monitoring", "cpu"], "values": [{"value": 55.6, "step": null, "ts": 1647274024.7556214}]}, "version": 196}
{"obj": {"type": "LogFloats", "path": ["monitoring", "memory"], "values": [{"value": 8.060768127441406, "step": null, "ts": 1647274024.7556214}]}, "version": 197}
{"obj": {"type": "LogFloats", "path": ["monitoring", "gpu"], "values": [{"value": 98.0, "step": null, "ts": 1647274024.7556214}]}, "version": 198}
{"obj": {"type": "LogFloats", "path": ["monitoring", "gpu_memory"], "values": [{"value": 3.505279541015625, "step": null, "ts": 1647274024.7556214}]}, "version": 199}
{"obj": {"type": "LogFloats", "path": ["network", "train_loss"], "values": [{"value": 3.089163362979889, "step": null, "ts": 1647274025.0168593}]}, "version": 200}
{"obj": {"type": "LogFloats", "path": ["network", "train_loss"], "values": [{"value": 2.9093506733576455, "step": null, "ts": 1647274025.9617183}]}, "version": 201}
{"obj": {"type": "LogFloats", "path": ["network", "train_loss"], "values": [{"value": 1.3786134379250663, "step": null, "ts": 1647274027.044703}]}, "version": 202}
{"obj": {"type": "LogFloats", "path": ["network", "train_loss"], "values": [{"value": 3.0152517318725587, "step": null, "ts": 1647274027.7633564}]}, "version": 203}
{"obj": {"type": "LogFloats", "path": ["network", "train_loss"], "values": [{"value": 3.002894026892526, "step": null, "ts": 1647274028.853994}]}, "version": 204}
{"obj": {"type": "LogFloats", "path": ["network", "train_loss"], "values": [{"value": 2.9998681204659596, "step": null, "ts": 1647274029.9379377}]}, "version": 205}
{"obj": {"type": "LogFloats", "path": ["network", "train_loss"], "values": [{"value": 3.098656858716692, "step": null, "ts": 1647274031.0189726}]}, "version": 206}
{"obj": {"type": "LogFloats", "path": ["network", "train_loss"], "values": [{"value": 3.1039091518947055, "step": null, "ts": 1647274032.0987043}]}, "version": 207}
{"obj": {"type": "LogFloats", "path": ["network", "train_loss"], "values": [{"value": 3.100629840578352, "step": null, "ts": 1647274033.3058026}]}, "version": 208}
{"obj": {"type": "LogFloats", "path": ["network", "train_loss"], "values": [{"value": 3.0969232320785522, "step": null, "ts": 1647274034.2196329}]}, "version": 209}
{"obj": {"type": "LogFloats", "path": ["monitoring", "cpu"], "values": [{"value": 56.2, "step": null, "ts": 1647274034.772135}]}, "version": 210}
{"obj": {"type": "LogFloats", "path": ["monitoring", "memory"], "values": [{"value": 7.707305908203125, "step": null, "ts": 1647274034.772135}]}, "version": 211}
{"obj": {"type": "LogFloats", "path": ["monitoring", "gpu"], "values": [{"value": 97.0, "step": null, "ts": 1647274034.772135}]}, "version": 212}
{"obj": {"type": "LogFloats", "path": ["monitoring", "gpu_memory"], "values": [{"value": 3.505279541015625, "step": null, "ts": 1647274034.772135}]}, "version": 213}
{"obj": {"type": "LogFloats", "path": ["network", "train_loss"], "values": [{"value": 3.0953774452209473, "step": null, "ts": 1647274035.1985228}]}, "version": 214}
{"obj": {"type": "LogFloats", "path": ["network", "train_loss"], "values": [{"value": 2.9218374252319337, "step": null, "ts": 1647274035.9141736}]}, "version": 215}
{"obj": {"type": "LogFloats", "path": ["network", "train_loss"], "values": [{"value": 2.9644296850476946, "step": null, "ts": 1647274036.994454}]}, "version": 216}
{"obj": {"type": "LogFloats", "path": ["network", "train_loss"], "values": [{"value": 2.9321244239807127, "step": null, "ts": 1647274037.710052}]}, "version": 217}
{"obj": {"type": "LogFloats", "path": ["network", "validation_loss"], "values": [{"value": 2.647494173049927, "step": null, "ts": 1647274038.0030715}]}, "version": 218}
{"obj": {"type": "LogFloats", "path": ["network", "validation_loss"], "values": [{"value": 2.9051481315067837, "step": null, "ts": 1647274038.4565628}]}, "version": 219}
{"obj": {"type": "LogFloats", "path": ["network", "validation_loss"], "values": [{"value": 3.06876802444458, "step": null, "ts": 1647274038.7067904}]}, "version": 220}
{"obj": {"type": "LogFloats", "path": ["network", "validation_loss"], "values": [{"value": 2.857377086366926, "step": null, "ts": 1647274039.352902}]}, "version": 221}
{"obj": {"type": "LogFloats", "path": ["network", "validation_loss"], "values": [{"value": 3.0444725922175815, "step": null, "ts": 1647274039.789295}]}, "version": 222}
{"obj": {"type": "LogStrings", "path": ["monitoring", "stdout"], "values": [{"value": "Training epoch 4", "step": null, "ts": 1647274039.7902956}]}, "version": 223}
{"obj": {"type": "LogStrings", "path": ["monitoring", "stdout"], "values": [{"value": "\n", "step": null, "ts": 1647274039.7902956}]}, "version": 224}
{"obj": {"type": "LogFloats", "path": ["network", "train_loss"], "values": [{"value": 1.3603451422282629, "step": null, "ts": 1647274040.867216}]}, "version": 225}
{"obj": {"type": "LogFloats", "path": ["network", "train_loss"], "values": [{"value": 3.087930679321289, "step": null, "ts": 1647274042.0657494}]}, "version": 226}
{"obj": {"type": "LogFloats", "path": ["network", "train_loss"], "values": [{"value": 3.096451918284098, "step": null, "ts": 1647274042.975577}]}, "version": 227}
{"obj": {"type": "LogFloats", "path": ["network", "train_loss"], "values": [{"value": 1.3132611172539848, "step": null, "ts": 1647274044.0575607}]}, "version": 228}
{"obj": {"type": "LogFloats", "path": ["monitoring", "cpu"], "values": [{"value": 57.1, "step": null, "ts": 1647274044.7826006}]}, "version": 229}
{"obj": {"type": "LogFloats", "path": ["monitoring", "memory"], "values": [{"value": 8.887428283691406, "step": null, "ts": 1647274044.7826006}]}, "version": 230}
{"obj": {"type": "LogFloats", "path": ["monitoring", "gpu"], "values": [{"value": 96.0, "step": null, "ts": 1647274044.7826006}]}, "version": 231}
{"obj": {"type": "LogFloats", "path": ["monitoring", "gpu_memory"], "values": [{"value": 3.561920166015625, "step": null, "ts": 1647274044.7826006}]}, "version": 232}
{"obj": {"type": "LogFloats", "path": ["network", "train_loss"], "values": [{"value": 2.9730236870901927, "step": null, "ts": 1647274045.1340525}]}, "version": 233}
{"obj": {"type": "LogFloats", "path": ["network", "train_loss"], "values": [{"value": 2.9583972930908202, "step": null, "ts": 1647274045.8537624}]}, "version": 234}
{"obj": {"type": "LogFloats", "path": ["network", "train_loss"], "values": [{"value": 3.1048391262690225, "step": null, "ts": 1647274046.7687342}]}, "version": 235}
{"obj": {"type": "LogFloats", "path": ["network", "train_loss"], "values": [{"value": 3.106311185019357, "step": null, "ts": 1647274047.8687794}]}, "version": 236}
{"obj": {"type": "LogFloats", "path": ["network", "train_loss"], "values": [{"value": 3.084969162940979, "step": null, "ts": 1647274048.5243754}]}, "version": 237}
{"obj": {"type": "LogFloats", "path": ["network", "train_loss"], "values": [{"value": 2.976880590120951, "step": null, "ts": 1647274049.5212817}]}, "version": 238}
{"obj": {"type": "LogFloats", "path": ["network", "train_loss"], "values": [{"value": 2.628429957798549, "step": null, "ts": 1647274050.6673257}]}, "version": 239}
{"obj": {"type": "LogFloats", "path": ["network", "train_loss"], "values": [{"value": 2.9935121059417726, "step": null, "ts": 1647274051.3999898}]}, "version": 240}
{"obj": {"type": "LogFloats", "path": ["network", "train_loss"], "values": [{"value": 3.1007635593414307, "step": null, "ts": 1647274052.482052}]}, "version": 241}
{"obj": {"type": "LogFloats", "path": ["network", "train_loss"], "values": [{"value": 2.8687355518341064, "step": null, "ts": 1647274053.5780733}]}, "version": 242}
{"obj": {"type": "LogFloats", "path": ["network", "train_loss"], "values": [{"value": 2.8016272272382463, "step": null, "ts": 1647274054.6708987}]}, "version": 243}
{"obj": {"type": "LogFloats", "path": ["monitoring", "cpu"], "values": [{"value": 68.5, "step": null, "ts": 1647274054.7980142}]}, "version": 244}
{"obj": {"type": "LogFloats", "path": ["monitoring", "memory"], "values": [{"value": 8.634445190429688, "step": null, "ts": 1647274054.7980142}]}, "version": 245}
{"obj": {"type": "LogFloats", "path": ["monitoring", "gpu"], "values": [{"value": 76.0, "step": null, "ts": 1647274054.7980142}]}, "version": 246}
{"obj": {"type": "LogFloats", "path": ["monitoring", "gpu_memory"], "values": [{"value": 3.561920166015625, "step": null, "ts": 1647274054.7980142}]}, "version": 247}
{"obj": {"type": "LogFloats", "path": ["network", "train_loss"], "values": [{"value": 3.0235726152147566, "step": null, "ts": 1647274056.1342292}]}, "version": 248}
{"obj": {"type": "LogFloats", "path": ["network", "train_loss"], "values": [{"value": 2.9604930196489607, "step": null, "ts": 1647274057.2272227}]}, "version": 249}
{"obj": {"type": "LogFloats", "path": ["network", "train_loss"], "values": [{"value": 2.6615413665771483, "step": null, "ts": 1647274057.9438744}]}, "version": 250}
{"obj": {"type": "LogFloats", "path": ["network", "train_loss"], "values": [{"value": 1.321140170097351, "step": null, "ts": 1647274058.2081144}]}, "version": 251}
{"obj": {"type": "LogFloats", "path": ["network", "train_loss"], "values": [{"value": 2.7289764881134033, "step": null, "ts": 1647274058.9216805}]}, "version": 252}
{"obj": {"type": "LogFloats", "path": ["network", "train_loss"], "values": [{"value": 2.921433162689209, "step": null, "ts": 1647274059.635156}]}, "version": 253}
{"obj": {"type": "LogFloats", "path": ["network", "train_loss"], "values": [{"value": 2.581657260656357, "step": null, "ts": 1647274060.1585836}]}, "version": 254}
{"obj": {"type": "LogFloats", "path": ["network", "train_loss"], "values": [{"value": 3.097170909245809, "step": null, "ts": 1647274061.138907}]}, "version": 255}
{"obj": {"type": "LogFloats", "path": ["network", "train_loss"], "values": [{"value": 2.9646033445994058, "step": null, "ts": 1647274062.0783317}]}, "version": 256}
{"obj": {"type": "LogFloats", "path": ["network", "train_loss"], "values": [{"value": 1.5796950204031808, "step": null, "ts": 1647274063.1553109}]}, "version": 257}
{"obj": {"type": "LogFloats", "path": ["network", "train_loss"], "values": [{"value": 3.0233535766601562, "step": null, "ts": 1647274063.7448468}]}, "version": 258}
{"obj": {"type": "LogFloats", "path": ["monitoring", "cpu"], "values": [{"value": 59.3, "step": null, "ts": 1647274064.8148196}]}, "version": 259}
{"obj": {"type": "LogFloats", "path": ["monitoring", "memory"], "values": [{"value": 8.95538330078125, "step": null, "ts": 1647274064.8148196}]}, "version": 260}
{"obj": {"type": "LogFloats", "path": ["monitoring", "gpu"], "values": [{"value": 98.0, "step": null, "ts": 1647274064.8148196}]}, "version": 261}
{"obj": {"type": "LogFloats", "path": ["monitoring", "gpu_memory"], "values": [{"value": 3.561920166015625, "step": null, "ts": 1647274064.8148196}]}, "version": 262}
{"obj": {"type": "LogFloats", "path": ["network", "train_loss"], "values": [{"value": 3.0721354484558105, "step": null, "ts": 1647274064.8218262}]}, "version": 263}
{"obj": {"type": "LogFloats", "path": ["network", "train_loss"], "values": [{"value": 2.0614754813058034, "step": null, "ts": 1647274065.8988051}]}, "version": 264}
{"obj": {"type": "LogFloats", "path": ["network", "train_loss"], "values": [{"value": 3.105739951133728, "step": null, "ts": 1647274066.8756936}]}, "version": 265}
{"obj": {"type": "LogFloats", "path": ["network", "train_loss"], "values": [{"value": 3.094030891145979, "step": null, "ts": 1647274067.9543095}]}, "version": 266}
{"obj": {"type": "LogFloats", "path": ["network", "validation_loss"], "values": [{"value": 2.6612035274505614, "step": null, "ts": 1647274068.2414556}]}, "version": 267}
{"obj": {"type": "LogFloats", "path": ["network", "validation_loss"], "values": [{"value": 3.047713722501482, "step": null, "ts": 1647274068.6766798}]}, "version": 268}
{"obj": {"type": "LogFloats", "path": ["network", "validation_loss"], "values": [{"value": 2.9085173266274587, "step": null, "ts": 1647274069.1240869}]}, "version": 269}
{"obj": {"type": "LogFloats", "path": ["network", "validation_loss"], "values": [{"value": 2.8528661046709334, "step": null, "ts": 1647274069.7585502}]}, "version": 270}
{"obj": {"type": "LogFloats", "path": ["network", "validation_loss"], "values": [{"value": 3.0584853887557983, "step": null, "ts": 1647274070.0037735}]}, "version": 271}
{"obj": {"type": "LogStrings", "path": ["monitoring", "stdout"], "values": [{"value": "Training epoch 5", "step": null, "ts": 1647274070.0037735}]}, "version": 272}
{"obj": {"type": "LogStrings", "path": ["monitoring", "stdout"], "values": [{"value": "\n", "step": null, "ts": 1647274070.0037735}]}, "version": 273}
{"obj": {"type": "LogFloats", "path": ["network", "train_loss"], "values": [{"value": 2.6457205295562742, "step": null, "ts": 1647274070.7784777}]}, "version": 274}
{"obj": {"type": "LogFloats", "path": ["network", "train_loss"], "values": [{"value": 3.0841709971427917, "step": null, "ts": 1647274071.4230638}]}, "version": 275}
{"obj": {"type": "LogFloats", "path": ["network", "train_loss"], "values": [{"value": 1.326216995716095, "step": null, "ts": 1647274071.6863024}]}, "version": 276}
{"obj": {"type": "LogFloats", "path": ["network", "train_loss"], "values": [{"value": 3.0422207713127136, "step": null, "ts": 1647274072.2698333}]}, "version": 277}
{"obj": {"type": "LogFloats", "path": ["network", "train_loss"], "values": [{"value": 2.9612983635493686, "step": null, "ts": 1647274073.3508162}]}, "version": 278}
{"obj": {"type": "LogFloats", "path": ["network", "train_loss"], "values": [{"value": 3.102242390314738, "step": null, "ts": 1647274074.3272061}]}, "version": 279}
{"obj": {"type": "LogFloats", "path": ["monitoring", "cpu"], "values": [{"value": 53.1, "step": null, "ts": 1647274074.8264027}]}, "version": 280}
{"obj": {"type": "LogFloats", "path": ["monitoring", "memory"], "values": [{"value": 8.510414123535156, "step": null, "ts": 1647274074.8264027}]}, "version": 281}
{"obj": {"type": "LogFloats", "path": ["monitoring", "gpu"], "values": [{"value": 98.0, "step": null, "ts": 1647274074.8264027}]}, "version": 282}
{"obj": {"type": "LogFloats", "path": ["monitoring", "gpu_memory"], "values": [{"value": 3.561920166015625, "step": null, "ts": 1647274074.8264027}]}, "version": 283}
{"obj": {"type": "LogFloats", "path": ["network", "train_loss"], "values": [{"value": 2.199083243097578, "step": null, "ts": 1647274075.4042125}]}, "version": 284}
{"obj": {"type": "LogFloats", "path": ["network", "train_loss"], "values": [{"value": 2.918427515029907, "step": null, "ts": 1647274076.1198907}]}, "version": 285}
{"obj": {"type": "LogFloats", "path": ["network", "train_loss"], "values": [{"value": 3.065174409321376, "step": null, "ts": 1647274077.1932466}]}, "version": 286}
{"obj": {"type": "LogFloats", "path": ["network", "train_loss"], "values": [{"value": 2.901470184326172, "step": null, "ts": 1647274078.1320999}]}, "version": 287}
{"obj": {"type": "LogFloats", "path": ["network", "train_loss"], "values": [{"value": 3.103768757411412, "step": null, "ts": 1647274079.21008}]}, "version": 288}
{"obj": {"type": "LogFloats", "path": ["network", "train_loss"], "values": [{"value": 3.1101361513137817, "step": null, "ts": 1647274080.1139016}]}, "version": 289}
{"obj": {"type": "LogFloats", "path": ["network", "train_loss"], "values": [{"value": 2.5638984739780426, "step": null, "ts": 1647274080.6373777}]}, "version": 290}
{"obj": {"type": "LogFloats", "path": ["network", "train_loss"], "values": [{"value": 3.097818891207377, "step": null, "ts": 1647274081.6122646}]}, "version": 291}
{"obj": {"type": "LogFloats", "path": ["network", "train_loss"], "values": [{"value": 2.961613130569458, "step": null, "ts": 1647274082.3273933}]}, "version": 292}
{"obj": {"type": "LogFloats", "path": ["network", "train_loss"], "values": [{"value": 2.83040383883885, "step": null, "ts": 1647274083.417541}]}, "version": 293}
{"obj": {"type": "LogFloats", "path": ["network", "train_loss"], "values": [{"value": 2.995094435555594, "step": null, "ts": 1647274084.4900975}]}, "version": 294}
{"obj": {"type": "LogFloats", "path": ["monitoring", "cpu"], "values": [{"value": 51.8, "step": null, "ts": 1647274084.8322217}]}, "version": 295}
{"obj": {"type": "LogFloats", "path": ["monitoring", "memory"], "values": [{"value": 8.932640075683594, "step": null, "ts": 1647274084.8322217}]}, "version": 296}
{"obj": {"type": "LogFloats", "path": ["monitoring", "gpu"], "values": [{"value": 98.0, "step": null, "ts": 1647274084.8322217}]}, "version": 297}
{"obj": {"type": "LogFloats", "path": ["monitoring", "gpu_memory"], "values": [{"value": 3.561920166015625, "step": null, "ts": 1647274084.8322217}]}, "version": 298}
{"obj": {"type": "LogFloats", "path": ["network", "train_loss"], "values": [{"value": 1.385474443435669, "step": null, "ts": 1647274085.569892}]}, "version": 299}
{"obj": {"type": "LogFloats", "path": ["network", "train_loss"], "values": [{"value": 3.1104399136134555, "step": null, "ts": 1647274086.6438684}]}, "version": 300}
{"obj": {"type": "LogFloats", "path": ["network", "train_loss"], "values": [{"value": 1.5525824853352137, "step": null, "ts": 1647274087.7198472}]}, "version": 301}
{"obj": {"type": "LogFloats", "path": ["network", "train_loss"], "values": [{"value": 3.0989810625712075, "step": null, "ts": 1647274088.6246698}]}, "version": 302}
{"obj": {"type": "LogFloats", "path": ["network", "train_loss"], "values": [{"value": 2.952075583594186, "step": null, "ts": 1647274089.7112513}]}, "version": 303}
{"obj": {"type": "LogFloats", "path": ["network", "train_loss"], "values": [{"value": 2.9717687606811523, "step": null, "ts": 1647274090.4259002}]}, "version": 304}
{"obj": {"type": "LogFloats", "path": ["network", "train_loss"], "values": [{"value": 1.3132611342838831, "step": null, "ts": 1647274091.5070217}]}, "version": 305}
{"obj": {"type": "LogFloats", "path": ["network", "train_loss"], "values": [{"value": 3.088043246950422, "step": null, "ts": 1647274092.6914256}]}, "version": 306}
{"obj": {"type": "LogFloats", "path": ["network", "train_loss"], "values": [{"value": 2.6249955041067943, "step": null, "ts": 1647274093.7613983}]}, "version": 307}
{"obj": {"type": "LogFloats", "path": ["network", "train_loss"], "values": [{"value": 3.014943838119507, "step": null, "ts": 1647274094.7372854}]}, "version": 308}
{"obj": {"type": "LogFloats", "path": ["monitoring", "cpu"], "values": [{"value": 51.8, "step": null, "ts": 1647274094.8483865}]}, "version": 309}
{"obj": {"type": "LogFloats", "path": ["monitoring", "memory"], "values": [{"value": 8.589202880859375, "step": null, "ts": 1647274094.8483865}]}, "version": 310}
{"obj": {"type": "LogFloats", "path": ["monitoring", "gpu"], "values": [{"value": 77.0, "step": null, "ts": 1647274094.8483865}]}, "version": 311}
{"obj": {"type": "LogFloats", "path": ["monitoring", "gpu_memory"], "values": [{"value": 3.561920166015625, "step": null, "ts": 1647274094.8483865}]}, "version": 312}
{"obj": {"type": "LogFloats", "path": ["network", "train_loss"], "values": [{"value": 3.102411542619978, "step": null, "ts": 1647274095.8102615}]}, "version": 313}
{"obj": {"type": "LogFloats", "path": ["network", "train_loss"], "values": [{"value": 2.709019088745117, "step": null, "ts": 1647274096.524572}]}, "version": 314}
{"obj": {"type": "LogFloats", "path": ["network", "train_loss"], "values": [{"value": 2.98289806502206, "step": null, "ts": 1647274097.5986462}]}, "version": 315}
{"obj": {"type": "LogFloats", "path": ["network", "validation_loss"], "values": [{"value": 2.667750930786133, "step": null, "ts": 1647274097.8831809}]}, "version": 316}
{"obj": {"type": "LogFloats", "path": ["network", "validation_loss"], "values": [{"value": 2.8713107790265764, "step": null, "ts": 1647274098.5058148}]}, "version": 317}
{"obj": {"type": "LogFloats", "path": ["network", "validation_loss"], "values": [{"value": 3.0077289172581265, "step": null, "ts": 1647274098.9432154}]}, "version": 318}
{"obj": {"type": "LogFloats", "path": ["network", "validation_loss"], "values": [{"value": 3.07464462518692, "step": null, "ts": 1647274099.190671}]}, "version": 319}
{"obj": {"type": "LogFloats", "path": ["network", "validation_loss"], "values": [{"value": 2.8991637570517406, "step": null, "ts": 1647274099.6410465}]}, "version": 320}
{"obj": {"type": "LogStrings", "path": ["monitoring", "stdout"], "values": [{"value": "Training epoch 6", "step": null, "ts": 1647274099.6410465}]}, "version": 321}
{"obj": {"type": "LogStrings", "path": ["monitoring", "stdout"], "values": [{"value": "\n", "step": null, "ts": 1647274099.6410465}]}, "version": 322}
{"obj": {"type": "LogFloats", "path": ["network", "train_loss"], "values": [{"value": 1.5754329817635673, "step": null, "ts": 1647274100.7203264}]}, "version": 323}
{"obj": {"type": "LogFloats", "path": ["network", "train_loss"], "values": [{"value": 2.691121816635132, "step": null, "ts": 1647274101.434976}]}, "version": 324}
{"obj": {"type": "LogFloats", "path": ["network", "train_loss"], "values": [{"value": 2.928865098953247, "step": null, "ts": 1647274102.1496258}]}, "version": 325}
{"obj": {"type": "LogFloats", "path": ["network", "train_loss"], "values": [{"value": 2.640541505813599, "step": null, "ts": 1647274102.8652763}]}, "version": 326}
{"obj": {"type": "LogFloats", "path": ["network", "train_loss"], "values": [{"value": 3.0088165283203123, "step": null, "ts": 1647274103.5809267}]}, "version": 327}
{"obj": {"type": "LogFloats", "path": ["network", "train_loss"], "values": [{"value": 2.569588005542755, "step": null, "ts": 1647274104.1044028}]}, "version": 328}
{"obj": {"type": "LogFloats", "path": ["monitoring", "cpu"], "values": [{"value": 52.2, "step": null, "ts": 1647274104.8574734}]}, "version": 329}
{"obj": {"type": "LogFloats", "path": ["monitoring", "memory"], "values": [{"value": 9.376323699951172, "step": null, "ts": 1647274104.8574734}]}, "version": 330}
{"obj": {"type": "LogFloats", "path": ["monitoring", "gpu"], "values": [{"value": 98.0, "step": null, "ts": 1647274104.8574734}]}, "version": 331}
{"obj": {"type": "LogFloats", "path": ["monitoring", "gpu_memory"], "values": [{"value": 3.561920166015625, "step": null, "ts": 1647274104.8574734}]}, "version": 332}
{"obj": {"type": "LogFloats", "path": ["network", "train_loss"], "values": [{"value": 3.102303845541818, "step": null, "ts": 1647274105.1819043}]}, "version": 333}
{"obj": {"type": "LogFloats", "path": ["network", "train_loss"], "values": [{"value": 3.029815753300985, "step": null, "ts": 1647274106.157489}]}, "version": 334}
{"obj": {"type": "LogFloats", "path": ["network", "train_loss"], "values": [{"value": 2.6323440756116594, "step": null, "ts": 1647274107.2264867}]}, "version": 335}
{"obj": {"type": "LogFloats", "path": ["network", "train_loss"], "values": [{"value": 2.9699883460998535, "step": null, "ts": 1647274108.3479865}]}, "version": 336}
{"obj": {"type": "LogFloats", "path": ["network", "train_loss"], "values": [{"value": 2.979748214994158, "step": null, "ts": 1647274109.4249651}]}, "version": 337}
{"obj": {"type": "LogFloats", "path": ["network", "train_loss"], "values": [{"value": 3.0866044759750366, "step": null, "ts": 1647274110.0735555}]}, "version": 338}
{"obj": {"type": "LogFloats", "path": ["network", "train_loss"], "values": [{"value": 1.3132611172539848, "step": null, "ts": 1647274111.155539}]}, "version": 339}
{"obj": {"type": "LogFloats", "path": ["network", "train_loss"], "values": [{"value": 2.9214713096618654, "step": null, "ts": 1647274111.8711889}]}, "version": 340}
{"obj": {"type": "LogFloats", "path": ["network", "train_loss"], "values": [{"value": 2.651857955115182, "step": null, "ts": 1647274112.9593732}]}, "version": 341}
{"obj": {"type": "LogFloats", "path": ["network", "train_loss"], "values": [{"value": 3.0769569533211842, "step": null, "ts": 1647274114.1493812}]}, "version": 342}
{"obj": {"type": "LogFloats", "path": ["monitoring", "cpu"], "values": [{"value": 52.3, "step": null, "ts": 1647274114.8640304}]}, "version": 343}
{"obj": {"type": "LogFloats", "path": ["monitoring", "memory"], "values": [{"value": 9.011032104492188, "step": null, "ts": 1647274114.8640304}]}, "version": 344}
{"obj": {"type": "LogFloats", "path": ["monitoring", "gpu"], "values": [{"value": 98.0, "step": null, "ts": 1647274114.8640304}]}, "version": 345}
{"obj": {"type": "LogFloats", "path": ["monitoring", "gpu_memory"], "values": [{"value": 3.561920166015625, "step": null, "ts": 1647274114.8640304}]}, "version": 346}
{"obj": {"type": "LogFloats", "path": ["network", "train_loss"], "values": [{"value": 2.8959407465798512, "step": null, "ts": 1647274115.230408}]}, "version": 347}
{"obj": {"type": "LogFloats", "path": ["network", "train_loss"], "values": [{"value": 3.055958926677704, "step": null, "ts": 1647274115.8171668}]}, "version": 348}
{"obj": {"type": "LogFloats", "path": ["network", "train_loss"], "values": [{"value": 3.097073554992676, "step": null, "ts": 1647274116.724993}]}, "version": 349}
{"obj": {"type": "LogFloats", "path": ["network", "train_loss"], "values": [{"value": 1.3132611513137817, "step": null, "ts": 1647274116.9882317}]}, "version": 350}
{"obj": {"type": "LogFloats", "path": ["network", "train_loss"], "values": [{"value": 3.09963059425354, "step": null, "ts": 1647274117.9721262}]}, "version": 351}
{"obj": {"type": "LogFloats", "path": ["network", "train_loss"], "values": [{"value": 3.1009893814722695, "step": null, "ts": 1647274118.9550197}]}, "version": 352}
{"obj": {"type": "LogFloats", "path": ["network", "train_loss"], "values": [{"value": 2.302901642663138, "step": null, "ts": 1647274120.0319989}]}, "version": 353}
{"obj": {"type": "LogFloats", "path": ["network", "train_loss"], "values": [{"value": 3.1072422436305454, "step": null, "ts": 1647274121.106482}]}, "version": 354}
{"obj": {"type": "LogFloats", "path": ["network", "train_loss"], "values": [{"value": 3.1055113077163696, "step": null, "ts": 1647274122.0142403}]}, "version": 355}
{"obj": {"type": "LogFloats", "path": ["network", "train_loss"], "values": [{"value": 2.9085610707600913, "step": null, "ts": 1647274122.9552696}]}, "version": 356}
{"obj": {"type": "LogFloats", "path": ["network", "train_loss"], "values": [{"value": 3.1063505581447055, "step": null, "ts": 1647274124.034415}]}, "version": 357}
{"obj": {"type": "LogFloats", "path": ["monitoring", "cpu"], "values": [{"value": 58.2, "step": null, "ts": 1647274124.8731859}]}, "version": 358}
{"obj": {"type": "LogFloats", "path": ["monitoring", "memory"], "values": [{"value": 8.842838287353516, "step": null, "ts": 1647274124.8731859}]}, "version": 359}
{"obj": {"type": "LogFloats", "path": ["monitoring", "gpu"], "values": [{"value": 97.0, "step": null, "ts": 1647274124.8731859}]}, "version": 360}
{"obj": {"type": "LogFloats", "path": ["monitoring", "gpu_memory"], "values": [{"value": 3.561920166015625, "step": null, "ts": 1647274124.8731859}]}, "version": 361}
{"obj": {"type": "LogFloats", "path": ["network", "train_loss"], "values": [{"value": 1.3637650523866927, "step": null, "ts": 1647274125.1204104}]}, "version": 362}
{"obj": {"type": "LogFloats", "path": ["network", "train_loss"], "values": [{"value": 3.01216459274292, "step": null, "ts": 1647274126.1995206}]}, "version": 363}
{"obj": {"type": "LogFloats", "path": ["network", "train_loss"], "values": [{"value": 3.0781232629503523, "step": null, "ts": 1647274127.2753458}]}, "version": 364}
{"obj": {"type": "LogFloats", "path": ["network", "validation_loss"], "values": [{"value": 2.9193338666643416, "step": null, "ts": 1647274127.7217023}]}, "version": 365}
{"obj": {"type": "LogFloats", "path": ["network", "validation_loss"], "values": [{"value": 2.640177059173584, "step": null, "ts": 1647274128.008963}]}, "version": 366}
{"obj": {"type": "LogFloats", "path": ["network", "validation_loss"], "values": [{"value": 3.0310862064361572, "step": null, "ts": 1647274128.4463606}]}, "version": 367}
{"obj": {"type": "LogFloats", "path": ["network", "validation_loss"], "values": [{"value": 2.9180363586970737, "step": null, "ts": 1647274129.116412}]}, "version": 368}
{"obj": {"type": "LogFloats", "path": ["network", "validation_loss"], "values": [{"value": 3.0244616270065308, "step": null, "ts": 1647274129.362636}]}, "version": 369}
{"obj": {"type": "LogStrings", "path": ["monitoring", "stdout"], "values": [{"value": "Training epoch 7", "step": null, "ts": 1647274129.362636}]}, "version": 370}
{"obj": {"type": "LogStrings", "path": ["monitoring", "stdout"], "values": [{"value": "\n", "step": null, "ts": 1647274129.362636}]}, "version": 371}
{"obj": {"type": "LogFloats", "path": ["network", "train_loss"], "values": [{"value": 3.106837828954061, "step": null, "ts": 1647274130.26946}]}, "version": 372}
{"obj": {"type": "LogFloats", "path": ["network", "train_loss"], "values": [{"value": 1.3132611172539848, "step": null, "ts": 1647274131.3524446}]}, "version": 373}
{"obj": {"type": "LogFloats", "path": ["network", "train_loss"], "values": [{"value": 2.9205160617828367, "step": null, "ts": 1647274132.0690958}]}, "version": 374}
{"obj": {"type": "LogFloats", "path": ["network", "train_loss"], "values": [{"value": 1.3823369230542863, "step": null, "ts": 1647274133.1440735}]}, "version": 375}
{"obj": {"type": "LogFloats", "path": ["network", "train_loss"], "values": [{"value": 3.101189613342285, "step": null, "ts": 1647274134.2215044}]}, "version": 376}
{"obj": {"type": "LogFloats", "path": ["network", "train_loss"], "values": [{"value": 2.5717836916446686, "step": null, "ts": 1647274134.7467246}]}, "version": 377}
{"obj": {"type": "LogFloats", "path": ["monitoring", "cpu"], "values": [{"value": 52.8, "step": null, "ts": 1647274134.8840518}]}, "version": 378}
{"obj": {"type": "LogFloats", "path": ["monitoring", "memory"], "values": [{"value": 8.588191986083984, "step": null, "ts": 1647274134.8840518}]}, "version": 379}
{"obj": {"type": "LogFloats", "path": ["monitoring", "gpu"], "values": [{"value": 99.0, "step": null, "ts": 1647274134.8840518}]}, "version": 380}
{"obj": {"type": "LogFloats", "path": ["monitoring", "gpu_memory"], "values": [{"value": 3.561920166015625, "step": null, "ts": 1647274134.8840518}]}, "version": 381}
{"obj": {"type": "LogFloats", "path": ["network", "train_loss"], "values": [{"value": 2.7006742000579833, "step": null, "ts": 1647274135.460531}]}, "version": 382}
{"obj": {"type": "LogFloats", "path": ["network", "train_loss"], "values": [{"value": 3.1019794259752547, "step": null, "ts": 1647274136.5390587}]}, "version": 383}
{"obj": {"type": "LogFloats", "path": ["network", "train_loss"], "values": [{"value": 2.80472571509225, "step": null, "ts": 1647274137.634054}]}, "version": 384}
{"obj": {"type": "LogFloats", "path": ["network", "train_loss"], "values": [{"value": 3.106693983078003, "step": null, "ts": 1647274138.829141}]}, "version": 385}
{"obj": {"type": "LogFloats", "path": ["network", "train_loss"], "values": [{"value": 3.0923599004745483, "step": null, "ts": 1647274139.4787312}]}, "version": 386}
{"obj": {"type": "LogFloats", "path": ["network", "train_loss"], "values": [{"value": 3.0482314030329385, "step": null, "ts": 1647274140.4566207}]}, "version": 387}
{"obj": {"type": "LogFloats", "path": ["network", "train_loss"], "values": [{"value": 3.103891928990682, "step": null, "ts": 1647274141.4315062}]}, "version": 388}
{"obj": {"type": "LogFloats", "path": ["network", "train_loss"], "values": [{"value": 3.102160612742106, "step": null, "ts": 1647274142.337536}]}, "version": 389}
{"obj": {"type": "LogFloats", "path": ["network", "train_loss"], "values": [{"value": 3.0195069994245256, "step": null, "ts": 1647274143.409929}]}, "version": 390}
{"obj": {"type": "LogFloats", "path": ["network", "train_loss"], "values": [{"value": 2.6659037113189696, "step": null, "ts": 1647274144.1231089}]}, "version": 391}
{"obj": {"type": "LogFloats", "path": ["monitoring", "cpu"], "values": [{"value": 56.9, "step": null, "ts": 1647274144.8928652}]}, "version": 392}
{"obj": {"type": "LogFloats", "path": ["monitoring", "memory"], "values": [{"value": 9.416778564453125, "step": null, "ts": 1647274144.8928652}]}, "version": 393}
{"obj": {"type": "LogFloats", "path": ["monitoring", "gpu"], "values": [{"value": 98.0, "step": null, "ts": 1647274144.8928652}]}, "version": 394}
{"obj": {"type": "LogFloats", "path": ["monitoring", "gpu_memory"], "values": [{"value": 3.561920166015625, "step": null, "ts": 1647274144.8928652}]}, "version": 395}
{"obj": {"type": "LogFloats", "path": ["network", "train_loss"], "values": [{"value": 2.9312447479793002, "step": null, "ts": 1647274145.2062206}]}, "version": 396}
{"obj": {"type": "LogFloats", "path": ["network", "train_loss"], "values": [{"value": 3.0825846876416887, "step": null, "ts": 1647274146.2821996}]}, "version": 397}
{"obj": {"type": "LogFloats", "path": ["network", "train_loss"], "values": [{"value": 2.927415370941162, "step": null, "ts": 1647274147.3661842}]}, "version": 398}
{"obj": {"type": "LogFloats", "path": ["network", "train_loss"], "values": [{"value": 2.986557585852487, "step": null, "ts": 1647274148.4441645}]}, "version": 399}
{"obj": {"type": "LogFloats", "path": ["network", "train_loss"], "values": [{"value": 1.5624653952462333, "step": null, "ts": 1647274149.52815}]}, "version": 400}
{"obj": {"type": "LogFloats", "path": ["network", "train_loss"], "values": [{"value": 3.040231943130493, "step": null, "ts": 1647274150.1652558}]}, "version": 401}
{"obj": {"type": "LogFloats", "path": ["network", "train_loss"], "values": [{"value": 3.014834260940552, "step": null, "ts": 1647274150.8798537}]}, "version": 402}
{"obj": {"type": "LogFloats", "path": ["network", "train_loss"], "values": [{"value": 2.9496787786483765, "step": null, "ts": 1647274151.8214376}]}, "version": 403}
{"obj": {"type": "LogFloats", "path": ["network", "train_loss"], "values": [{"value": 2.523878370012556, "step": null, "ts": 1647274152.8912501}]}, "version": 404}
{"obj": {"type": "LogFloats", "path": ["network", "train_loss"], "values": [{"value": 3.0997691551844277, "step": null, "ts": 1647274153.8642783}]}, "version": 405}
{"obj": {"type": "LogFloats", "path": ["network", "train_loss"], "values": [{"value": 1.3132612109184265, "step": null, "ts": 1647274154.1265173}]}, "version": 406}
{"obj": {"type": "LogFloats", "path": ["monitoring", "cpu"], "values": [{"value": 51.9, "step": null, "ts": 1647274154.9002204}]}, "version": 407}
{"obj": {"type": "LogFloats", "path": ["monitoring", "memory"], "values": [{"value": 8.513275146484375, "step": null, "ts": 1647274154.9002204}]}, "version": 408}
{"obj": {"type": "LogFloats", "path": ["monitoring", "gpu"], "values": [{"value": 98.0, "step": null, "ts": 1647274154.9002204}]}, "version": 409}
{"obj": {"type": "LogFloats", "path": ["monitoring", "gpu_memory"], "values": [{"value": 3.561920166015625, "step": null, "ts": 1647274154.9002204}]}, "version": 410}
{"obj": {"type": "LogFloats", "path": ["network", "train_loss"], "values": [{"value": 3.1061528410230363, "step": null, "ts": 1647274155.2034957}]}, "version": 411}
{"obj": {"type": "LogFloats", "path": ["network", "train_loss"], "values": [{"value": 2.922258186340332, "step": null, "ts": 1647274155.9171445}]}, "version": 412}
{"obj": {"type": "LogFloats", "path": ["network", "train_loss"], "values": [{"value": 2.2259037494659424, "step": null, "ts": 1647274156.9911213}]}, "version": 413}
{"obj": {"type": "LogFloats", "path": ["network", "validation_loss"], "values": [{"value": 2.6481239795684814, "step": null, "ts": 1647274157.27538}]}, "version": 414}
{"obj": {"type": "LogFloats", "path": ["network", "validation_loss"], "values": [{"value": 3.0843257308006287, "step": null, "ts": 1647274157.5226047}]}, "version": 415}
{"obj": {"type": "LogFloats", "path": ["network", "validation_loss"], "values": [{"value": 2.9660985810416087, "step": null, "ts": 1647274158.1441696}]}, "version": 416}
{"obj": {"type": "LogFloats", "path": ["network", "validation_loss"], "values": [{"value": 2.8914122581481934, "step": null, "ts": 1647274158.5965805}]}, "version": 417}
{"obj": {"type": "LogFloats", "path": ["network", "validation_loss"], "values": [{"value": 3.0027072770254954, "step": null, "ts": 1647274159.032494}]}, "version": 418}
{"obj": {"type": "LogStrings", "path": ["monitoring", "stdout"], "values": [{"value": "Training epoch 8", "step": null, "ts": 1647274159.032494}]}, "version": 419}
{"obj": {"type": "LogStrings", "path": ["monitoring", "stdout"], "values": [{"value": "\n", "step": null, "ts": 1647274159.032494}]}, "version": 420}
{"obj": {"type": "LogFloats", "path": ["network", "train_loss"], "values": [{"value": 2.7195269584655763, "step": null, "ts": 1647274159.7445257}]}, "version": 421}
{"obj": {"type": "LogFloats", "path": ["network", "train_loss"], "values": [{"value": 1.3132611513137817, "step": null, "ts": 1647274160.0078647}]}, "version": 422}
{"obj": {"type": "LogFloats", "path": ["network", "train_loss"], "values": [{"value": 3.0935290455818176, "step": null, "ts": 1647274160.6527696}]}, "version": 423}
{"obj": {"type": "LogFloats", "path": ["network", "train_loss"], "values": [{"value": 2.921426010131836, "step": null, "ts": 1647274161.3677278}]}, "version": 424}
{"obj": {"type": "LogFloats", "path": ["network", "train_loss"], "values": [{"value": 2.6190475055149625, "step": null, "ts": 1647274162.4369326}]}, "version": 425}
{"obj": {"type": "LogFloats", "path": ["network", "train_loss"], "values": [{"value": 1.5938466446740287, "step": null, "ts": 1647274163.5139067}]}, "version": 426}
{"obj": {"type": "LogFloats", "path": ["network", "train_loss"], "values": [{"value": 2.9659442561013356, "step": null, "ts": 1647274164.5908854}]}, "version": 427}
{"obj": {"type": "LogFloats", "path": ["monitoring", "cpu"], "values": [{"value": 51.9, "step": null, "ts": 1647274164.9121783}]}, "version": 428}
{"obj": {"type": "LogFloats", "path": ["monitoring", "memory"], "values": [{"value": 9.358383178710938, "step": null, "ts": 1647274164.9121783}]}, "version": 429}
{"obj": {"type": "LogFloats", "path": ["monitoring", "gpu"], "values": [{"value": 98.0, "step": null, "ts": 1647274164.9121783}]}, "version": 430}
{"obj": {"type": "LogFloats", "path": ["monitoring", "gpu_memory"], "values": [{"value": 3.561920166015625, "step": null, "ts": 1647274164.9121783}]}, "version": 431}
{"obj": {"type": "LogFloats", "path": ["network", "train_loss"], "values": [{"value": 3.0396507183710733, "step": null, "ts": 1647274165.5643806}]}, "version": 432}
{"obj": {"type": "LogFloats", "path": ["network", "train_loss"], "values": [{"value": 1.3132611513137817, "step": null, "ts": 1647274166.645817}]}, "version": 433}
{"obj": {"type": "LogFloats", "path": ["network", "train_loss"], "values": [{"value": 2.9065840244293213, "step": null, "ts": 1647274167.3592944}]}, "version": 434}
{"obj": {"type": "LogFloats", "path": ["network", "train_loss"], "values": [{"value": 3.0783755779266357, "step": null, "ts": 1647274168.4335842}]}, "version": 435}
{"obj": {"type": "LogFloats", "path": ["network", "train_loss"], "values": [{"value": 3.104520116533552, "step": null, "ts": 1647274169.5097551}]}, "version": 436}
{"obj": {"type": "LogFloats", "path": ["network", "train_loss"], "values": [{"value": 2.67765588760376, "step": null, "ts": 1647274170.222403}]}, "version": 437}
{"obj": {"type": "LogFloats", "path": ["network", "train_loss"], "values": [{"value": 3.011962652206421, "step": null, "ts": 1647274171.2923763}]}, "version": 438}
{"obj": {"type": "LogFloats", "path": ["network", "train_loss"], "values": [{"value": 2.9009433587392173, "step": null, "ts": 1647274172.2292275}]}, "version": 439}
{"obj": {"type": "LogFloats", "path": ["network", "train_loss"], "values": [{"value": 3.08099365234375, "step": null, "ts": 1647274173.4243147}]}, "version": 440}
{"obj": {"type": "LogFloats", "path": ["network", "train_loss"], "values": [{"value": 3.06340628862381, "step": null, "ts": 1647274174.009385}]}, "version": 441}
{"obj": {"type": "LogFloats", "path": ["monitoring", "cpu"], "values": [{"value": 52.4, "step": null, "ts": 1647274174.9304447}]}, "version": 442}
{"obj": {"type": "LogFloats", "path": ["monitoring", "memory"], "values": [{"value": 8.852252960205078, "step": null, "ts": 1647274174.9304447}]}, "version": 443}
{"obj": {"type": "LogFloats", "path": ["monitoring", "gpu"], "values": [{"value": 98.0, "step": null, "ts": 1647274174.9304447}]}, "version": 444}
{"obj": {"type": "LogFloats", "path": ["monitoring", "gpu_memory"], "values": [{"value": 3.561920166015625, "step": null, "ts": 1647274174.9304447}]}, "version": 445}
{"obj": {"type": "LogFloats", "path": ["network", "train_loss"], "values": [{"value": 2.9447044304439, "step": null, "ts": 1647274175.0946162}]}, "version": 446}
{"obj": {"type": "LogFloats", "path": ["network", "train_loss"], "values": [{"value": 2.134629045213972, "step": null, "ts": 1647274176.170255}]}, "version": 447}
{"obj": {"type": "LogFloats", "path": ["network", "train_loss"], "values": [{"value": 3.0051078319549562, "step": null, "ts": 1647274176.8863256}]}, "version": 448}
{"obj": {"type": "LogFloats", "path": ["network", "train_loss"], "values": [{"value": 3.102508306503296, "step": null, "ts": 1647274177.7911482}]}, "version": 449}
{"obj": {"type": "LogFloats", "path": ["network", "train_loss"], "values": [{"value": 2.8010671819959367, "step": null, "ts": 1647274178.8811393}]}, "version": 450}
{"obj": {"type": "LogFloats", "path": ["network", "train_loss"], "values": [{"value": 2.981635638645717, "step": null, "ts": 1647274179.964124}]}, "version": 451}
{"obj": {"type": "LogFloats", "path": ["network", "train_loss"], "values": [{"value": 2.5818015038967133, "step": null, "ts": 1647274180.4876003}]}, "version": 452}
{"obj": {"type": "LogFloats", "path": ["network", "train_loss"], "values": [{"value": 3.1032412392752513, "step": null, "ts": 1647274181.5645792}]}, "version": 453}
{"obj": {"type": "LogFloats", "path": ["network", "train_loss"], "values": [{"value": 3.1038917700449624, "step": null, "ts": 1647274182.541391}]}, "version": 454}
{"obj": {"type": "LogFloats", "path": ["network", "train_loss"], "values": [{"value": 3.0963052113850913, "step": null, "ts": 1647274183.4494078}]}, "version": 455}
{"obj": {"type": "LogFloats", "path": ["network", "train_loss"], "values": [{"value": 3.098945220311483, "step": null, "ts": 1647274184.4238605}]}, "version": 456}
{"obj": {"type": "LogFloats", "path": ["monitoring", "cpu"], "values": [{"value": 52.1, "step": null, "ts": 1647274184.9425337}]}, "version": 457}
{"obj": {"type": "LogFloats", "path": ["monitoring", "memory"], "values": [{"value": 9.329715728759766, "step": null, "ts": 1647274184.9425337}]}, "version": 458}
{"obj": {"type": "LogFloats", "path": ["monitoring", "gpu"], "values": [{"value": 98.0, "step": null, "ts": 1647274184.9425337}]}, "version": 459}
{"obj": {"type": "LogFloats", "path": ["monitoring", "gpu_memory"], "values": [{"value": 3.561920166015625, "step": null, "ts": 1647274184.9425337}]}, "version": 460}
{"obj": {"type": "LogFloats", "path": ["network", "train_loss"], "values": [{"value": 3.1021127700805664, "step": null, "ts": 1647274185.4993854}]}, "version": 461}
{"obj": {"type": "LogFloats", "path": ["network", "train_loss"], "values": [{"value": 1.3750202996390206, "step": null, "ts": 1647274186.577365}]}, "version": 462}
{"obj": {"type": "LogFloats", "path": ["network", "validation_loss"], "values": [{"value": 3.100040376186371, "step": null, "ts": 1647274186.8245897}]}, "version": 463}
{"obj": {"type": "LogFloats", "path": ["network", "validation_loss"], "values": [{"value": 2.884011609213693, "step": null, "ts": 1647274187.2729983}]}, "version": 464}
{"obj": {"type": "LogFloats", "path": ["network", "validation_loss"], "values": [{"value": 3.015554802758353, "step": null, "ts": 1647274187.7093945}]}, "version": 465}
{"obj": {"type": "LogFloats", "path": ["network", "validation_loss"], "values": [{"value": 2.6711513996124268, "step": null, "ts": 1647274187.993653}]}, "version": 466}
{"obj": {"type": "LogFloats", "path": ["network", "validation_loss"], "values": [{"value": 2.9110023634774342, "step": null, "ts": 1647274188.6162188}]}, "version": 467}
{"obj": {"type": "LogStrings", "path": ["monitoring", "stdout"], "values": [{"value": "Training epoch 9", "step": null, "ts": 1647274188.6162188}]}, "version": 468}
{"obj": {"type": "LogStrings", "path": ["monitoring", "stdout"], "values": [{"value": "\n", "step": null, "ts": 1647274188.6162188}]}, "version": 469}
{"obj": {"type": "LogFloats", "path": ["network", "train_loss"], "values": [{"value": 2.5817713737487793, "step": null, "ts": 1647274189.688194}]}, "version": 470}
{"obj": {"type": "LogFloats", "path": ["network", "train_loss"], "values": [{"value": 1.3724891969135828, "step": null, "ts": 1647274190.764669}]}, "version": 471}
{"obj": {"type": "LogFloats", "path": ["network", "train_loss"], "values": [{"value": 1.3132611513137817, "step": null, "ts": 1647274191.0274122}]}, "version": 472}
{"obj": {"type": "LogFloats", "path": ["network", "train_loss"], "values": [{"value": 1.5671321494238717, "step": null, "ts": 1647274192.1016588}]}, "version": 473}
{"obj": {"type": "LogFloats", "path": ["network", "train_loss"], "values": [{"value": 2.929776123591832, "step": null, "ts": 1647274193.183036}]}, "version": 474}
{"obj": {"type": "LogFloats", "path": ["network", "train_loss"], "values": [{"value": 3.017835569381714, "step": null, "ts": 1647274193.8952177}]}, "version": 475}
{"obj": {"type": "LogFloats", "path": ["monitoring", "cpu"], "values": [{"value": 52.0, "step": null, "ts": 1647274194.9521782}]}, "version": 476}
{"obj": {"type": "LogFloats", "path": ["monitoring", "memory"], "values": [{"value": 9.09881591796875, "step": null, "ts": 1647274194.9521782}]}, "version": 477}
{"obj": {"type": "LogFloats", "path": ["monitoring", "gpu"], "values": [{"value": 97.0, "step": null, "ts": 1647274194.9521782}]}, "version": 478}
{"obj": {"type": "LogFloats", "path": ["monitoring", "gpu_memory"], "values": [{"value": 3.561920166015625, "step": null, "ts": 1647274194.9521782}]}, "version": 479}
{"obj": {"type": "LogFloats", "path": ["network", "train_loss"], "values": [{"value": 3.0675985472542897, "step": null, "ts": 1647274194.9701946}]}, "version": 480}
{"obj": {"type": "LogFloats", "path": ["network", "train_loss"], "values": [{"value": 2.987664290836879, "step": null, "ts": 1647274196.0521808}]}, "version": 481}
{"obj": {"type": "LogFloats", "path": ["network", "train_loss"], "values": [{"value": 3.1026063760121665, "step": null, "ts": 1647274196.9581306}]}, "version": 482}
{"obj": {"type": "LogFloats", "path": ["network", "train_loss"], "values": [{"value": 2.089974726949419, "step": null, "ts": 1647274198.0315158}]}, "version": 483}
{"obj": {"type": "LogFloats", "path": ["network", "train_loss"], "values": [{"value": 3.102588335673014, "step": null, "ts": 1647274199.0064144}]}, "version": 484}
{"obj": {"type": "LogFloats", "path": ["network", "train_loss"], "values": [{"value": 3.0834047396977744, "step": null, "ts": 1647274199.9780035}]}, "version": 485}
{"obj": {"type": "LogFloats", "path": ["network", "train_loss"], "values": [{"value": 3.016624484743391, "step": null, "ts": 1647274201.0485044}]}, "version": 486}
{"obj": {"type": "LogFloats", "path": ["network", "train_loss"], "values": [{"value": 2.9283748626708985, "step": null, "ts": 1647274201.7641547}]}, "version": 487}
{"obj": {"type": "LogFloats", "path": ["network", "train_loss"], "values": [{"value": 3.093362808227539, "step": null, "ts": 1647274202.4077406}]}, "version": 488}
{"obj": {"type": "LogFloats", "path": ["network", "train_loss"], "values": [{"value": 3.104515234629313, "step": null, "ts": 1647274203.3796234}]}, "version": 489}
{"obj": {"type": "LogFloats", "path": ["network", "train_loss"], "values": [{"value": 2.766473259244646, "step": null, "ts": 1647274204.4666116}]}, "version": 490}
{"obj": {"type": "LogFloats", "path": ["monitoring", "cpu"], "values": [{"value": 51.8, "step": null, "ts": 1647274204.9630637}]}, "version": 491}
{"obj": {"type": "LogFloats", "path": ["monitoring", "memory"], "values": [{"value": 9.585006713867188, "step": null, "ts": 1647274204.9630637}]}, "version": 492}
{"obj": {"type": "LogFloats", "path": ["monitoring", "gpu"], "values": [{"value": 98.0, "step": null, "ts": 1647274204.9630637}]}, "version": 493}
{"obj": {"type": "LogFloats", "path": ["monitoring", "gpu_memory"], "values": [{"value": 3.561920166015625, "step": null, "ts": 1647274204.9630637}]}, "version": 494}
{"obj": {"type": "LogFloats", "path": ["network", "train_loss"], "values": [{"value": 3.1070413248879567, "step": null, "ts": 1647274205.5405889}]}, "version": 495}
{"obj": {"type": "LogFloats", "path": ["network", "train_loss"], "values": [{"value": 2.663288879394531, "step": null, "ts": 1647274206.253208}]}, "version": 496}
{"obj": {"type": "LogFloats", "path": ["network", "train_loss"], "values": [{"value": 3.0991669495900473, "step": null, "ts": 1647274207.227971}]}, "version": 497}
{"obj": {"type": "LogFloats", "path": ["network", "train_loss"], "values": [{"value": 3.1046201842171803, "step": null, "ts": 1647274208.302569}]}, "version": 498}
{"obj": {"type": "LogFloats", "path": ["network", "train_loss"], "values": [{"value": 2.976338965552194, "step": null, "ts": 1647274209.375544}]}, "version": 499}
{"obj": {"type": "LogFloats", "path": ["network", "train_loss"], "values": [{"value": 3.098320381981986, "step": null, "ts": 1647274210.4535248}]}, "version": 500}
{"obj": {"type": "LogFloats", "path": ["network", "train_loss"], "values": [{"value": 2.95749888420105, "step": null, "ts": 1647274211.1691754}]}, "version": 501}
{"obj": {"type": "LogFloats", "path": ["network", "train_loss"], "values": [{"value": 2.8836457331975303, "step": null, "ts": 1647274212.1050253}]}, "version": 502}
{"obj": {"type": "LogFloats", "path": ["network", "train_loss"], "values": [{"value": 1.3132611683436803, "step": null, "ts": 1647274213.1865213}]}, "version": 503}
{"obj": {"type": "LogFloats", "path": ["network", "train_loss"], "values": [{"value": 3.085014513560704, "step": null, "ts": 1647274214.3677146}]}, "version": 504}
{"obj": {"type": "LogFloats", "path": ["monitoring", "cpu"], "values": [{"value": 51.7, "step": null, "ts": 1647274214.9698634}]}, "version": 505}
{"obj": {"type": "LogFloats", "path": ["monitoring", "memory"], "values": [{"value": 8.868854522705078, "step": null, "ts": 1647274214.9698634}]}, "version": 506}
{"obj": {"type": "LogFloats", "path": ["monitoring", "gpu"], "values": [{"value": 98.0, "step": null, "ts": 1647274214.9698634}]}, "version": 507}
{"obj": {"type": "LogFloats", "path": ["monitoring", "gpu_memory"], "values": [{"value": 3.561920166015625, "step": null, "ts": 1647274214.9698634}]}, "version": 508}
{"obj": {"type": "LogFloats", "path": ["network", "train_loss"], "values": [{"value": 2.720604944229126, "step": null, "ts": 1647274215.0809648}]}, "version": 509}
{"obj": {"type": "LogFloats", "path": ["network", "train_loss"], "values": [{"value": 2.585878163576126, "step": null, "ts": 1647274215.6031957}]}, "version": 510}
{"obj": {"type": "LogFloats", "path": ["network", "train_loss"], "values": [{"value": 3.048518180847168, "step": null, "ts": 1647274216.1867268}]}, "version": 511}
{"obj": {"type": "LogFloats", "path": ["network", "validation_loss"], "values": [{"value": 3.0471834114619663, "step": null, "ts": 1647274216.6268764}]}, "version": 512}
{"obj": {"type": "LogFloats", "path": ["network", "validation_loss"], "values": [{"value": 3.050780415534973, "step": null, "ts": 1647274216.8720994}]}, "version": 513}
{"obj": {"type": "LogFloats", "path": ["network", "validation_loss"], "values": [{"value": 2.8911233288901195, "step": null, "ts": 1647274217.49967}]}, "version": 514}
{"obj": {"type": "LogFloats", "path": ["network", "validation_loss"], "values": [{"value": 2.8315697738102505, "step": null, "ts": 1647274217.9490788}]}, "version": 515}
{"obj": {"type": "LogFloats", "path": ["network", "validation_loss"], "values": [{"value": 2.6452552318572997, "step": null, "ts": 1647274218.2363398}]}, "version": 516}
{"obj": {"type": "LogFloats", "path": ["monitoring", "cpu"], "values": [{"value": 20.0, "step": null, "ts": 1647274224.979114}]}, "version": 517}
{"obj": {"type": "LogFloats", "path": ["monitoring", "memory"], "values": [{"value": 7.789073944091797, "step": null, "ts": 1647274224.979114}]}, "version": 518}
{"obj": {"type": "LogFloats", "path": ["monitoring", "gpu_memory"], "values": [{"value": 3.561920166015625, "step": null, "ts": 1647274224.979114}]}, "version": 519}
{"obj": {"type": "LogFloats", "path": ["monitoring", "cpu"], "values": [{"value": 1.8, "step": null, "ts": 1647274234.983228}]}, "version": 520}
{"obj": {"type": "LogFloats", "path": ["monitoring", "memory"], "values": [{"value": 7.774635314941406, "step": null, "ts": 1647274234.983228}]}, "version": 521}
{"obj": {"type": "LogFloats", "path": ["monitoring", "gpu_memory"], "values": [{"value": 3.561920166015625, "step": null, "ts": 1647274234.983228}]}, "version": 522}
{"obj": {"type": "LogFloats", "path": ["monitoring", "cpu"], "values": [{"value": 1.7, "step": null, "ts": 1647274244.999112}]}, "version": 523}
{"obj": {"type": "LogFloats", "path": ["monitoring", "memory"], "values": [{"value": 7.781181335449219, "step": null, "ts": 1647274244.999112}]}, "version": 524}
{"obj": {"type": "LogFloats", "path": ["monitoring", "gpu_memory"], "values": [{"value": 3.561920166015625, "step": null, "ts": 1647274244.999112}]}, "version": 525}
{"obj": {"type": "LogFloats", "path": ["monitoring", "cpu"], "values": [{"value": 1.9, "step": null, "ts": 1647274255.0119288}]}, "version": 526}
{"obj": {"type": "LogFloats", "path": ["monitoring", "memory"], "values": [{"value": 7.776622772216797, "step": null, "ts": 1647274255.0119288}]}, "version": 527}
{"obj": {"type": "LogFloats", "path": ["monitoring", "gpu_memory"], "values": [{"value": 3.561920166015625, "step": null, "ts": 1647274255.0119288}]}, "version": 528}
{"obj": {"type": "LogFloats", "path": ["monitoring", "cpu"], "values": [{"value": 1.6, "step": null, "ts": 1647274265.0296235}]}, "version": 529}
{"obj": {"type": "LogFloats", "path": ["monitoring", "memory"], "values": [{"value": 7.778053283691406, "step": null, "ts": 1647274265.0296235}]}, "version": 530}
{"obj": {"type": "LogFloats", "path": ["monitoring", "gpu_memory"], "values": [{"value": 3.561920166015625, "step": null, "ts": 1647274265.0296235}]}, "version": 531}
{"obj": {"type": "LogFloats", "path": ["monitoring", "cpu"], "values": [{"value": 1.6, "step": null, "ts": 1647274275.044502}]}, "version": 532}
{"obj": {"type": "LogFloats", "path": ["monitoring", "memory"], "values": [{"value": 7.766941070556641, "step": null, "ts": 1647274275.044502}]}, "version": 533}
{"obj": {"type": "LogFloats", "path": ["monitoring", "gpu_memory"], "values": [{"value": 3.561920166015625, "step": null, "ts": 1647274275.044502}]}, "version": 534}
{"obj": {"type": "LogFloats", "path": ["monitoring", "cpu"], "values": [{"value": 1.6, "step": null, "ts": 1647274285.0590286}]}, "version": 535}
{"obj": {"type": "LogFloats", "path": ["monitoring", "memory"], "values": [{"value": 7.759193420410156, "step": null, "ts": 1647274285.0590286}]}, "version": 536}
{"obj": {"type": "LogFloats", "path": ["monitoring", "gpu_memory"], "values": [{"value": 3.561920166015625, "step": null, "ts": 1647274285.0590286}]}, "version": 537}
{"obj": {"type": "LogFloats", "path": ["monitoring", "cpu"], "values": [{"value": 1.6, "step": null, "ts": 1647274295.0732374}]}, "version": 538}
{"obj": {"type": "LogFloats", "path": ["monitoring", "memory"], "values": [{"value": 7.7742919921875, "step": null, "ts": 1647274295.0732374}]}, "version": 539}
{"obj": {"type": "LogFloats", "path": ["monitoring", "gpu_memory"], "values": [{"value": 3.561920166015625, "step": null, "ts": 1647274295.0732374}]}, "version": 540}
{"obj": {"type": "LogFloats", "path": ["monitoring", "cpu"], "values": [{"value": 1.7, "step": null, "ts": 1647274305.081504}]}, "version": 541}
{"obj": {"type": "LogFloats", "path": ["monitoring", "memory"], "values": [{"value": 7.769466400146484, "step": null, "ts": 1647274305.081504}]}, "version": 542}
{"obj": {"type": "LogFloats", "path": ["monitoring", "gpu_memory"], "values": [{"value": 3.561920166015625, "step": null, "ts": 1647274305.081504}]}, "version": 543}
{"obj": {"type": "LogFloats", "path": ["monitoring", "cpu"], "values": [{"value": 1.8, "step": null, "ts": 1647274315.0942504}]}, "version": 544}
{"obj": {"type": "LogFloats", "path": ["monitoring", "memory"], "values": [{"value": 7.768009185791016, "step": null, "ts": 1647274315.0942504}]}, "version": 545}
{"obj": {"type": "LogFloats", "path": ["monitoring", "gpu_memory"], "values": [{"value": 3.561920166015625, "step": null, "ts": 1647274315.0942504}]}, "version": 546}
{"obj": {"type": "LogFloats", "path": ["monitoring", "cpu"], "values": [{"value": 1.7, "step": null, "ts": 1647274325.1023011}]}, "version": 547}
{"obj": {"type": "LogFloats", "path": ["monitoring", "memory"], "values": [{"value": 7.766826629638672, "step": null, "ts": 1647274325.1023011}]}, "version": 548}
{"obj": {"type": "LogFloats", "path": ["monitoring", "gpu_memory"], "values": [{"value": 3.561920166015625, "step": null, "ts": 1647274325.1023011}]}, "version": 549}
{"obj": {"type": "LogFloats", "path": ["monitoring", "cpu"], "values": [{"value": 1.7, "step": null, "ts": 1647274335.11067}]}, "version": 550}
{"obj": {"type": "LogFloats", "path": ["monitoring", "memory"], "values": [{"value": 7.7608184814453125, "step": null, "ts": 1647274335.11067}]}, "version": 551}
{"obj": {"type": "LogFloats", "path": ["monitoring", "gpu_memory"], "values": [{"value": 3.561920166015625, "step": null, "ts": 1647274335.11067}]}, "version": 552}
{"obj": {"type": "LogFloats", "path": ["monitoring", "cpu"], "values": [{"value": 1.5, "step": null, "ts": 1647274345.1286404}]}, "version": 553}
{"obj": {"type": "LogFloats", "path": ["monitoring", "memory"], "values": [{"value": 7.761955261230469, "step": null, "ts": 1647274345.1286404}]}, "version": 554}
{"obj": {"type": "LogFloats", "path": ["monitoring", "gpu_memory"], "values": [{"value": 3.561920166015625, "step": null, "ts": 1647274345.1286404}]}, "version": 555}
{"obj": {"type": "LogFloats", "path": ["monitoring", "cpu"], "values": [{"value": 2.0, "step": null, "ts": 1647274355.1462498}]}, "version": 556}
{"obj": {"type": "LogFloats", "path": ["monitoring", "memory"], "values": [{"value": 7.766422271728516, "step": null, "ts": 1647274355.1462498}]}, "version": 557}
{"obj": {"type": "LogFloats", "path": ["monitoring", "gpu_memory"], "values": [{"value": 3.561920166015625, "step": null, "ts": 1647274355.1462498}]}, "version": 558}
{"obj": {"type": "LogFloats", "path": ["monitoring", "cpu"], "values": [{"value": 2.2, "step": null, "ts": 1647274365.1642573}]}, "version": 559}
{"obj": {"type": "LogFloats", "path": ["monitoring", "memory"], "values": [{"value": 7.7832794189453125, "step": null, "ts": 1647274365.1642573}]}, "version": 560}
{"obj": {"type": "LogFloats", "path": ["monitoring", "gpu_memory"], "values": [{"value": 3.561920166015625, "step": null, "ts": 1647274365.1642573}]}, "version": 561}
{"obj": {"type": "LogFloats", "path": ["monitoring", "cpu"], "values": [{"value": 1.5, "step": null, "ts": 1647274375.1746447}]}, "version": 562}
{"obj": {"type": "LogFloats", "path": ["monitoring", "memory"], "values": [{"value": 7.783214569091797, "step": null, "ts": 1647274375.1746447}]}, "version": 563}
{"obj": {"type": "LogFloats", "path": ["monitoring", "gpu_memory"], "values": [{"value": 3.561920166015625, "step": null, "ts": 1647274375.1746447}]}, "version": 564}
{"obj": {"type": "LogFloats", "path": ["monitoring", "cpu"], "values": [{"value": 2.1, "step": null, "ts": 1647274385.187597}]}, "version": 565}
{"obj": {"type": "LogFloats", "path": ["monitoring", "memory"], "values": [{"value": 7.771598815917969, "step": null, "ts": 1647274385.187597}]}, "version": 566}
{"obj": {"type": "LogFloats", "path": ["monitoring", "gpu_memory"], "values": [{"value": 3.561920166015625, "step": null, "ts": 1647274385.187597}]}, "version": 567}
{"obj": {"type": "LogFloats", "path": ["monitoring", "cpu"], "values": [{"value": 1.6, "step": null, "ts": 1647274395.1932523}]}, "version": 568}
{"obj": {"type": "LogFloats", "path": ["monitoring", "memory"], "values": [{"value": 7.768348693847656, "step": null, "ts": 1647274395.1932523}]}, "version": 569}
{"obj": {"type": "LogFloats", "path": ["monitoring", "gpu_memory"], "values": [{"value": 3.561920166015625, "step": null, "ts": 1647274395.1932523}]}, "version": 570}
{"obj": {"type": "LogFloats", "path": ["monitoring", "cpu"], "values": [{"value": 2.3, "step": null, "ts": 1647274405.1975746}]}, "version": 571}
{"obj": {"type": "LogFloats", "path": ["monitoring", "memory"], "values": [{"value": 7.781131744384766, "step": null, "ts": 1647274405.1975746}]}, "version": 572}
{"obj": {"type": "LogFloats", "path": ["monitoring", "gpu_memory"], "values": [{"value": 3.561920166015625, "step": null, "ts": 1647274405.1975746}]}, "version": 573}
{"obj": {"type": "LogFloats", "path": ["monitoring", "cpu"], "values": [{"value": 2.3, "step": null, "ts": 1647274415.2152593}]}, "version": 574}
{"obj": {"type": "LogFloats", "path": ["monitoring", "memory"], "values": [{"value": 7.817584991455078, "step": null, "ts": 1647274415.2152593}]}, "version": 575}
{"obj": {"type": "LogFloats", "path": ["monitoring", "gpu_memory"], "values": [{"value": 3.561920166015625, "step": null, "ts": 1647274415.2152593}]}, "version": 576}
{"obj": {"type": "LogFloats", "path": ["monitoring", "cpu"], "values": [{"value": 6.2, "step": null, "ts": 1647274425.2277527}]}, "version": 577}
{"obj": {"type": "LogFloats", "path": ["monitoring", "memory"], "values": [{"value": 7.816986083984375, "step": null, "ts": 1647274425.2277527}]}, "version": 578}
{"obj": {"type": "LogFloats", "path": ["monitoring", "gpu_memory"], "values": [{"value": 3.561920166015625, "step": null, "ts": 1647274425.2277527}]}, "version": 579}
{"obj": {"type": "LogFloats", "path": ["monitoring", "cpu"], "values": [{"value": 2.1, "step": null, "ts": 1647274435.2320464}]}, "version": 580}
{"obj": {"type": "LogFloats", "path": ["monitoring", "memory"], "values": [{"value": 7.815528869628906, "step": null, "ts": 1647274435.2320464}]}, "version": 581}
{"obj": {"type": "LogFloats", "path": ["monitoring", "gpu_memory"], "values": [{"value": 3.561920166015625, "step": null, "ts": 1647274435.2320464}]}, "version": 582}
{"obj": {"type": "LogFloats", "path": ["monitoring", "cpu"], "values": [{"value": 1.8, "step": null, "ts": 1647274445.2402852}]}, "version": 583}
{"obj": {"type": "LogFloats", "path": ["monitoring", "memory"], "values": [{"value": 7.799404144287109, "step": null, "ts": 1647274445.2402852}]}, "version": 584}
{"obj": {"type": "LogFloats", "path": ["monitoring", "gpu_memory"], "values": [{"value": 3.561920166015625, "step": null, "ts": 1647274445.2402852}]}, "version": 585}
{"obj": {"type": "LogFloats", "path": ["monitoring", "cpu"], "values": [{"value": 1.9, "step": null, "ts": 1647274455.2434106}]}, "version": 586}
{"obj": {"type": "LogFloats", "path": ["monitoring", "memory"], "values": [{"value": 7.799491882324219, "step": null, "ts": 1647274455.2434106}]}, "version": 587}
{"obj": {"type": "LogFloats", "path": ["monitoring", "gpu_memory"], "values": [{"value": 3.561920166015625, "step": null, "ts": 1647274455.2434106}]}, "version": 588}
{"obj": {"type": "LogFloats", "path": ["monitoring", "cpu"], "values": [{"value": 3.5, "step": null, "ts": 1647274465.250312}]}, "version": 589}
{"obj": {"type": "LogFloats", "path": ["monitoring", "memory"], "values": [{"value": 7.8698883056640625, "step": null, "ts": 1647274465.250312}]}, "version": 590}
{"obj": {"type": "LogFloats", "path": ["monitoring", "gpu_memory"], "values": [{"value": 3.561920166015625, "step": null, "ts": 1647274465.250312}]}, "version": 591}
{"obj": {"type": "LogFloats", "path": ["monitoring", "cpu"], "values": [{"value": 4.2, "step": null, "ts": 1647274475.258257}]}, "version": 592}
{"obj": {"type": "LogFloats", "path": ["monitoring", "memory"], "values": [{"value": 7.872554779052734, "step": null, "ts": 1647274475.258257}]}, "version": 593}
{"obj": {"type": "LogFloats", "path": ["monitoring", "gpu_memory"], "values": [{"value": 3.561920166015625, "step": null, "ts": 1647274475.258257}]}, "version": 594}
{"obj": {"type": "LogFloats", "path": ["monitoring", "cpu"], "values": [{"value": 1.4, "step": null, "ts": 1647274485.2752855}]}, "version": 595}
{"obj": {"type": "LogFloats", "path": ["monitoring", "memory"], "values": [{"value": 7.8425140380859375, "step": null, "ts": 1647274485.2752855}]}, "version": 596}
{"obj": {"type": "LogFloats", "path": ["monitoring", "gpu_memory"], "values": [{"value": 3.561920166015625, "step": null, "ts": 1647274485.2752855}]}, "version": 597}
{"obj": {"type": "LogFloats", "path": ["monitoring", "cpu"], "values": [{"value": 1.5, "step": null, "ts": 1647274495.28337}]}, "version": 598}
{"obj": {"type": "LogFloats", "path": ["monitoring", "memory"], "values": [{"value": 7.840167999267578, "step": null, "ts": 1647274495.28337}]}, "version": 599}
{"obj": {"type": "LogFloats", "path": ["monitoring", "gpu_memory"], "values": [{"value": 3.561920166015625, "step": null, "ts": 1647274495.28337}]}, "version": 600}
{"obj": {"type": "LogFloats", "path": ["monitoring", "cpu"], "values": [{"value": 1.8, "step": null, "ts": 1647274505.2965686}]}, "version": 601}
{"obj": {"type": "LogFloats", "path": ["monitoring", "memory"], "values": [{"value": 7.833461761474609, "step": null, "ts": 1647274505.2965686}]}, "version": 602}
{"obj": {"type": "LogFloats", "path": ["monitoring", "gpu_memory"], "values": [{"value": 3.561920166015625, "step": null, "ts": 1647274505.2965686}]}, "version": 603}
{"obj": {"type": "LogFloats", "path": ["monitoring", "cpu"], "values": [{"value": 1.5, "step": null, "ts": 1647274515.307342}]}, "version": 604}
{"obj": {"type": "LogFloats", "path": ["monitoring", "memory"], "values": [{"value": 7.828334808349609, "step": null, "ts": 1647274515.307342}]}, "version": 605}
{"obj": {"type": "LogFloats", "path": ["monitoring", "gpu_memory"], "values": [{"value": 3.561920166015625, "step": null, "ts": 1647274515.307342}]}, "version": 606}
{"obj": {"type": "LogFloats", "path": ["monitoring", "cpu"], "values": [{"value": 1.8, "step": null, "ts": 1647274525.3192568}]}, "version": 607}
{"obj": {"type": "LogFloats", "path": ["monitoring", "memory"], "values": [{"value": 7.822624206542969, "step": null, "ts": 1647274525.3192568}]}, "version": 608}
{"obj": {"type": "LogFloats", "path": ["monitoring", "gpu_memory"], "values": [{"value": 3.561920166015625, "step": null, "ts": 1647274525.3192568}]}, "version": 609}
{"obj": {"type": "LogFloats", "path": ["monitoring", "cpu"], "values": [{"value": 1.8, "step": null, "ts": 1647274535.3244238}]}, "version": 610}
{"obj": {"type": "LogFloats", "path": ["monitoring", "memory"], "values": [{"value": 7.819267272949219, "step": null, "ts": 1647274535.3244238}]}, "version": 611}
{"obj": {"type": "LogFloats", "path": ["monitoring", "gpu_memory"], "values": [{"value": 3.561920166015625, "step": null, "ts": 1647274535.3244238}]}, "version": 612}
{"obj": {"type": "LogFloats", "path": ["monitoring", "cpu"], "values": [{"value": 2.8, "step": null, "ts": 1647274545.3329685}]}, "version": 613}
{"obj": {"type": "LogFloats", "path": ["monitoring", "memory"], "values": [{"value": 7.905082702636719, "step": null, "ts": 1647274545.3329685}]}, "version": 614}
{"obj": {"type": "LogFloats", "path": ["monitoring", "gpu_memory"], "values": [{"value": 3.561920166015625, "step": null, "ts": 1647274545.3329685}]}, "version": 615}
