{"obj": {"type": "AssignString", "path": ["sys", "name"], "value": "Untitled"}, "version": 1}
{"obj": {"type": "AssignString", "path": ["sys", "description"], "value": ""}, "version": 2}
{"obj": {"type": "AssignString", "path": ["sys", "hostname"], "value": "DESKTOP-SDMAFDQ"}, "version": 3}
{"obj": {"type": "AssignBool", "path": ["sys", "failed"], "value": false}, "version": 4}
{"obj": {"type": "ClearStringLog", "path": ["monitoring", "stdout"]}, "version": 5}
{"obj": {"type": "ClearStringLog", "path": ["monitoring", "stderr"]}, "version": 6}
{"obj": {"type": "AssignString", "path": ["source_code", "entrypoint"], "value": "unet-training.py"}, "version": 7}
{"obj": {"type": "UploadFileSet", "path": ["source_code", "files"], "file_globs": ["C:\\Users\\Marc\\Documents\\GitHub\\Artefact-Rejection\\unet-training.py"], "reset": "False"}, "version": 8}
{"obj": {"type": "ConfigFloatSeries", "path": ["monitoring", "cpu"], "min": 0.0, "max": 100.0, "unit": "%"}, "version": 9}
{"obj": {"type": "ClearFloatLog", "path": ["monitoring", "cpu"]}, "version": 10}
{"obj": {"type": "ConfigFloatSeries", "path": ["monitoring", "memory"], "min": 0.0, "max": 15.387187957763672, "unit": "GB"}, "version": 11}
{"obj": {"type": "ClearFloatLog", "path": ["monitoring", "memory"]}, "version": 12}
{"obj": {"type": "ConfigFloatSeries", "path": ["monitoring", "gpu"], "min": 0.0, "max": 100.0, "unit": "%"}, "version": 13}
{"obj": {"type": "ClearFloatLog", "path": ["monitoring", "gpu"]}, "version": 14}
{"obj": {"type": "ConfigFloatSeries", "path": ["monitoring", "gpu_memory"], "min": 0.0, "max": 4.0, "unit": "GB"}, "version": 15}
{"obj": {"type": "ClearFloatLog", "path": ["monitoring", "gpu_memory"]}, "version": 16}
{"obj": {"type": "AssignString", "path": ["network", "parameters", "optimizer"], "value": "SGD"}, "version": 17}
{"obj": {"type": "AssignFloat", "path": ["network", "parameters", "optimizer_momentum"], "value": 0.9}, "version": 18}
{"obj": {"type": "AssignFloat", "path": ["network", "parameters", "optimizer_learning_rate"], "value": 0.1}, "version": 19}
{"obj": {"type": "AssignString", "path": ["network", "parameters", "loss_function"], "value": "CrossEntropyLoss"}, "version": 20}
{"obj": {"type": "AssignString", "path": ["network", "parameters", "loss_function_weights"], "value": "[1, 10]"}, "version": 21}
{"obj": {"type": "AssignString", "path": ["network", "parameters", "loss_function_reduction"], "value": "mean"}, "version": 22}
{"obj": {"type": "AssignString", "path": ["network", "parameters", "model"], "value": "Unet"}, "version": 23}
{"obj": {"type": "LogFloats", "path": ["monitoring", "cpu"], "values": [{"value": 8.7, "step": null, "ts": 1647589712.71521}]}, "version": 24}
{"obj": {"type": "LogFloats", "path": ["monitoring", "memory"], "values": [{"value": 6.288398742675781, "step": null, "ts": 1647589712.71521}]}, "version": 25}
{"obj": {"type": "LogFloats", "path": ["monitoring", "gpu_memory"], "values": [{"value": 0.051025390625, "step": null, "ts": 1647589712.71521}]}, "version": 26}
{"obj": {"type": "LogStrings", "path": ["monitoring", "stdout"], "values": [{"value": "Training epoch 0", "step": null, "ts": 1647589712.7742639}]}, "version": 27}
{"obj": {"type": "LogStrings", "path": ["monitoring", "stdout"], "values": [{"value": "\n", "step": null, "ts": 1647589712.7742639}]}, "version": 28}
{"obj": {"type": "LogFloats", "path": ["monitoring", "cpu"], "values": [{"value": 17.1, "step": null, "ts": 1647589722.7349787}]}, "version": 29}
{"obj": {"type": "LogFloats", "path": ["monitoring", "memory"], "values": [{"value": 8.20736312866211, "step": null, "ts": 1647589722.7349787}]}, "version": 30}
{"obj": {"type": "LogFloats", "path": ["monitoring", "gpu"], "values": [{"value": 100.0, "step": null, "ts": 1647589722.7349787}]}, "version": 31}
{"obj": {"type": "LogFloats", "path": ["monitoring", "gpu_memory"], "values": [{"value": 2.141998291015625, "step": null, "ts": 1647589722.7349787}]}, "version": 32}
{"obj": {"type": "LogFloats", "path": ["network", "train_loss_pr_file"], "values": [{"value": 0.6218914824925111, "step": null, "ts": 1647589730.707146}]}, "version": 33}
{"obj": {"type": "LogFloats", "path": ["network", "train_acc_pr_file"], "values": [{"value": 0.186992347240448, "step": null, "ts": 1647589730.708147}]}, "version": 34}
{"obj": {"type": "LogStrings", "path": ["network", "matrix", "train_confusion_matrix_pr_file"], "values": [{"value": "tensor([[ 1780009.,  5547624.],\n        [ 6250433., 49496940.]])", "step": null, "ts": 1647589730.7091477}]}, "version": 35}
{"obj": {"type": "LogFloats", "path": ["network", "matrix", "train_tp_pr_file"], "values": [{"value": 3.955575466156006, "step": null, "ts": 1647589730.7171552}]}, "version": 36}
{"obj": {"type": "LogFloats", "path": ["network", "matrix", "train_fp_pr_file"], "values": [{"value": 12.32805347442627, "step": null, "ts": 1647589730.7181559}]}, "version": 37}
{"obj": {"type": "LogFloats", "path": ["network", "matrix", "train_fn_pr_file"], "values": [{"value": 13.889851570129395, "step": null, "ts": 1647589730.7181559}]}, "version": 38}
{"obj": {"type": "LogFloats", "path": ["network", "matrix", "train_tn_pr_file"], "values": [{"value": 109.99320220947266, "step": null, "ts": 1647589730.7181559}]}, "version": 39}
{"obj": {"type": "LogFloats", "path": ["monitoring", "cpu"], "values": [{"value": 20.2, "step": null, "ts": 1647589732.7426445}]}, "version": 40}
{"obj": {"type": "LogFloats", "path": ["monitoring", "memory"], "values": [{"value": 8.015243530273438, "step": null, "ts": 1647589732.7426445}]}, "version": 41}
{"obj": {"type": "LogFloats", "path": ["monitoring", "gpu"], "values": [{"value": 96.0, "step": null, "ts": 1647589732.7426445}]}, "version": 42}
{"obj": {"type": "LogFloats", "path": ["monitoring", "gpu_memory"], "values": [{"value": 3.587310791015625, "step": null, "ts": 1647589732.7426445}]}, "version": 43}
{"obj": {"type": "LogFloats", "path": ["network", "validation_loss_pr_file"], "values": [{"value": 0.7252938654273748, "step": null, "ts": 1647589733.3331811}]}, "version": 44}
{"obj": {"type": "LogFloats", "path": ["network", "val_acc_pr_file"], "values": [{"value": 0.297976553440094, "step": null, "ts": 1647589733.3331811}]}, "version": 45}
{"obj": {"type": "LogStrings", "path": ["network", "matrix", "val_confusion_matrix_pr_file"], "values": [{"value": "tensor([[ 2205591.,  1674570.],\n        [ 5059588., 13410251.]])", "step": null, "ts": 1647589733.3341823}]}, "version": 46}
{"obj": {"type": "LogFloats", "path": ["network", "matrix", "val_tp_pr_file"], "values": [{"value": 4.901313304901123, "step": null, "ts": 1647589733.3341823}]}, "version": 47}
{"obj": {"type": "LogFloats", "path": ["network", "matrix", "val_fp_pr_file"], "values": [{"value": 3.721266746520996, "step": null, "ts": 1647589733.3341823}]}, "version": 48}
{"obj": {"type": "LogFloats", "path": ["network", "matrix", "val_fn_pr_file"], "values": [{"value": 11.243529319763184, "step": null, "ts": 1647589733.3341823}]}, "version": 49}
{"obj": {"type": "LogFloats", "path": ["network", "matrix", "val_tn_pr_file"], "values": [{"value": 29.80055809020996, "step": null, "ts": 1647589733.3341823}]}, "version": 50}
{"obj": {"type": "LogStrings", "path": ["monitoring", "stdout"], "values": [{"value": "Training epoch 1", "step": null, "ts": 1647589733.3351831}]}, "version": 51}
{"obj": {"type": "LogStrings", "path": ["monitoring", "stdout"], "values": [{"value": "\n", "step": null, "ts": 1647589733.3351831}]}, "version": 52}
{"obj": {"type": "LogFloats", "path": ["monitoring", "cpu"], "values": [{"value": 20.5, "step": null, "ts": 1647589742.7602904}]}, "version": 53}
{"obj": {"type": "LogFloats", "path": ["monitoring", "memory"], "values": [{"value": 8.461811065673828, "step": null, "ts": 1647589742.7602904}]}, "version": 54}
{"obj": {"type": "LogFloats", "path": ["monitoring", "gpu"], "values": [{"value": 68.0, "step": null, "ts": 1647589742.7602904}]}, "version": 55}
{"obj": {"type": "LogFloats", "path": ["monitoring", "gpu_memory"], "values": [{"value": 3.434967041015625, "step": null, "ts": 1647589742.7602904}]}, "version": 56}
{"obj": {"type": "LogFloats", "path": ["network", "train_loss_pr_file"], "values": [{"value": 0.6002129239312718, "step": null, "ts": 1647589749.703346}]}, "version": 57}
{"obj": {"type": "LogFloats", "path": ["network", "train_acc_pr_file"], "values": [{"value": 0.21493221819400787, "step": null, "ts": 1647589749.703346}]}, "version": 58}
{"obj": {"type": "LogStrings", "path": ["network", "matrix", "train_confusion_matrix_pr_file"], "values": [{"value": "tensor([[ 4046956.,  9704824.],\n        [ 4057422., 45265792.]])", "step": null, "ts": 1647589749.703346}]}, "version": 59}
{"obj": {"type": "LogFloats", "path": ["network", "matrix", "train_tp_pr_file"], "values": [{"value": 8.99323558807373, "step": null, "ts": 1647589749.703346}]}, "version": 60}
{"obj": {"type": "LogFloats", "path": ["network", "matrix", "train_fp_pr_file"], "values": [{"value": 21.566274642944336, "step": null, "ts": 1647589749.7043467}]}, "version": 61}
{"obj": {"type": "LogFloats", "path": ["network", "matrix", "train_fn_pr_file"], "values": [{"value": 9.016493797302246, "step": null, "ts": 1647589749.7043467}]}, "version": 62}
{"obj": {"type": "LogFloats", "path": ["network", "matrix", "train_tn_pr_file"], "values": [{"value": 100.59065246582031, "step": null, "ts": 1647589749.7043467}]}, "version": 63}
{"obj": {"type": "LogFloats", "path": ["network", "validation_loss_pr_file"], "values": [{"value": 0.7883996423333883, "step": null, "ts": 1647589752.30753}]}, "version": 64}
{"obj": {"type": "LogFloats", "path": ["network", "val_acc_pr_file"], "values": [{"value": 0.2986246347427368, "step": null, "ts": 1647589752.30753}]}, "version": 65}
{"obj": {"type": "LogStrings", "path": ["network", "matrix", "val_confusion_matrix_pr_file"], "values": [{"value": "tensor([[  932548.,   472114.],\n        [ 6295270., 14650068.]])", "step": null, "ts": 1647589752.3085306}]}, "version": 66}
{"obj": {"type": "LogFloats", "path": ["network", "matrix", "val_tp_pr_file"], "values": [{"value": 2.072328805923462, "step": null, "ts": 1647589752.3085306}]}, "version": 67}
{"obj": {"type": "LogFloats", "path": ["network", "matrix", "val_fp_pr_file"], "values": [{"value": 1.0491422414779663, "step": null, "ts": 1647589752.3085306}]}, "version": 68}
{"obj": {"type": "LogFloats", "path": ["network", "matrix", "val_fn_pr_file"], "values": [{"value": 13.98948860168457, "step": null, "ts": 1647589752.3095307}]}, "version": 69}
{"obj": {"type": "LogFloats", "path": ["network", "matrix", "val_tn_pr_file"], "values": [{"value": 32.55570602416992, "step": null, "ts": 1647589752.3095307}]}, "version": 70}
{"obj": {"type": "LogStrings", "path": ["monitoring", "stdout"], "values": [{"value": "Training epoch 2", "step": null, "ts": 1647589752.3095307}]}, "version": 71}
{"obj": {"type": "LogStrings", "path": ["monitoring", "stdout"], "values": [{"value": "\n", "step": null, "ts": 1647589752.3095307}]}, "version": 72}
{"obj": {"type": "LogFloats", "path": ["monitoring", "cpu"], "values": [{"value": 22.1, "step": null, "ts": 1647589752.7729526}]}, "version": 73}
{"obj": {"type": "LogFloats", "path": ["monitoring", "memory"], "values": [{"value": 8.92386245727539, "step": null, "ts": 1647589752.7729526}]}, "version": 74}
{"obj": {"type": "LogFloats", "path": ["monitoring", "gpu"], "values": [{"value": 100.0, "step": null, "ts": 1647589752.7729526}]}, "version": 75}
{"obj": {"type": "LogFloats", "path": ["monitoring", "gpu_memory"], "values": [{"value": 3.464263916015625, "step": null, "ts": 1647589752.7729526}]}, "version": 76}
{"obj": {"type": "LogFloats", "path": ["monitoring", "cpu"], "values": [{"value": 18.6, "step": null, "ts": 1647589762.7792833}]}, "version": 77}
{"obj": {"type": "LogFloats", "path": ["monitoring", "memory"], "values": [{"value": 8.439544677734375, "step": null, "ts": 1647589762.7792833}]}, "version": 78}
{"obj": {"type": "LogFloats", "path": ["monitoring", "gpu"], "values": [{"value": 68.0, "step": null, "ts": 1647589762.7792833}]}, "version": 79}
{"obj": {"type": "LogFloats", "path": ["monitoring", "gpu_memory"], "values": [{"value": 3.464263916015625, "step": null, "ts": 1647589762.7792833}]}, "version": 80}
{"obj": {"type": "LogFloats", "path": ["network", "train_loss_pr_file"], "values": [{"value": 0.5961197189400705, "step": null, "ts": 1647589768.6667778}]}, "version": 81}
{"obj": {"type": "LogFloats", "path": ["network", "train_acc_pr_file"], "values": [{"value": 0.1840427666902542, "step": null, "ts": 1647589768.6677783}]}, "version": 82}
{"obj": {"type": "LogStrings", "path": ["network", "matrix", "train_confusion_matrix_pr_file"], "values": [{"value": "tensor([[ 2081400.,  5492415.],\n        [ 6200956., 49300228.]])", "step": null, "ts": 1647589768.6677783}]}, "version": 83}
{"obj": {"type": "LogFloats", "path": ["network", "matrix", "train_tp_pr_file"], "values": [{"value": 4.625333309173584, "step": null, "ts": 1647589768.6677783}]}, "version": 84}
{"obj": {"type": "LogFloats", "path": ["network", "matrix", "train_fp_pr_file"], "values": [{"value": 12.205367088317871, "step": null, "ts": 1647589768.6677783}]}, "version": 85}
{"obj": {"type": "LogFloats", "path": ["network", "matrix", "train_fn_pr_file"], "values": [{"value": 13.779902458190918, "step": null, "ts": 1647589768.6687784}]}, "version": 86}
{"obj": {"type": "LogFloats", "path": ["network", "matrix", "train_tn_pr_file"], "values": [{"value": 109.55606079101562, "step": null, "ts": 1647589768.6687784}]}, "version": 87}
{"obj": {"type": "LogFloats", "path": ["network", "validation_loss_pr_file"], "values": [{"value": 0.7579168863594532, "step": null, "ts": 1647589771.2302806}]}, "version": 88}
{"obj": {"type": "LogFloats", "path": ["network", "val_acc_pr_file"], "values": [{"value": 0.2971883714199066, "step": null, "ts": 1647589771.2302806}]}, "version": 89}
{"obj": {"type": "LogStrings", "path": ["network", "matrix", "val_confusion_matrix_pr_file"], "values": [{"value": "tensor([[ 1433545.,   815934.],\n        [ 5925701., 14174820.]])", "step": null, "ts": 1647589771.2302806}]}, "version": 90}
{"obj": {"type": "LogFloats", "path": ["network", "matrix", "val_tp_pr_file"], "values": [{"value": 3.1856555938720703, "step": null, "ts": 1647589771.2302806}]}, "version": 91}
{"obj": {"type": "LogFloats", "path": ["network", "matrix", "val_fp_pr_file"], "values": [{"value": 1.8131866455078125, "step": null, "ts": 1647589771.2312808}]}, "version": 92}
{"obj": {"type": "LogFloats", "path": ["network", "matrix", "val_fn_pr_file"], "values": [{"value": 13.168224334716797, "step": null, "ts": 1647589771.2312808}]}, "version": 93}
{"obj": {"type": "LogFloats", "path": ["network", "matrix", "val_tn_pr_file"], "values": [{"value": 31.49959945678711, "step": null, "ts": 1647589771.2312808}]}, "version": 94}
{"obj": {"type": "LogStrings", "path": ["monitoring", "stdout"], "values": [{"value": "Training epoch 3", "step": null, "ts": 1647589771.2312808}]}, "version": 95}
{"obj": {"type": "LogStrings", "path": ["monitoring", "stdout"], "values": [{"value": "\n", "step": null, "ts": 1647589771.2312808}]}, "version": 96}
{"obj": {"type": "LogFloats", "path": ["monitoring", "cpu"], "values": [{"value": 21.8, "step": null, "ts": 1647589772.7874014}]}, "version": 97}
{"obj": {"type": "LogFloats", "path": ["monitoring", "memory"], "values": [{"value": 8.843807220458984, "step": null, "ts": 1647589772.7874014}]}, "version": 98}
{"obj": {"type": "LogFloats", "path": ["monitoring", "gpu"], "values": [{"value": 98.0, "step": null, "ts": 1647589772.7874014}]}, "version": 99}
{"obj": {"type": "LogFloats", "path": ["monitoring", "gpu_memory"], "values": [{"value": 3.464263916015625, "step": null, "ts": 1647589772.7874014}]}, "version": 100}
{"obj": {"type": "LogFloats", "path": ["monitoring", "cpu"], "values": [{"value": 19.5, "step": null, "ts": 1647589782.7946205}]}, "version": 101}
{"obj": {"type": "LogFloats", "path": ["monitoring", "memory"], "values": [{"value": 8.368595123291016, "step": null, "ts": 1647589782.7946205}]}, "version": 102}
{"obj": {"type": "LogFloats", "path": ["monitoring", "gpu"], "values": [{"value": 98.0, "step": null, "ts": 1647589782.7946205}]}, "version": 103}
{"obj": {"type": "LogFloats", "path": ["monitoring", "gpu_memory"], "values": [{"value": 3.464263916015625, "step": null, "ts": 1647589782.7946205}]}, "version": 104}
{"obj": {"type": "LogFloats", "path": ["network", "train_loss_pr_file"], "values": [{"value": 0.5759038958656654, "step": null, "ts": 1647589787.5846527}]}, "version": 105}
{"obj": {"type": "LogFloats", "path": ["network", "train_acc_pr_file"], "values": [{"value": 0.15230566263198853, "step": null, "ts": 1647589787.5846527}]}, "version": 106}
{"obj": {"type": "LogStrings", "path": ["network", "matrix", "train_confusion_matrix_pr_file"], "values": [{"value": "tensor([[ 2792732.,  4287405.],\n        [ 5393235., 50601616.]])", "step": null, "ts": 1647589787.585652}]}, "version": 107}
{"obj": {"type": "LogFloats", "path": ["network", "matrix", "train_tp_pr_file"], "values": [{"value": 6.206070899963379, "step": null, "ts": 1647589787.585652}]}, "version": 108}
{"obj": {"type": "LogFloats", "path": ["network", "matrix", "train_fp_pr_file"], "values": [{"value": 9.527566909790039, "step": null, "ts": 1647589787.585652}]}, "version": 109}
{"obj": {"type": "LogFloats", "path": ["network", "matrix", "train_fn_pr_file"], "values": [{"value": 11.984966278076172, "step": null, "ts": 1647589787.585652}]}, "version": 110}
{"obj": {"type": "LogFloats", "path": ["network", "matrix", "train_tn_pr_file"], "values": [{"value": 112.44803619384766, "step": null, "ts": 1647589787.585652}]}, "version": 111}
{"obj": {"type": "LogFloats", "path": ["network", "validation_loss_pr_file"], "values": [{"value": 0.6940658055245876, "step": null, "ts": 1647589790.203292}]}, "version": 112}
{"obj": {"type": "LogFloats", "path": ["network", "val_acc_pr_file"], "values": [{"value": 0.3346245288848877, "step": null, "ts": 1647589790.203292}]}, "version": 113}
{"obj": {"type": "LogStrings", "path": ["network", "matrix", "val_confusion_matrix_pr_file"], "values": [{"value": "tensor([[ 3856973.,  3848387.],\n        [ 3557671., 11086969.]])", "step": null, "ts": 1647589790.2042918}]}, "version": 114}
{"obj": {"type": "LogFloats", "path": ["network", "matrix", "val_tp_pr_file"], "values": [{"value": 12.856576919555664, "step": null, "ts": 1647589790.2042918}]}, "version": 115}
{"obj": {"type": "LogFloats", "path": ["network", "matrix", "val_fp_pr_file"], "values": [{"value": 12.827956199645996, "step": null, "ts": 1647589790.2042918}]}, "version": 116}
{"obj": {"type": "LogFloats", "path": ["network", "matrix", "val_fn_pr_file"], "values": [{"value": 11.858902931213379, "step": null, "ts": 1647589790.2042918}]}, "version": 117}
{"obj": {"type": "LogFloats", "path": ["network", "matrix", "val_tn_pr_file"], "values": [{"value": 36.95656204223633, "step": null, "ts": 1647589790.2042918}]}, "version": 118}
{"obj": {"type": "LogStrings", "path": ["monitoring", "stdout"], "values": [{"value": "Training epoch 4", "step": null, "ts": 1647589790.2042918}]}, "version": 119}
{"obj": {"type": "LogStrings", "path": ["monitoring", "stdout"], "values": [{"value": "\n", "step": null, "ts": 1647589790.2042918}]}, "version": 120}
{"obj": {"type": "LogFloats", "path": ["monitoring", "cpu"], "values": [{"value": 23.6, "step": null, "ts": 1647589792.8006532}]}, "version": 121}
{"obj": {"type": "LogFloats", "path": ["monitoring", "memory"], "values": [{"value": 8.002830505371094, "step": null, "ts": 1647589792.8006532}]}, "version": 122}
{"obj": {"type": "LogFloats", "path": ["monitoring", "gpu"], "values": [{"value": 98.0, "step": null, "ts": 1647589792.8006532}]}, "version": 123}
{"obj": {"type": "LogFloats", "path": ["monitoring", "gpu_memory"], "values": [{"value": 3.577545166015625, "step": null, "ts": 1647589792.8006532}]}, "version": 124}
{"obj": {"type": "LogFloats", "path": ["monitoring", "cpu"], "values": [{"value": 18.2, "step": null, "ts": 1647589802.8046293}]}, "version": 125}
{"obj": {"type": "LogFloats", "path": ["monitoring", "memory"], "values": [{"value": 8.347854614257812, "step": null, "ts": 1647589802.8046293}]}, "version": 126}
{"obj": {"type": "LogFloats", "path": ["monitoring", "gpu"], "values": [{"value": 98.0, "step": null, "ts": 1647589802.8046293}]}, "version": 127}
{"obj": {"type": "LogFloats", "path": ["monitoring", "gpu_memory"], "values": [{"value": 3.577545166015625, "step": null, "ts": 1647589802.8046293}]}, "version": 128}
{"obj": {"type": "LogFloats", "path": ["network", "train_loss_pr_file"], "values": [{"value": 0.6132586471150431, "step": null, "ts": 1647589806.55086}]}, "version": 129}
{"obj": {"type": "LogFloats", "path": ["network", "train_acc_pr_file"], "values": [{"value": 0.20381319522857666, "step": null, "ts": 1647589806.55086}]}, "version": 130}
{"obj": {"type": "LogStrings", "path": ["network", "matrix", "train_confusion_matrix_pr_file"], "values": [{"value": "tensor([[ 2060585.,  6860272.],\n        [ 5977230., 48176908.]])", "step": null, "ts": 1647589806.5518603}]}, "version": 131}
{"obj": {"type": "LogFloats", "path": ["network", "matrix", "train_tp_pr_file"], "values": [{"value": 4.57907772064209, "step": null, "ts": 1647589806.5518603}]}, "version": 132}
{"obj": {"type": "LogFloats", "path": ["network", "matrix", "train_fp_pr_file"], "values": [{"value": 15.245048522949219, "step": null, "ts": 1647589806.5518603}]}, "version": 133}
{"obj": {"type": "LogFloats", "path": ["network", "matrix", "train_fn_pr_file"], "values": [{"value": 13.282732963562012, "step": null, "ts": 1647589806.5518603}]}, "version": 134}
{"obj": {"type": "LogFloats", "path": ["network", "matrix", "train_tn_pr_file"], "values": [{"value": 107.05979919433594, "step": null, "ts": 1647589806.5518603}]}, "version": 135}
{"obj": {"type": "LogFloats", "path": ["network", "validation_loss_pr_file"], "values": [{"value": 0.7347273929044604, "step": null, "ts": 1647589809.0631442}]}, "version": 136}
{"obj": {"type": "LogFloats", "path": ["network", "val_acc_pr_file"], "values": [{"value": 0.2977555990219116, "step": null, "ts": 1647589809.0631442}]}, "version": 137}
{"obj": {"type": "LogStrings", "path": ["network", "matrix", "val_confusion_matrix_pr_file"], "values": [{"value": "tensor([[ 1961765.,  1429714.],\n        [ 5272124., 13686397.]])", "step": null, "ts": 1647589809.0631442}]}, "version": 138}
{"obj": {"type": "LogFloats", "path": ["network", "matrix", "val_tp_pr_file"], "values": [{"value": 4.359477996826172, "step": null, "ts": 1647589809.0641444}]}, "version": 139}
{"obj": {"type": "LogFloats", "path": ["network", "matrix", "val_fp_pr_file"], "values": [{"value": 3.1771421432495117, "step": null, "ts": 1647589809.0641444}]}, "version": 140}
{"obj": {"type": "LogFloats", "path": ["network", "matrix", "val_fn_pr_file"], "values": [{"value": 11.71583080291748, "step": null, "ts": 1647589809.0641444}]}, "version": 141}
{"obj": {"type": "LogFloats", "path": ["network", "matrix", "val_tn_pr_file"], "values": [{"value": 30.414215087890625, "step": null, "ts": 1647589809.0641444}]}, "version": 142}
{"obj": {"type": "LogStrings", "path": ["monitoring", "stdout"], "values": [{"value": "Training epoch 5", "step": null, "ts": 1647589809.0641444}]}, "version": 143}
{"obj": {"type": "LogStrings", "path": ["monitoring", "stdout"], "values": [{"value": "\n", "step": null, "ts": 1647589809.0641444}]}, "version": 144}
{"obj": {"type": "LogFloats", "path": ["monitoring", "cpu"], "values": [{"value": 20.9, "step": null, "ts": 1647589812.8103542}]}, "version": 145}
{"obj": {"type": "LogFloats", "path": ["monitoring", "memory"], "values": [{"value": 8.007007598876953, "step": null, "ts": 1647589812.8103542}]}, "version": 146}
{"obj": {"type": "LogFloats", "path": ["monitoring", "gpu"], "values": [{"value": 98.0, "step": null, "ts": 1647589812.8103542}]}, "version": 147}
{"obj": {"type": "LogFloats", "path": ["monitoring", "gpu_memory"], "values": [{"value": 3.577545166015625, "step": null, "ts": 1647589812.8103542}]}, "version": 148}
{"obj": {"type": "LogFloats", "path": ["monitoring", "cpu"], "values": [{"value": 17.5, "step": null, "ts": 1647589822.8268065}]}, "version": 149}
{"obj": {"type": "LogFloats", "path": ["monitoring", "memory"], "values": [{"value": 8.398021697998047, "step": null, "ts": 1647589822.8268065}]}, "version": 150}
{"obj": {"type": "LogFloats", "path": ["monitoring", "gpu"], "values": [{"value": 98.0, "step": null, "ts": 1647589822.8268065}]}, "version": 151}
{"obj": {"type": "LogFloats", "path": ["monitoring", "gpu_memory"], "values": [{"value": 3.577545166015625, "step": null, "ts": 1647589822.8268065}]}, "version": 152}
{"obj": {"type": "LogFloats", "path": ["network", "train_loss_pr_file"], "values": [{"value": 0.5960156291388394, "step": null, "ts": 1647589825.4699783}]}, "version": 153}
{"obj": {"type": "LogFloats", "path": ["network", "train_acc_pr_file"], "values": [{"value": 0.19597415626049042, "step": null, "ts": 1647589825.470979}]}, "version": 154}
{"obj": {"type": "LogStrings", "path": ["network", "matrix", "train_confusion_matrix_pr_file"], "values": [{"value": "tensor([[ 2957703.,  7093204.],\n        [ 5351060., 47673024.]])", "step": null, "ts": 1647589825.470979}]}, "version": 155}
{"obj": {"type": "LogFloats", "path": ["network", "matrix", "train_tp_pr_file"], "values": [{"value": 3.943603992462158, "step": null, "ts": 1647589825.470979}]}, "version": 156}
{"obj": {"type": "LogFloats", "path": ["network", "matrix", "train_fp_pr_file"], "values": [{"value": 9.457605361938477, "step": null, "ts": 1647589825.470979}]}, "version": 157}
{"obj": {"type": "LogFloats", "path": ["network", "matrix", "train_fn_pr_file"], "values": [{"value": 7.134746551513672, "step": null, "ts": 1647589825.4719794}]}, "version": 158}
{"obj": {"type": "LogFloats", "path": ["network", "matrix", "train_tn_pr_file"], "values": [{"value": 63.56403350830078, "step": null, "ts": 1647589825.4719794}]}, "version": 159}
{"obj": {"type": "LogFloats", "path": ["network", "validation_loss_pr_file"], "values": [{"value": 0.7172664906829596, "step": null, "ts": 1647589828.088498}]}, "version": 160}
{"obj": {"type": "LogFloats", "path": ["network", "val_acc_pr_file"], "values": [{"value": 0.2912551760673523, "step": null, "ts": 1647589828.088498}]}, "version": 161}
{"obj": {"type": "LogStrings", "path": ["network", "matrix", "val_confusion_matrix_pr_file"], "values": [{"value": "tensor([[ 2318417.,  1681471.],\n        [ 4906573., 13443539.]])", "step": null, "ts": 1647589828.0894992}]}, "version": 162}
{"obj": {"type": "LogFloats", "path": ["network", "matrix", "val_tp_pr_file"], "values": [{"value": 5.152037620544434, "step": null, "ts": 1647589828.0894992}]}, "version": 163}
{"obj": {"type": "LogFloats", "path": ["network", "matrix", "val_fp_pr_file"], "values": [{"value": 3.736602306365967, "step": null, "ts": 1647589828.0894992}]}, "version": 164}
{"obj": {"type": "LogFloats", "path": ["network", "matrix", "val_fn_pr_file"], "values": [{"value": 10.903495788574219, "step": null, "ts": 1647589828.0894992}]}, "version": 165}
{"obj": {"type": "LogFloats", "path": ["network", "matrix", "val_tn_pr_file"], "values": [{"value": 29.874530792236328, "step": null, "ts": 1647589828.0894992}]}, "version": 166}
{"obj": {"type": "LogStrings", "path": ["monitoring", "stdout"], "values": [{"value": "Training epoch 6", "step": null, "ts": 1647589828.0904994}]}, "version": 167}
{"obj": {"type": "LogStrings", "path": ["monitoring", "stdout"], "values": [{"value": "\n", "step": null, "ts": 1647589828.0904994}]}, "version": 168}
{"obj": {"type": "LogFloats", "path": ["monitoring", "cpu"], "values": [{"value": 21.3, "step": null, "ts": 1647589832.83978}]}, "version": 169}
{"obj": {"type": "LogFloats", "path": ["monitoring", "memory"], "values": [{"value": 8.866287231445312, "step": null, "ts": 1647589832.83978}]}, "version": 170}
{"obj": {"type": "LogFloats", "path": ["monitoring", "gpu"], "values": [{"value": 98.0, "step": null, "ts": 1647589832.83978}]}, "version": 171}
{"obj": {"type": "LogFloats", "path": ["monitoring", "gpu_memory"], "values": [{"value": 3.546295166015625, "step": null, "ts": 1647589832.83978}]}, "version": 172}
{"obj": {"type": "LogFloats", "path": ["monitoring", "cpu"], "values": [{"value": 18.1, "step": null, "ts": 1647589842.8506243}]}, "version": 173}
{"obj": {"type": "LogFloats", "path": ["monitoring", "memory"], "values": [{"value": 8.37588882446289, "step": null, "ts": 1647589842.8506243}]}, "version": 174}
{"obj": {"type": "LogFloats", "path": ["monitoring", "gpu"], "values": [{"value": 98.0, "step": null, "ts": 1647589842.8506243}]}, "version": 175}
{"obj": {"type": "LogFloats", "path": ["monitoring", "gpu_memory"], "values": [{"value": 3.546295166015625, "step": null, "ts": 1647589842.8506243}]}, "version": 176}
{"obj": {"type": "LogFloats", "path": ["network", "train_loss_pr_file"], "values": [{"value": 0.630619646123286, "step": null, "ts": 1647589844.431259}]}, "version": 177}
{"obj": {"type": "LogFloats", "path": ["network", "train_acc_pr_file"], "values": [{"value": 0.22360476851463318, "step": null, "ts": 1647589844.4322453}]}, "version": 178}
{"obj": {"type": "LogStrings", "path": ["network", "matrix", "train_confusion_matrix_pr_file"], "values": [{"value": "tensor([[ 3175130.,  8838553.],\n        [ 5337903., 45723420.]])", "step": null, "ts": 1647589844.4322453}]}, "version": 179}
{"obj": {"type": "LogFloats", "path": ["network", "matrix", "train_tp_pr_file"], "values": [{"value": 4.233506679534912, "step": null, "ts": 1647589844.4322453}]}, "version": 180}
{"obj": {"type": "LogFloats", "path": ["network", "matrix", "train_fp_pr_file"], "values": [{"value": 11.784737586975098, "step": null, "ts": 1647589844.4332457}]}, "version": 181}
{"obj": {"type": "LogFloats", "path": ["network", "matrix", "train_fn_pr_file"], "values": [{"value": 7.117204189300537, "step": null, "ts": 1647589844.4332457}]}, "version": 182}
{"obj": {"type": "LogFloats", "path": ["network", "matrix", "train_tn_pr_file"], "values": [{"value": 60.964561462402344, "step": null, "ts": 1647589844.4332457}]}, "version": 183}
{"obj": {"type": "LogFloats", "path": ["network", "validation_loss_pr_file"], "values": [{"value": 0.7031127773225307, "step": null, "ts": 1647589847.104953}]}, "version": 184}
{"obj": {"type": "LogFloats", "path": ["network", "val_acc_pr_file"], "values": [{"value": 0.3377757668495178, "step": null, "ts": 1647589847.104953}]}, "version": 185}
{"obj": {"type": "LogStrings", "path": ["network", "matrix", "val_confusion_matrix_pr_file"], "values": [{"value": "tensor([[ 3108592.,  3327180.],\n        [ 4172895., 11741333.]])", "step": null, "ts": 1647589847.104953}]}, "version": 186}
{"obj": {"type": "LogFloats", "path": ["network", "matrix", "val_tp_pr_file"], "values": [{"value": 6.907982349395752, "step": null, "ts": 1647589847.1059532}]}, "version": 187}
{"obj": {"type": "LogFloats", "path": ["network", "matrix", "val_fp_pr_file"], "values": [{"value": 7.393733501434326, "step": null, "ts": 1647589847.1059532}]}, "version": 188}
{"obj": {"type": "LogFloats", "path": ["network", "matrix", "val_fn_pr_file"], "values": [{"value": 9.273099899291992, "step": null, "ts": 1647589847.1059532}]}, "version": 189}
{"obj": {"type": "LogFloats", "path": ["network", "matrix", "val_tn_pr_file"], "values": [{"value": 26.09185028076172, "step": null, "ts": 1647589847.1059532}]}, "version": 190}
{"obj": {"type": "LogStrings", "path": ["monitoring", "stdout"], "values": [{"value": "Training epoch 7", "step": null, "ts": 1647589847.1059532}]}, "version": 191}
{"obj": {"type": "LogStrings", "path": ["monitoring", "stdout"], "values": [{"value": "\n", "step": null, "ts": 1647589847.1059532}]}, "version": 192}
{"obj": {"type": "LogFloats", "path": ["monitoring", "cpu"], "values": [{"value": 20.3, "step": null, "ts": 1647589852.854694}]}, "version": 193}
{"obj": {"type": "LogFloats", "path": ["monitoring", "memory"], "values": [{"value": 8.229278564453125, "step": null, "ts": 1647589852.854694}]}, "version": 194}
{"obj": {"type": "LogFloats", "path": ["monitoring", "gpu"], "values": [{"value": 98.0, "step": null, "ts": 1647589852.854694}]}, "version": 195}
{"obj": {"type": "LogFloats", "path": ["monitoring", "gpu_memory"], "values": [{"value": 3.546295166015625, "step": null, "ts": 1647589852.854694}]}, "version": 196}
{"obj": {"type": "LogFloats", "path": ["monitoring", "cpu"], "values": [{"value": 19.3, "step": null, "ts": 1647589862.8618302}]}, "version": 197}
{"obj": {"type": "LogFloats", "path": ["monitoring", "memory"], "values": [{"value": 8.597896575927734, "step": null, "ts": 1647589862.8618302}]}, "version": 198}
{"obj": {"type": "LogFloats", "path": ["monitoring", "gpu"], "values": [{"value": 84.0, "step": null, "ts": 1647589862.8618302}]}, "version": 199}
{"obj": {"type": "LogFloats", "path": ["monitoring", "gpu_memory"], "values": [{"value": 3.546295166015625, "step": null, "ts": 1647589862.8618302}]}, "version": 200}
{"obj": {"type": "LogFloats", "path": ["network", "train_loss_pr_file"], "values": [{"value": 0.5988715260886075, "step": null, "ts": 1647589863.5011237}]}, "version": 201}
{"obj": {"type": "LogFloats", "path": ["network", "train_acc_pr_file"], "values": [{"value": 0.17235663533210754, "step": null, "ts": 1647589863.5011237}]}, "version": 202}
{"obj": {"type": "LogStrings", "path": ["network", "matrix", "train_confusion_matrix_pr_file"], "values": [{"value": "tensor([[ 2601470.,  5400559.],\n        [ 5566222., 49506752.]])", "step": null, "ts": 1647589863.5021248}]}, "version": 203}
{"obj": {"type": "LogFloats", "path": ["network", "matrix", "train_tp_pr_file"], "values": [{"value": 3.4686267375946045, "step": null, "ts": 1647589863.5021248}]}, "version": 204}
{"obj": {"type": "LogFloats", "path": ["network", "matrix", "train_fp_pr_file"], "values": [{"value": 7.200745105743408, "step": null, "ts": 1647589863.5021248}]}, "version": 205}
{"obj": {"type": "LogFloats", "path": ["network", "matrix", "train_fn_pr_file"], "values": [{"value": 7.421629428863525, "step": null, "ts": 1647589863.5021248}]}, "version": 206}
{"obj": {"type": "LogFloats", "path": ["network", "matrix", "train_tn_pr_file"], "values": [{"value": 66.00900268554688, "step": null, "ts": 1647589863.5031602}]}, "version": 207}
{"obj": {"type": "LogFloats", "path": ["network", "validation_loss_pr_file"], "values": [{"value": 0.7237385772168636, "step": null, "ts": 1647589866.1415024}]}, "version": 208}
{"obj": {"type": "LogFloats", "path": ["network", "val_acc_pr_file"], "values": [{"value": 0.2959514558315277, "step": null, "ts": 1647589866.1415024}]}, "version": 209}
{"obj": {"type": "LogStrings", "path": ["network", "matrix", "val_confusion_matrix_pr_file"], "values": [{"value": "tensor([[ 2437788.,  2024874.],\n        [ 4655422., 13231916.]])", "step": null, "ts": 1647589866.142503}]}, "version": 210}
{"obj": {"type": "LogFloats", "path": ["network", "matrix", "val_tp_pr_file"], "values": [{"value": 5.417306900024414, "step": null, "ts": 1647589866.142503}]}, "version": 211}
{"obj": {"type": "LogFloats", "path": ["network", "matrix", "val_fp_pr_file"], "values": [{"value": 4.499720096588135, "step": null, "ts": 1647589866.142503}]}, "version": 212}
{"obj": {"type": "LogFloats", "path": ["network", "matrix", "val_fn_pr_file"], "values": [{"value": 10.345382690429688, "step": null, "ts": 1647589866.142503}]}, "version": 213}
{"obj": {"type": "LogFloats", "path": ["network", "matrix", "val_tn_pr_file"], "values": [{"value": 29.404258728027344, "step": null, "ts": 1647589866.142503}]}, "version": 214}
{"obj": {"type": "LogStrings", "path": ["monitoring", "stdout"], "values": [{"value": "Training epoch 8", "step": null, "ts": 1647589866.142503}]}, "version": 215}
{"obj": {"type": "LogStrings", "path": ["monitoring", "stdout"], "values": [{"value": "\n", "step": null, "ts": 1647589866.142503}]}, "version": 216}
{"obj": {"type": "LogFloats", "path": ["monitoring", "cpu"], "values": [{"value": 20.2, "step": null, "ts": 1647589872.8729084}]}, "version": 217}
{"obj": {"type": "LogFloats", "path": ["monitoring", "memory"], "values": [{"value": 8.221927642822266, "step": null, "ts": 1647589872.8729084}]}, "version": 218}
{"obj": {"type": "LogFloats", "path": ["monitoring", "gpu"], "values": [{"value": 98.0, "step": null, "ts": 1647589872.8729084}]}, "version": 219}
{"obj": {"type": "LogFloats", "path": ["monitoring", "gpu_memory"], "values": [{"value": 3.546295166015625, "step": null, "ts": 1647589872.8729084}]}, "version": 220}
{"obj": {"type": "LogFloats", "path": ["network", "train_loss_pr_file"], "values": [{"value": 0.5891210527232523, "step": null, "ts": 1647589882.5692205}]}, "version": 221}
{"obj": {"type": "LogFloats", "path": ["network", "train_acc_pr_file"], "values": [{"value": 0.2012142688035965, "step": null, "ts": 1647589882.5692205}]}, "version": 222}
{"obj": {"type": "LogStrings", "path": ["network", "matrix", "train_confusion_matrix_pr_file"], "values": [{"value": "tensor([[ 3093138.,  7651766.],\n        [ 5087671., 47242424.]])", "step": null, "ts": 1647589882.5702205}]}, "version": 223}
{"obj": {"type": "LogFloats", "path": ["network", "matrix", "train_tp_pr_file"], "values": [{"value": 6.873640060424805, "step": null, "ts": 1647589882.5702205}]}, "version": 224}
{"obj": {"type": "LogFloats", "path": ["network", "matrix", "train_fp_pr_file"], "values": [{"value": 17.003925323486328, "step": null, "ts": 1647589882.5702205}]}, "version": 225}
{"obj": {"type": "LogFloats", "path": ["network", "matrix", "train_fn_pr_file"], "values": [{"value": 11.305935859680176, "step": null, "ts": 1647589882.5702205}]}, "version": 226}
{"obj": {"type": "LogFloats", "path": ["network", "matrix", "train_tn_pr_file"], "values": [{"value": 104.98316192626953, "step": null, "ts": 1647589882.5702205}]}, "version": 227}
{"obj": {"type": "LogFloats", "path": ["monitoring", "cpu"], "values": [{"value": 19.4, "step": null, "ts": 1647589882.8845067}]}, "version": 228}
{"obj": {"type": "LogFloats", "path": ["monitoring", "memory"], "values": [{"value": 8.613616943359375, "step": null, "ts": 1647589882.8845067}]}, "version": 229}
{"obj": {"type": "LogFloats", "path": ["monitoring", "gpu"], "values": [{"value": 96.0, "step": null, "ts": 1647589882.8845067}]}, "version": 230}
{"obj": {"type": "LogFloats", "path": ["monitoring", "gpu_memory"], "values": [{"value": 3.546295166015625, "step": null, "ts": 1647589882.8845067}]}, "version": 231}
{"obj": {"type": "LogFloats", "path": ["network", "validation_loss_pr_file"], "values": [{"value": 0.7120841005817056, "step": null, "ts": 1647589885.305518}]}, "version": 232}
{"obj": {"type": "LogFloats", "path": ["network", "val_acc_pr_file"], "values": [{"value": 0.2849268913269043, "step": null, "ts": 1647589885.305518}]}, "version": 233}
{"obj": {"type": "LogStrings", "path": ["network", "matrix", "val_confusion_matrix_pr_file"], "values": [{"value": "tensor([[ 2470388.,  1622743.],\n        [ 4840981., 13415888.]])", "step": null, "ts": 1647589885.3065197}]}, "version": 234}
{"obj": {"type": "LogFloats", "path": ["network", "matrix", "val_tp_pr_file"], "values": [{"value": 5.48975133895874, "step": null, "ts": 1647589885.3065197}]}, "version": 235}
{"obj": {"type": "LogFloats", "path": ["network", "matrix", "val_fp_pr_file"], "values": [{"value": 3.606095552444458, "step": null, "ts": 1647589885.3065197}]}, "version": 236}
{"obj": {"type": "LogFloats", "path": ["network", "matrix", "val_fn_pr_file"], "values": [{"value": 10.757735252380371, "step": null, "ts": 1647589885.3065197}]}, "version": 237}
{"obj": {"type": "LogFloats", "path": ["network", "matrix", "val_tn_pr_file"], "values": [{"value": 29.81308364868164, "step": null, "ts": 1647589885.3065197}]}, "version": 238}
{"obj": {"type": "LogStrings", "path": ["monitoring", "stdout"], "values": [{"value": "Training epoch 9", "step": null, "ts": 1647589885.30752}]}, "version": 239}
{"obj": {"type": "LogStrings", "path": ["monitoring", "stdout"], "values": [{"value": "\n", "step": null, "ts": 1647589885.30752}]}, "version": 240}
{"obj": {"type": "LogStrings", "path": ["monitoring", "traceback"], "values": [{"value": "An uncaught exception occurred while run was active on worker DESKTOP-SDMAFDQ.", "step": null, "ts": 1647589885.8980567}, {"value": "Marking run as failed", "step": null, "ts": 1647589885.8980567}, {"value": "Traceback:", "step": null, "ts": 1647589885.8980567}, {"value": "  File \"C:\\Users\\Marc\\Documents\\GitHub\\Artefact-Rejection\\unet-training.py\", line 158, in <module>\n    optimizer.step()\n", "step": null, "ts": 1647589885.8980567}, {"value": "", "step": null, "ts": 1647589885.8980567}]}, "version": 241}
{"obj": {"type": "AssignBool", "path": ["sys", "failed"], "value": true}, "version": 242}
{"obj": {"type": "LogStrings", "path": ["monitoring", "stderr"], "values": [{"value": "Traceback (most recent call last):\n", "step": null, "ts": 1647589885.8980567}]}, "version": 243}
{"obj": {"type": "LogStrings", "path": ["monitoring", "stderr"], "values": [{"value": "  File \"C:\\Users\\Marc\\Documents\\GitHub\\Artefact-Rejection\\unet-training.py\", line 158, in <module>\n", "step": null, "ts": 1647589885.9000585}]}, "version": 244}
{"obj": {"type": "LogStrings", "path": ["monitoring", "stderr"], "values": [{"value": "    ", "step": null, "ts": 1647589885.9000585}]}, "version": 245}
{"obj": {"type": "LogStrings", "path": ["monitoring", "stderr"], "values": [{"value": "optimizer.step()", "step": null, "ts": 1647589885.9000585}]}, "version": 246}
{"obj": {"type": "LogStrings", "path": ["monitoring", "stderr"], "values": [{"value": "\n", "step": null, "ts": 1647589885.9000585}]}, "version": 247}
{"obj": {"type": "LogStrings", "path": ["monitoring", "stderr"], "values": [{"value": "KeyboardInterrupt", "step": null, "ts": 1647589885.9010596}]}, "version": 248}
{"obj": {"type": "LogStrings", "path": ["monitoring", "stderr"], "values": [{"value": "", "step": null, "ts": 1647589885.9010596}]}, "version": 249}
{"obj": {"type": "LogStrings", "path": ["monitoring", "stderr"], "values": [{"value": "\n", "step": null, "ts": 1647589885.9010596}]}, "version": 250}
