{"obj": {"type": "AssignString", "path": ["sys", "name"], "value": "Untitled"}, "version": 1}
{"obj": {"type": "AssignString", "path": ["sys", "description"], "value": ""}, "version": 2}
{"obj": {"type": "AssignString", "path": ["sys", "hostname"], "value": "DESKTOP-SDMAFDQ"}, "version": 3}
{"obj": {"type": "AssignBool", "path": ["sys", "failed"], "value": false}, "version": 4}
{"obj": {"type": "ClearStringLog", "path": ["monitoring", "stdout"]}, "version": 5}
{"obj": {"type": "ClearStringLog", "path": ["monitoring", "stderr"]}, "version": 6}
{"obj": {"type": "AssignString", "path": ["source_code", "entrypoint"], "value": "unet-training.py"}, "version": 7}
{"obj": {"type": "UploadFileSet", "path": ["source_code", "files"], "file_globs": ["C:\\Users\\Marc\\Documents\\GitHub\\Artefact-Rejection\\unet-training.py"], "reset": "False"}, "version": 8}
{"obj": {"type": "ConfigFloatSeries", "path": ["monitoring", "cpu"], "min": 0.0, "max": 100.0, "unit": "%"}, "version": 9}
{"obj": {"type": "ClearFloatLog", "path": ["monitoring", "cpu"]}, "version": 10}
{"obj": {"type": "ConfigFloatSeries", "path": ["monitoring", "memory"], "min": 0.0, "max": 15.387187957763672, "unit": "GB"}, "version": 11}
{"obj": {"type": "ClearFloatLog", "path": ["monitoring", "memory"]}, "version": 12}
{"obj": {"type": "ConfigFloatSeries", "path": ["monitoring", "gpu"], "min": 0.0, "max": 100.0, "unit": "%"}, "version": 13}
{"obj": {"type": "ClearFloatLog", "path": ["monitoring", "gpu"]}, "version": 14}
{"obj": {"type": "ConfigFloatSeries", "path": ["monitoring", "gpu_memory"], "min": 0.0, "max": 4.0, "unit": "GB"}, "version": 15}
{"obj": {"type": "ClearFloatLog", "path": ["monitoring", "gpu_memory"]}, "version": 16}
{"obj": {"type": "LogFloats", "path": ["monitoring", "cpu"], "values": [{"value": 5.9, "step": null, "ts": 1647272577.5649018}]}, "version": 17}
{"obj": {"type": "LogFloats", "path": ["monitoring", "memory"], "values": [{"value": 7.973201751708984, "step": null, "ts": 1647272577.5649018}]}, "version": 18}
{"obj": {"type": "LogFloats", "path": ["monitoring", "gpu_memory"], "values": [{"value": 0.458404541015625, "step": null, "ts": 1647272577.5649018}]}, "version": 19}
{"obj": {"type": "AssignString", "path": ["network", "parameters", "optimizer"], "value": "SGD"}, "version": 20}
{"obj": {"type": "AssignFloat", "path": ["network", "parameters", "optimizer_momentum"], "value": 0.9}, "version": 21}
{"obj": {"type": "AssignFloat", "path": ["network", "parameters", "optimizer_learning_rate"], "value": 0.1}, "version": 22}
{"obj": {"type": "AssignString", "path": ["network", "parameters", "loss_function"], "value": "CrossEntropyLoss"}, "version": 23}
{"obj": {"type": "AssignString", "path": ["network", "parameters", "loss_function_weights"], "value": "[1, 10]"}, "version": 24}
{"obj": {"type": "AssignString", "path": ["network", "parameters", "loss_function_reduction"], "value": "mean"}, "version": 25}
{"obj": {"type": "AssignString", "path": ["network", "parameters", "model"], "value": "Unet"}, "version": 26}
{"obj": {"type": "LogStrings", "path": ["monitoring", "stdout"], "values": [{"value": "Training epoch 0", "step": null, "ts": 1647272577.649191}]}, "version": 27}
{"obj": {"type": "LogStrings", "path": ["monitoring", "stdout"], "values": [{"value": "\n", "step": null, "ts": 1647272577.649191}]}, "version": 28}
{"obj": {"type": "LogFloats", "path": ["network", "train_loss"], "values": [{"value": 4.813724620001657, "step": null, "ts": 1647272580.3984547}]}, "version": 29}
{"obj": {"type": "LogFloats", "path": ["network", "train_loss"], "values": [{"value": 2.7802720069885254, "step": null, "ts": 1647272581.5194497}]}, "version": 30}
{"obj": {"type": "LogFloats", "path": ["network", "train_loss"], "values": [{"value": 3.103518486022949, "step": null, "ts": 1647272582.603435}]}, "version": 31}
{"obj": {"type": "LogFloats", "path": ["network", "train_loss"], "values": [{"value": 1.3132330690111433, "step": null, "ts": 1647272583.6956284}]}, "version": 32}
{"obj": {"type": "LogFloats", "path": ["network", "train_loss"], "values": [{"value": 3.10217217036656, "step": null, "ts": 1647272584.7826185}]}, "version": 33}
{"obj": {"type": "LogFloats", "path": ["network", "train_loss"], "values": [{"value": 2.9772750990731374, "step": null, "ts": 1647272585.8656037}]}, "version": 34}
{"obj": {"type": "LogFloats", "path": ["network", "train_loss"], "values": [{"value": 2.8822627748761858, "step": null, "ts": 1647272586.9595497}]}, "version": 35}
{"obj": {"type": "LogFloats", "path": ["monitoring", "cpu"], "values": [{"value": 46.0, "step": null, "ts": 1647272587.5791137}]}, "version": 36}
{"obj": {"type": "LogFloats", "path": ["monitoring", "memory"], "values": [{"value": 9.708930969238281, "step": null, "ts": 1647272587.5791137}]}, "version": 37}
{"obj": {"type": "LogFloats", "path": ["monitoring", "gpu"], "values": [{"value": 98.0, "step": null, "ts": 1647272587.5791137}]}, "version": 38}
{"obj": {"type": "LogFloats", "path": ["monitoring", "gpu_memory"], "values": [{"value": 2.49664306640625, "step": null, "ts": 1647272587.5791137}]}, "version": 39}
{"obj": {"type": "LogFloats", "path": ["network", "train_loss"], "values": [{"value": 2.655956745147705, "step": null, "ts": 1647272587.6782033}]}, "version": 40}
{"obj": {"type": "LogFloats", "path": ["network", "train_loss"], "values": [{"value": 2.7362589836120605, "step": null, "ts": 1647272588.3978581}]}, "version": 41}
{"obj": {"type": "LogFloats", "path": ["network", "train_loss"], "values": [{"value": 3.000819778442383, "step": null, "ts": 1647272589.1135087}]}, "version": 42}
{"obj": {"type": "LogFloats", "path": ["network", "train_loss"], "values": [{"value": 1.3709110532488142, "step": null, "ts": 1647272590.1984963}]}, "version": 43}
{"obj": {"type": "LogFloats", "path": ["network", "train_loss"], "values": [{"value": 3.096608340740204, "step": null, "ts": 1647272590.8510892}]}, "version": 44}
{"obj": {"type": "LogFloats", "path": ["network", "train_loss"], "values": [{"value": 2.9212261199951173, "step": null, "ts": 1647272591.5687418}]}, "version": 45}
{"obj": {"type": "LogFloats", "path": ["network", "train_loss"], "values": [{"value": 1.9705706153597151, "step": null, "ts": 1647272592.654279}]}, "version": 46}
{"obj": {"type": "LogFloats", "path": ["network", "train_loss"], "values": [{"value": 3.0662606358528137, "step": null, "ts": 1647272593.2398493}]}, "version": 47}
{"obj": {"type": "LogFloats", "path": ["network", "train_loss"], "values": [{"value": 3.103982244219099, "step": null, "ts": 1647272594.3228374}]}, "version": 48}
{"obj": {"type": "LogFloats", "path": ["network", "train_loss"], "values": [{"value": 2.5679729282855988, "step": null, "ts": 1647272594.8483157}]}, "version": 49}
{"obj": {"type": "LogFloats", "path": ["network", "train_loss"], "values": [{"value": 3.0387349923451743, "step": null, "ts": 1647272595.8290677}]}, "version": 50}
{"obj": {"type": "LogFloats", "path": ["network", "train_loss"], "values": [{"value": 3.0041692597525462, "step": null, "ts": 1647272596.9227855}]}, "version": 51}
{"obj": {"type": "LogFloats", "path": ["network", "train_loss"], "values": [{"value": 1.31325763463974, "step": null, "ts": 1647272597.1860244}]}, "version": 52}
{"obj": {"type": "LogFloats", "path": ["monitoring", "cpu"], "values": [{"value": 52.4, "step": null, "ts": 1647272597.5953968}]}, "version": 53}
{"obj": {"type": "LogFloats", "path": ["monitoring", "memory"], "values": [{"value": 10.023445129394531, "step": null, "ts": 1647272597.5953968}]}, "version": 54}
{"obj": {"type": "LogFloats", "path": ["monitoring", "gpu"], "values": [{"value": 98.0, "step": null, "ts": 1647272597.5953968}]}, "version": 55}
{"obj": {"type": "LogFloats", "path": ["monitoring", "gpu_memory"], "values": [{"value": 2.55328369140625, "step": null, "ts": 1647272597.5953968}]}, "version": 56}
{"obj": {"type": "LogFloats", "path": ["network", "train_loss"], "values": [{"value": 3.0833381584712436, "step": null, "ts": 1647272598.3240595}]}, "version": 57}
{"obj": {"type": "LogFloats", "path": ["network", "train_loss"], "values": [{"value": 3.1027940114339194, "step": null, "ts": 1647272599.304952}]}, "version": 58}
{"obj": {"type": "LogFloats", "path": ["network", "train_loss"], "values": [{"value": 3.1086231470108032, "step": null, "ts": 1647272600.2207847}]}, "version": 59}
{"obj": {"type": "LogFloats", "path": ["network", "train_loss"], "values": [{"value": 3.0228578090667724, "step": null, "ts": 1647272600.9434419}]}, "version": 60}
{"obj": {"type": "LogFloats", "path": ["network", "train_loss"], "values": [{"value": 3.096550623575846, "step": null, "ts": 1647272601.8566697}]}, "version": 61}
{"obj": {"type": "LogFloats", "path": ["network", "train_loss"], "values": [{"value": 1.583307112966265, "step": null, "ts": 1647272602.9486604}]}, "version": 62}
{"obj": {"type": "LogFloats", "path": ["network", "train_loss"], "values": [{"value": 2.9238843520482383, "step": null, "ts": 1647272603.9045298}]}, "version": 63}
{"obj": {"type": "LogFloats", "path": ["network", "train_loss"], "values": [{"value": 3.0977148612340293, "step": null, "ts": 1647272604.891637}]}, "version": 64}
{"obj": {"type": "LogFloats", "path": ["network", "train_loss"], "values": [{"value": 2.9770019395010814, "step": null, "ts": 1647272605.974622}]}, "version": 65}
{"obj": {"type": "LogFloats", "path": ["network", "train_loss"], "values": [{"value": 2.638169322695051, "step": null, "ts": 1647272607.0546043}]}, "version": 66}
{"obj": {"type": "LogFloats", "path": ["network", "validation_loss"], "values": [{"value": 2.6544940948486326, "step": null, "ts": 1647272607.4199362}]}, "version": 67}
{"obj": {"type": "LogFloats", "path": ["monitoring", "cpu"], "values": [{"value": 55.8, "step": null, "ts": 1647272607.6131127}]}, "version": 68}
{"obj": {"type": "LogFloats", "path": ["monitoring", "memory"], "values": [{"value": 9.807353973388672, "step": null, "ts": 1647272607.6131127}]}, "version": 69}
{"obj": {"type": "LogFloats", "path": ["monitoring", "gpu"], "values": [{"value": 85.0, "step": null, "ts": 1647272607.6131127}]}, "version": 70}
{"obj": {"type": "LogFloats", "path": ["monitoring", "gpu_memory"], "values": [{"value": 3.80133056640625, "step": null, "ts": 1647272607.6131127}]}, "version": 71}
{"obj": {"type": "LogFloats", "path": ["network", "validation_loss"], "values": [{"value": 3.063809335231781, "step": null, "ts": 1647272607.7452328}]}, "version": 72}
{"obj": {"type": "LogFloats", "path": ["network", "validation_loss"], "values": [{"value": 3.0254271371023997, "step": null, "ts": 1647272608.3007789}]}, "version": 73}
{"obj": {"type": "LogFloats", "path": ["network", "validation_loss"], "values": [{"value": 2.899569136755807, "step": null, "ts": 1647272608.8612473}]}, "version": 74}
{"obj": {"type": "LogFloats", "path": ["network", "validation_loss"], "values": [{"value": 2.896160670689174, "step": null, "ts": 1647272609.6311991}]}, "version": 75}
{"obj": {"type": "LogStrings", "path": ["monitoring", "stdout"], "values": [{"value": "Training epoch 1", "step": null, "ts": 1647272609.6322002}]}, "version": 76}
{"obj": {"type": "LogStrings", "path": ["monitoring", "stdout"], "values": [{"value": "\n", "step": null, "ts": 1647272609.6322002}]}, "version": 77}
{"obj": {"type": "LogFloats", "path": ["network", "train_loss"], "values": [{"value": 2.7122057914733886, "step": null, "ts": 1647272610.3714957}]}, "version": 78}
{"obj": {"type": "LogFloats", "path": ["network", "train_loss"], "values": [{"value": 3.082299198423113, "step": null, "ts": 1647272611.4611611}]}, "version": 79}
{"obj": {"type": "LogFloats", "path": ["network", "train_loss"], "values": [{"value": 2.5998800482068742, "step": null, "ts": 1647272612.543154}]}, "version": 80}
{"obj": {"type": "LogFloats", "path": ["network", "train_loss"], "values": [{"value": 3.0213864871433804, "step": null, "ts": 1647272613.6291418}]}, "version": 81}
{"obj": {"type": "LogFloats", "path": ["network", "train_loss"], "values": [{"value": 3.0128067334493003, "step": null, "ts": 1647272614.614039}]}, "version": 82}
{"obj": {"type": "LogFloats", "path": ["network", "train_loss"], "values": [{"value": 3.0204845905303954, "step": null, "ts": 1647272615.4317818}]}, "version": 83}
{"obj": {"type": "LogFloats", "path": ["network", "train_loss"], "values": [{"value": 2.6495119094848634, "step": null, "ts": 1647272616.1494343}]}, "version": 84}
{"obj": {"type": "LogFloats", "path": ["network", "train_loss"], "values": [{"value": 2.9202208518981934, "step": null, "ts": 1647272616.869699}]}, "version": 85}
{"obj": {"type": "LogFloats", "path": ["monitoring", "cpu"], "values": [{"value": 55.3, "step": null, "ts": 1647272617.6286182}]}, "version": 86}
{"obj": {"type": "LogFloats", "path": ["monitoring", "memory"], "values": [{"value": 9.527847290039062, "step": null, "ts": 1647272617.6286182}]}, "version": 87}
{"obj": {"type": "LogFloats", "path": ["monitoring", "gpu"], "values": [{"value": 98.0, "step": null, "ts": 1647272617.6286182}]}, "version": 88}
{"obj": {"type": "LogFloats", "path": ["monitoring", "gpu_memory"], "values": [{"value": 3.97125244140625, "step": null, "ts": 1647272617.6286182}]}, "version": 89}
{"obj": {"type": "LogFloats", "path": ["network", "train_loss"], "values": [{"value": 1.3132579326629639, "step": null, "ts": 1647272617.9625525}]}, "version": 90}
{"obj": {"type": "LogFloats", "path": ["network", "train_loss"], "values": [{"value": 3.108159508023943, "step": null, "ts": 1647272619.0501683}]}, "version": 91}
{"obj": {"type": "LogFloats", "path": ["network", "train_loss"], "values": [{"value": 1.31325763463974, "step": null, "ts": 1647272619.3154051}]}, "version": 92}
{"obj": {"type": "LogFloats", "path": ["network", "train_loss"], "values": [{"value": 3.1000160489763533, "step": null, "ts": 1647272620.4063964}]}, "version": 93}
{"obj": {"type": "LogFloats", "path": ["network", "train_loss"], "values": [{"value": 2.9588980197906496, "step": null, "ts": 1647272621.1280527}]}, "version": 94}
{"obj": {"type": "LogFloats", "path": ["network", "train_loss"], "values": [{"value": 3.0771492208753313, "step": null, "ts": 1647272622.364177}]}, "version": 95}
{"obj": {"type": "LogFloats", "path": ["network", "train_loss"], "values": [{"value": 2.9664091723305837, "step": null, "ts": 1647272623.453168}]}, "version": 96}
{"obj": {"type": "LogFloats", "path": ["network", "train_loss"], "values": [{"value": 1.3760027374540056, "step": null, "ts": 1647272624.5446632}]}, "version": 97}
{"obj": {"type": "LogFloats", "path": ["network", "train_loss"], "values": [{"value": 3.1015642881393433, "step": null, "ts": 1647272625.459376}]}, "version": 98}
{"obj": {"type": "LogFloats", "path": ["network", "train_loss"], "values": [{"value": 3.1093263228734336, "step": null, "ts": 1647272626.442184}]}, "version": 99}
{"obj": {"type": "LogFloats", "path": ["network", "train_loss"], "values": [{"value": 3.0519922375679016, "step": null, "ts": 1647272627.0317197}]}, "version": 100}
{"obj": {"type": "LogFloats", "path": ["monitoring", "cpu"], "values": [{"value": 56.0, "step": null, "ts": 1647272627.6432757}]}, "version": 101}
{"obj": {"type": "LogFloats", "path": ["monitoring", "memory"], "values": [{"value": 9.991477966308594, "step": null, "ts": 1647272627.6432757}]}, "version": 102}
{"obj": {"type": "LogFloats", "path": ["monitoring", "gpu"], "values": [{"value": 98.0, "step": null, "ts": 1647272627.6432757}]}, "version": 103}
{"obj": {"type": "LogFloats", "path": ["monitoring", "gpu_memory"], "values": [{"value": 3.97125244140625, "step": null, "ts": 1647272627.6432757}]}, "version": 104}
{"obj": {"type": "LogFloats", "path": ["network", "train_loss"], "values": [{"value": 3.093183398246765, "step": null, "ts": 1647272627.6857092}]}, "version": 105}
{"obj": {"type": "LogFloats", "path": ["network", "train_loss"], "values": [{"value": 3.0986719131469727, "step": null, "ts": 1647272628.67655}]}, "version": 106}
{"obj": {"type": "LogFloats", "path": ["network", "train_loss"], "values": [{"value": 3.1054766859327043, "step": null, "ts": 1647272629.7665412}]}, "version": 107}
{"obj": {"type": "LogFloats", "path": ["network", "train_loss"], "values": [{"value": 1.5823924200875419, "step": null, "ts": 1647272630.8605363}]}, "version": 108}
{"obj": {"type": "LogFloats", "path": ["network", "train_loss"], "values": [{"value": 2.911814570426941, "step": null, "ts": 1647272631.8144038}]}, "version": 109}
{"obj": {"type": "LogFloats", "path": ["network", "train_loss"], "values": [{"value": 2.7823826926095143, "step": null, "ts": 1647272632.9194086}]}, "version": 110}
{"obj": {"type": "LogFloats", "path": ["network", "train_loss"], "values": [{"value": 3.1053587992986045, "step": null, "ts": 1647272633.8337455}]}, "version": 111}
{"obj": {"type": "LogFloats", "path": ["network", "train_loss"], "values": [{"value": 2.5831482112407684, "step": null, "ts": 1647272634.3613186}]}, "version": 112}
{"obj": {"type": "LogFloats", "path": ["network", "train_loss"], "values": [{"value": 2.924311195101057, "step": null, "ts": 1647272635.469205}]}, "version": 113}
{"obj": {"type": "LogFloats", "path": ["network", "train_loss"], "values": [{"value": 2.990267515182495, "step": null, "ts": 1647272636.5653987}]}, "version": 114}
{"obj": {"type": "LogFloats", "path": ["monitoring", "cpu"], "values": [{"value": 55.2, "step": null, "ts": 1647272637.6523876}]}, "version": 115}
{"obj": {"type": "LogFloats", "path": ["monitoring", "memory"], "values": [{"value": 9.409614562988281, "step": null, "ts": 1647272637.6523876}]}, "version": 116}
{"obj": {"type": "LogFloats", "path": ["monitoring", "gpu"], "values": [{"value": 98.0, "step": null, "ts": 1647272637.6523876}]}, "version": 117}
{"obj": {"type": "LogFloats", "path": ["monitoring", "gpu_memory"], "values": [{"value": 3.97125244140625, "step": null, "ts": 1647272637.6523876}]}, "version": 118}
{"obj": {"type": "LogFloats", "path": ["network", "train_loss"], "values": [{"value": 2.087199722017561, "step": null, "ts": 1647272637.6553903}]}, "version": 119}
{"obj": {"type": "LogFloats", "path": ["network", "validation_loss"], "values": [{"value": 3.0152458463396346, "step": null, "ts": 1647272638.2038891}]}, "version": 120}
{"obj": {"type": "LogFloats", "path": ["network", "validation_loss"], "values": [{"value": 2.6787015438079833, "step": null, "ts": 1647272638.5662189}]}, "version": 121}
{"obj": {"type": "LogFloats", "path": ["network", "validation_loss"], "values": [{"value": 2.89249358858381, "step": null, "ts": 1647272639.3889673}]}, "version": 122}
{"obj": {"type": "LogFloats", "path": ["network", "validation_loss"], "values": [{"value": 3.0631046891212463, "step": null, "ts": 1647272639.7072566}]}, "version": 123}
{"obj": {"type": "LogFloats", "path": ["network", "validation_loss"], "values": [{"value": 2.9182984488351003, "step": null, "ts": 1647272640.2947915}]}, "version": 124}
{"obj": {"type": "LogStrings", "path": ["monitoring", "stdout"], "values": [{"value": "Training epoch 2", "step": null, "ts": 1647272640.2947915}]}, "version": 125}
{"obj": {"type": "LogStrings", "path": ["monitoring", "stdout"], "values": [{"value": "\n", "step": null, "ts": 1647272640.2947915}]}, "version": 126}
{"obj": {"type": "LogFloats", "path": ["network", "train_loss"], "values": [{"value": 2.964898075376238, "step": null, "ts": 1647272641.39029}]}, "version": 127}
{"obj": {"type": "LogFloats", "path": ["network", "train_loss"], "values": [{"value": 3.042124569416046, "step": null, "ts": 1647272641.9798317}]}, "version": 128}
{"obj": {"type": "LogFloats", "path": ["network", "train_loss"], "values": [{"value": 2.7241726398468016, "step": null, "ts": 1647272642.6974845}]}, "version": 129}
{"obj": {"type": "LogFloats", "path": ["network", "train_loss"], "values": [{"value": 1.3132578134536743, "step": null, "ts": 1647272642.961725}]}, "version": 130}
{"obj": {"type": "LogFloats", "path": ["network", "train_loss"], "values": [{"value": 2.9675359385354176, "step": null, "ts": 1647272644.053973}]}, "version": 131}
{"obj": {"type": "LogFloats", "path": ["network", "train_loss"], "values": [{"value": 3.09779691696167, "step": null, "ts": 1647272645.0391614}]}, "version": 132}
{"obj": {"type": "LogFloats", "path": ["network", "train_loss"], "values": [{"value": 2.916290760040283, "step": null, "ts": 1647272645.9850242}]}, "version": 133}
{"obj": {"type": "LogFloats", "path": ["network", "train_loss"], "values": [{"value": 2.7372334003448486, "step": null, "ts": 1647272647.0910296}]}, "version": 134}
{"obj": {"type": "LogFloats", "path": ["monitoring", "cpu"], "values": [{"value": 53.1, "step": null, "ts": 1647272647.6595469}]}, "version": 135}
{"obj": {"type": "LogFloats", "path": ["monitoring", "memory"], "values": [{"value": 10.2833251953125, "step": null, "ts": 1647272647.6595469}]}, "version": 136}
{"obj": {"type": "LogFloats", "path": ["monitoring", "gpu"], "values": [{"value": 98.0, "step": null, "ts": 1647272647.6595469}]}, "version": 137}
{"obj": {"type": "LogFloats", "path": ["monitoring", "gpu_memory"], "values": [{"value": 3.97125244140625, "step": null, "ts": 1647272647.6595469}]}, "version": 138}
{"obj": {"type": "LogFloats", "path": ["network", "train_loss"], "values": [{"value": 2.172855939183916, "step": null, "ts": 1647272648.175016}]}, "version": 139}
{"obj": {"type": "LogFloats", "path": ["network", "train_loss"], "values": [{"value": 3.0245018345969066, "step": null, "ts": 1647272649.257756}]}, "version": 140}
{"obj": {"type": "LogFloats", "path": ["network", "train_loss"], "values": [{"value": 1.3132580348423548, "step": null, "ts": 1647272650.348795}]}, "version": 141}
{"obj": {"type": "LogFloats", "path": ["network", "train_loss"], "values": [{"value": 2.5749731745038713, "step": null, "ts": 1647272651.4256158}]}, "version": 142}
{"obj": {"type": "LogFloats", "path": ["network", "train_loss"], "values": [{"value": 2.9357384204864503, "step": null, "ts": 1647272652.1469004}]}, "version": 143}
{"obj": {"type": "LogFloats", "path": ["network", "train_loss"], "values": [{"value": 3.108405351638794, "step": null, "ts": 1647272653.2639253}]}, "version": 144}
{"obj": {"type": "LogFloats", "path": ["network", "train_loss"], "values": [{"value": 2.9620613030024936, "step": null, "ts": 1647272654.3591282}]}, "version": 145}
{"obj": {"type": "LogFloats", "path": ["network", "train_loss"], "values": [{"value": 3.1071078379948935, "step": null, "ts": 1647272655.2770221}]}, "version": 146}
{"obj": {"type": "LogFloats", "path": ["network", "train_loss"], "values": [{"value": 1.371103116444179, "step": null, "ts": 1647272656.3749619}]}, "version": 147}
{"obj": {"type": "LogFloats", "path": ["network", "train_loss"], "values": [{"value": 1.604989426476615, "step": null, "ts": 1647272657.5390203}]}, "version": 148}
{"obj": {"type": "LogFloats", "path": ["monitoring", "cpu"], "values": [{"value": 54.2, "step": null, "ts": 1647272657.6781468}]}, "version": 149}
{"obj": {"type": "LogFloats", "path": ["monitoring", "memory"], "values": [{"value": 9.451824188232422, "step": null, "ts": 1647272657.6781468}]}, "version": 150}
{"obj": {"type": "LogFloats", "path": ["monitoring", "gpu"], "values": [{"value": 96.0, "step": null, "ts": 1647272657.6781468}]}, "version": 151}
{"obj": {"type": "LogFloats", "path": ["monitoring", "gpu_memory"], "values": [{"value": 3.97125244140625, "step": null, "ts": 1647272657.6781468}]}, "version": 152}
{"obj": {"type": "LogFloats", "path": ["network", "train_loss"], "values": [{"value": 2.9124167919158936, "step": null, "ts": 1647272658.2576747}]}, "version": 153}
{"obj": {"type": "LogFloats", "path": ["network", "train_loss"], "values": [{"value": 3.091073453426361, "step": null, "ts": 1647272658.9117339}]}, "version": 154}
{"obj": {"type": "LogFloats", "path": ["network", "train_loss"], "values": [{"value": 3.102032014301845, "step": null, "ts": 1647272660.0078776}]}, "version": 155}
{"obj": {"type": "LogFloats", "path": ["network", "train_loss"], "values": [{"value": 3.0903329054514566, "step": null, "ts": 1647272661.0076241}]}, "version": 156}
{"obj": {"type": "LogFloats", "path": ["network", "train_loss"], "values": [{"value": 3.1049133368900845, "step": null, "ts": 1647272662.0958743}]}, "version": 157}
{"obj": {"type": "LogFloats", "path": ["network", "train_loss"], "values": [{"value": 2.6190834045410156, "step": null, "ts": 1647272662.8165298}]}, "version": 158}
{"obj": {"type": "LogFloats", "path": ["network", "train_loss"], "values": [{"value": 2.568799704313278, "step": null, "ts": 1647272663.350015}]}, "version": 159}
{"obj": {"type": "LogFloats", "path": ["network", "train_loss"], "values": [{"value": 3.099684476852417, "step": null, "ts": 1647272664.3349109}]}, "version": 160}
{"obj": {"type": "LogFloats", "path": ["network", "train_loss"], "values": [{"value": 3.0415382385253906, "step": null, "ts": 1647272665.0545654}]}, "version": 161}
{"obj": {"type": "LogFloats", "path": ["network", "train_loss"], "values": [{"value": 3.061143330165318, "step": null, "ts": 1647272666.3097067}]}, "version": 162}
{"obj": {"type": "LogFloats", "path": ["network", "train_loss"], "values": [{"value": 3.1027468840281167, "step": null, "ts": 1647272667.223926}]}, "version": 163}
{"obj": {"type": "LogFloats", "path": ["monitoring", "cpu"], "values": [{"value": 55.3, "step": null, "ts": 1647272667.6923842}]}, "version": 164}
{"obj": {"type": "LogFloats", "path": ["monitoring", "memory"], "values": [{"value": 10.022613525390625, "step": null, "ts": 1647272667.6923842}]}, "version": 165}
{"obj": {"type": "LogFloats", "path": ["monitoring", "gpu"], "values": [{"value": 98.0, "step": null, "ts": 1647272667.6923842}]}, "version": 166}
{"obj": {"type": "LogFloats", "path": ["monitoring", "gpu_memory"], "values": [{"value": 3.97125244140625, "step": null, "ts": 1647272667.6923842}]}, "version": 167}
{"obj": {"type": "LogFloats", "path": ["network", "train_loss"], "values": [{"value": 3.075005905968802, "step": null, "ts": 1647272668.3120317}]}, "version": 168}
{"obj": {"type": "LogFloats", "path": ["network", "validation_loss"], "values": [{"value": 3.027210201535906, "step": null, "ts": 1647272668.8655448}]}, "version": 169}
{"obj": {"type": "LogFloats", "path": ["network", "validation_loss"], "values": [{"value": 2.8752633844103133, "step": null, "ts": 1647272669.4350622}]}, "version": 170}
{"obj": {"type": "LogFloats", "path": ["network", "validation_loss"], "values": [{"value": 3.034780263900757, "step": null, "ts": 1647272669.7333367}]}, "version": 171}
{"obj": {"type": "LogFloats", "path": ["network", "validation_loss"], "values": [{"value": 2.6573391437530516, "step": null, "ts": 1647272670.0587466}]}, "version": 172}
{"obj": {"type": "LogFloats", "path": ["network", "validation_loss"], "values": [{"value": 2.870098965508597, "step": null, "ts": 1647272670.910564}]}, "version": 173}
{"obj": {"type": "LogStrings", "path": ["monitoring", "stdout"], "values": [{"value": "Training epoch 3", "step": null, "ts": 1647272670.9115665}]}, "version": 174}
{"obj": {"type": "LogStrings", "path": ["monitoring", "stdout"], "values": [{"value": "\n", "step": null, "ts": 1647272670.9115665}]}, "version": 175}
{"obj": {"type": "LogFloats", "path": ["network", "train_loss"], "values": [{"value": 2.5406035355159213, "step": null, "ts": 1647272672.0165696}]}, "version": 176}
{"obj": {"type": "LogFloats", "path": ["network", "train_loss"], "values": [{"value": 3.0994359084538052, "step": null, "ts": 1647272673.2336764}]}, "version": 177}
{"obj": {"type": "LogFloats", "path": ["network", "train_loss"], "values": [{"value": 2.9199573596318564, "step": null, "ts": 1647272674.1955514}]}, "version": 178}
{"obj": {"type": "LogFloats", "path": ["network", "train_loss"], "values": [{"value": 2.553207606077194, "step": null, "ts": 1647272674.7270353}]}, "version": 179}
{"obj": {"type": "LogFloats", "path": ["network", "train_loss"], "values": [{"value": 3.071954607963562, "step": null, "ts": 1647272675.3245783}]}, "version": 180}
{"obj": {"type": "LogFloats", "path": ["network", "train_loss"], "values": [{"value": 3.0822946344103133, "step": null, "ts": 1647272676.5916057}]}, "version": 181}
{"obj": {"type": "LogFloats", "path": ["network", "train_loss"], "values": [{"value": 3.088847041130066, "step": null, "ts": 1647272677.2427506}]}, "version": 182}
{"obj": {"type": "LogFloats", "path": ["monitoring", "cpu"], "values": [{"value": 57.8, "step": null, "ts": 1647272677.6965911}]}, "version": 183}
{"obj": {"type": "LogFloats", "path": ["monitoring", "memory"], "values": [{"value": 9.93497085571289, "step": null, "ts": 1647272677.6965911}]}, "version": 184}
{"obj": {"type": "LogFloats", "path": ["monitoring", "gpu"], "values": [{"value": 98.0, "step": null, "ts": 1647272677.6965911}]}, "version": 185}
{"obj": {"type": "LogFloats", "path": ["monitoring", "gpu_memory"], "values": [{"value": 3.97125244140625, "step": null, "ts": 1647272677.6965911}]}, "version": 186}
{"obj": {"type": "LogFloats", "path": ["network", "train_loss"], "values": [{"value": 3.076883622578212, "step": null, "ts": 1647272678.3381748}]}, "version": 187}
{"obj": {"type": "LogFloats", "path": ["network", "train_loss"], "values": [{"value": 2.90934579713004, "step": null, "ts": 1647272679.4441416}]}, "version": 188}
{"obj": {"type": "LogFloats", "path": ["network", "train_loss"], "values": [{"value": 3.0611681938171387, "step": null, "ts": 1647272680.437047}]}, "version": 189}
{"obj": {"type": "LogFloats", "path": ["network", "train_loss"], "values": [{"value": 2.9181234359741213, "step": null, "ts": 1647272681.1627069}]}, "version": 190}
{"obj": {"type": "LogFloats", "path": ["network", "train_loss"], "values": [{"value": 3.1011418104171753, "step": null, "ts": 1647272682.0815427}]}, "version": 191}
{"obj": {"type": "LogFloats", "path": ["network", "train_loss"], "values": [{"value": 3.104012370109558, "step": null, "ts": 1647272683.0013793}]}, "version": 192}
{"obj": {"type": "LogFloats", "path": ["network", "train_loss"], "values": [{"value": 1.3132581881114416, "step": null, "ts": 1647272684.108386}]}, "version": 193}
{"obj": {"type": "LogFloats", "path": ["network", "train_loss"], "values": [{"value": 2.71200122152056, "step": null, "ts": 1647272685.226754}]}, "version": 194}
{"obj": {"type": "LogFloats", "path": ["network", "train_loss"], "values": [{"value": 3.0032858848571777, "step": null, "ts": 1647272686.3199368}]}, "version": 195}
{"obj": {"type": "LogFloats", "path": ["network", "train_loss"], "values": [{"value": 2.9679233687264577, "step": null, "ts": 1647272687.4108593}]}, "version": 196}
{"obj": {"type": "LogFloats", "path": ["monitoring", "cpu"], "values": [{"value": 56.5, "step": null, "ts": 1647272687.706128}]}, "version": 197}
{"obj": {"type": "LogFloats", "path": ["monitoring", "memory"], "values": [{"value": 10.417713165283203, "step": null, "ts": 1647272687.706128}]}, "version": 198}
{"obj": {"type": "LogFloats", "path": ["monitoring", "gpu"], "values": [{"value": 90.0, "step": null, "ts": 1647272687.706128}]}, "version": 199}
{"obj": {"type": "LogFloats", "path": ["monitoring", "gpu_memory"], "values": [{"value": 3.97125244140625, "step": null, "ts": 1647272687.706128}]}, "version": 200}
{"obj": {"type": "LogFloats", "path": ["network", "train_loss"], "values": [{"value": 3.0991727113723755, "step": null, "ts": 1647272688.4027681}]}, "version": 201}
{"obj": {"type": "LogFloats", "path": ["network", "train_loss"], "values": [{"value": 3.0247568607330324, "step": null, "ts": 1647272689.1275392}]}, "version": 202}
{"obj": {"type": "LogFloats", "path": ["network", "train_loss"], "values": [{"value": 1.3791016510554723, "step": null, "ts": 1647272690.2265387}]}, "version": 203}
{"obj": {"type": "LogFloats", "path": ["network", "train_loss"], "values": [{"value": 2.6326842308044434, "step": null, "ts": 1647272690.9572031}]}, "version": 204}
{"obj": {"type": "LogFloats", "path": ["network", "train_loss"], "values": [{"value": 2.7068193435668944, "step": null, "ts": 1647272691.6808615}]}, "version": 205}
{"obj": {"type": "LogFloats", "path": ["network", "train_loss"], "values": [{"value": 3.101208584649222, "step": null, "ts": 1647272692.7768583}]}, "version": 206}
{"obj": {"type": "LogFloats", "path": ["network", "train_loss"], "values": [{"value": 3.1027535370418002, "step": null, "ts": 1647272693.980709}]}, "version": 207}
{"obj": {"type": "LogFloats", "path": ["network", "train_loss"], "values": [{"value": 2.2327555418014526, "step": null, "ts": 1647272695.0765388}]}, "version": 208}
{"obj": {"type": "LogFloats", "path": ["network", "train_loss"], "values": [{"value": 2.9515810012817383, "step": null, "ts": 1647272695.802715}]}, "version": 209}
{"obj": {"type": "LogFloats", "path": ["network", "train_loss"], "values": [{"value": 1.3132579326629639, "step": null, "ts": 1647272696.068957}]}, "version": 210}
{"obj": {"type": "LogFloats", "path": ["network", "train_loss"], "values": [{"value": 1.5805179561887468, "step": null, "ts": 1647272697.1666443}]}, "version": 211}
{"obj": {"type": "LogFloats", "path": ["monitoring", "cpu"], "values": [{"value": 56.3, "step": null, "ts": 1647272697.713141}]}, "version": 212}
{"obj": {"type": "LogFloats", "path": ["monitoring", "memory"], "values": [{"value": 9.795360565185547, "step": null, "ts": 1647272697.713141}]}, "version": 213}
{"obj": {"type": "LogFloats", "path": ["monitoring", "gpu"], "values": [{"value": 98.0, "step": null, "ts": 1647272697.713141}]}, "version": 214}
{"obj": {"type": "LogFloats", "path": ["monitoring", "gpu_memory"], "values": [{"value": 3.97125244140625, "step": null, "ts": 1647272697.713141}]}, "version": 215}
{"obj": {"type": "LogFloats", "path": ["network", "train_loss"], "values": [{"value": 3.0988694032033286, "step": null, "ts": 1647272698.1585464}]}, "version": 216}
{"obj": {"type": "LogFloats", "path": ["network", "train_loss"], "values": [{"value": 2.9299190044403076, "step": null, "ts": 1647272699.2655537}]}, "version": 217}
{"obj": {"type": "LogFloats", "path": ["network", "validation_loss"], "values": [{"value": 2.8892811025891985, "step": null, "ts": 1647272700.103315}]}, "version": 218}
{"obj": {"type": "LogFloats", "path": ["network", "validation_loss"], "values": [{"value": 3.0576536059379578, "step": null, "ts": 1647272700.418602}]}, "version": 219}
{"obj": {"type": "LogFloats", "path": ["network", "validation_loss"], "values": [{"value": 2.62088565826416, "step": null, "ts": 1647272700.7759268}]}, "version": 220}
{"obj": {"type": "LogFloats", "path": ["network", "validation_loss"], "values": [{"value": 3.054109369005476, "step": null, "ts": 1647272701.3354356}]}, "version": 221}
{"obj": {"type": "LogFloats", "path": ["network", "validation_loss"], "values": [{"value": 2.8865299565451488, "step": null, "ts": 1647272701.91647}]}, "version": 222}
{"obj": {"type": "LogStrings", "path": ["monitoring", "stdout"], "values": [{"value": "Training epoch 4", "step": null, "ts": 1647272701.91647}]}, "version": 223}
{"obj": {"type": "LogStrings", "path": ["monitoring", "stdout"], "values": [{"value": "\n", "step": null, "ts": 1647272701.91647}]}, "version": 224}
{"obj": {"type": "LogFloats", "path": ["network", "train_loss"], "values": [{"value": 1.31325820514134, "step": null, "ts": 1647272703.0203865}]}, "version": 225}
{"obj": {"type": "LogFloats", "path": ["network", "train_loss"], "values": [{"value": 3.1038077672322593, "step": null, "ts": 1647272703.9466295}]}, "version": 226}
{"obj": {"type": "LogFloats", "path": ["network", "train_loss"], "values": [{"value": 2.5372656881809235, "step": null, "ts": 1647272704.4751103}]}, "version": 227}
{"obj": {"type": "LogFloats", "path": ["network", "train_loss"], "values": [{"value": 3.0851247310638428, "step": null, "ts": 1647272705.1286426}]}, "version": 228}
{"obj": {"type": "LogFloats", "path": ["network", "train_loss"], "values": [{"value": 1.5628733805247716, "step": null, "ts": 1647272706.223648}]}, "version": 229}
{"obj": {"type": "LogFloats", "path": ["network", "train_loss"], "values": [{"value": 2.9250428676605225, "step": null, "ts": 1647272706.946305}]}, "version": 230}
{"obj": {"type": "LogFloats", "path": ["monitoring", "cpu"], "values": [{"value": 56.6, "step": null, "ts": 1647272707.7240124}]}, "version": 231}
{"obj": {"type": "LogFloats", "path": ["monitoring", "memory"], "values": [{"value": 10.614715576171875, "step": null, "ts": 1647272707.7240124}]}, "version": 232}
{"obj": {"type": "LogFloats", "path": ["monitoring", "gpu"], "values": [{"value": 98.0, "step": null, "ts": 1647272707.7240124}]}, "version": 233}
{"obj": {"type": "LogFloats", "path": ["monitoring", "gpu_memory"], "values": [{"value": 3.97125244140625, "step": null, "ts": 1647272707.7240124}]}, "version": 234}
{"obj": {"type": "LogFloats", "path": ["network", "train_loss"], "values": [{"value": 2.14675772190094, "step": null, "ts": 1647272708.042302}]}, "version": 235}
{"obj": {"type": "LogFloats", "path": ["network", "train_loss"], "values": [{"value": 1.3911248786108834, "step": null, "ts": 1647272709.140301}]}, "version": 236}
{"obj": {"type": "LogFloats", "path": ["network", "train_loss"], "values": [{"value": 2.9827435493469237, "step": null, "ts": 1647272709.9700553}]}, "version": 237}
{"obj": {"type": "LogFloats", "path": ["network", "train_loss"], "values": [{"value": 3.101926604906718, "step": null, "ts": 1647272710.9624612}]}, "version": 238}
{"obj": {"type": "LogFloats", "path": ["network", "train_loss"], "values": [{"value": 2.6983931064605713, "step": null, "ts": 1647272712.07283}]}, "version": 239}
{"obj": {"type": "LogFloats", "path": ["network", "train_loss"], "values": [{"value": 3.0956922939845493, "step": null, "ts": 1647272713.1690474}]}, "version": 240}
{"obj": {"type": "LogFloats", "path": ["network", "train_loss"], "values": [{"value": 3.100373466809591, "step": null, "ts": 1647272714.165284}]}, "version": 241}
{"obj": {"type": "LogFloats", "path": ["network", "train_loss"], "values": [{"value": 2.701178216934204, "step": null, "ts": 1647272714.8909438}]}, "version": 242}
{"obj": {"type": "LogFloats", "path": ["network", "train_loss"], "values": [{"value": 3.1030009474073137, "step": null, "ts": 1647272715.9879413}]}, "version": 243}
{"obj": {"type": "LogFloats", "path": ["network", "train_loss"], "values": [{"value": 2.9689529963902066, "step": null, "ts": 1647272717.086941}]}, "version": 244}
{"obj": {"type": "LogFloats", "path": ["monitoring", "cpu"], "values": [{"value": 56.4, "step": null, "ts": 1647272717.73453}]}, "version": 245}
{"obj": {"type": "LogFloats", "path": ["monitoring", "memory"], "values": [{"value": 10.01327133178711, "step": null, "ts": 1647272717.73453}]}, "version": 246}
{"obj": {"type": "LogFloats", "path": ["monitoring", "gpu"], "values": [{"value": 97.0, "step": null, "ts": 1647272717.73453}]}, "version": 247}
{"obj": {"type": "LogFloats", "path": ["monitoring", "gpu_memory"], "values": [{"value": 3.97125244140625, "step": null, "ts": 1647272717.73453}]}, "version": 248}
{"obj": {"type": "LogFloats", "path": ["network", "train_loss"], "values": [{"value": 3.102742314338684, "step": null, "ts": 1647272718.0067775}]}, "version": 249}
{"obj": {"type": "LogFloats", "path": ["network", "train_loss"], "values": [{"value": 3.0667087691170827, "step": null, "ts": 1647272719.0957682}]}, "version": 250}
{"obj": {"type": "LogFloats", "path": ["network", "train_loss"], "values": [{"value": 3.089895929609026, "step": null, "ts": 1647272720.1894445}]}, "version": 251}
{"obj": {"type": "LogFloats", "path": ["network", "train_loss"], "values": [{"value": 3.0646467208862305, "step": null, "ts": 1647272720.7825484}]}, "version": 252}
{"obj": {"type": "LogFloats", "path": ["network", "train_loss"], "values": [{"value": 2.943762642996652, "step": null, "ts": 1647272721.8860898}]}, "version": 253}
{"obj": {"type": "LogFloats", "path": ["network", "train_loss"], "values": [{"value": 1.313258171081543, "step": null, "ts": 1647272722.154334}]}, "version": 254}
{"obj": {"type": "LogFloats", "path": ["network", "train_loss"], "values": [{"value": 3.08587384223938, "step": null, "ts": 1647272723.4074733}]}, "version": 255}
{"obj": {"type": "LogFloats", "path": ["network", "train_loss"], "values": [{"value": 2.6470473289489744, "step": null, "ts": 1647272724.1321323}]}, "version": 256}
{"obj": {"type": "LogFloats", "path": ["network", "train_loss"], "values": [{"value": 3.106175013950893, "step": null, "ts": 1647272725.2251272}]}, "version": 257}
{"obj": {"type": "LogFloats", "path": ["network", "train_loss"], "values": [{"value": 2.9404996803828647, "step": null, "ts": 1647272726.3411415}]}, "version": 258}
{"obj": {"type": "LogFloats", "path": ["network", "train_loss"], "values": [{"value": 3.0572237968444824, "step": null, "ts": 1647272727.3315456}]}, "version": 259}
{"obj": {"type": "LogFloats", "path": ["monitoring", "cpu"], "values": [{"value": 57.5, "step": null, "ts": 1647272727.740705}]}, "version": 260}
{"obj": {"type": "LogFloats", "path": ["monitoring", "memory"], "values": [{"value": 10.681041717529297, "step": null, "ts": 1647272727.740705}]}, "version": 261}
{"obj": {"type": "LogFloats", "path": ["monitoring", "gpu"], "values": [{"value": 98.0, "step": null, "ts": 1647272727.740705}]}, "version": 262}
{"obj": {"type": "LogFloats", "path": ["monitoring", "gpu_memory"], "values": [{"value": 3.97125244140625, "step": null, "ts": 1647272727.740705}]}, "version": 263}
{"obj": {"type": "LogFloats", "path": ["network", "train_loss"], "values": [{"value": 2.928283135096232, "step": null, "ts": 1647272728.2956479}]}, "version": 264}
{"obj": {"type": "LogFloats", "path": ["network", "train_loss"], "values": [{"value": 3.0352450370788575, "step": null, "ts": 1647272729.0308092}]}, "version": 265}
{"obj": {"type": "LogFloats", "path": ["network", "train_loss"], "values": [{"value": 2.6186427048274448, "step": null, "ts": 1647272730.2909565}]}, "version": 266}
{"obj": {"type": "LogFloats", "path": ["network", "validation_loss"], "values": [{"value": 3.0612205862998962, "step": null, "ts": 1647272730.616253}]}, "version": 267}
{"obj": {"type": "LogFloats", "path": ["network", "validation_loss"], "values": [{"value": 2.869603361402239, "step": null, "ts": 1647272731.6261709}]}, "version": 268}
{"obj": {"type": "LogFloats", "path": ["network", "validation_loss"], "values": [{"value": 2.642136335372925, "step": null, "ts": 1647272732.0075188}]}, "version": 269}
{"obj": {"type": "LogFloats", "path": ["network", "validation_loss"], "values": [{"value": 2.9149769374302457, "step": null, "ts": 1647272732.6040604}]}, "version": 270}
{"obj": {"type": "LogFloats", "path": ["network", "validation_loss"], "values": [{"value": 3.01847015108381, "step": null, "ts": 1647272733.1715775}]}, "version": 271}
{"obj": {"type": "LogStrings", "path": ["monitoring", "stdout"], "values": [{"value": "Training epoch 5", "step": null, "ts": 1647272733.1715775}]}, "version": 272}
{"obj": {"type": "LogStrings", "path": ["monitoring", "stdout"], "values": [{"value": "\n", "step": null, "ts": 1647272733.1725795}]}, "version": 273}
{"obj": {"type": "LogFloats", "path": ["network", "train_loss"], "values": [{"value": 2.649059295654297, "step": null, "ts": 1647272733.9202583}]}, "version": 274}
{"obj": {"type": "LogFloats", "path": ["network", "train_loss"], "values": [{"value": 2.9524058273860385, "step": null, "ts": 1647272735.0542886}]}, "version": 275}
{"obj": {"type": "LogFloats", "path": ["network", "train_loss"], "values": [{"value": 1.323212206363678, "step": null, "ts": 1647272735.3265364}]}, "version": 276}
{"obj": {"type": "LogFloats", "path": ["network", "train_loss"], "values": [{"value": 3.106313330786569, "step": null, "ts": 1647272736.4297798}]}, "version": 277}
{"obj": {"type": "LogFloats", "path": ["network", "train_loss"], "values": [{"value": 1.5968318155833654, "step": null, "ts": 1647272737.5532303}]}, "version": 278}
{"obj": {"type": "LogFloats", "path": ["monitoring", "cpu"], "values": [{"value": 63.0, "step": null, "ts": 1647272737.7582922}]}, "version": 279}
{"obj": {"type": "LogFloats", "path": ["monitoring", "memory"], "values": [{"value": 10.238468170166016, "step": null, "ts": 1647272737.7582922}]}, "version": 280}
{"obj": {"type": "LogFloats", "path": ["monitoring", "gpu"], "values": [{"value": 70.0, "step": null, "ts": 1647272737.7582922}]}, "version": 281}
{"obj": {"type": "LogFloats", "path": ["monitoring", "gpu_memory"], "values": [{"value": 3.97125244140625, "step": null, "ts": 1647272737.7582922}]}, "version": 282}
{"obj": {"type": "LogFloats", "path": ["network", "train_loss"], "values": [{"value": 3.10556537764413, "step": null, "ts": 1647272738.6462948}]}, "version": 283}
{"obj": {"type": "LogFloats", "path": ["network", "train_loss"], "values": [{"value": 3.103635867436727, "step": null, "ts": 1647272739.6381974}]}, "version": 284}
{"obj": {"type": "LogFloats", "path": ["network", "train_loss"], "values": [{"value": 2.2170910154070174, "step": null, "ts": 1647272740.7362084}]}, "version": 285}
{"obj": {"type": "LogFloats", "path": ["network", "train_loss"], "values": [{"value": 3.0604151487350464, "step": null, "ts": 1647272741.333739}]}, "version": 286}
{"obj": {"type": "LogFloats", "path": ["network", "train_loss"], "values": [{"value": 2.923057436943054, "step": null, "ts": 1647272742.2886076}]}, "version": 287}
{"obj": {"type": "LogFloats", "path": ["network", "train_loss"], "values": [{"value": 3.05116597811381, "step": null, "ts": 1647272743.2745042}]}, "version": 288}
{"obj": {"type": "LogFloats", "path": ["network", "train_loss"], "values": [{"value": 3.1000749270121255, "step": null, "ts": 1647272744.2727277}]}, "version": 289}
{"obj": {"type": "LogFloats", "path": ["network", "train_loss"], "values": [{"value": 3.0034926618848528, "step": null, "ts": 1647272745.3610358}]}, "version": 290}
{"obj": {"type": "LogFloats", "path": ["network", "train_loss"], "values": [{"value": 2.9183268547058105, "step": null, "ts": 1647272746.0823286}]}, "version": 291}
{"obj": {"type": "LogFloats", "path": ["network", "train_loss"], "values": [{"value": 2.9948517935616628, "step": null, "ts": 1647272747.1745117}]}, "version": 292}
{"obj": {"type": "LogFloats", "path": ["monitoring", "cpu"], "values": [{"value": 55.7, "step": null, "ts": 1647272747.7750576}]}, "version": 293}
{"obj": {"type": "LogFloats", "path": ["monitoring", "memory"], "values": [{"value": 10.784351348876953, "step": null, "ts": 1647272747.7750576}]}, "version": 294}
{"obj": {"type": "LogFloats", "path": ["monitoring", "gpu"], "values": [{"value": 98.0, "step": null, "ts": 1647272747.7750576}]}, "version": 295}
{"obj": {"type": "LogFloats", "path": ["monitoring", "gpu_memory"], "values": [{"value": 3.97125244140625, "step": null, "ts": 1647272747.7750576}]}, "version": 296}
{"obj": {"type": "LogFloats", "path": ["network", "train_loss"], "values": [{"value": 3.104754618235997, "step": null, "ts": 1647272748.4166412}]}, "version": 297}
{"obj": {"type": "LogFloats", "path": ["network", "train_loss"], "values": [{"value": 2.9794891357421873, "step": null, "ts": 1647272749.1352947}]}, "version": 298}
{"obj": {"type": "LogFloats", "path": ["network", "train_loss"], "values": [{"value": 2.6232336929866245, "step": null, "ts": 1647272750.2132752}]}, "version": 299}
{"obj": {"type": "LogFloats", "path": ["network", "train_loss"], "values": [{"value": 2.977760451180594, "step": null, "ts": 1647272751.3242857}]}, "version": 300}
{"obj": {"type": "LogFloats", "path": ["network", "train_loss"], "values": [{"value": 3.099906325340271, "step": null, "ts": 1647272752.2389166}]}, "version": 301}
{"obj": {"type": "LogFloats", "path": ["network", "train_loss"], "values": [{"value": 3.090545356273651, "step": null, "ts": 1647272752.893512}]}, "version": 302}
{"obj": {"type": "LogFloats", "path": ["network", "train_loss"], "values": [{"value": 3.1039209365844727, "step": null, "ts": 1647272753.988599}]}, "version": 303}
{"obj": {"type": "LogFloats", "path": ["network", "train_loss"], "values": [{"value": 3.100855310757955, "step": null, "ts": 1647272754.908392}]}, "version": 304}
{"obj": {"type": "LogFloats", "path": ["network", "train_loss"], "values": [{"value": 2.8181096485682895, "step": null, "ts": 1647272756.0187917}]}, "version": 305}
{"obj": {"type": "LogFloats", "path": ["network", "train_loss"], "values": [{"value": 2.5622179806232452, "step": null, "ts": 1647272756.552277}]}, "version": 306}
{"obj": {"type": "LogFloats", "path": ["network", "train_loss"], "values": [{"value": 1.313258409500122, "step": null, "ts": 1647272757.6472735}]}, "version": 307}
{"obj": {"type": "LogFloats", "path": ["monitoring", "cpu"], "values": [{"value": 60.0, "step": null, "ts": 1647272757.7874007}]}, "version": 308}
{"obj": {"type": "LogFloats", "path": ["monitoring", "memory"], "values": [{"value": 10.034038543701172, "step": null, "ts": 1647272757.7874007}]}, "version": 309}
{"obj": {"type": "LogFloats", "path": ["monitoring", "gpu"], "values": [{"value": 67.0, "step": null, "ts": 1647272757.7874007}]}, "version": 310}
{"obj": {"type": "LogFloats", "path": ["monitoring", "gpu_memory"], "values": [{"value": 3.97125244140625, "step": null, "ts": 1647272757.7874007}]}, "version": 311}
{"obj": {"type": "LogFloats", "path": ["network", "train_loss"], "values": [{"value": 1.3652826036725725, "step": null, "ts": 1647272758.738265}]}, "version": 312}
{"obj": {"type": "LogFloats", "path": ["network", "train_loss"], "values": [{"value": 2.9827022552490234, "step": null, "ts": 1647272759.462924}]}, "version": 313}
{"obj": {"type": "LogFloats", "path": ["network", "train_loss"], "values": [{"value": 3.083975008555821, "step": null, "ts": 1647272760.5474653}]}, "version": 314}
{"obj": {"type": "LogFloats", "path": ["network", "train_loss"], "values": [{"value": 2.7035723686218263, "step": null, "ts": 1647272761.2715397}]}, "version": 315}
{"obj": {"type": "LogFloats", "path": ["network", "validation_loss"], "values": [{"value": 3.0088976621627808, "step": null, "ts": 1647272761.5838535}]}, "version": 316}
{"obj": {"type": "LogFloats", "path": ["network", "validation_loss"], "values": [{"value": 2.8588409083230153, "step": null, "ts": 1647272762.382726}]}, "version": 317}
{"obj": {"type": "LogFloats", "path": ["network", "validation_loss"], "values": [{"value": 2.650770139694214, "step": null, "ts": 1647272762.746056}]}, "version": 318}
{"obj": {"type": "LogFloats", "path": ["network", "validation_loss"], "values": [{"value": 2.830849817820958, "step": null, "ts": 1647272763.342148}]}, "version": 319}
{"obj": {"type": "LogFloats", "path": ["network", "validation_loss"], "values": [{"value": 3.0034806387765065, "step": null, "ts": 1647272763.9069443}]}, "version": 320}
{"obj": {"type": "LogStrings", "path": ["monitoring", "stdout"], "values": [{"value": "Training epoch 6", "step": null, "ts": 1647272763.9069443}]}, "version": 321}
{"obj": {"type": "LogStrings", "path": ["monitoring", "stdout"], "values": [{"value": "\n", "step": null, "ts": 1647272763.9069443}]}, "version": 322}
{"obj": {"type": "LogFloats", "path": ["network", "train_loss"], "values": [{"value": 2.9627016612461636, "step": null, "ts": 1647272765.0169537}]}, "version": 323}
{"obj": {"type": "LogFloats", "path": ["network", "train_loss"], "values": [{"value": 3.105400482813517, "step": null, "ts": 1647272765.930785}]}, "version": 324}
{"obj": {"type": "LogFloats", "path": ["network", "train_loss"], "values": [{"value": 3.1004930223737444, "step": null, "ts": 1647272767.0187745}]}, "version": 325}
{"obj": {"type": "LogFloats", "path": ["monitoring", "cpu"], "values": [{"value": 53.6, "step": null, "ts": 1647272767.7994854}]}, "version": 326}
{"obj": {"type": "LogFloats", "path": ["monitoring", "memory"], "values": [{"value": 10.81341552734375, "step": null, "ts": 1647272767.7994854}]}, "version": 327}
{"obj": {"type": "LogFloats", "path": ["monitoring", "gpu"], "values": [{"value": 98.0, "step": null, "ts": 1647272767.7994854}]}, "version": 328}
{"obj": {"type": "LogFloats", "path": ["monitoring", "gpu_memory"], "values": [{"value": 3.79351806640625, "step": null, "ts": 1647272767.7994854}]}, "version": 329}
{"obj": {"type": "LogFloats", "path": ["network", "train_loss"], "values": [{"value": 3.1060347897665843, "step": null, "ts": 1647272768.105763}]}, "version": 330}
{"obj": {"type": "LogFloats", "path": ["network", "train_loss"], "values": [{"value": 2.2136938912527904, "step": null, "ts": 1647272769.1936827}]}, "version": 331}
{"obj": {"type": "LogFloats", "path": ["network", "train_loss"], "values": [{"value": 2.96085786819458, "step": null, "ts": 1647272769.9144185}]}, "version": 332}
{"obj": {"type": "LogFloats", "path": ["network", "train_loss"], "values": [{"value": 1.313258171081543, "step": null, "ts": 1647272770.1775837}]}, "version": 333}
{"obj": {"type": "LogFloats", "path": ["network", "train_loss"], "values": [{"value": 1.3808213812964303, "step": null, "ts": 1647272771.2702415}]}, "version": 334}
{"obj": {"type": "LogFloats", "path": ["network", "train_loss"], "values": [{"value": 2.961996453148978, "step": null, "ts": 1647272772.462905}]}, "version": 335}
{"obj": {"type": "LogFloats", "path": ["network", "train_loss"], "values": [{"value": 3.0929052432378135, "step": null, "ts": 1647272773.4478}]}, "version": 336}
{"obj": {"type": "LogFloats", "path": ["network", "train_loss"], "values": [{"value": 3.106516327176775, "step": null, "ts": 1647272774.5337882}]}, "version": 337}
{"obj": {"type": "LogFloats", "path": ["network", "train_loss"], "values": [{"value": 2.7288425309317454, "step": null, "ts": 1647272775.6337879}]}, "version": 338}
{"obj": {"type": "LogFloats", "path": ["network", "train_loss"], "values": [{"value": 3.0989293370928084, "step": null, "ts": 1647272776.8594549}]}, "version": 339}
{"obj": {"type": "LogFloats", "path": ["monitoring", "cpu"], "values": [{"value": 53.4, "step": null, "ts": 1647272777.8045814}]}, "version": 340}
{"obj": {"type": "LogFloats", "path": ["monitoring", "memory"], "values": [{"value": 10.084766387939453, "step": null, "ts": 1647272777.8045814}]}, "version": 341}
{"obj": {"type": "LogFloats", "path": ["monitoring", "gpu"], "values": [{"value": 98.0, "step": null, "ts": 1647272777.8045814}]}, "version": 342}
{"obj": {"type": "LogFloats", "path": ["monitoring", "gpu_memory"], "values": [{"value": 3.79351806640625, "step": null, "ts": 1647272777.8045814}]}, "version": 343}
{"obj": {"type": "LogFloats", "path": ["network", "train_loss"], "values": [{"value": 1.313258409500122, "step": null, "ts": 1647272777.9547782}]}, "version": 344}
{"obj": {"type": "LogFloats", "path": ["network", "train_loss"], "values": [{"value": 2.5890184470585416, "step": null, "ts": 1647272779.0315921}]}, "version": 345}
{"obj": {"type": "LogFloats", "path": ["network", "train_loss"], "values": [{"value": 3.09781813621521, "step": null, "ts": 1647272779.6811829}]}, "version": 346}
{"obj": {"type": "LogFloats", "path": ["network", "train_loss"], "values": [{"value": 2.982501173019409, "step": null, "ts": 1647272780.4018378}]}, "version": 347}
{"obj": {"type": "LogFloats", "path": ["network", "train_loss"], "values": [{"value": 2.6268200874328613, "step": null, "ts": 1647272781.1224935}]}, "version": 348}
{"obj": {"type": "LogFloats", "path": ["network", "train_loss"], "values": [{"value": 2.56870636343956, "step": null, "ts": 1647272781.6499739}]}, "version": 349}
{"obj": {"type": "LogFloats", "path": ["network", "train_loss"], "values": [{"value": 3.06315940618515, "step": null, "ts": 1647272782.2415116}]}, "version": 350}
{"obj": {"type": "LogFloats", "path": ["network", "train_loss"], "values": [{"value": 2.917624855041504, "step": null, "ts": 1647272782.9631672}]}, "version": 351}
{"obj": {"type": "LogFloats", "path": ["network", "train_loss"], "values": [{"value": 3.1041840314865112, "step": null, "ts": 1647272783.875061}]}, "version": 352}
{"obj": {"type": "LogFloats", "path": ["network", "train_loss"], "values": [{"value": 2.9497563441594443, "step": null, "ts": 1647272784.828122}]}, "version": 353}
{"obj": {"type": "LogFloats", "path": ["network", "train_loss"], "values": [{"value": 3.028405087334769, "step": null, "ts": 1647272785.9070764}]}, "version": 354}
{"obj": {"type": "LogFloats", "path": ["network", "train_loss"], "values": [{"value": 2.8801564148494174, "step": null, "ts": 1647272787.003839}]}, "version": 355}
{"obj": {"type": "LogFloats", "path": ["monitoring", "cpu"], "values": [{"value": 52.7, "step": null, "ts": 1647272787.8205812}]}, "version": 356}
{"obj": {"type": "LogFloats", "path": ["monitoring", "memory"], "values": [{"value": 10.52001953125, "step": null, "ts": 1647272787.8205812}]}, "version": 357}
{"obj": {"type": "LogFloats", "path": ["monitoring", "gpu"], "values": [{"value": 98.0, "step": null, "ts": 1647272787.8205812}]}, "version": 358}
{"obj": {"type": "LogFloats", "path": ["monitoring", "gpu_memory"], "values": [{"value": 3.79351806640625, "step": null, "ts": 1647272787.8205812}]}, "version": 359}
{"obj": {"type": "LogFloats", "path": ["network", "train_loss"], "values": [{"value": 1.5583643232073103, "step": null, "ts": 1647272788.089826}]}, "version": 360}
{"obj": {"type": "LogFloats", "path": ["network", "train_loss"], "values": [{"value": 3.1008866230646768, "step": null, "ts": 1647272789.0747218}]}, "version": 361}
{"obj": {"type": "LogFloats", "path": ["network", "train_loss"], "values": [{"value": 3.074610710144043, "step": null, "ts": 1647272790.1597087}]}, "version": 362}
{"obj": {"type": "LogFloats", "path": ["network", "train_loss"], "values": [{"value": 3.0327656666437783, "step": null, "ts": 1647272791.1436038}]}, "version": 363}
{"obj": {"type": "LogFloats", "path": ["network", "train_loss"], "values": [{"value": 2.7079435348510743, "step": null, "ts": 1647272791.862323}]}, "version": 364}
{"obj": {"type": "LogFloats", "path": ["network", "validation_loss"], "values": [{"value": 3.046616494655609, "step": null, "ts": 1647272792.1625953}]}, "version": 365}
{"obj": {"type": "LogFloats", "path": ["network", "validation_loss"], "values": [{"value": 3.0355169773101807, "step": null, "ts": 1647272792.7796512}]}, "version": 366}
{"obj": {"type": "LogFloats", "path": ["network", "validation_loss"], "values": [{"value": 2.925185441970825, "step": null, "ts": 1647272793.406221}]}, "version": 367}
{"obj": {"type": "LogFloats", "path": ["network", "validation_loss"], "values": [{"value": 2.8433664526258196, "step": null, "ts": 1647272794.1622498}]}, "version": 368}
{"obj": {"type": "LogFloats", "path": ["network", "validation_loss"], "values": [{"value": 2.6356980323791506, "step": null, "ts": 1647272794.4867945}]}, "version": 369}
{"obj": {"type": "LogStrings", "path": ["monitoring", "stdout"], "values": [{"value": "Training epoch 7", "step": null, "ts": 1647272794.4877949}]}, "version": 370}
{"obj": {"type": "LogStrings", "path": ["monitoring", "stdout"], "values": [{"value": "\n", "step": null, "ts": 1647272794.4877949}]}, "version": 371}
{"obj": {"type": "LogFloats", "path": ["network", "train_loss"], "values": [{"value": 2.9489148457845054, "step": null, "ts": 1647272795.437659}]}, "version": 372}
{"obj": {"type": "LogFloats", "path": ["network", "train_loss"], "values": [{"value": 1.559109858104161, "step": null, "ts": 1647272796.5226457}]}, "version": 373}
{"obj": {"type": "LogFloats", "path": ["network", "train_loss"], "values": [{"value": 2.9719788687569753, "step": null, "ts": 1647272797.6076324}]}, "version": 374}
{"obj": {"type": "LogFloats", "path": ["monitoring", "cpu"], "values": [{"value": 53.0, "step": null, "ts": 1647272797.8298345}]}, "version": 375}
{"obj": {"type": "LogFloats", "path": ["monitoring", "memory"], "values": [{"value": 10.313514709472656, "step": null, "ts": 1647272797.8298345}]}, "version": 376}
{"obj": {"type": "LogFloats", "path": ["monitoring", "gpu"], "values": [{"value": 83.0, "step": null, "ts": 1647272797.8298345}]}, "version": 377}
{"obj": {"type": "LogFloats", "path": ["monitoring", "gpu_memory"], "values": [{"value": 3.85015869140625, "step": null, "ts": 1647272797.8298345}]}, "version": 378}
{"obj": {"type": "LogFloats", "path": ["network", "train_loss"], "values": [{"value": 2.7485065937042235, "step": null, "ts": 1647272798.3272867}]}, "version": 379}
{"obj": {"type": "LogFloats", "path": ["network", "train_loss"], "values": [{"value": 3.031306164605277, "step": null, "ts": 1647272799.404694}]}, "version": 380}
{"obj": {"type": "LogFloats", "path": ["network", "train_loss"], "values": [{"value": 2.574942469596863, "step": null, "ts": 1647272799.9327867}]}, "version": 381}
{"obj": {"type": "LogFloats", "path": ["network", "train_loss"], "values": [{"value": 3.098028620084127, "step": null, "ts": 1647272800.9191587}]}, "version": 382}
{"obj": {"type": "LogFloats", "path": ["network", "train_loss"], "values": [{"value": 3.0527214407920837, "step": null, "ts": 1647272801.5094995}]}, "version": 383}
{"obj": {"type": "LogFloats", "path": ["network", "train_loss"], "values": [{"value": 3.076803309576852, "step": null, "ts": 1647272802.5940971}]}, "version": 384}
{"obj": {"type": "LogFloats", "path": ["network", "train_loss"], "values": [{"value": 2.9920734337397983, "step": null, "ts": 1647272803.690094}]}, "version": 385}
{"obj": {"type": "LogFloats", "path": ["network", "train_loss"], "values": [{"value": 2.1123782226017545, "step": null, "ts": 1647272804.7760813}]}, "version": 386}
{"obj": {"type": "LogFloats", "path": ["network", "train_loss"], "values": [{"value": 2.9756108283996583, "step": null, "ts": 1647272805.496737}]}, "version": 387}
{"obj": {"type": "LogFloats", "path": ["network", "train_loss"], "values": [{"value": 1.313258477619716, "step": null, "ts": 1647272806.5927331}]}, "version": 388}
{"obj": {"type": "LogFloats", "path": ["network", "train_loss"], "values": [{"value": 2.6858492578778947, "step": null, "ts": 1647272807.6936705}]}, "version": 389}
{"obj": {"type": "LogFloats", "path": ["monitoring", "cpu"], "values": [{"value": 52.7, "step": null, "ts": 1647272807.8475606}]}, "version": 390}
{"obj": {"type": "LogFloats", "path": ["monitoring", "memory"], "values": [{"value": 10.777488708496094, "step": null, "ts": 1647272807.8475606}]}, "version": 391}
{"obj": {"type": "LogFloats", "path": ["monitoring", "gpu"], "values": [{"value": 82.0, "step": null, "ts": 1647272807.8475606}]}, "version": 392}
{"obj": {"type": "LogFloats", "path": ["monitoring", "gpu_memory"], "values": [{"value": 3.85015869140625, "step": null, "ts": 1647272807.8475606}]}, "version": 393}
{"obj": {"type": "LogFloats", "path": ["network", "train_loss"], "values": [{"value": 2.656047058105469, "step": null, "ts": 1647272808.4140766}]}, "version": 394}
{"obj": {"type": "LogFloats", "path": ["network", "train_loss"], "values": [{"value": 3.1085884230477467, "step": null, "ts": 1647272809.5132062}]}, "version": 395}
{"obj": {"type": "LogFloats", "path": ["network", "train_loss"], "values": [{"value": 3.103806813557943, "step": null, "ts": 1647272810.4248455}]}, "version": 396}
{"obj": {"type": "LogFloats", "path": ["network", "train_loss"], "values": [{"value": 3.1062655789511546, "step": null, "ts": 1647272811.5098321}]}, "version": 397}
{"obj": {"type": "LogFloats", "path": ["network", "train_loss"], "values": [{"value": 1.328737199306488, "step": null, "ts": 1647272811.7750735}]}, "version": 398}
{"obj": {"type": "LogFloats", "path": ["network", "train_loss"], "values": [{"value": 3.097086747487386, "step": null, "ts": 1647272812.6879046}]}, "version": 399}
{"obj": {"type": "LogFloats", "path": ["network", "train_loss"], "values": [{"value": 2.930666821343558, "step": null, "ts": 1647272813.7919083}]}, "version": 400}
{"obj": {"type": "LogFloats", "path": ["network", "train_loss"], "values": [{"value": 1.3741988965443201, "step": null, "ts": 1647272814.8854048}]}, "version": 401}
{"obj": {"type": "LogFloats", "path": ["network", "train_loss"], "values": [{"value": 3.084292769432068, "step": null, "ts": 1647272815.6607745}]}, "version": 402}
{"obj": {"type": "LogFloats", "path": ["network", "train_loss"], "values": [{"value": 3.0207383155822756, "step": null, "ts": 1647272816.3825524}]}, "version": 403}
{"obj": {"type": "LogFloats", "path": ["network", "train_loss"], "values": [{"value": 3.030033985773722, "step": null, "ts": 1647272817.363916}]}, "version": 404}
{"obj": {"type": "LogFloats", "path": ["monitoring", "cpu"], "values": [{"value": 52.8, "step": null, "ts": 1647272817.8616853}]}, "version": 405}
{"obj": {"type": "LogFloats", "path": ["monitoring", "memory"], "values": [{"value": 9.696563720703125, "step": null, "ts": 1647272817.8616853}]}, "version": 406}
{"obj": {"type": "LogFloats", "path": ["monitoring", "gpu"], "values": [{"value": 98.0, "step": null, "ts": 1647272817.8616853}]}, "version": 407}
{"obj": {"type": "LogFloats", "path": ["monitoring", "gpu_memory"], "values": [{"value": 3.85015869140625, "step": null, "ts": 1647272817.8616853}]}, "version": 408}
{"obj": {"type": "LogFloats", "path": ["network", "train_loss"], "values": [{"value": 2.6222899300711497, "step": null, "ts": 1647272818.442357}]}, "version": 409}
{"obj": {"type": "LogFloats", "path": ["network", "train_loss"], "values": [{"value": 3.0997493267059326, "step": null, "ts": 1647272819.5319407}]}, "version": 410}
{"obj": {"type": "LogFloats", "path": ["network", "train_loss"], "values": [{"value": 3.123577356338501, "step": null, "ts": 1647272820.7675781}]}, "version": 411}
{"obj": {"type": "LogFloats", "path": ["network", "train_loss"], "values": [{"value": 3.096599737803141, "step": null, "ts": 1647272821.7576401}]}, "version": 412}
{"obj": {"type": "LogFloats", "path": ["network", "train_loss"], "values": [{"value": 2.916781759262085, "step": null, "ts": 1647272822.4767752}]}, "version": 413}
{"obj": {"type": "LogFloats", "path": ["network", "validation_loss"], "values": [{"value": 2.9043710912976946, "step": null, "ts": 1647272823.2793298}]}, "version": 414}
{"obj": {"type": "LogFloats", "path": ["network", "validation_loss"], "values": [{"value": 3.038217374256679, "step": null, "ts": 1647272823.8777523}]}, "version": 415}
{"obj": {"type": "LogFloats", "path": ["network", "validation_loss"], "values": [{"value": 2.669164848327637, "step": null, "ts": 1647272824.2470882}]}, "version": 416}
{"obj": {"type": "LogFloats", "path": ["network", "validation_loss"], "values": [{"value": 2.863557815551758, "step": null, "ts": 1647272824.832621}]}, "version": 417}
{"obj": {"type": "LogFloats", "path": ["network", "validation_loss"], "values": [{"value": 3.05219042301178, "step": null, "ts": 1647272825.1579168}]}, "version": 418}
{"obj": {"type": "LogStrings", "path": ["monitoring", "stdout"], "values": [{"value": "Training epoch 8", "step": null, "ts": 1647272825.1579168}]}, "version": 419}
{"obj": {"type": "LogStrings", "path": ["monitoring", "stdout"], "values": [{"value": "\n", "step": null, "ts": 1647272825.1579168}]}, "version": 420}
{"obj": {"type": "LogFloats", "path": ["network", "train_loss"], "values": [{"value": 3.0291232109069823, "step": null, "ts": 1647272826.2208948}]}, "version": 421}
{"obj": {"type": "LogFloats", "path": ["network", "train_loss"], "values": [{"value": 2.9588349887302945, "step": null, "ts": 1647272827.3203886}]}, "version": 422}
{"obj": {"type": "LogFloats", "path": ["monitoring", "cpu"], "values": [{"value": 51.8, "step": null, "ts": 1647272827.8693948}]}, "version": 423}
{"obj": {"type": "LogFloats", "path": ["monitoring", "memory"], "values": [{"value": 10.67441177368164, "step": null, "ts": 1647272827.8693948}]}, "version": 424}
{"obj": {"type": "LogFloats", "path": ["monitoring", "gpu"], "values": [{"value": 98.0, "step": null, "ts": 1647272827.8693948}]}, "version": 425}
{"obj": {"type": "LogFloats", "path": ["monitoring", "gpu_memory"], "values": [{"value": 3.85015869140625, "step": null, "ts": 1647272827.8693948}]}, "version": 426}
{"obj": {"type": "LogFloats", "path": ["network", "train_loss"], "values": [{"value": 3.101595265524728, "step": null, "ts": 1647272828.4073677}]}, "version": 427}
{"obj": {"type": "LogFloats", "path": ["network", "train_loss"], "values": [{"value": 2.974120650972639, "step": null, "ts": 1647272829.5061207}]}, "version": 428}
{"obj": {"type": "LogFloats", "path": ["network", "train_loss"], "values": [{"value": 1.313258511679513, "step": null, "ts": 1647272830.5981128}]}, "version": 429}
{"obj": {"type": "LogFloats", "path": ["network", "train_loss"], "values": [{"value": 3.0956240722111295, "step": null, "ts": 1647272831.6830988}]}, "version": 430}
{"obj": {"type": "LogFloats", "path": ["network", "train_loss"], "values": [{"value": 2.927368640899658, "step": null, "ts": 1647272832.400752}]}, "version": 431}
{"obj": {"type": "LogFloats", "path": ["network", "train_loss"], "values": [{"value": 1.3814496823719569, "step": null, "ts": 1647272833.4967482}]}, "version": 432}
{"obj": {"type": "LogFloats", "path": ["network", "train_loss"], "values": [{"value": 2.999473810195923, "step": null, "ts": 1647272834.579708}]}, "version": 433}
{"obj": {"type": "LogFloats", "path": ["network", "train_loss"], "values": [{"value": 2.7802248341696605, "step": null, "ts": 1647272835.6924257}]}, "version": 434}
{"obj": {"type": "LogFloats", "path": ["network", "train_loss"], "values": [{"value": 2.989204263687134, "step": null, "ts": 1647272836.4110763}]}, "version": 435}
{"obj": {"type": "LogFloats", "path": ["network", "train_loss"], "values": [{"value": 2.6653322696685793, "step": null, "ts": 1647272837.13202}]}, "version": 436}
{"obj": {"type": "LogFloats", "path": ["network", "train_loss"], "values": [{"value": 1.3132584691047668, "step": null, "ts": 1647272837.520997}]}, "version": 437}
{"obj": {"type": "LogFloats", "path": ["monitoring", "cpu"], "values": [{"value": 52.5, "step": null, "ts": 1647272837.8870938}]}, "version": 438}
{"obj": {"type": "LogFloats", "path": ["monitoring", "memory"], "values": [{"value": 9.656051635742188, "step": null, "ts": 1647272837.8870938}]}, "version": 439}
{"obj": {"type": "LogFloats", "path": ["monitoring", "gpu"], "values": [{"value": 98.0, "step": null, "ts": 1647272837.8870938}]}, "version": 440}
{"obj": {"type": "LogFloats", "path": ["monitoring", "gpu_memory"], "values": [{"value": 3.85015869140625, "step": null, "ts": 1647272837.8870938}]}, "version": 441}
{"obj": {"type": "LogFloats", "path": ["network", "train_loss"], "values": [{"value": 3.0700888633728027, "step": null, "ts": 1647272838.6130414}]}, "version": 442}
{"obj": {"type": "LogFloats", "path": ["network", "train_loss"], "values": [{"value": 3.1033781255994524, "step": null, "ts": 1647272839.8491647}]}, "version": 443}
{"obj": {"type": "LogFloats", "path": ["network", "train_loss"], "values": [{"value": 2.963834728513445, "step": null, "ts": 1647272840.9361534}]}, "version": 444}
{"obj": {"type": "LogFloats", "path": ["network", "train_loss"], "values": [{"value": 3.0834012031555176, "step": null, "ts": 1647272841.5877464}]}, "version": 445}
{"obj": {"type": "LogFloats", "path": ["network", "train_loss"], "values": [{"value": 3.094338575998942, "step": null, "ts": 1647272842.5706403}]}, "version": 446}
{"obj": {"type": "LogFloats", "path": ["network", "train_loss"], "values": [{"value": 3.1025798320770264, "step": null, "ts": 1647272843.4854267}]}, "version": 447}
{"obj": {"type": "LogFloats", "path": ["network", "train_loss"], "values": [{"value": 3.046257972717285, "step": null, "ts": 1647272844.0758777}]}, "version": 448}
{"obj": {"type": "LogFloats", "path": ["network", "train_loss"], "values": [{"value": 2.1790859699249268, "step": null, "ts": 1647272845.1599026}]}, "version": 449}
{"obj": {"type": "LogFloats", "path": ["network", "train_loss"], "values": [{"value": 3.099327257701329, "step": null, "ts": 1647272846.248137}]}, "version": 450}
{"obj": {"type": "LogFloats", "path": ["network", "train_loss"], "values": [{"value": 3.073801358540853, "step": null, "ts": 1647272847.2300293}]}, "version": 451}
{"obj": {"type": "LogFloats", "path": ["monitoring", "cpu"], "values": [{"value": 53.9, "step": null, "ts": 1647272847.8926318}]}, "version": 452}
{"obj": {"type": "LogFloats", "path": ["monitoring", "memory"], "values": [{"value": 10.27703857421875, "step": null, "ts": 1647272847.8926318}]}, "version": 453}
{"obj": {"type": "LogFloats", "path": ["monitoring", "gpu"], "values": [{"value": 98.0, "step": null, "ts": 1647272847.8926318}]}, "version": 454}
{"obj": {"type": "LogFloats", "path": ["monitoring", "gpu_memory"], "values": [{"value": 3.85015869140625, "step": null, "ts": 1647272847.8926318}]}, "version": 455}
{"obj": {"type": "LogFloats", "path": ["network", "train_loss"], "values": [{"value": 2.641598565237863, "step": null, "ts": 1647272848.3040063}]}, "version": 456}
{"obj": {"type": "LogFloats", "path": ["network", "train_loss"], "values": [{"value": 3.0988243023554483, "step": null, "ts": 1647272849.2857044}]}, "version": 457}
{"obj": {"type": "LogFloats", "path": ["network", "train_loss"], "values": [{"value": 2.545939087867737, "step": null, "ts": 1647272849.813379}]}, "version": 458}
{"obj": {"type": "LogFloats", "path": ["network", "train_loss"], "values": [{"value": 3.095025817553202, "step": null, "ts": 1647272850.727819}]}, "version": 459}
{"obj": {"type": "LogFloats", "path": ["network", "train_loss"], "values": [{"value": 1.5675007445471627, "step": null, "ts": 1647272851.813635}]}, "version": 460}
{"obj": {"type": "LogFloats", "path": ["network", "train_loss"], "values": [{"value": 2.8645508686701455, "step": null, "ts": 1647272852.7652555}]}, "version": 461}
{"obj": {"type": "LogFloats", "path": ["network", "train_loss"], "values": [{"value": 2.7147398471832274, "step": null, "ts": 1647272853.4879127}]}, "version": 462}
{"obj": {"type": "LogFloats", "path": ["network", "validation_loss"], "values": [{"value": 2.8806863852909634, "step": null, "ts": 1647272854.0674403}]}, "version": 463}
{"obj": {"type": "LogFloats", "path": ["network", "validation_loss"], "values": [{"value": 3.048739433288574, "step": null, "ts": 1647272854.6267073}]}, "version": 464}
{"obj": {"type": "LogFloats", "path": ["network", "validation_loss"], "values": [{"value": 2.8754118510654996, "step": null, "ts": 1647272855.5818188}]}, "version": 465}
{"obj": {"type": "LogFloats", "path": ["network", "validation_loss"], "values": [{"value": 3.031646966934204, "step": null, "ts": 1647272855.9084036}]}, "version": 466}
{"obj": {"type": "LogFloats", "path": ["network", "validation_loss"], "values": [{"value": 2.6556275844573975, "step": null, "ts": 1647272856.2795799}]}, "version": 467}
{"obj": {"type": "LogStrings", "path": ["monitoring", "stdout"], "values": [{"value": "Training epoch 9", "step": null, "ts": 1647272856.2795799}]}, "version": 468}
{"obj": {"type": "LogStrings", "path": ["monitoring", "stdout"], "values": [{"value": "\n", "step": null, "ts": 1647272856.2795799}]}, "version": 469}
{"obj": {"type": "LogFloats", "path": ["network", "train_loss"], "values": [{"value": 3.087118625640869, "step": null, "ts": 1647272856.9412518}]}, "version": 470}
{"obj": {"type": "LogFloats", "path": ["network", "train_loss"], "values": [{"value": 2.904792626698812, "step": null, "ts": 1647272857.893917}]}, "version": 471}
{"obj": {"type": "LogFloats", "path": ["monitoring", "cpu"], "values": [{"value": 52.8, "step": null, "ts": 1647272857.896832}]}, "version": 472}
{"obj": {"type": "LogFloats", "path": ["monitoring", "memory"], "values": [{"value": 10.107769012451172, "step": null, "ts": 1647272857.896832}]}, "version": 473}
{"obj": {"type": "LogFloats", "path": ["monitoring", "gpu"], "values": [{"value": 98.0, "step": null, "ts": 1647272857.896832}]}, "version": 474}
{"obj": {"type": "LogFloats", "path": ["monitoring", "gpu_memory"], "values": [{"value": 3.90679931640625, "step": null, "ts": 1647272857.896832}]}, "version": 475}
{"obj": {"type": "LogFloats", "path": ["network", "train_loss"], "values": [{"value": 2.9602915218898227, "step": null, "ts": 1647272858.989827}]}, "version": 476}
{"obj": {"type": "LogFloats", "path": ["network", "train_loss"], "values": [{"value": 1.3132586649485998, "step": null, "ts": 1647272860.0828207}]}, "version": 477}
{"obj": {"type": "LogFloats", "path": ["network", "train_loss"], "values": [{"value": 2.9265974521636964, "step": null, "ts": 1647272860.8014736}]}, "version": 478}
{"obj": {"type": "LogFloats", "path": ["network", "train_loss"], "values": [{"value": 2.9610047340393066, "step": null, "ts": 1647272861.887462}]}, "version": 479}
{"obj": {"type": "LogFloats", "path": ["network", "train_loss"], "values": [{"value": 2.6161836896623885, "step": null, "ts": 1647272862.9622471}]}, "version": 480}
{"obj": {"type": "LogFloats", "path": ["network", "train_loss"], "values": [{"value": 3.090813994407654, "step": null, "ts": 1647272863.9467885}]}, "version": 481}
{"obj": {"type": "LogFloats", "path": ["network", "train_loss"], "values": [{"value": 2.7090914726257322, "step": null, "ts": 1647272864.6646326}]}, "version": 482}
{"obj": {"type": "LogFloats", "path": ["network", "train_loss"], "values": [{"value": 3.0170777797698975, "step": null, "ts": 1647272865.3867188}]}, "version": 483}
{"obj": {"type": "LogFloats", "path": ["network", "train_loss"], "values": [{"value": 2.9223855904170444, "step": null, "ts": 1647272866.484277}]}, "version": 484}
{"obj": {"type": "LogFloats", "path": ["network", "train_loss"], "values": [{"value": 3.1131094183240617, "step": null, "ts": 1647272867.5682628}]}, "version": 485}
{"obj": {"type": "LogFloats", "path": ["monitoring", "cpu"], "values": [{"value": 52.8, "step": null, "ts": 1647272867.911575}]}, "version": 486}
{"obj": {"type": "LogFloats", "path": ["monitoring", "memory"], "values": [{"value": 10.554767608642578, "step": null, "ts": 1647272867.911575}]}, "version": 487}
{"obj": {"type": "LogFloats", "path": ["monitoring", "gpu"], "values": [{"value": 97.0, "step": null, "ts": 1647272867.911575}]}, "version": 488}
{"obj": {"type": "LogFloats", "path": ["monitoring", "gpu_memory"], "values": [{"value": 3.90679931640625, "step": null, "ts": 1647272867.911575}]}, "version": 489}
{"obj": {"type": "LogFloats", "path": ["network", "train_loss"], "values": [{"value": 2.653168535232544, "step": null, "ts": 1647272868.289919}]}, "version": 490}
{"obj": {"type": "LogFloats", "path": ["network", "train_loss"], "values": [{"value": 1.5838898079735892, "step": null, "ts": 1647272869.3834207}]}, "version": 491}
{"obj": {"type": "LogFloats", "path": ["network", "train_loss"], "values": [{"value": 1.3712961844035558, "step": null, "ts": 1647272870.4741426}]}, "version": 492}
{"obj": {"type": "LogFloats", "path": ["network", "train_loss"], "values": [{"value": 3.0989099740982056, "step": null, "ts": 1647272871.459175}]}, "version": 493}
{"obj": {"type": "LogFloats", "path": ["network", "train_loss"], "values": [{"value": 3.0683099031448364, "step": null, "ts": 1647272872.0476642}]}, "version": 494}
{"obj": {"type": "LogFloats", "path": ["network", "train_loss"], "values": [{"value": 3.099348227183024, "step": null, "ts": 1647272872.958493}]}, "version": 495}
{"obj": {"type": "LogFloats", "path": ["network", "train_loss"], "values": [{"value": 2.999092197418213, "step": null, "ts": 1647272873.6791477}]}, "version": 496}
{"obj": {"type": "LogFloats", "path": ["network", "train_loss"], "values": [{"value": 2.1301383801868985, "step": null, "ts": 1647272874.7661362}]}, "version": 497}
{"obj": {"type": "LogFloats", "path": ["network", "train_loss"], "values": [{"value": 3.1092629773276195, "step": null, "ts": 1647272875.9111776}]}, "version": 498}
{"obj": {"type": "LogFloats", "path": ["network", "train_loss"], "values": [{"value": 3.097691774368286, "step": null, "ts": 1647272876.8285186}]}, "version": 499}
{"obj": {"type": "LogFloats", "path": ["network", "train_loss"], "values": [{"value": 1.3192490339279175, "step": null, "ts": 1647272877.0941117}]}, "version": 500}
{"obj": {"type": "LogFloats", "path": ["monitoring", "cpu"], "values": [{"value": 53.9, "step": null, "ts": 1647272877.9281225}]}, "version": 501}
{"obj": {"type": "LogFloats", "path": ["monitoring", "memory"], "values": [{"value": 10.115131378173828, "step": null, "ts": 1647272877.9281225}]}, "version": 502}
{"obj": {"type": "LogFloats", "path": ["monitoring", "gpu"], "values": [{"value": 98.0, "step": null, "ts": 1647272877.9281225}]}, "version": 503}
{"obj": {"type": "LogFloats", "path": ["monitoring", "gpu_memory"], "values": [{"value": 3.90679931640625, "step": null, "ts": 1647272877.9281225}]}, "version": 504}
{"obj": {"type": "LogFloats", "path": ["network", "train_loss"], "values": [{"value": 3.009492516517639, "step": null, "ts": 1647272878.0893908}]}, "version": 505}
{"obj": {"type": "LogFloats", "path": ["network", "train_loss"], "values": [{"value": 2.5490293502807617, "step": null, "ts": 1647272878.6175082}]}, "version": 506}
{"obj": {"type": "LogFloats", "path": ["network", "train_loss"], "values": [{"value": 3.1116693360464915, "step": null, "ts": 1647272879.7084165}]}, "version": 507}
{"obj": {"type": "LogFloats", "path": ["network", "train_loss"], "values": [{"value": 3.076707431248256, "step": null, "ts": 1647272880.7970595}]}, "version": 508}
{"obj": {"type": "LogFloats", "path": ["network", "train_loss"], "values": [{"value": 3.0313985347747803, "step": null, "ts": 1647272881.8810458}]}, "version": 509}
{"obj": {"type": "LogFloats", "path": ["network", "train_loss"], "values": [{"value": 3.0862057890210832, "step": null, "ts": 1647272883.1151683}]}, "version": 510}
{"obj": {"type": "LogFloats", "path": ["network", "train_loss"], "values": [{"value": 2.7421816757747104, "step": null, "ts": 1647272884.214168}]}, "version": 511}
{"obj": {"type": "LogFloats", "path": ["network", "validation_loss"], "values": [{"value": 2.895662988935198, "step": null, "ts": 1647272884.7836857}]}, "version": 512}
{"obj": {"type": "LogFloats", "path": ["network", "validation_loss"], "values": [{"value": 2.875535181590489, "step": null, "ts": 1647272885.605244}]}, "version": 513}
{"obj": {"type": "LogFloats", "path": ["network", "validation_loss"], "values": [{"value": 2.6335641384124755, "step": null, "ts": 1647272885.9546041}]}, "version": 514}
{"obj": {"type": "LogFloats", "path": ["network", "validation_loss"], "values": [{"value": 3.0585715770721436, "step": null, "ts": 1647272886.276897}]}, "version": 515}
{"obj": {"type": "LogFloats", "path": ["network", "validation_loss"], "values": [{"value": 3.0264241695404053, "step": null, "ts": 1647272886.854364}]}, "version": 516}
{"obj": {"type": "LogFloats", "path": ["monitoring", "cpu"], "values": [{"value": 51.1, "step": null, "ts": 1647272887.9453447}]}, "version": 517}
{"obj": {"type": "LogFloats", "path": ["monitoring", "memory"], "values": [{"value": 9.360271453857422, "step": null, "ts": 1647272887.9453447}]}, "version": 518}
{"obj": {"type": "LogFloats", "path": ["monitoring", "gpu_memory"], "values": [{"value": 3.90679931640625, "step": null, "ts": 1647272887.9453447}]}, "version": 519}
