{"obj": {"type": "AssignString", "path": ["sys", "name"], "value": "Untitled"}, "version": 1}
{"obj": {"type": "AssignString", "path": ["sys", "description"], "value": ""}, "version": 2}
{"obj": {"type": "AssignString", "path": ["sys", "hostname"], "value": "DESKTOP-SDMAFDQ"}, "version": 3}
{"obj": {"type": "AssignBool", "path": ["sys", "failed"], "value": false}, "version": 4}
{"obj": {"type": "ClearStringLog", "path": ["monitoring", "stdout"]}, "version": 5}
{"obj": {"type": "ClearStringLog", "path": ["monitoring", "stderr"]}, "version": 6}
{"obj": {"type": "AssignString", "path": ["source_code", "entrypoint"], "value": "Learning_rate_finder2.py"}, "version": 7}
{"obj": {"type": "UploadFileSet", "path": ["source_code", "files"], "file_globs": ["C:\\Users\\Marc\\Documents\\GitHub\\Artefact-Rejection\\1. Finding the learning-rate\\Learning_rate_finder2.py"], "reset": "False"}, "version": 8}
{"obj": {"type": "ConfigFloatSeries", "path": ["monitoring", "cpu"], "min": 0.0, "max": 100.0, "unit": "%"}, "version": 9}
{"obj": {"type": "ClearFloatLog", "path": ["monitoring", "cpu"]}, "version": 10}
{"obj": {"type": "ConfigFloatSeries", "path": ["monitoring", "memory"], "min": 0.0, "max": 15.88718032836914, "unit": "GB"}, "version": 11}
{"obj": {"type": "ClearFloatLog", "path": ["monitoring", "memory"]}, "version": 12}
{"obj": {"type": "ConfigFloatSeries", "path": ["monitoring", "gpu"], "min": 0.0, "max": 100.0, "unit": "%"}, "version": 13}
{"obj": {"type": "ClearFloatLog", "path": ["monitoring", "gpu"]}, "version": 14}
{"obj": {"type": "ConfigFloatSeries", "path": ["monitoring", "gpu_memory"], "min": 0.0, "max": 4.0, "unit": "GB"}, "version": 15}
{"obj": {"type": "ClearFloatLog", "path": ["monitoring", "gpu_memory"]}, "version": 16}
{"obj": {"type": "LogFloats", "path": ["monitoring", "cpu"], "values": [{"value": 12.0, "step": null, "ts": 1648310003.9290147}]}, "version": 17}
{"obj": {"type": "LogFloats", "path": ["monitoring", "memory"], "values": [{"value": 7.997943878173828, "step": null, "ts": 1648310003.9290147}]}, "version": 18}
{"obj": {"type": "LogFloats", "path": ["monitoring", "gpu"], "values": [{"value": 1.0, "step": null, "ts": 1648310003.9290147}]}, "version": 19}
{"obj": {"type": "LogFloats", "path": ["monitoring", "gpu_memory"], "values": [{"value": 0.7671318054199219, "step": null, "ts": 1648310003.9290147}]}, "version": 20}
{"obj": {"type": "AssignString", "path": ["ADAM_net3", "parameters", "optimizer"], "value": "ADAM"}, "version": 21}
{"obj": {"type": "AssignInt", "path": ["ADAM_net3", "parameters", "batch_size"], "value": 10}, "version": 22}
{"obj": {"type": "AssignFloat", "path": ["ADAM_net3", "parameters", "optimizer_learning_rate"], "value": 0.37}, "version": 23}
{"obj": {"type": "AssignFloat", "path": ["ADAM_net3", "parameters", "optimizer_weight_decay"], "value": 1e-05}, "version": 24}
{"obj": {"type": "AssignString", "path": ["ADAM_net3", "parameters", "loss_function"], "value": "CrossEntropyLoss"}, "version": 25}
{"obj": {"type": "AssignString", "path": ["ADAM_net3", "parameters", "loss_function_weights"], "value": "[1, 5]"}, "version": 26}
{"obj": {"type": "AssignString", "path": ["ADAM_net3", "parameters", "loss_function_reduction"], "value": "mean"}, "version": 27}
{"obj": {"type": "AssignString", "path": ["ADAM_net3", "parameters", "model"], "value": "Unet"}, "version": 28}
{"obj": {"type": "LogStrings", "path": ["monitoring", "stdout"], "values": [{"value": "Training epoch 0", "step": null, "ts": 1648310004.025096}]}, "version": 29}
{"obj": {"type": "LogStrings", "path": ["monitoring", "stdout"], "values": [{"value": "\n", "step": null, "ts": 1648310004.025096}]}, "version": 30}
{"obj": {"type": "LogFloats", "path": ["ADAM_net3", "learning_rate"], "values": [{"value": 0.37, "step": null, "ts": 1648310004.025096}]}, "version": 31}
{"obj": {"type": "LogFloats", "path": ["ADAM_net3", "train_loss_pr_file"], "values": [{"value": 0.6825116872787476, "step": null, "ts": 1648310005.6777167}]}, "version": 32}
{"obj": {"type": "LogFloats", "path": ["ADAM_net3", "train_loss_pr_file"], "values": [{"value": 0.6013248500724634, "step": null, "ts": 1648310009.9938462}]}, "version": 33}
{"obj": {"type": "LogFloats", "path": ["ADAM_net3", "train_acc_pr_file"], "values": [{"value": 0.8929314017295837, "step": null, "ts": 1648310009.9943476}]}, "version": 34}
{"obj": {"type": "LogStrings", "path": ["ADAM_net3", "matrix", "train_confusion_matrix_pr_file"], "values": [{"value": "tensor([[   28889.,   322354.],\n        [ 1532439., 14616318.]])", "step": null, "ts": 1648310009.9953477}]}, "version": 35}
{"obj": {"type": "LogFloats", "path": ["ADAM_net3", "matrix", "train_tp_pr_file"], "values": [{"value": 0.08224790543317795, "step": null, "ts": 1648310009.9953477}]}, "version": 36}
{"obj": {"type": "LogFloats", "path": ["ADAM_net3", "matrix", "train_fp_pr_file"], "values": [{"value": 0.9177520871162415, "step": null, "ts": 1648310009.9958487}]}, "version": 37}
{"obj": {"type": "LogFloats", "path": ["ADAM_net3", "matrix", "train_fn_pr_file"], "values": [{"value": 0.09489516913890839, "step": null, "ts": 1648310009.9958487}]}, "version": 38}
{"obj": {"type": "LogFloats", "path": ["ADAM_net3", "matrix", "train_tn_pr_file"], "values": [{"value": 0.9051048159599304, "step": null, "ts": 1648310009.9963484}]}, "version": 39}
{"obj": {"type": "LogFloats", "path": ["ADAM_net3", "validation_loss_pr_file"], "values": [{"value": 1.1435786485671997, "step": null, "ts": 1648310010.0313785}]}, "version": 40}
{"obj": {"type": "LogFloats", "path": ["ADAM_net3", "validation_loss_pr_file"], "values": [{"value": 1.1435786485671997, "step": null, "ts": 1648310010.0333803}]}, "version": 41}
{"obj": {"type": "LogFloats", "path": ["ADAM_net3", "val_acc_pr_file"], "values": [{"value": 0.5054100155830383, "step": null, "ts": 1648310010.0338805}]}, "version": 42}
{"obj": {"type": "LogStrings", "path": ["ADAM_net3", "matrix", "val_confusion_matrix_pr_file"], "values": [{"value": "tensor([[     0.,      0.],\n        [148377., 151623.]])", "step": null, "ts": 1648310010.0343812}]}, "version": 43}
{"obj": {"type": "LogFloats", "path": ["ADAM_net3", "matrix", "val_tp_pr_file"], "values": [{"value": 1.0, "step": null, "ts": 1648310010.0343812}]}, "version": 44}
{"obj": {"type": "LogFloats", "path": ["ADAM_net3", "matrix", "val_fp_pr_file"], "values": [{"value": 1.0, "step": null, "ts": 1648310010.0343812}]}, "version": 45}
{"obj": {"type": "LogFloats", "path": ["ADAM_net3", "matrix", "val_fn_pr_file"], "values": [{"value": 0.49459001421928406, "step": null, "ts": 1648310010.0348816}]}, "version": 46}
{"obj": {"type": "LogFloats", "path": ["ADAM_net3", "matrix", "val_tn_pr_file"], "values": [{"value": 0.5054100155830383, "step": null, "ts": 1648310010.0348816}]}, "version": 47}
{"obj": {"type": "LogStrings", "path": ["monitoring", "stdout"], "values": [{"value": "Training epoch 1", "step": null, "ts": 1648310010.0348816}]}, "version": 48}
{"obj": {"type": "LogStrings", "path": ["monitoring", "stdout"], "values": [{"value": "\n", "step": null, "ts": 1648310010.035382}]}, "version": 49}
{"obj": {"type": "LogFloats", "path": ["ADAM_net3", "learning_rate"], "values": [{"value": 0.37, "step": null, "ts": 1648310010.035382}]}, "version": 50}
{"obj": {"type": "LogFloats", "path": ["monitoring", "cpu"], "values": [{"value": 21.4, "step": null, "ts": 1648310013.944921}]}, "version": 51}
{"obj": {"type": "LogFloats", "path": ["monitoring", "memory"], "values": [{"value": 9.949859619140625, "step": null, "ts": 1648310013.944921}]}, "version": 52}
{"obj": {"type": "LogFloats", "path": ["monitoring", "gpu"], "values": [{"value": 98.0, "step": null, "ts": 1648310013.944921}]}, "version": 53}
{"obj": {"type": "LogFloats", "path": ["monitoring", "gpu_memory"], "values": [{"value": 3.407787322998047, "step": null, "ts": 1648310013.944921}]}, "version": 54}
{"obj": {"type": "LogFloats", "path": ["ADAM_net3", "train_loss_pr_file"], "values": [{"value": 0.6259227022528648, "step": null, "ts": 1648310014.3732896}]}, "version": 55}
{"obj": {"type": "LogFloats", "path": ["ADAM_net3", "train_acc_pr_file"], "values": [{"value": 0.8970949649810791, "step": null, "ts": 1648310014.3732896}]}, "version": 56}
{"obj": {"type": "LogStrings", "path": ["ADAM_net3", "matrix", "train_confusion_matrix_pr_file"], "values": [{"value": "tensor([[       0.,        0.],\n        [ 1821675., 14678325.]])", "step": null, "ts": 1648310014.3742902}]}, "version": 57}
{"obj": {"type": "LogFloats", "path": ["ADAM_net3", "matrix", "train_tp_pr_file"], "values": [{"value": 1.0, "step": null, "ts": 1648310014.3742902}]}, "version": 58}
{"obj": {"type": "LogFloats", "path": ["ADAM_net3", "matrix", "train_fp_pr_file"], "values": [{"value": 1.0, "step": null, "ts": 1648310014.3742902}]}, "version": 59}
{"obj": {"type": "LogFloats", "path": ["ADAM_net3", "matrix", "train_fn_pr_file"], "values": [{"value": 0.11040454357862473, "step": null, "ts": 1648310014.3747907}]}, "version": 60}
{"obj": {"type": "LogFloats", "path": ["ADAM_net3", "matrix", "train_tn_pr_file"], "values": [{"value": 0.8895954489707947, "step": null, "ts": 1648310014.3747907}]}, "version": 61}
{"obj": {"type": "LogFloats", "path": ["ADAM_net3", "validation_loss_pr_file"], "values": [{"value": 1.1466082334518433, "step": null, "ts": 1648310014.417326}]}, "version": 62}
{"obj": {"type": "LogFloats", "path": ["ADAM_net3", "val_acc_pr_file"], "values": [{"value": 0.5, "step": null, "ts": 1648310014.417827}]}, "version": 63}
{"obj": {"type": "LogStrings", "path": ["ADAM_net3", "matrix", "val_confusion_matrix_pr_file"], "values": [{"value": "tensor([[     0.,      0.],\n        [150000., 150000.]])", "step": null, "ts": 1648310014.4183273}]}, "version": 64}
{"obj": {"type": "LogFloats", "path": ["ADAM_net3", "matrix", "val_tp_pr_file"], "values": [{"value": 1.0, "step": null, "ts": 1648310014.418828}]}, "version": 65}
{"obj": {"type": "LogFloats", "path": ["ADAM_net3", "matrix", "val_fp_pr_file"], "values": [{"value": 1.0, "step": null, "ts": 1648310014.418828}]}, "version": 66}
{"obj": {"type": "LogFloats", "path": ["ADAM_net3", "matrix", "val_fn_pr_file"], "values": [{"value": 0.5, "step": null, "ts": 1648310014.418828}]}, "version": 67}
{"obj": {"type": "LogFloats", "path": ["ADAM_net3", "matrix", "val_tn_pr_file"], "values": [{"value": 0.5, "step": null, "ts": 1648310014.419328}]}, "version": 68}
{"obj": {"type": "LogStrings", "path": ["monitoring", "stdout"], "values": [{"value": "Training epoch 2", "step": null, "ts": 1648310014.419328}]}, "version": 69}
{"obj": {"type": "LogStrings", "path": ["monitoring", "stdout"], "values": [{"value": "\n", "step": null, "ts": 1648310014.4213321}]}, "version": 70}
{"obj": {"type": "LogFloats", "path": ["ADAM_net3", "learning_rate"], "values": [{"value": 0.37, "step": null, "ts": 1648310014.4218302}]}, "version": 71}
{"obj": {"type": "LogFloats", "path": ["ADAM_net3", "train_loss_pr_file"], "values": [{"value": 0.5823547517259916, "step": null, "ts": 1648310018.7643495}]}, "version": 72}
{"obj": {"type": "LogFloats", "path": ["ADAM_net3", "train_acc_pr_file"], "values": [{"value": 0.9157080054283142, "step": null, "ts": 1648310018.7643495}]}, "version": 73}
{"obj": {"type": "LogStrings", "path": ["ADAM_net3", "matrix", "train_confusion_matrix_pr_file"], "values": [{"value": "tensor([[       0.,        0.],\n        [ 1492413., 15007587.]])", "step": null, "ts": 1648310018.76485}]}, "version": 74}
{"obj": {"type": "LogFloats", "path": ["ADAM_net3", "matrix", "train_tp_pr_file"], "values": [{"value": 1.0, "step": null, "ts": 1648310018.76485}]}, "version": 75}
{"obj": {"type": "LogFloats", "path": ["ADAM_net3", "matrix", "train_fp_pr_file"], "values": [{"value": 1.0, "step": null, "ts": 1648310018.76485}]}, "version": 76}
{"obj": {"type": "LogFloats", "path": ["ADAM_net3", "matrix", "train_fn_pr_file"], "values": [{"value": 0.0904492735862732, "step": null, "ts": 1648310018.7653496}]}, "version": 77}
{"obj": {"type": "LogFloats", "path": ["ADAM_net3", "matrix", "train_tn_pr_file"], "values": [{"value": 0.9095507264137268, "step": null, "ts": 1648310018.7653496}]}, "version": 78}
{"obj": {"type": "LogFloats", "path": ["ADAM_net3", "validation_loss_pr_file"], "values": [{"value": 1.1609331369400024, "step": null, "ts": 1648310018.8018823}]}, "version": 79}
{"obj": {"type": "LogFloats", "path": ["ADAM_net3", "val_acc_pr_file"], "values": [{"value": 0.4732966721057892, "step": null, "ts": 1648310018.8018823}]}, "version": 80}
{"obj": {"type": "LogStrings", "path": ["ADAM_net3", "matrix", "val_confusion_matrix_pr_file"], "values": [{"value": "tensor([[     0.,      0.],\n        [158011., 141989.]])", "step": null, "ts": 1648310018.802383}]}, "version": 81}
{"obj": {"type": "LogFloats", "path": ["ADAM_net3", "matrix", "val_tp_pr_file"], "values": [{"value": 1.0, "step": null, "ts": 1648310018.802383}]}, "version": 82}
{"obj": {"type": "LogFloats", "path": ["ADAM_net3", "matrix", "val_fp_pr_file"], "values": [{"value": 1.0, "step": null, "ts": 1648310018.802383}]}, "version": 83}
{"obj": {"type": "LogFloats", "path": ["ADAM_net3", "matrix", "val_fn_pr_file"], "values": [{"value": 0.5267033576965332, "step": null, "ts": 1648310018.8028831}]}, "version": 84}
{"obj": {"type": "LogFloats", "path": ["ADAM_net3", "matrix", "val_tn_pr_file"], "values": [{"value": 0.4732966721057892, "step": null, "ts": 1648310018.8028831}]}, "version": 85}
{"obj": {"type": "LogStrings", "path": ["monitoring", "stdout"], "values": [{"value": "Training epoch 3", "step": null, "ts": 1648310018.8028831}]}, "version": 86}
{"obj": {"type": "LogStrings", "path": ["monitoring", "stdout"], "values": [{"value": "\n", "step": null, "ts": 1648310018.8033822}]}, "version": 87}
{"obj": {"type": "LogFloats", "path": ["ADAM_net3", "learning_rate"], "values": [{"value": 0.37, "step": null, "ts": 1648310018.8033822}]}, "version": 88}
{"obj": {"type": "LogFloats", "path": ["ADAM_net3", "train_loss_pr_file"], "values": [{"value": 0.5902779375513395, "step": null, "ts": 1648310023.1403148}]}, "version": 89}
{"obj": {"type": "LogFloats", "path": ["ADAM_net3", "train_acc_pr_file"], "values": [{"value": 0.9119299650192261, "step": null, "ts": 1648310023.1403148}]}, "version": 90}
{"obj": {"type": "LogStrings", "path": ["ADAM_net3", "matrix", "train_confusion_matrix_pr_file"], "values": [{"value": "tensor([[       0.,        0.],\n        [ 1556629., 14943371.]])", "step": null, "ts": 1648310023.1408143}]}, "version": 91}
{"obj": {"type": "LogFloats", "path": ["ADAM_net3", "matrix", "train_tp_pr_file"], "values": [{"value": 1.0, "step": null, "ts": 1648310023.1408143}]}, "version": 92}
{"obj": {"type": "LogFloats", "path": ["ADAM_net3", "matrix", "train_fp_pr_file"], "values": [{"value": 1.0, "step": null, "ts": 1648310023.1408143}]}, "version": 93}
{"obj": {"type": "LogFloats", "path": ["ADAM_net3", "matrix", "train_fn_pr_file"], "values": [{"value": 0.09434115141630173, "step": null, "ts": 1648310023.1413147}]}, "version": 94}
{"obj": {"type": "LogFloats", "path": ["ADAM_net3", "matrix", "train_tn_pr_file"], "values": [{"value": 0.9056588411331177, "step": null, "ts": 1648310023.1413147}]}, "version": 95}
{"obj": {"type": "LogFloats", "path": ["ADAM_net3", "validation_loss_pr_file"], "values": [{"value": 1.1466082334518433, "step": null, "ts": 1648310023.178847}]}, "version": 96}
{"obj": {"type": "LogFloats", "path": ["ADAM_net3", "val_acc_pr_file"], "values": [{"value": 0.5, "step": null, "ts": 1648310023.179347}]}, "version": 97}
{"obj": {"type": "LogStrings", "path": ["ADAM_net3", "matrix", "val_confusion_matrix_pr_file"], "values": [{"value": "tensor([[     0.,      0.],\n        [150000., 150000.]])", "step": null, "ts": 1648310023.1798475}]}, "version": 98}
{"obj": {"type": "LogFloats", "path": ["ADAM_net3", "matrix", "val_tp_pr_file"], "values": [{"value": 1.0, "step": null, "ts": 1648310023.1798475}]}, "version": 99}
{"obj": {"type": "LogFloats", "path": ["ADAM_net3", "matrix", "val_fp_pr_file"], "values": [{"value": 1.0, "step": null, "ts": 1648310023.1798475}]}, "version": 100}
{"obj": {"type": "LogFloats", "path": ["ADAM_net3", "matrix", "val_fn_pr_file"], "values": [{"value": 0.5, "step": null, "ts": 1648310023.180348}]}, "version": 101}
{"obj": {"type": "LogFloats", "path": ["ADAM_net3", "matrix", "val_tn_pr_file"], "values": [{"value": 0.5, "step": null, "ts": 1648310023.180348}]}, "version": 102}
