{"obj": {"type": "AssignString", "path": ["sys", "name"], "value": "Untitled"}, "version": 1}
{"obj": {"type": "AssignString", "path": ["sys", "description"], "value": ""}, "version": 2}
{"obj": {"type": "AssignString", "path": ["sys", "hostname"], "value": "DESKTOP-SDMAFDQ"}, "version": 3}
{"obj": {"type": "AssignBool", "path": ["sys", "failed"], "value": false}, "version": 4}
{"obj": {"type": "ClearStringLog", "path": ["monitoring", "stdout"]}, "version": 5}
{"obj": {"type": "ClearStringLog", "path": ["monitoring", "stderr"]}, "version": 6}
{"obj": {"type": "AssignString", "path": ["source_code", "entrypoint"], "value": "Learning_rate_finder2.py"}, "version": 7}
{"obj": {"type": "UploadFileSet", "path": ["source_code", "files"], "file_globs": ["C:\\Users\\Marc\\Documents\\GitHub\\Artefact-Rejection\\1. Finding the learning-rate\\Learning_rate_finder2.py"], "reset": "False"}, "version": 8}
{"obj": {"type": "ConfigFloatSeries", "path": ["monitoring", "cpu"], "min": 0.0, "max": 100.0, "unit": "%"}, "version": 9}
{"obj": {"type": "ClearFloatLog", "path": ["monitoring", "cpu"]}, "version": 10}
{"obj": {"type": "ConfigFloatSeries", "path": ["monitoring", "memory"], "min": 0.0, "max": 15.88718032836914, "unit": "GB"}, "version": 11}
{"obj": {"type": "ClearFloatLog", "path": ["monitoring", "memory"]}, "version": 12}
{"obj": {"type": "ConfigFloatSeries", "path": ["monitoring", "gpu"], "min": 0.0, "max": 100.0, "unit": "%"}, "version": 13}
{"obj": {"type": "ClearFloatLog", "path": ["monitoring", "gpu"]}, "version": 14}
{"obj": {"type": "ConfigFloatSeries", "path": ["monitoring", "gpu_memory"], "min": 0.0, "max": 4.0, "unit": "GB"}, "version": 15}
{"obj": {"type": "ClearFloatLog", "path": ["monitoring", "gpu_memory"]}, "version": 16}
{"obj": {"type": "LogFloats", "path": ["monitoring", "cpu"], "values": [{"value": 18.5, "step": null, "ts": 1648310476.5730379}]}, "version": 17}
{"obj": {"type": "LogFloats", "path": ["monitoring", "memory"], "values": [{"value": 8.012733459472656, "step": null, "ts": 1648310476.5730379}]}, "version": 18}
{"obj": {"type": "LogFloats", "path": ["monitoring", "gpu_memory"], "values": [{"value": 0.6070137023925781, "step": null, "ts": 1648310476.5730379}]}, "version": 19}
{"obj": {"type": "AssignString", "path": ["ADAM_net2", "parameters", "optimizer"], "value": "ADAM"}, "version": 20}
{"obj": {"type": "AssignInt", "path": ["ADAM_net2", "parameters", "batch_size"], "value": 10}, "version": 21}
{"obj": {"type": "AssignFloat", "path": ["ADAM_net2", "parameters", "optimizer_learning_rate"], "value": 0.37}, "version": 22}
{"obj": {"type": "AssignFloat", "path": ["ADAM_net2", "parameters", "optimizer_weight_decay"], "value": 0.01}, "version": 23}
{"obj": {"type": "AssignString", "path": ["ADAM_net2", "parameters", "loss_function"], "value": "CrossEntropyLoss"}, "version": 24}
{"obj": {"type": "AssignString", "path": ["ADAM_net2", "parameters", "loss_function_weights"], "value": "[1, 5]"}, "version": 25}
{"obj": {"type": "AssignString", "path": ["ADAM_net2", "parameters", "loss_function_reduction"], "value": "mean"}, "version": 26}
{"obj": {"type": "AssignString", "path": ["ADAM_net2", "parameters", "model"], "value": "Unet"}, "version": 27}
{"obj": {"type": "LogStrings", "path": ["monitoring", "stdout"], "values": [{"value": "Training epoch 0", "step": null, "ts": 1648310476.6635685}]}, "version": 28}
{"obj": {"type": "LogStrings", "path": ["monitoring", "stdout"], "values": [{"value": "\n", "step": null, "ts": 1648310476.6635685}]}, "version": 29}
{"obj": {"type": "LogFloats", "path": ["ADAM_net2", "learning_rate"], "values": [{"value": 0.37, "step": null, "ts": 1648310476.6640692}]}, "version": 30}
{"obj": {"type": "LogFloats", "path": ["ADAM_net2", "train_loss_pr_file"], "values": [{"value": 0.6519089937210083, "step": null, "ts": 1648310478.3553698}]}, "version": 31}
{"obj": {"type": "LogFloats", "path": ["ADAM_net2", "train_loss_pr_file"], "values": [{"value": 0.6976393234162104, "step": null, "ts": 1648310481.9987056}]}, "version": 32}
{"obj": {"type": "LogFloats", "path": ["ADAM_net2", "train_acc_pr_file"], "values": [{"value": 0.6812019944190979, "step": null, "ts": 1648310481.9987056}]}, "version": 33}
{"obj": {"type": "LogStrings", "path": ["ADAM_net2", "matrix", "train_confusion_matrix_pr_file"], "values": [{"value": "tensor([[ 482951., 2239526.],\n        [2045035., 9557488.]])", "step": null, "ts": 1648310481.9997063}]}, "version": 34}
{"obj": {"type": "LogFloats", "path": ["ADAM_net2", "matrix", "train_tp_pr_file"], "values": [{"value": 0.17739397287368774, "step": null, "ts": 1648310482.000207}]}, "version": 35}
{"obj": {"type": "LogFloats", "path": ["ADAM_net2", "matrix", "train_fp_pr_file"], "values": [{"value": 0.8226060271263123, "step": null, "ts": 1648310482.0007074}]}, "version": 36}
{"obj": {"type": "LogFloats", "path": ["ADAM_net2", "matrix", "train_fn_pr_file"], "values": [{"value": 0.17625778913497925, "step": null, "ts": 1648310482.0007074}]}, "version": 37}
{"obj": {"type": "LogFloats", "path": ["ADAM_net2", "matrix", "train_tn_pr_file"], "values": [{"value": 0.8237422108650208, "step": null, "ts": 1648310482.0012078}]}, "version": 38}
{"obj": {"type": "LogFloats", "path": ["ADAM_net2", "validation_loss_pr_file"], "values": [{"value": 0.7277594804763794, "step": null, "ts": 1648310482.12081}]}, "version": 39}
{"obj": {"type": "LogFloats", "path": ["ADAM_net2", "validation_loss_pr_file"], "values": [{"value": 0.64286151102611, "step": null, "ts": 1648310482.7691827}]}, "version": 40}
{"obj": {"type": "LogFloats", "path": ["ADAM_net2", "val_acc_pr_file"], "values": [{"value": 0.7969883680343628, "step": null, "ts": 1648310482.7696822}]}, "version": 41}
{"obj": {"type": "LogStrings", "path": ["ADAM_net2", "matrix", "val_confusion_matrix_pr_file"], "values": [{"value": "tensor([[ 348803.,  443334.],\n        [ 569899., 3587964.]])", "step": null, "ts": 1648310482.7701828}]}, "version": 42}
{"obj": {"type": "LogFloats", "path": ["ADAM_net2", "matrix", "val_tp_pr_file"], "values": [{"value": 0.44033166766166687, "step": null, "ts": 1648310482.7701828}]}, "version": 43}
{"obj": {"type": "LogFloats", "path": ["ADAM_net2", "matrix", "val_fp_pr_file"], "values": [{"value": 0.5596683621406555, "step": null, "ts": 1648310482.770683}]}, "version": 44}
{"obj": {"type": "LogFloats", "path": ["ADAM_net2", "matrix", "val_fn_pr_file"], "values": [{"value": 0.1370653659105301, "step": null, "ts": 1648310482.770683}]}, "version": 45}
{"obj": {"type": "LogFloats", "path": ["ADAM_net2", "matrix", "val_tn_pr_file"], "values": [{"value": 0.8629346489906311, "step": null, "ts": 1648310482.7711837}]}, "version": 46}
{"obj": {"type": "LogStrings", "path": ["monitoring", "stdout"], "values": [{"value": "Training epoch 1", "step": null, "ts": 1648310482.7711837}]}, "version": 47}
{"obj": {"type": "LogStrings", "path": ["monitoring", "stdout"], "values": [{"value": "\n", "step": null, "ts": 1648310482.7711837}]}, "version": 48}
{"obj": {"type": "LogFloats", "path": ["ADAM_net2", "learning_rate"], "values": [{"value": 0.37, "step": null, "ts": 1648310482.7711837}]}, "version": 49}
{"obj": {"type": "LogFloats", "path": ["monitoring", "cpu"], "values": [{"value": 20.8, "step": null, "ts": 1648310486.589152}]}, "version": 50}
{"obj": {"type": "LogFloats", "path": ["monitoring", "memory"], "values": [{"value": 9.939701080322266, "step": null, "ts": 1648310486.589152}]}, "version": 51}
{"obj": {"type": "LogFloats", "path": ["monitoring", "gpu"], "values": [{"value": 98.0, "step": null, "ts": 1648310486.589152}]}, "version": 52}
{"obj": {"type": "LogFloats", "path": ["monitoring", "gpu_memory"], "values": [{"value": 3.917713165283203, "step": null, "ts": 1648310486.589152}]}, "version": 53}
{"obj": {"type": "LogFloats", "path": ["ADAM_net2", "train_loss_pr_file"], "values": [{"value": 0.6750126438481467, "step": null, "ts": 1648310486.7182631}]}, "version": 54}
{"obj": {"type": "LogFloats", "path": ["ADAM_net2", "train_acc_pr_file"], "values": [{"value": 0.8322743773460388, "step": null, "ts": 1648310486.7182631}]}, "version": 55}
{"obj": {"type": "LogStrings", "path": ["ADAM_net2", "matrix", "train_confusion_matrix_pr_file"], "values": [{"value": "tensor([[  100252.,   156454.],\n        [ 2273290., 11795004.]])", "step": null, "ts": 1648310486.7187636}]}, "version": 56}
{"obj": {"type": "LogFloats", "path": ["ADAM_net2", "matrix", "train_tp_pr_file"], "values": [{"value": 0.39053237438201904, "step": null, "ts": 1648310486.7192633}]}, "version": 57}
{"obj": {"type": "LogFloats", "path": ["ADAM_net2", "matrix", "train_fp_pr_file"], "values": [{"value": 0.609467625617981, "step": null, "ts": 1648310486.7192633}]}, "version": 58}
{"obj": {"type": "LogFloats", "path": ["ADAM_net2", "matrix", "train_fn_pr_file"], "values": [{"value": 0.1615895926952362, "step": null, "ts": 1648310486.7192633}]}, "version": 59}
{"obj": {"type": "LogFloats", "path": ["ADAM_net2", "matrix", "train_tn_pr_file"], "values": [{"value": 0.8384103775024414, "step": null, "ts": 1648310486.7197638}]}, "version": 60}
{"obj": {"type": "LogFloats", "path": ["ADAM_net2", "validation_loss_pr_file"], "values": [{"value": 0.7837521774428231, "step": null, "ts": 1648310487.484421}]}, "version": 61}
{"obj": {"type": "LogFloats", "path": ["ADAM_net2", "val_acc_pr_file"], "values": [{"value": 0.41827183961868286, "step": null, "ts": 1648310487.484922}]}, "version": 62}
{"obj": {"type": "LogStrings", "path": ["ADAM_net2", "matrix", "val_confusion_matrix_pr_file"], "values": [{"value": "tensor([[ 344719., 2296085.],\n        [ 603716., 1705480.]])", "step": null, "ts": 1648310487.485422}]}, "version": 63}
{"obj": {"type": "LogFloats", "path": ["ADAM_net2", "matrix", "val_tp_pr_file"], "values": [{"value": 0.13053561747074127, "step": null, "ts": 1648310487.4859226}]}, "version": 64}
{"obj": {"type": "LogFloats", "path": ["ADAM_net2", "matrix", "val_fp_pr_file"], "values": [{"value": 0.8694643974304199, "step": null, "ts": 1648310487.4859226}]}, "version": 65}
{"obj": {"type": "LogFloats", "path": ["ADAM_net2", "matrix", "val_fn_pr_file"], "values": [{"value": 0.2614399194717407, "step": null, "ts": 1648310487.486422}]}, "version": 66}
{"obj": {"type": "LogFloats", "path": ["ADAM_net2", "matrix", "val_tn_pr_file"], "values": [{"value": 0.7385600805282593, "step": null, "ts": 1648310487.486422}]}, "version": 67}
{"obj": {"type": "LogStrings", "path": ["monitoring", "stdout"], "values": [{"value": "Training epoch 2", "step": null, "ts": 1648310487.486422}]}, "version": 68}
{"obj": {"type": "LogStrings", "path": ["monitoring", "stdout"], "values": [{"value": "\n", "step": null, "ts": 1648310487.4869223}]}, "version": 69}
{"obj": {"type": "LogFloats", "path": ["ADAM_net2", "learning_rate"], "values": [{"value": 0.37, "step": null, "ts": 1648310487.4869223}]}, "version": 70}
{"obj": {"type": "LogFloats", "path": ["ADAM_net2", "train_loss_pr_file"], "values": [{"value": 0.8937318821748098, "step": null, "ts": 1648310491.406992}]}, "version": 71}
{"obj": {"type": "LogFloats", "path": ["ADAM_net2", "train_acc_pr_file"], "values": [{"value": 0.3567314147949219, "step": null, "ts": 1648310491.406992}]}, "version": 72}
{"obj": {"type": "LogStrings", "path": ["ADAM_net2", "matrix", "train_confusion_matrix_pr_file"], "values": [{"value": "tensor([[1051779., 8026870.],\n        [1210051., 4036300.]])", "step": null, "ts": 1648310491.4074922}]}, "version": 73}
{"obj": {"type": "LogFloats", "path": ["ADAM_net2", "matrix", "train_tp_pr_file"], "values": [{"value": 0.11585193127393723, "step": null, "ts": 1648310491.4074922}]}, "version": 74}
{"obj": {"type": "LogFloats", "path": ["ADAM_net2", "matrix", "train_fp_pr_file"], "values": [{"value": 0.8841480612754822, "step": null, "ts": 1648310491.4079921}]}, "version": 75}
{"obj": {"type": "LogFloats", "path": ["ADAM_net2", "matrix", "train_fn_pr_file"], "values": [{"value": 0.23064620792865753, "step": null, "ts": 1648310491.4079921}]}, "version": 76}
{"obj": {"type": "LogFloats", "path": ["ADAM_net2", "matrix", "train_tn_pr_file"], "values": [{"value": 0.7693538069725037, "step": null, "ts": 1648310491.4079921}]}, "version": 77}
{"obj": {"type": "LogFloats", "path": ["ADAM_net2", "validation_loss_pr_file"], "values": [{"value": 0.7566187807491848, "step": null, "ts": 1648310492.166907}]}, "version": 78}
{"obj": {"type": "LogFloats", "path": ["ADAM_net2", "val_acc_pr_file"], "values": [{"value": 0.8227002024650574, "step": null, "ts": 1648310492.166907}]}, "version": 79}
{"obj": {"type": "LogStrings", "path": ["ADAM_net2", "matrix", "val_confusion_matrix_pr_file"], "values": [{"value": "tensor([[      0.,       0.],\n        [ 918991., 4031009.]])", "step": null, "ts": 1648310492.1674075}]}, "version": 80}
{"obj": {"type": "LogFloats", "path": ["ADAM_net2", "matrix", "val_tp_pr_file"], "values": [{"value": 1.0, "step": null, "ts": 1648310492.1674075}]}, "version": 81}
{"obj": {"type": "LogFloats", "path": ["ADAM_net2", "matrix", "val_fp_pr_file"], "values": [{"value": 1.0, "step": null, "ts": 1648310492.1674075}]}, "version": 82}
{"obj": {"type": "LogFloats", "path": ["ADAM_net2", "matrix", "val_fn_pr_file"], "values": [{"value": 0.18565474450588226, "step": null, "ts": 1648310492.1679072}]}, "version": 83}
{"obj": {"type": "LogFloats", "path": ["ADAM_net2", "matrix", "val_tn_pr_file"], "values": [{"value": 0.8143452405929565, "step": null, "ts": 1648310492.1679072}]}, "version": 84}
{"obj": {"type": "LogStrings", "path": ["monitoring", "stdout"], "values": [{"value": "Training epoch 3", "step": null, "ts": 1648310492.168408}]}, "version": 85}
{"obj": {"type": "LogStrings", "path": ["monitoring", "stdout"], "values": [{"value": "\n", "step": null, "ts": 1648310492.168408}]}, "version": 86}
{"obj": {"type": "LogFloats", "path": ["ADAM_net2", "learning_rate"], "values": [{"value": 0.37, "step": null, "ts": 1648310492.168408}]}, "version": 87}
{"obj": {"type": "LogFloats", "path": ["ADAM_net2", "train_loss_pr_file"], "values": [{"value": 0.7224131609712329, "step": null, "ts": 1648310495.944312}]}, "version": 88}
{"obj": {"type": "LogFloats", "path": ["ADAM_net2", "train_acc_pr_file"], "values": [{"value": 0.7236589789390564, "step": null, "ts": 1648310495.9448133}]}, "version": 89}
{"obj": {"type": "LogStrings", "path": ["ADAM_net2", "matrix", "train_confusion_matrix_pr_file"], "values": [{"value": "tensor([[   56730.,  1675729.],\n        [ 2459940., 10132601.]])", "step": null, "ts": 1648310495.9448133}]}, "version": 90}
{"obj": {"type": "LogFloats", "path": ["ADAM_net2", "matrix", "train_tp_pr_file"], "values": [{"value": 0.0327453650534153, "step": null, "ts": 1648310495.9453132}]}, "version": 91}
{"obj": {"type": "LogFloats", "path": ["ADAM_net2", "matrix", "train_fp_pr_file"], "values": [{"value": 0.967254638671875, "step": null, "ts": 1648310495.9453132}]}, "version": 92}
{"obj": {"type": "LogFloats", "path": ["ADAM_net2", "matrix", "train_fn_pr_file"], "values": [{"value": 0.19534897804260254, "step": null, "ts": 1648310495.9458127}]}, "version": 93}
{"obj": {"type": "LogFloats", "path": ["ADAM_net2", "matrix", "train_tn_pr_file"], "values": [{"value": 0.8046510219573975, "step": null, "ts": 1648310495.9458127}]}, "version": 94}
{"obj": {"type": "LogFloats", "path": ["monitoring", "cpu"], "values": [{"value": 22.3, "step": null, "ts": 1648310496.5938692}]}, "version": 95}
{"obj": {"type": "LogFloats", "path": ["monitoring", "memory"], "values": [{"value": 10.093238830566406, "step": null, "ts": 1648310496.5938692}]}, "version": 96}
{"obj": {"type": "LogFloats", "path": ["monitoring", "gpu"], "values": [{"value": 98.0, "step": null, "ts": 1648310496.5938692}]}, "version": 97}
{"obj": {"type": "LogFloats", "path": ["monitoring", "gpu_memory"], "values": [{"value": 3.917713165283203, "step": null, "ts": 1648310496.5938692}]}, "version": 98}
{"obj": {"type": "LogFloats", "path": ["ADAM_net2", "validation_loss_pr_file"], "values": [{"value": 0.7931528261729649, "step": null, "ts": 1648310496.711804}]}, "version": 99}
{"obj": {"type": "LogFloats", "path": ["ADAM_net2", "val_acc_pr_file"], "values": [{"value": 0.8136240243911743, "step": null, "ts": 1648310496.7123048}]}, "version": 100}
{"obj": {"type": "LogStrings", "path": ["ADAM_net2", "matrix", "val_confusion_matrix_pr_file"], "values": [{"value": "tensor([[      0.,       0.],\n        [ 960141., 3989859.]])", "step": null, "ts": 1648310496.7123048}]}, "version": 101}
{"obj": {"type": "LogFloats", "path": ["ADAM_net2", "matrix", "val_tp_pr_file"], "values": [{"value": 1.0, "step": null, "ts": 1648310496.7128048}]}, "version": 102}
{"obj": {"type": "LogFloats", "path": ["ADAM_net2", "matrix", "val_fp_pr_file"], "values": [{"value": 1.0, "step": null, "ts": 1648310496.7128048}]}, "version": 103}
{"obj": {"type": "LogFloats", "path": ["ADAM_net2", "matrix", "val_fn_pr_file"], "values": [{"value": 0.19396787881851196, "step": null, "ts": 1648310496.7128048}]}, "version": 104}
{"obj": {"type": "LogFloats", "path": ["ADAM_net2", "matrix", "val_tn_pr_file"], "values": [{"value": 0.806032121181488, "step": null, "ts": 1648310496.713305}]}, "version": 105}
