{"obj": {"type": "AssignString", "path": ["sys", "name"], "value": "Untitled"}, "version": 1}
{"obj": {"type": "AssignString", "path": ["sys", "description"], "value": ""}, "version": 2}
{"obj": {"type": "AssignString", "path": ["sys", "hostname"], "value": "DESKTOP-SH3J0RM"}, "version": 3}
{"obj": {"type": "AssignBool", "path": ["sys", "failed"], "value": false}, "version": 4}
{"obj": {"type": "ClearStringLog", "path": ["monitoring", "stdout"]}, "version": 5}
{"obj": {"type": "ClearStringLog", "path": ["monitoring", "stderr"]}, "version": 6}
{"obj": {"type": "AssignString", "path": ["source_code", "entrypoint"], "value": "LSTM_train.py"}, "version": 7}
{"obj": {"type": "UploadFileSet", "path": ["source_code", "files"], "file_globs": ["C:\\Users\\Marc\\Documents\\GitHub\\Artefact-Rejection\\2. Testing and training networks\\LSTM_train.py"], "reset": "False"}, "version": 8}
{"obj": {"type": "ConfigFloatSeries", "path": ["monitoring", "cpu"], "min": 0.0, "max": 100.0, "unit": "%"}, "version": 9}
{"obj": {"type": "ClearFloatLog", "path": ["monitoring", "cpu"]}, "version": 10}
{"obj": {"type": "ConfigFloatSeries", "path": ["monitoring", "memory"], "min": 0.0, "max": 15.747394561767578, "unit": "GB"}, "version": 11}
{"obj": {"type": "ClearFloatLog", "path": ["monitoring", "memory"]}, "version": 12}
{"obj": {"type": "ConfigFloatSeries", "path": ["monitoring", "gpu"], "min": 0.0, "max": 100.0, "unit": "%"}, "version": 13}
{"obj": {"type": "ClearFloatLog", "path": ["monitoring", "gpu"]}, "version": 14}
{"obj": {"type": "ConfigFloatSeries", "path": ["monitoring", "gpu_memory"], "min": 0.0, "max": 8.0, "unit": "GB"}, "version": 15}
{"obj": {"type": "ClearFloatLog", "path": ["monitoring", "gpu_memory"]}, "version": 16}
{"obj": {"type": "LogFloats", "path": ["monitoring", "cpu"], "values": [{"value": 13.8, "step": null, "ts": 1653840742.6010387}]}, "version": 17}
{"obj": {"type": "LogFloats", "path": ["monitoring", "memory"], "values": [{"value": 9.948036193847656, "step": null, "ts": 1653840742.6010387}]}, "version": 18}
{"obj": {"type": "LogFloats", "path": ["monitoring", "gpu"], "values": [{"value": 1.0, "step": null, "ts": 1653840742.6010387}]}, "version": 19}
{"obj": {"type": "LogFloats", "path": ["monitoring", "gpu_memory"], "values": [{"value": 1.4399642944335938, "step": null, "ts": 1653840742.6010387}]}, "version": 20}
{"obj": {"type": "AssignString", "path": ["network_LSTM", "parameters", "optimizer"], "value": "Adam"}, "version": 21}
{"obj": {"type": "AssignInt", "path": ["network_LSTM", "parameters", "batch_size"], "value": 1}, "version": 22}
{"obj": {"type": "AssignFloat", "path": ["network_LSTM", "parameters", "optimizer_learning_rate"], "value": 0.025}, "version": 23}
{"obj": {"type": "AssignString", "path": ["network_LSTM", "parameters", "loss_function"], "value": "CrossEntropyLoss"}, "version": 24}
{"obj": {"type": "AssignString", "path": ["network_LSTM", "parameters", "loss_function_weights"], "value": "[1, 5]"}, "version": 25}
{"obj": {"type": "AssignString", "path": ["network_LSTM", "parameters", "loss_function_reduction"], "value": "mean"}, "version": 26}
{"obj": {"type": "AssignString", "path": ["network_LSTM", "parameters", "model"], "value": "LSTM_net"}, "version": 27}
{"obj": {"type": "AssignFloat", "path": ["network_LSTM", "parameters", "smooting_loss"], "value": 0.05}, "version": 28}
{"obj": {"type": "LogStrings", "path": ["monitoring", "stdout"], "values": [{"value": "Training epoch 0", "step": null, "ts": 1653840743.7884119}]}, "version": 29}
{"obj": {"type": "LogStrings", "path": ["monitoring", "stdout"], "values": [{"value": "\n", "step": null, "ts": 1653840743.7884119}]}, "version": 30}
{"obj": {"type": "LogFloats", "path": ["network_LSTM", "learning_rate"], "values": [{"value": 0.025, "step": null, "ts": 1653840743.7884119}]}, "version": 31}
{"obj": {"type": "LogFloats", "path": ["network_LSTM", "train_loss_pr_file"], "values": [{"value": 0.15924596786499023, "step": null, "ts": 1653840748.2725253}]}, "version": 32}
{"obj": {"type": "LogFloats", "path": ["network_LSTM", "smooth_train_loss_pr_file"], "values": [{"value": 0.15924596786499023, "step": null, "ts": 1653840748.2725253}]}, "version": 33}
{"obj": {"type": "LogFloats", "path": ["network_LSTM", "validation_loss_pr_file"], "values": [{"value": 0.15924596786499023, "step": null, "ts": 1653840748.2725253}]}, "version": 34}
{"obj": {"type": "LogFloats", "path": ["network_LSTM", "smooth_val_loss_pr_file"], "values": [{"value": 0.15924596786499023, "step": null, "ts": 1653840748.2725253}]}, "version": 35}
{"obj": {"type": "LogFloats", "path": ["monitoring", "cpu"], "values": [{"value": 10.5, "step": null, "ts": 1653840752.6145854}]}, "version": 36}
{"obj": {"type": "LogFloats", "path": ["monitoring", "memory"], "values": [{"value": 11.96707534790039, "step": null, "ts": 1653840752.6145854}]}, "version": 37}
{"obj": {"type": "LogFloats", "path": ["monitoring", "gpu"], "values": [{"value": 83.0, "step": null, "ts": 1653840752.6145854}]}, "version": 38}
{"obj": {"type": "LogFloats", "path": ["monitoring", "gpu_memory"], "values": [{"value": 2.2278289794921875, "step": null, "ts": 1653840752.6145854}]}, "version": 39}
{"obj": {"type": "LogFloats", "path": ["monitoring", "cpu"], "values": [{"value": 7.8, "step": null, "ts": 1653840762.619157}]}, "version": 40}
{"obj": {"type": "LogFloats", "path": ["monitoring", "memory"], "values": [{"value": 11.978118896484375, "step": null, "ts": 1653840762.619157}]}, "version": 41}
{"obj": {"type": "LogFloats", "path": ["monitoring", "gpu"], "values": [{"value": 84.0, "step": null, "ts": 1653840762.619157}]}, "version": 42}
{"obj": {"type": "LogFloats", "path": ["monitoring", "gpu_memory"], "values": [{"value": 2.2194061279296875, "step": null, "ts": 1653840762.619157}]}, "version": 43}
{"obj": {"type": "LogFloats", "path": ["network_LSTM", "train_loss_pr_file"], "values": [{"value": 0.1456669643521309, "step": null, "ts": 1653840766.7717865}]}, "version": 44}
{"obj": {"type": "LogFloats", "path": ["network_LSTM", "smooth_train_loss_pr_file"], "values": [{"value": 0.15856701768934725, "step": null, "ts": 1653840766.7717865}]}, "version": 45}
{"obj": {"type": "LogFloats", "path": ["network_LSTM", "train_acc_pr_file"], "values": [{"value": 0.006666666828095913, "step": null, "ts": 1653840766.7717865}]}, "version": 46}
{"obj": {"type": "LogStrings", "path": ["network_LSTM", "matrix", "train_confusion_matrix_pr_file"], "values": [{"value": "tensor([[   800., 119200.],\n        [     0.,      0.]])", "step": null, "ts": 1653840766.7717865}]}, "version": 47}
{"obj": {"type": "LogFloats", "path": ["network_LSTM", "matrix", "train_tp_pr_file"], "values": [{"value": 0.006666666828095913, "step": null, "ts": 1653840766.7717865}]}, "version": 48}
{"obj": {"type": "LogFloats", "path": ["network_LSTM", "matrix", "train_fp_pr_file"], "values": [{"value": 0.9933333396911621, "step": null, "ts": 1653840766.7717865}]}, "version": 49}
{"obj": {"type": "LogFloats", "path": ["network_LSTM", "matrix", "train_fn_pr_file"], "values": [{"value": 1.0, "step": null, "ts": 1653840766.7717865}]}, "version": 50}
{"obj": {"type": "LogFloats", "path": ["network_LSTM", "matrix", "train_tn_pr_file"], "values": [{"value": 1.0, "step": null, "ts": 1653840766.7717865}]}, "version": 51}
{"obj": {"type": "LogFloats", "path": ["monitoring", "cpu"], "values": [{"value": 8.9, "step": null, "ts": 1653840772.631524}]}, "version": 52}
{"obj": {"type": "LogFloats", "path": ["monitoring", "memory"], "values": [{"value": 11.553611755371094, "step": null, "ts": 1653840772.631524}]}, "version": 53}
{"obj": {"type": "LogFloats", "path": ["monitoring", "gpu"], "values": [{"value": 87.0, "step": null, "ts": 1653840772.631524}]}, "version": 54}
{"obj": {"type": "LogFloats", "path": ["monitoring", "gpu_memory"], "values": [{"value": 2.2356414794921875, "step": null, "ts": 1653840772.631524}]}, "version": 55}
{"obj": {"type": "LogFloats", "path": ["network_LSTM", "validation_loss_pr_file"], "values": [{"value": 0.10832324996590614, "step": null, "ts": 1653840776.2353451}]}, "version": 56}
{"obj": {"type": "LogFloats", "path": ["network_LSTM", "smooth_val_loss_pr_file"], "values": [{"value": 0.156699831970036, "step": null, "ts": 1653840776.2353451}]}, "version": 57}
{"obj": {"type": "LogFloats", "path": ["network_LSTM", "val_acc_pr_file"], "values": [{"value": 0.025150001049041748, "step": null, "ts": 1653840776.2353451}]}, "version": 58}
{"obj": {"type": "LogStrings", "path": ["network_LSTM", "matrix", "val_confusion_matrix_pr_file"], "values": [{"value": "tensor([[  3018., 116982.],\n        [     0.,      0.]])", "step": null, "ts": 1653840776.2353451}]}, "version": 59}
{"obj": {"type": "LogFloats", "path": ["network_LSTM", "matrix", "val_tp_pr_file"], "values": [{"value": 0.0251499991863966, "step": null, "ts": 1653840776.2353451}]}, "version": 60}
{"obj": {"type": "LogFloats", "path": ["network_LSTM", "matrix", "val_fp_pr_file"], "values": [{"value": 0.9748499989509583, "step": null, "ts": 1653840776.2353451}]}, "version": 61}
{"obj": {"type": "LogFloats", "path": ["network_LSTM", "matrix", "val_fn_pr_file"], "values": [{"value": 1.0, "step": null, "ts": 1653840776.2353451}]}, "version": 62}
{"obj": {"type": "LogFloats", "path": ["network_LSTM", "matrix", "val_tn_pr_file"], "values": [{"value": 1.0, "step": null, "ts": 1653840776.2353451}]}, "version": 63}
{"obj": {"type": "LogStrings", "path": ["monitoring", "stdout"], "values": [{"value": "Training epoch 1", "step": null, "ts": 1653840776.2353451}]}, "version": 64}
{"obj": {"type": "LogStrings", "path": ["monitoring", "stdout"], "values": [{"value": "\n", "step": null, "ts": 1653840776.2353451}]}, "version": 65}
{"obj": {"type": "LogFloats", "path": ["network_LSTM", "learning_rate"], "values": [{"value": 0.025, "step": null, "ts": 1653840776.2353451}]}, "version": 66}
{"obj": {"type": "LogFloats", "path": ["monitoring", "cpu"], "values": [{"value": 8.0, "step": null, "ts": 1653840782.6452165}]}, "version": 67}
{"obj": {"type": "LogFloats", "path": ["monitoring", "memory"], "values": [{"value": 11.982494354248047, "step": null, "ts": 1653840782.6452165}]}, "version": 68}
{"obj": {"type": "LogFloats", "path": ["monitoring", "gpu"], "values": [{"value": 65.0, "step": null, "ts": 1653840782.6452165}]}, "version": 69}
{"obj": {"type": "LogFloats", "path": ["monitoring", "gpu_memory"], "values": [{"value": 2.2291717529296875, "step": null, "ts": 1653840782.6452165}]}, "version": 70}
{"obj": {"type": "LogFloats", "path": ["monitoring", "cpu"], "values": [{"value": 7.2, "step": null, "ts": 1653840792.6554093}]}, "version": 71}
{"obj": {"type": "LogFloats", "path": ["monitoring", "memory"], "values": [{"value": 11.516586303710938, "step": null, "ts": 1653840792.6554093}]}, "version": 72}
{"obj": {"type": "LogFloats", "path": ["monitoring", "gpu"], "values": [{"value": 89.0, "step": null, "ts": 1653840792.6554093}]}, "version": 73}
{"obj": {"type": "LogFloats", "path": ["monitoring", "gpu_memory"], "values": [{"value": 2.2222137451171875, "step": null, "ts": 1653840792.6554093}]}, "version": 74}
{"obj": {"type": "LogFloats", "path": ["network_LSTM", "train_loss_pr_file"], "values": [{"value": 0.0035472512245178223, "step": null, "ts": 1653840799.4999216}]}, "version": 75}
{"obj": {"type": "LogFloats", "path": ["network_LSTM", "smooth_train_loss_pr_file"], "values": [{"value": 0.15081602936610577, "step": null, "ts": 1653840799.4999216}]}, "version": 76}
{"obj": {"type": "LogFloats", "path": ["network_LSTM", "train_acc_pr_file"], "values": [{"value": 0.15702500939369202, "step": null, "ts": 1653840799.4999216}]}, "version": 77}
{"obj": {"type": "LogStrings", "path": ["network_LSTM", "matrix", "train_confusion_matrix_pr_file"], "values": [{"value": "tensor([[ 18843., 101157.],\n        [     0.,      0.]])", "step": null, "ts": 1653840799.4999216}]}, "version": 78}
{"obj": {"type": "LogFloats", "path": ["network_LSTM", "matrix", "train_tp_pr_file"], "values": [{"value": 0.15702499449253082, "step": null, "ts": 1653840799.4999216}]}, "version": 79}
{"obj": {"type": "LogFloats", "path": ["network_LSTM", "matrix", "train_fp_pr_file"], "values": [{"value": 0.8429750204086304, "step": null, "ts": 1653840799.4999216}]}, "version": 80}
{"obj": {"type": "LogFloats", "path": ["network_LSTM", "matrix", "train_fn_pr_file"], "values": [{"value": 1.0, "step": null, "ts": 1653840799.4999216}]}, "version": 81}
{"obj": {"type": "LogFloats", "path": ["network_LSTM", "matrix", "train_tn_pr_file"], "values": [{"value": 1.0, "step": null, "ts": 1653840799.4999216}]}, "version": 82}
{"obj": {"type": "LogFloats", "path": ["monitoring", "cpu"], "values": [{"value": 7.5, "step": null, "ts": 1653840802.6714916}]}, "version": 83}
{"obj": {"type": "LogFloats", "path": ["monitoring", "memory"], "values": [{"value": 11.551292419433594, "step": null, "ts": 1653840802.6714916}]}, "version": 84}
{"obj": {"type": "LogFloats", "path": ["monitoring", "gpu"], "values": [{"value": 90.0, "step": null, "ts": 1653840802.6714916}]}, "version": 85}
{"obj": {"type": "LogFloats", "path": ["monitoring", "gpu_memory"], "values": [{"value": 2.2199554443359375, "step": null, "ts": 1653840802.6714916}]}, "version": 86}
{"obj": {"type": "LogFloats", "path": ["network_LSTM", "validation_loss_pr_file"], "values": [{"value": 0.08550440892577171, "step": null, "ts": 1653840808.9536166}]}, "version": 87}
{"obj": {"type": "LogFloats", "path": ["network_LSTM", "smooth_val_loss_pr_file"], "values": [{"value": 0.15314006081782278, "step": null, "ts": 1653840808.9536166}]}, "version": 88}
{"obj": {"type": "LogFloats", "path": ["network_LSTM", "val_acc_pr_file"], "values": [{"value": 0.025150001049041748, "step": null, "ts": 1653840808.9536166}]}, "version": 89}
{"obj": {"type": "LogStrings", "path": ["network_LSTM", "matrix", "val_confusion_matrix_pr_file"], "values": [{"value": "tensor([[  3018., 116982.],\n        [     0.,      0.]])", "step": null, "ts": 1653840808.9536166}]}, "version": 90}
{"obj": {"type": "LogFloats", "path": ["network_LSTM", "matrix", "val_tp_pr_file"], "values": [{"value": 0.0251499991863966, "step": null, "ts": 1653840808.9536166}]}, "version": 91}
{"obj": {"type": "LogFloats", "path": ["network_LSTM", "matrix", "val_fp_pr_file"], "values": [{"value": 0.9748499989509583, "step": null, "ts": 1653840808.9536166}]}, "version": 92}
{"obj": {"type": "LogFloats", "path": ["network_LSTM", "matrix", "val_fn_pr_file"], "values": [{"value": 1.0, "step": null, "ts": 1653840808.9536166}]}, "version": 93}
{"obj": {"type": "LogFloats", "path": ["network_LSTM", "matrix", "val_tn_pr_file"], "values": [{"value": 1.0, "step": null, "ts": 1653840808.9536166}]}, "version": 94}
{"obj": {"type": "LogStrings", "path": ["monitoring", "stdout"], "values": [{"value": "Training epoch 2", "step": null, "ts": 1653840808.9536166}]}, "version": 95}
{"obj": {"type": "LogStrings", "path": ["monitoring", "stdout"], "values": [{"value": "\n", "step": null, "ts": 1653840808.9536166}]}, "version": 96}
{"obj": {"type": "LogFloats", "path": ["network_LSTM", "learning_rate"], "values": [{"value": 0.025, "step": null, "ts": 1653840808.9536166}]}, "version": 97}
{"obj": {"type": "LogFloats", "path": ["monitoring", "cpu"], "values": [{"value": 8.8, "step": null, "ts": 1653840812.6854107}]}, "version": 98}
{"obj": {"type": "LogFloats", "path": ["monitoring", "memory"], "values": [{"value": 11.542335510253906, "step": null, "ts": 1653840812.6854107}]}, "version": 99}
{"obj": {"type": "LogFloats", "path": ["monitoring", "gpu"], "values": [{"value": 90.0, "step": null, "ts": 1653840812.6854107}]}, "version": 100}
{"obj": {"type": "LogFloats", "path": ["monitoring", "gpu_memory"], "values": [{"value": 2.2194061279296875, "step": null, "ts": 1653840812.6854107}]}, "version": 101}
{"obj": {"type": "LogFloats", "path": ["monitoring", "cpu"], "values": [{"value": 7.7, "step": null, "ts": 1653840822.6905098}]}, "version": 102}
{"obj": {"type": "LogFloats", "path": ["monitoring", "memory"], "values": [{"value": 11.550460815429688, "step": null, "ts": 1653840822.6905098}]}, "version": 103}
{"obj": {"type": "LogFloats", "path": ["monitoring", "gpu"], "values": [{"value": 89.0, "step": null, "ts": 1653840822.6905098}]}, "version": 104}
{"obj": {"type": "LogFloats", "path": ["monitoring", "gpu_memory"], "values": [{"value": 2.2189178466796875, "step": null, "ts": 1653840822.6905098}]}, "version": 105}
{"obj": {"type": "LogFloats", "path": ["network_LSTM", "train_loss_pr_file"], "values": [{"value": -0.072856355458498, "step": null, "ts": 1653840832.139675}]}, "version": 106}
{"obj": {"type": "LogFloats", "path": ["network_LSTM", "smooth_train_loss_pr_file"], "values": [{"value": 0.13963241012487557, "step": null, "ts": 1653840832.139675}]}, "version": 107}
{"obj": {"type": "LogFloats", "path": ["network_LSTM", "train_acc_pr_file"], "values": [{"value": 0.48000001907348633, "step": null, "ts": 1653840832.139675}]}, "version": 108}
{"obj": {"type": "LogStrings", "path": ["network_LSTM", "matrix", "train_confusion_matrix_pr_file"], "values": [{"value": "tensor([[57600., 62400.],\n        [    0.,     0.]])", "step": null, "ts": 1653840832.139675}]}, "version": 109}
{"obj": {"type": "LogFloats", "path": ["network_LSTM", "matrix", "train_tp_pr_file"], "values": [{"value": 0.47999998927116394, "step": null, "ts": 1653840832.139675}]}, "version": 110}
{"obj": {"type": "LogFloats", "path": ["network_LSTM", "matrix", "train_fp_pr_file"], "values": [{"value": 0.5199999809265137, "step": null, "ts": 1653840832.139675}]}, "version": 111}
{"obj": {"type": "LogFloats", "path": ["network_LSTM", "matrix", "train_fn_pr_file"], "values": [{"value": 1.0, "step": null, "ts": 1653840832.139675}]}, "version": 112}
{"obj": {"type": "LogFloats", "path": ["network_LSTM", "matrix", "train_tn_pr_file"], "values": [{"value": 1.0, "step": null, "ts": 1653840832.139675}]}, "version": 113}
{"obj": {"type": "LogFloats", "path": ["monitoring", "cpu"], "values": [{"value": 8.1, "step": null, "ts": 1653840832.6945066}]}, "version": 114}
{"obj": {"type": "LogFloats", "path": ["monitoring", "memory"], "values": [{"value": 11.574012756347656, "step": null, "ts": 1653840832.6945066}]}, "version": 115}
{"obj": {"type": "LogFloats", "path": ["monitoring", "gpu"], "values": [{"value": 68.0, "step": null, "ts": 1653840832.6945066}]}, "version": 116}
{"obj": {"type": "LogFloats", "path": ["monitoring", "gpu_memory"], "values": [{"value": 2.2189178466796875, "step": null, "ts": 1653840832.6945066}]}, "version": 117}
{"obj": {"type": "LogFloats", "path": ["network_LSTM", "validation_loss_pr_file"], "values": [{"value": 0.08688284456729889, "step": null, "ts": 1653840841.605595}]}, "version": 118}
{"obj": {"type": "LogFloats", "path": ["network_LSTM", "smooth_val_loss_pr_file"], "values": [{"value": 0.14982720000529656, "step": null, "ts": 1653840841.605595}]}, "version": 119}
{"obj": {"type": "LogFloats", "path": ["network_LSTM", "val_acc_pr_file"], "values": [{"value": 0.025150001049041748, "step": null, "ts": 1653840841.605595}]}, "version": 120}
{"obj": {"type": "LogStrings", "path": ["network_LSTM", "matrix", "val_confusion_matrix_pr_file"], "values": [{"value": "tensor([[  3018., 116982.],\n        [     0.,      0.]])", "step": null, "ts": 1653840841.605595}]}, "version": 121}
{"obj": {"type": "LogFloats", "path": ["network_LSTM", "matrix", "val_tp_pr_file"], "values": [{"value": 0.0251499991863966, "step": null, "ts": 1653840841.605595}]}, "version": 122}
{"obj": {"type": "LogFloats", "path": ["network_LSTM", "matrix", "val_fp_pr_file"], "values": [{"value": 0.9748499989509583, "step": null, "ts": 1653840841.605595}]}, "version": 123}
{"obj": {"type": "LogFloats", "path": ["network_LSTM", "matrix", "val_fn_pr_file"], "values": [{"value": 1.0, "step": null, "ts": 1653840841.605595}]}, "version": 124}
{"obj": {"type": "LogFloats", "path": ["network_LSTM", "matrix", "val_tn_pr_file"], "values": [{"value": 1.0, "step": null, "ts": 1653840841.605595}]}, "version": 125}
{"obj": {"type": "LogStrings", "path": ["monitoring", "stdout"], "values": [{"value": "Training epoch 3", "step": null, "ts": 1653840841.605595}]}, "version": 126}
{"obj": {"type": "LogStrings", "path": ["monitoring", "stdout"], "values": [{"value": "\n", "step": null, "ts": 1653840841.605595}]}, "version": 127}
{"obj": {"type": "LogFloats", "path": ["network_LSTM", "learning_rate"], "values": [{"value": 0.025, "step": null, "ts": 1653840841.605595}]}, "version": 128}
{"obj": {"type": "LogFloats", "path": ["monitoring", "cpu"], "values": [{"value": 8.9, "step": null, "ts": 1653840842.708786}]}, "version": 129}
{"obj": {"type": "LogFloats", "path": ["monitoring", "memory"], "values": [{"value": 11.565147399902344, "step": null, "ts": 1653840842.708786}]}, "version": 130}
{"obj": {"type": "LogFloats", "path": ["monitoring", "gpu"], "values": [{"value": 86.0, "step": null, "ts": 1653840842.708786}]}, "version": 131}
{"obj": {"type": "LogFloats", "path": ["monitoring", "gpu_memory"], "values": [{"value": 2.2189178466796875, "step": null, "ts": 1653840842.708786}]}, "version": 132}
{"obj": {"type": "LogFloats", "path": ["monitoring", "cpu"], "values": [{"value": 6.0, "step": null, "ts": 1653840852.7258298}]}, "version": 133}
{"obj": {"type": "LogFloats", "path": ["monitoring", "memory"], "values": [{"value": 11.947235107421875, "step": null, "ts": 1653840852.7258298}]}, "version": 134}
{"obj": {"type": "LogFloats", "path": ["monitoring", "gpu"], "values": [{"value": 84.0, "step": null, "ts": 1653840852.7258298}]}, "version": 135}
{"obj": {"type": "LogFloats", "path": ["monitoring", "gpu_memory"], "values": [{"value": 2.2189178466796875, "step": null, "ts": 1653840852.7258298}]}, "version": 136}
{"obj": {"type": "LogFloats", "path": ["monitoring", "cpu"], "values": [{"value": 8.4, "step": null, "ts": 1653840862.7316692}]}, "version": 137}
{"obj": {"type": "LogFloats", "path": ["monitoring", "memory"], "values": [{"value": 11.684440612792969, "step": null, "ts": 1653840862.7316692}]}, "version": 138}
{"obj": {"type": "LogFloats", "path": ["monitoring", "gpu"], "values": [{"value": 84.0, "step": null, "ts": 1653840862.7316692}]}, "version": 139}
{"obj": {"type": "LogFloats", "path": ["monitoring", "gpu_memory"], "values": [{"value": 2.2189178466796875, "step": null, "ts": 1653840862.7316692}]}, "version": 140}
{"obj": {"type": "LogFloats", "path": ["network_LSTM", "train_loss_pr_file"], "values": [{"value": 0.05363212339580059, "step": null, "ts": 1653840864.8408597}]}, "version": 141}
{"obj": {"type": "LogFloats", "path": ["network_LSTM", "smooth_train_loss_pr_file"], "values": [{"value": 0.1353323957884218, "step": null, "ts": 1653840864.8408597}]}, "version": 142}
{"obj": {"type": "LogFloats", "path": ["network_LSTM", "train_acc_pr_file"], "values": [{"value": 0.06333333253860474, "step": null, "ts": 1653840864.8408597}]}, "version": 143}
{"obj": {"type": "LogStrings", "path": ["network_LSTM", "matrix", "train_confusion_matrix_pr_file"], "values": [{"value": "tensor([[  7600., 112400.],\n        [     0.,      0.]])", "step": null, "ts": 1653840864.8408597}]}, "version": 144}
{"obj": {"type": "LogFloats", "path": ["network_LSTM", "matrix", "train_tp_pr_file"], "values": [{"value": 0.06333333253860474, "step": null, "ts": 1653840864.8408597}]}, "version": 145}
{"obj": {"type": "LogFloats", "path": ["network_LSTM", "matrix", "train_fp_pr_file"], "values": [{"value": 0.9366666674613953, "step": null, "ts": 1653840864.8408597}]}, "version": 146}
{"obj": {"type": "LogFloats", "path": ["network_LSTM", "matrix", "train_fn_pr_file"], "values": [{"value": 1.0, "step": null, "ts": 1653840864.8408597}]}, "version": 147}
{"obj": {"type": "LogFloats", "path": ["network_LSTM", "matrix", "train_tn_pr_file"], "values": [{"value": 1.0, "step": null, "ts": 1653840864.8408597}]}, "version": 148}
{"obj": {"type": "LogFloats", "path": ["monitoring", "cpu"], "values": [{"value": 8.6, "step": null, "ts": 1653840872.748595}]}, "version": 149}
{"obj": {"type": "LogFloats", "path": ["monitoring", "memory"], "values": [{"value": 11.268665313720703, "step": null, "ts": 1653840872.748595}]}, "version": 150}
{"obj": {"type": "LogFloats", "path": ["monitoring", "gpu"], "values": [{"value": 90.0, "step": null, "ts": 1653840872.748595}]}, "version": 151}
{"obj": {"type": "LogFloats", "path": ["monitoring", "gpu_memory"], "values": [{"value": 2.2189178466796875, "step": null, "ts": 1653840872.748595}]}, "version": 152}
{"obj": {"type": "LogFloats", "path": ["network_LSTM", "validation_loss_pr_file"], "values": [{"value": 0.08195415139198303, "step": null, "ts": 1653840874.2975874}]}, "version": 153}
{"obj": {"type": "LogFloats", "path": ["network_LSTM", "smooth_val_loss_pr_file"], "values": [{"value": 0.14643354757463087, "step": null, "ts": 1653840874.2975874}]}, "version": 154}
{"obj": {"type": "LogFloats", "path": ["network_LSTM", "val_acc_pr_file"], "values": [{"value": 0.025150001049041748, "step": null, "ts": 1653840874.2975874}]}, "version": 155}
{"obj": {"type": "LogStrings", "path": ["network_LSTM", "matrix", "val_confusion_matrix_pr_file"], "values": [{"value": "tensor([[  3018., 116982.],\n        [     0.,      0.]])", "step": null, "ts": 1653840874.2975874}]}, "version": 156}
{"obj": {"type": "LogFloats", "path": ["network_LSTM", "matrix", "val_tp_pr_file"], "values": [{"value": 0.0251499991863966, "step": null, "ts": 1653840874.2975874}]}, "version": 157}
{"obj": {"type": "LogFloats", "path": ["network_LSTM", "matrix", "val_fp_pr_file"], "values": [{"value": 0.9748499989509583, "step": null, "ts": 1653840874.2975874}]}, "version": 158}
{"obj": {"type": "LogFloats", "path": ["network_LSTM", "matrix", "val_fn_pr_file"], "values": [{"value": 1.0, "step": null, "ts": 1653840874.2975874}]}, "version": 159}
{"obj": {"type": "LogFloats", "path": ["network_LSTM", "matrix", "val_tn_pr_file"], "values": [{"value": 1.0, "step": null, "ts": 1653840874.2975874}]}, "version": 160}
{"obj": {"type": "LogStrings", "path": ["monitoring", "stdout"], "values": [{"value": "Training epoch 4", "step": null, "ts": 1653840874.2975874}]}, "version": 161}
{"obj": {"type": "LogStrings", "path": ["monitoring", "stdout"], "values": [{"value": "\n", "step": null, "ts": 1653840874.2975874}]}, "version": 162}
{"obj": {"type": "LogFloats", "path": ["network_LSTM", "learning_rate"], "values": [{"value": 0.025, "step": null, "ts": 1653840874.2975874}]}, "version": 163}
{"obj": {"type": "LogFloats", "path": ["monitoring", "cpu"], "values": [{"value": 8.4, "step": null, "ts": 1653840882.7534876}]}, "version": 164}
{"obj": {"type": "LogFloats", "path": ["monitoring", "memory"], "values": [{"value": 11.653133392333984, "step": null, "ts": 1653840882.7534876}]}, "version": 165}
{"obj": {"type": "LogFloats", "path": ["monitoring", "gpu"], "values": [{"value": 84.0, "step": null, "ts": 1653840882.7534876}]}, "version": 166}
{"obj": {"type": "LogFloats", "path": ["monitoring", "gpu_memory"], "values": [{"value": 2.2189178466796875, "step": null, "ts": 1653840882.7534876}]}, "version": 167}
{"obj": {"type": "LogFloats", "path": ["monitoring", "cpu"], "values": [{"value": 7.9, "step": null, "ts": 1653840892.7600346}]}, "version": 168}
{"obj": {"type": "LogFloats", "path": ["monitoring", "memory"], "values": [{"value": 11.659538269042969, "step": null, "ts": 1653840892.7600346}]}, "version": 169}
{"obj": {"type": "LogFloats", "path": ["monitoring", "gpu"], "values": [{"value": 84.0, "step": null, "ts": 1653840892.7600346}]}, "version": 170}
{"obj": {"type": "LogFloats", "path": ["monitoring", "gpu_memory"], "values": [{"value": 2.2189178466796875, "step": null, "ts": 1653840892.7600346}]}, "version": 171}
{"obj": {"type": "LogFloats", "path": ["network_LSTM", "train_loss_pr_file"], "values": [{"value": 0.05128416046500206, "step": null, "ts": 1653840897.4655676}]}, "version": 172}
{"obj": {"type": "LogFloats", "path": ["network_LSTM", "smooth_train_loss_pr_file"], "values": [{"value": 0.13112998402225082, "step": null, "ts": 1653840897.4655676}]}, "version": 173}
{"obj": {"type": "LogFloats", "path": ["network_LSTM", "train_acc_pr_file"], "values": [{"value": 0.06666667014360428, "step": null, "ts": 1653840897.4655676}]}, "version": 174}
{"obj": {"type": "LogStrings", "path": ["network_LSTM", "matrix", "train_confusion_matrix_pr_file"], "values": [{"value": "tensor([[  8000., 112000.],\n        [     0.,      0.]])", "step": null, "ts": 1653840897.4655676}]}, "version": 175}
{"obj": {"type": "LogFloats", "path": ["network_LSTM", "matrix", "train_tp_pr_file"], "values": [{"value": 0.06666667014360428, "step": null, "ts": 1653840897.4655676}]}, "version": 176}
{"obj": {"type": "LogFloats", "path": ["network_LSTM", "matrix", "train_fp_pr_file"], "values": [{"value": 0.9333333373069763, "step": null, "ts": 1653840897.4655676}]}, "version": 177}
{"obj": {"type": "LogFloats", "path": ["network_LSTM", "matrix", "train_fn_pr_file"], "values": [{"value": 1.0, "step": null, "ts": 1653840897.4655676}]}, "version": 178}
{"obj": {"type": "LogFloats", "path": ["network_LSTM", "matrix", "train_tn_pr_file"], "values": [{"value": 1.0, "step": null, "ts": 1653840897.4655676}]}, "version": 179}
{"obj": {"type": "LogFloats", "path": ["monitoring", "cpu"], "values": [{"value": 8.7, "step": null, "ts": 1653840902.7637763}]}, "version": 180}
{"obj": {"type": "LogFloats", "path": ["monitoring", "memory"], "values": [{"value": 11.269691467285156, "step": null, "ts": 1653840902.7637763}]}, "version": 181}
{"obj": {"type": "LogFloats", "path": ["monitoring", "gpu"], "values": [{"value": 87.0, "step": null, "ts": 1653840902.7637763}]}, "version": 182}
{"obj": {"type": "LogFloats", "path": ["monitoring", "gpu_memory"], "values": [{"value": 2.2189178466796875, "step": null, "ts": 1653840902.7637763}]}, "version": 183}
{"obj": {"type": "LogFloats", "path": ["network_LSTM", "validation_loss_pr_file"], "values": [{"value": 0.07354883663356304, "step": null, "ts": 1653840906.9419835}]}, "version": 184}
{"obj": {"type": "LogFloats", "path": ["network_LSTM", "smooth_val_loss_pr_file"], "values": [{"value": 0.14278931202757747, "step": null, "ts": 1653840906.9419835}]}, "version": 185}
{"obj": {"type": "LogFloats", "path": ["network_LSTM", "val_acc_pr_file"], "values": [{"value": 0.025150001049041748, "step": null, "ts": 1653840906.9419835}]}, "version": 186}
{"obj": {"type": "LogStrings", "path": ["network_LSTM", "matrix", "val_confusion_matrix_pr_file"], "values": [{"value": "tensor([[  3018., 116982.],\n        [     0.,      0.]])", "step": null, "ts": 1653840906.9419835}]}, "version": 187}
{"obj": {"type": "LogFloats", "path": ["network_LSTM", "matrix", "val_tp_pr_file"], "values": [{"value": 0.0251499991863966, "step": null, "ts": 1653840906.9419835}]}, "version": 188}
{"obj": {"type": "LogFloats", "path": ["network_LSTM", "matrix", "val_fp_pr_file"], "values": [{"value": 0.9748499989509583, "step": null, "ts": 1653840906.9419835}]}, "version": 189}
{"obj": {"type": "LogFloats", "path": ["network_LSTM", "matrix", "val_fn_pr_file"], "values": [{"value": 1.0, "step": null, "ts": 1653840906.9419835}]}, "version": 190}
{"obj": {"type": "LogFloats", "path": ["network_LSTM", "matrix", "val_tn_pr_file"], "values": [{"value": 1.0, "step": null, "ts": 1653840906.9419835}]}, "version": 191}
{"obj": {"type": "LogStrings", "path": ["monitoring", "stdout"], "values": [{"value": "Training epoch 5", "step": null, "ts": 1653840906.9419835}]}, "version": 192}
{"obj": {"type": "LogStrings", "path": ["monitoring", "stdout"], "values": [{"value": "\n", "step": null, "ts": 1653840906.9419835}]}, "version": 193}
{"obj": {"type": "LogFloats", "path": ["network_LSTM", "learning_rate"], "values": [{"value": 0.025, "step": null, "ts": 1653840906.9419835}]}, "version": 194}
{"obj": {"type": "LogFloats", "path": ["monitoring", "cpu"], "values": [{"value": 7.7, "step": null, "ts": 1653840912.7713003}]}, "version": 195}
{"obj": {"type": "LogFloats", "path": ["monitoring", "memory"], "values": [{"value": 11.64822006225586, "step": null, "ts": 1653840912.7713003}]}, "version": 196}
{"obj": {"type": "LogFloats", "path": ["monitoring", "gpu"], "values": [{"value": 65.0, "step": null, "ts": 1653840912.7713003}]}, "version": 197}
{"obj": {"type": "LogFloats", "path": ["monitoring", "gpu_memory"], "values": [{"value": 2.2189178466796875, "step": null, "ts": 1653840912.7713003}]}, "version": 198}
{"obj": {"type": "LogFloats", "path": ["monitoring", "cpu"], "values": [{"value": 7.5, "step": null, "ts": 1653840922.7844563}]}, "version": 199}
{"obj": {"type": "LogFloats", "path": ["monitoring", "memory"], "values": [{"value": 11.328788757324219, "step": null, "ts": 1653840922.7844563}]}, "version": 200}
{"obj": {"type": "LogFloats", "path": ["monitoring", "gpu"], "values": [{"value": 90.0, "step": null, "ts": 1653840922.7844563}]}, "version": 201}
{"obj": {"type": "LogFloats", "path": ["monitoring", "gpu_memory"], "values": [{"value": 2.2189178466796875, "step": null, "ts": 1653840922.7844563}]}, "version": 202}
{"obj": {"type": "LogFloats", "path": ["network_LSTM", "train_loss_pr_file"], "values": [{"value": -0.049180272966623306, "step": null, "ts": 1653840930.0711303}]}, "version": 203}
{"obj": {"type": "LogFloats", "path": ["network_LSTM", "smooth_train_loss_pr_file"], "values": [{"value": 0.1221144711728071, "step": null, "ts": 1653840930.0711303}]}, "version": 204}
{"obj": {"type": "LogFloats", "path": ["network_LSTM", "train_acc_pr_file"], "values": [{"value": 0.47741666436195374, "step": null, "ts": 1653840930.0711303}]}, "version": 205}
{"obj": {"type": "LogStrings", "path": ["network_LSTM", "matrix", "train_confusion_matrix_pr_file"], "values": [{"value": "tensor([[57290., 62710.],\n        [    0.,     0.]])", "step": null, "ts": 1653840930.0711303}]}, "version": 206}
{"obj": {"type": "LogFloats", "path": ["network_LSTM", "matrix", "train_tp_pr_file"], "values": [{"value": 0.47741666436195374, "step": null, "ts": 1653840930.0711303}]}, "version": 207}
{"obj": {"type": "LogFloats", "path": ["network_LSTM", "matrix", "train_fp_pr_file"], "values": [{"value": 0.5225833058357239, "step": null, "ts": 1653840930.0711303}]}, "version": 208}
{"obj": {"type": "LogFloats", "path": ["network_LSTM", "matrix", "train_fn_pr_file"], "values": [{"value": 1.0, "step": null, "ts": 1653840930.0711303}]}, "version": 209}
{"obj": {"type": "LogFloats", "path": ["network_LSTM", "matrix", "train_tn_pr_file"], "values": [{"value": 1.0, "step": null, "ts": 1653840930.0711303}]}, "version": 210}
{"obj": {"type": "LogFloats", "path": ["monitoring", "cpu"], "values": [{"value": 7.5, "step": null, "ts": 1653840932.7923937}]}, "version": 211}
{"obj": {"type": "LogFloats", "path": ["monitoring", "memory"], "values": [{"value": 11.318599700927734, "step": null, "ts": 1653840932.7923937}]}, "version": 212}
{"obj": {"type": "LogFloats", "path": ["monitoring", "gpu"], "values": [{"value": 90.0, "step": null, "ts": 1653840932.7923937}]}, "version": 213}
{"obj": {"type": "LogFloats", "path": ["monitoring", "gpu_memory"], "values": [{"value": 2.2189178466796875, "step": null, "ts": 1653840932.7923937}]}, "version": 214}
{"obj": {"type": "LogFloats", "path": ["network_LSTM", "validation_loss_pr_file"], "values": [{"value": 0.07383416220545769, "step": null, "ts": 1653840939.527189}]}, "version": 215}
{"obj": {"type": "LogFloats", "path": ["network_LSTM", "smooth_val_loss_pr_file"], "values": [{"value": 0.13934155453647148, "step": null, "ts": 1653840939.527189}]}, "version": 216}
{"obj": {"type": "LogFloats", "path": ["network_LSTM", "val_acc_pr_file"], "values": [{"value": 0.025150001049041748, "step": null, "ts": 1653840939.527189}]}, "version": 217}
{"obj": {"type": "LogStrings", "path": ["network_LSTM", "matrix", "val_confusion_matrix_pr_file"], "values": [{"value": "tensor([[  3018., 116982.],\n        [     0.,      0.]])", "step": null, "ts": 1653840939.5428123}]}, "version": 218}
{"obj": {"type": "LogFloats", "path": ["network_LSTM", "matrix", "val_tp_pr_file"], "values": [{"value": 0.0251499991863966, "step": null, "ts": 1653840939.5428123}]}, "version": 219}
{"obj": {"type": "LogFloats", "path": ["network_LSTM", "matrix", "val_fp_pr_file"], "values": [{"value": 0.9748499989509583, "step": null, "ts": 1653840939.5428123}]}, "version": 220}
{"obj": {"type": "LogFloats", "path": ["network_LSTM", "matrix", "val_fn_pr_file"], "values": [{"value": 1.0, "step": null, "ts": 1653840939.5428123}]}, "version": 221}
{"obj": {"type": "LogFloats", "path": ["network_LSTM", "matrix", "val_tn_pr_file"], "values": [{"value": 1.0, "step": null, "ts": 1653840939.5428123}]}, "version": 222}
{"obj": {"type": "LogStrings", "path": ["monitoring", "stdout"], "values": [{"value": "Training epoch 6", "step": null, "ts": 1653840939.5428123}]}, "version": 223}
{"obj": {"type": "LogStrings", "path": ["monitoring", "stdout"], "values": [{"value": "\n", "step": null, "ts": 1653840939.5428123}]}, "version": 224}
{"obj": {"type": "LogFloats", "path": ["network_LSTM", "learning_rate"], "values": [{"value": 0.025, "step": null, "ts": 1653840939.5428123}]}, "version": 225}
{"obj": {"type": "LogFloats", "path": ["monitoring", "cpu"], "values": [{"value": 8.3, "step": null, "ts": 1653840942.8046794}]}, "version": 226}
{"obj": {"type": "LogFloats", "path": ["monitoring", "memory"], "values": [{"value": 11.323577880859375, "step": null, "ts": 1653840942.8046794}]}, "version": 227}
{"obj": {"type": "LogFloats", "path": ["monitoring", "gpu"], "values": [{"value": 90.0, "step": null, "ts": 1653840942.8046794}]}, "version": 228}
{"obj": {"type": "LogFloats", "path": ["monitoring", "gpu_memory"], "values": [{"value": 2.2189178466796875, "step": null, "ts": 1653840942.8046794}]}, "version": 229}
{"obj": {"type": "LogFloats", "path": ["monitoring", "cpu"], "values": [{"value": 8.1, "step": null, "ts": 1653840952.8210528}]}, "version": 230}
{"obj": {"type": "LogFloats", "path": ["monitoring", "memory"], "values": [{"value": 11.32498550415039, "step": null, "ts": 1653840952.8210528}]}, "version": 231}
{"obj": {"type": "LogFloats", "path": ["monitoring", "gpu"], "values": [{"value": 89.0, "step": null, "ts": 1653840952.8210528}]}, "version": 232}
{"obj": {"type": "LogFloats", "path": ["monitoring", "gpu_memory"], "values": [{"value": 2.2189178466796875, "step": null, "ts": 1653840952.8210528}]}, "version": 233}
{"obj": {"type": "LogFloats", "path": ["network_LSTM", "train_loss_pr_file"], "values": [{"value": -0.08065979927778244, "step": null, "ts": 1653840962.7020962}]}, "version": 234}
{"obj": {"type": "LogFloats", "path": ["network_LSTM", "smooth_train_loss_pr_file"], "values": [{"value": 0.11197575765027762, "step": null, "ts": 1653840962.7020962}]}, "version": 235}
{"obj": {"type": "LogFloats", "path": ["network_LSTM", "train_acc_pr_file"], "values": [{"value": 0.4484333395957947, "step": null, "ts": 1653840962.7020962}]}, "version": 236}
{"obj": {"type": "LogStrings", "path": ["network_LSTM", "matrix", "train_confusion_matrix_pr_file"], "values": [{"value": "tensor([[53812., 66188.],\n        [    0.,     0.]])", "step": null, "ts": 1653840962.7020962}]}, "version": 237}
{"obj": {"type": "LogFloats", "path": ["network_LSTM", "matrix", "train_tp_pr_file"], "values": [{"value": 0.4484333395957947, "step": null, "ts": 1653840962.7020962}]}, "version": 238}
{"obj": {"type": "LogFloats", "path": ["network_LSTM", "matrix", "train_fp_pr_file"], "values": [{"value": 0.5515666604042053, "step": null, "ts": 1653840962.7020962}]}, "version": 239}
{"obj": {"type": "LogFloats", "path": ["network_LSTM", "matrix", "train_fn_pr_file"], "values": [{"value": 1.0, "step": null, "ts": 1653840962.7020962}]}, "version": 240}
{"obj": {"type": "LogFloats", "path": ["network_LSTM", "matrix", "train_tn_pr_file"], "values": [{"value": 1.0, "step": null, "ts": 1653840962.7020962}]}, "version": 241}
{"obj": {"type": "LogFloats", "path": ["monitoring", "cpu"], "values": [{"value": 7.4, "step": null, "ts": 1653840962.8270802}]}, "version": 242}
{"obj": {"type": "LogFloats", "path": ["monitoring", "memory"], "values": [{"value": 11.315910339355469, "step": null, "ts": 1653840962.8270802}]}, "version": 243}
{"obj": {"type": "LogFloats", "path": ["monitoring", "gpu"], "values": [{"value": 71.0, "step": null, "ts": 1653840962.8270802}]}, "version": 244}
{"obj": {"type": "LogFloats", "path": ["monitoring", "gpu_memory"], "values": [{"value": 2.2189178466796875, "step": null, "ts": 1653840962.8270802}]}, "version": 245}
{"obj": {"type": "LogFloats", "path": ["network_LSTM", "validation_loss_pr_file"], "values": [{"value": 0.07439666986465454, "step": null, "ts": 1653840972.1818027}]}, "version": 246}
{"obj": {"type": "LogFloats", "path": ["network_LSTM", "smooth_val_loss_pr_file"], "values": [{"value": 0.13609431030288063, "step": null, "ts": 1653840972.1818027}]}, "version": 247}
{"obj": {"type": "LogFloats", "path": ["network_LSTM", "val_acc_pr_file"], "values": [{"value": 0.025150001049041748, "step": null, "ts": 1653840972.1818027}]}, "version": 248}
{"obj": {"type": "LogStrings", "path": ["network_LSTM", "matrix", "val_confusion_matrix_pr_file"], "values": [{"value": "tensor([[  3018., 116982.],\n        [     0.,      0.]])", "step": null, "ts": 1653840972.241368}]}, "version": 249}
{"obj": {"type": "LogFloats", "path": ["network_LSTM", "matrix", "val_tp_pr_file"], "values": [{"value": 0.0251499991863966, "step": null, "ts": 1653840972.241368}]}, "version": 250}
{"obj": {"type": "LogFloats", "path": ["network_LSTM", "matrix", "val_fp_pr_file"], "values": [{"value": 0.9748499989509583, "step": null, "ts": 1653840972.241368}]}, "version": 251}
{"obj": {"type": "LogFloats", "path": ["network_LSTM", "matrix", "val_fn_pr_file"], "values": [{"value": 1.0, "step": null, "ts": 1653840972.241368}]}, "version": 252}
{"obj": {"type": "LogFloats", "path": ["network_LSTM", "matrix", "val_tn_pr_file"], "values": [{"value": 1.0, "step": null, "ts": 1653840972.241368}]}, "version": 253}
{"obj": {"type": "LogStrings", "path": ["monitoring", "stdout"], "values": [{"value": "Training epoch 7", "step": null, "ts": 1653840972.241368}]}, "version": 254}
{"obj": {"type": "LogStrings", "path": ["monitoring", "stdout"], "values": [{"value": "\n", "step": null, "ts": 1653840972.241368}]}, "version": 255}
{"obj": {"type": "LogFloats", "path": ["network_LSTM", "learning_rate"], "values": [{"value": 0.025, "step": null, "ts": 1653840972.241368}]}, "version": 256}
{"obj": {"type": "LogFloats", "path": ["monitoring", "cpu"], "values": [{"value": 9.0, "step": null, "ts": 1653840972.835051}]}, "version": 257}
{"obj": {"type": "LogFloats", "path": ["monitoring", "memory"], "values": [{"value": 11.32168197631836, "step": null, "ts": 1653840972.835051}]}, "version": 258}
{"obj": {"type": "LogFloats", "path": ["monitoring", "gpu"], "values": [{"value": 80.0, "step": null, "ts": 1653840972.835051}]}, "version": 259}
{"obj": {"type": "LogFloats", "path": ["monitoring", "gpu_memory"], "values": [{"value": 2.2189178466796875, "step": null, "ts": 1653840972.835051}]}, "version": 260}
{"obj": {"type": "LogFloats", "path": ["monitoring", "cpu"], "values": [{"value": 11.3, "step": null, "ts": 1653840982.850084}]}, "version": 261}
{"obj": {"type": "LogFloats", "path": ["monitoring", "memory"], "values": [{"value": 11.791767120361328, "step": null, "ts": 1653840982.850084}]}, "version": 262}
{"obj": {"type": "LogFloats", "path": ["monitoring", "gpu"], "values": [{"value": 84.0, "step": null, "ts": 1653840982.850084}]}, "version": 263}
{"obj": {"type": "LogFloats", "path": ["monitoring", "gpu_memory"], "values": [{"value": 2.2189178466796875, "step": null, "ts": 1653840982.850084}]}, "version": 264}
{"obj": {"type": "LogFloats", "path": ["monitoring", "cpu"], "values": [{"value": 7.5, "step": null, "ts": 1653840992.8605475}]}, "version": 265}
{"obj": {"type": "LogFloats", "path": ["monitoring", "memory"], "values": [{"value": 11.77798843383789, "step": null, "ts": 1653840992.8605475}]}, "version": 266}
{"obj": {"type": "LogFloats", "path": ["monitoring", "gpu"], "values": [{"value": 84.0, "step": null, "ts": 1653840992.8605475}]}, "version": 267}
{"obj": {"type": "LogFloats", "path": ["monitoring", "gpu_memory"], "values": [{"value": 2.2189178466796875, "step": null, "ts": 1653840992.8605475}]}, "version": 268}
{"obj": {"type": "LogFloats", "path": ["network_LSTM", "train_loss_pr_file"], "values": [{"value": -0.11339043825864792, "step": null, "ts": 1653840995.3848028}]}, "version": 269}
{"obj": {"type": "LogFloats", "path": ["network_LSTM", "smooth_train_loss_pr_file"], "values": [{"value": 0.10070744785483134, "step": null, "ts": 1653840995.3848028}]}, "version": 270}
{"obj": {"type": "LogFloats", "path": ["network_LSTM", "train_acc_pr_file"], "values": [{"value": 0.415966659784317, "step": null, "ts": 1653840995.3848028}]}, "version": 271}
{"obj": {"type": "LogStrings", "path": ["network_LSTM", "matrix", "train_confusion_matrix_pr_file"], "values": [{"value": "tensor([[49916., 70084.],\n        [    0.,     0.]])", "step": null, "ts": 1653840995.3848028}]}, "version": 272}
{"obj": {"type": "LogFloats", "path": ["network_LSTM", "matrix", "train_tp_pr_file"], "values": [{"value": 0.415966659784317, "step": null, "ts": 1653840995.3848028}]}, "version": 273}
{"obj": {"type": "LogFloats", "path": ["network_LSTM", "matrix", "train_fp_pr_file"], "values": [{"value": 0.5840333104133606, "step": null, "ts": 1653840995.3848028}]}, "version": 274}
{"obj": {"type": "LogFloats", "path": ["network_LSTM", "matrix", "train_fn_pr_file"], "values": [{"value": 1.0, "step": null, "ts": 1653840995.3848028}]}, "version": 275}
{"obj": {"type": "LogFloats", "path": ["network_LSTM", "matrix", "train_tn_pr_file"], "values": [{"value": 1.0, "step": null, "ts": 1653840995.3848028}]}, "version": 276}
{"obj": {"type": "LogFloats", "path": ["monitoring", "cpu"], "values": [{"value": 8.4, "step": null, "ts": 1653841002.8745904}]}, "version": 277}
{"obj": {"type": "LogFloats", "path": ["monitoring", "memory"], "values": [{"value": 11.453754425048828, "step": null, "ts": 1653841002.8745904}]}, "version": 278}
{"obj": {"type": "LogFloats", "path": ["monitoring", "gpu"], "values": [{"value": 90.0, "step": null, "ts": 1653841002.8745904}]}, "version": 279}
{"obj": {"type": "LogFloats", "path": ["monitoring", "gpu_memory"], "values": [{"value": 2.2189178466796875, "step": null, "ts": 1653841002.8745904}]}, "version": 280}
{"obj": {"type": "LogFloats", "path": ["network_LSTM", "validation_loss_pr_file"], "values": [{"value": 0.07977348193526268, "step": null, "ts": 1653841004.8587518}]}, "version": 281}
{"obj": {"type": "LogFloats", "path": ["network_LSTM", "smooth_val_loss_pr_file"], "values": [{"value": 0.13327826888449973, "step": null, "ts": 1653841004.8587518}]}, "version": 282}
{"obj": {"type": "LogFloats", "path": ["network_LSTM", "val_acc_pr_file"], "values": [{"value": 0.025150001049041748, "step": null, "ts": 1653841004.8587518}]}, "version": 283}
{"obj": {"type": "LogStrings", "path": ["network_LSTM", "matrix", "val_confusion_matrix_pr_file"], "values": [{"value": "tensor([[  3018., 116982.],\n        [     0.,      0.]])", "step": null, "ts": 1653841004.8587518}]}, "version": 284}
{"obj": {"type": "LogFloats", "path": ["network_LSTM", "matrix", "val_tp_pr_file"], "values": [{"value": 0.0251499991863966, "step": null, "ts": 1653841004.8587518}]}, "version": 285}
{"obj": {"type": "LogFloats", "path": ["network_LSTM", "matrix", "val_fp_pr_file"], "values": [{"value": 0.9748499989509583, "step": null, "ts": 1653841004.8587518}]}, "version": 286}
{"obj": {"type": "LogFloats", "path": ["network_LSTM", "matrix", "val_fn_pr_file"], "values": [{"value": 1.0, "step": null, "ts": 1653841004.8587518}]}, "version": 287}
{"obj": {"type": "LogFloats", "path": ["network_LSTM", "matrix", "val_tn_pr_file"], "values": [{"value": 1.0, "step": null, "ts": 1653841004.8587518}]}, "version": 288}
{"obj": {"type": "LogStrings", "path": ["monitoring", "stdout"], "values": [{"value": "Training epoch 8", "step": null, "ts": 1653841004.8587518}]}, "version": 289}
{"obj": {"type": "LogStrings", "path": ["monitoring", "stdout"], "values": [{"value": "\n", "step": null, "ts": 1653841004.8587518}]}, "version": 290}
{"obj": {"type": "LogFloats", "path": ["network_LSTM", "learning_rate"], "values": [{"value": 0.025, "step": null, "ts": 1653841004.8587518}]}, "version": 291}
{"obj": {"type": "LogFloats", "path": ["monitoring", "cpu"], "values": [{"value": 8.8, "step": null, "ts": 1653841012.8848507}]}, "version": 292}
{"obj": {"type": "LogFloats", "path": ["monitoring", "memory"], "values": [{"value": 11.782272338867188, "step": null, "ts": 1653841012.8848507}]}, "version": 293}
{"obj": {"type": "LogFloats", "path": ["monitoring", "gpu"], "values": [{"value": 84.0, "step": null, "ts": 1653841012.8848507}]}, "version": 294}
{"obj": {"type": "LogFloats", "path": ["monitoring", "gpu_memory"], "values": [{"value": 2.2189178466796875, "step": null, "ts": 1653841012.8848507}]}, "version": 295}
{"obj": {"type": "LogFloats", "path": ["monitoring", "cpu"], "values": [{"value": 7.4, "step": null, "ts": 1653841022.9003363}]}, "version": 296}
{"obj": {"type": "LogFloats", "path": ["monitoring", "memory"], "values": [{"value": 11.781463623046875, "step": null, "ts": 1653841022.9003363}]}, "version": 297}
{"obj": {"type": "LogFloats", "path": ["monitoring", "gpu"], "values": [{"value": 66.0, "step": null, "ts": 1653841022.9003363}]}, "version": 298}
{"obj": {"type": "LogFloats", "path": ["monitoring", "gpu_memory"], "values": [{"value": 2.2189178466796875, "step": null, "ts": 1653841022.9003363}]}, "version": 299}
{"obj": {"type": "LogFloats", "path": ["network_LSTM", "train_loss_pr_file"], "values": [{"value": -0.06419724225997925, "step": null, "ts": 1653841027.9997003}]}, "version": 300}
{"obj": {"type": "LogFloats", "path": ["network_LSTM", "smooth_train_loss_pr_file"], "values": [{"value": 0.0924622133490908, "step": null, "ts": 1653841027.9997003}]}, "version": 301}
{"obj": {"type": "LogFloats", "path": ["network_LSTM", "train_acc_pr_file"], "values": [{"value": 0.5066666603088379, "step": null, "ts": 1653841027.9997003}]}, "version": 302}
{"obj": {"type": "LogStrings", "path": ["network_LSTM", "matrix", "train_confusion_matrix_pr_file"], "values": [{"value": "tensor([[60800., 59200.],\n        [    0.,     0.]])", "step": null, "ts": 1653841027.9997003}]}, "version": 303}
{"obj": {"type": "LogFloats", "path": ["network_LSTM", "matrix", "train_tp_pr_file"], "values": [{"value": 0.5066666603088379, "step": null, "ts": 1653841027.9997003}]}, "version": 304}
{"obj": {"type": "LogFloats", "path": ["network_LSTM", "matrix", "train_fp_pr_file"], "values": [{"value": 0.4933333396911621, "step": null, "ts": 1653841027.9997003}]}, "version": 305}
{"obj": {"type": "LogFloats", "path": ["network_LSTM", "matrix", "train_fn_pr_file"], "values": [{"value": 1.0, "step": null, "ts": 1653841027.9997003}]}, "version": 306}
{"obj": {"type": "LogFloats", "path": ["network_LSTM", "matrix", "train_tn_pr_file"], "values": [{"value": 1.0, "step": null, "ts": 1653841027.9997003}]}, "version": 307}
{"obj": {"type": "LogFloats", "path": ["monitoring", "cpu"], "values": [{"value": 10.1, "step": null, "ts": 1653841032.91075}]}, "version": 308}
{"obj": {"type": "LogFloats", "path": ["monitoring", "memory"], "values": [{"value": 11.164791107177734, "step": null, "ts": 1653841032.91075}]}, "version": 309}
{"obj": {"type": "LogFloats", "path": ["monitoring", "gpu"], "values": [{"value": 89.0, "step": null, "ts": 1653841032.91075}]}, "version": 310}
{"obj": {"type": "LogFloats", "path": ["monitoring", "gpu_memory"], "values": [{"value": 2.2189178466796875, "step": null, "ts": 1653841032.91075}]}, "version": 311}
{"obj": {"type": "LogFloats", "path": ["network_LSTM", "validation_loss_pr_file"], "values": [{"value": 0.08499888330698013, "step": null, "ts": 1653841037.4822476}]}, "version": 312}
{"obj": {"type": "LogFloats", "path": ["network_LSTM", "smooth_val_loss_pr_file"], "values": [{"value": 0.13086429960562376, "step": null, "ts": 1653841037.4822476}]}, "version": 313}
{"obj": {"type": "LogFloats", "path": ["network_LSTM", "val_acc_pr_file"], "values": [{"value": 0.025150001049041748, "step": null, "ts": 1653841037.4822476}]}, "version": 314}
{"obj": {"type": "LogStrings", "path": ["network_LSTM", "matrix", "val_confusion_matrix_pr_file"], "values": [{"value": "tensor([[  3018., 116982.],\n        [     0.,      0.]])", "step": null, "ts": 1653841037.4822476}]}, "version": 315}
{"obj": {"type": "LogFloats", "path": ["network_LSTM", "matrix", "val_tp_pr_file"], "values": [{"value": 0.0251499991863966, "step": null, "ts": 1653841037.4822476}]}, "version": 316}
{"obj": {"type": "LogFloats", "path": ["network_LSTM", "matrix", "val_fp_pr_file"], "values": [{"value": 0.9748499989509583, "step": null, "ts": 1653841037.4822476}]}, "version": 317}
{"obj": {"type": "LogFloats", "path": ["network_LSTM", "matrix", "val_fn_pr_file"], "values": [{"value": 1.0, "step": null, "ts": 1653841037.4822476}]}, "version": 318}
{"obj": {"type": "LogFloats", "path": ["network_LSTM", "matrix", "val_tn_pr_file"], "values": [{"value": 1.0, "step": null, "ts": 1653841037.4822476}]}, "version": 319}
{"obj": {"type": "LogStrings", "path": ["monitoring", "stdout"], "values": [{"value": "Training epoch 9", "step": null, "ts": 1653841037.4822476}]}, "version": 320}
{"obj": {"type": "LogStrings", "path": ["monitoring", "stdout"], "values": [{"value": "\n", "step": null, "ts": 1653841037.4822476}]}, "version": 321}
{"obj": {"type": "LogFloats", "path": ["network_LSTM", "learning_rate"], "values": [{"value": 0.025, "step": null, "ts": 1653841037.4822476}]}, "version": 322}
{"obj": {"type": "LogFloats", "path": ["monitoring", "cpu"], "values": [{"value": 8.1, "step": null, "ts": 1653841042.9127514}]}, "version": 323}
{"obj": {"type": "LogFloats", "path": ["monitoring", "memory"], "values": [{"value": 11.48577880859375, "step": null, "ts": 1653841042.9127514}]}, "version": 324}
{"obj": {"type": "LogFloats", "path": ["monitoring", "gpu"], "values": [{"value": 90.0, "step": null, "ts": 1653841042.9127514}]}, "version": 325}
{"obj": {"type": "LogFloats", "path": ["monitoring", "gpu_memory"], "values": [{"value": 2.2189178466796875, "step": null, "ts": 1653841042.9127514}]}, "version": 326}
{"obj": {"type": "LogFloats", "path": ["monitoring", "cpu"], "values": [{"value": 9.8, "step": null, "ts": 1653841052.9272983}]}, "version": 327}
{"obj": {"type": "LogFloats", "path": ["monitoring", "memory"], "values": [{"value": 10.62240982055664, "step": null, "ts": 1653841052.9272983}]}, "version": 328}
{"obj": {"type": "LogFloats", "path": ["monitoring", "gpu"], "values": [{"value": 89.0, "step": null, "ts": 1653841052.9272983}]}, "version": 329}
{"obj": {"type": "LogFloats", "path": ["monitoring", "gpu_memory"], "values": [{"value": 2.2189178466796875, "step": null, "ts": 1653841052.9272983}]}, "version": 330}
{"obj": {"type": "LogFloats", "path": ["network_LSTM", "train_loss_pr_file"], "values": [{"value": 0.056995831429958344, "step": null, "ts": 1653841060.607378}]}, "version": 331}
{"obj": {"type": "LogFloats", "path": ["network_LSTM", "smooth_train_loss_pr_file"], "values": [{"value": 0.09068889425313417, "step": null, "ts": 1653841060.607378}]}, "version": 332}
{"obj": {"type": "LogFloats", "path": ["network_LSTM", "train_acc_pr_file"], "values": [{"value": 0.06266666948795319, "step": null, "ts": 1653841060.607378}]}, "version": 333}
{"obj": {"type": "LogStrings", "path": ["network_LSTM", "matrix", "train_confusion_matrix_pr_file"], "values": [{"value": "tensor([[  7520., 112480.],\n        [     0.,      0.]])", "step": null, "ts": 1653841060.607378}]}, "version": 334}
{"obj": {"type": "LogFloats", "path": ["network_LSTM", "matrix", "train_tp_pr_file"], "values": [{"value": 0.06266666948795319, "step": null, "ts": 1653841060.607378}]}, "version": 335}
{"obj": {"type": "LogFloats", "path": ["network_LSTM", "matrix", "train_fp_pr_file"], "values": [{"value": 0.937333345413208, "step": null, "ts": 1653841060.607378}]}, "version": 336}
{"obj": {"type": "LogFloats", "path": ["network_LSTM", "matrix", "train_fn_pr_file"], "values": [{"value": 1.0, "step": null, "ts": 1653841060.607378}]}, "version": 337}
{"obj": {"type": "LogFloats", "path": ["network_LSTM", "matrix", "train_tn_pr_file"], "values": [{"value": 1.0, "step": null, "ts": 1653841060.607378}]}, "version": 338}
{"obj": {"type": "LogFloats", "path": ["monitoring", "cpu"], "values": [{"value": 8.5, "step": null, "ts": 1653841062.9302948}]}, "version": 339}
{"obj": {"type": "LogFloats", "path": ["monitoring", "memory"], "values": [{"value": 10.342430114746094, "step": null, "ts": 1653841062.9302948}]}, "version": 340}
{"obj": {"type": "LogFloats", "path": ["monitoring", "gpu"], "values": [{"value": 89.0, "step": null, "ts": 1653841062.9302948}]}, "version": 341}
{"obj": {"type": "LogFloats", "path": ["monitoring", "gpu_memory"], "values": [{"value": 2.2189178466796875, "step": null, "ts": 1653841062.9302948}]}, "version": 342}
{"obj": {"type": "LogFloats", "path": ["network_LSTM", "validation_loss_pr_file"], "values": [{"value": 0.08937900885939598, "step": null, "ts": 1653841070.0729368}]}, "version": 343}
{"obj": {"type": "LogFloats", "path": ["network_LSTM", "smooth_val_loss_pr_file"], "values": [{"value": 0.12879003506831238, "step": null, "ts": 1653841070.0729368}]}, "version": 344}
{"obj": {"type": "LogFloats", "path": ["network_LSTM", "val_acc_pr_file"], "values": [{"value": 0.025150001049041748, "step": null, "ts": 1653841070.0729368}]}, "version": 345}
{"obj": {"type": "LogStrings", "path": ["network_LSTM", "matrix", "val_confusion_matrix_pr_file"], "values": [{"value": "tensor([[  3018., 116982.],\n        [     0.,      0.]])", "step": null, "ts": 1653841070.0729368}]}, "version": 346}
{"obj": {"type": "LogFloats", "path": ["network_LSTM", "matrix", "val_tp_pr_file"], "values": [{"value": 0.0251499991863966, "step": null, "ts": 1653841070.0729368}]}, "version": 347}
{"obj": {"type": "LogFloats", "path": ["network_LSTM", "matrix", "val_fp_pr_file"], "values": [{"value": 0.9748499989509583, "step": null, "ts": 1653841070.0729368}]}, "version": 348}
{"obj": {"type": "LogFloats", "path": ["network_LSTM", "matrix", "val_fn_pr_file"], "values": [{"value": 1.0, "step": null, "ts": 1653841070.0729368}]}, "version": 349}
{"obj": {"type": "LogFloats", "path": ["network_LSTM", "matrix", "val_tn_pr_file"], "values": [{"value": 1.0, "step": null, "ts": 1653841070.0729368}]}, "version": 350}
