{"obj": {"type": "AssignString", "path": ["sys", "name"], "value": "Untitled"}, "version": 1}
{"obj": {"type": "AssignString", "path": ["sys", "description"], "value": ""}, "version": 2}
{"obj": {"type": "AssignString", "path": ["sys", "hostname"], "value": "DESKTOP-SDMAFDQ"}, "version": 3}
{"obj": {"type": "AssignBool", "path": ["sys", "failed"], "value": false}, "version": 4}
{"obj": {"type": "ClearStringLog", "path": ["monitoring", "stdout"]}, "version": 5}
{"obj": {"type": "ClearStringLog", "path": ["monitoring", "stderr"]}, "version": 6}
{"obj": {"type": "AssignString", "path": ["source_code", "entrypoint"], "value": "Network trainer.py"}, "version": 7}
{"obj": {"type": "UploadFileSet", "path": ["source_code", "files"], "file_globs": ["C:\\Users\\Marc\\Documents\\GitHub\\Artefact-Rejection\\2. Testing and training networks\\Network trainer.py"], "reset": "False"}, "version": 8}
{"obj": {"type": "ConfigFloatSeries", "path": ["monitoring", "cpu"], "min": 0.0, "max": 100.0, "unit": "%"}, "version": 9}
{"obj": {"type": "ClearFloatLog", "path": ["monitoring", "cpu"]}, "version": 10}
{"obj": {"type": "ConfigFloatSeries", "path": ["monitoring", "memory"], "min": 0.0, "max": 15.88718032836914, "unit": "GB"}, "version": 11}
{"obj": {"type": "ClearFloatLog", "path": ["monitoring", "memory"]}, "version": 12}
{"obj": {"type": "ConfigFloatSeries", "path": ["monitoring", "gpu"], "min": 0.0, "max": 100.0, "unit": "%"}, "version": 13}
{"obj": {"type": "ClearFloatLog", "path": ["monitoring", "gpu"]}, "version": 14}
{"obj": {"type": "ConfigFloatSeries", "path": ["monitoring", "gpu_memory"], "min": 0.0, "max": 4.0, "unit": "GB"}, "version": 15}
{"obj": {"type": "ClearFloatLog", "path": ["monitoring", "gpu_memory"]}, "version": 16}
{"obj": {"type": "LogFloats", "path": ["monitoring", "cpu"], "values": [{"value": 8.6, "step": null, "ts": 1648305300.4189773}]}, "version": 17}
{"obj": {"type": "LogFloats", "path": ["monitoring", "memory"], "values": [{"value": 8.141487121582031, "step": null, "ts": 1648305300.4189773}]}, "version": 18}
{"obj": {"type": "LogFloats", "path": ["monitoring", "gpu_memory"], "values": [{"value": 0.7343597412109375, "step": null, "ts": 1648305300.4189773}]}, "version": 19}
{"obj": {"type": "AssignString", "path": ["SGD_net", "parameters", "optimizer"], "value": "SGD"}, "version": 20}
{"obj": {"type": "AssignInt", "path": ["SGD_net", "parameters", "batch_size"], "value": 10}, "version": 21}
{"obj": {"type": "AssignFloat", "path": ["SGD_net", "parameters", "optimizer_learning_rate"], "value": 0.001}, "version": 22}
{"obj": {"type": "AssignString", "path": ["SGD_net", "parameters", "loss_function"], "value": "CrossEntropyLoss"}, "version": 23}
{"obj": {"type": "AssignString", "path": ["SGD_net", "parameters", "loss_function_weights"], "value": "[1, 5]"}, "version": 24}
{"obj": {"type": "AssignString", "path": ["SGD_net", "parameters", "loss_function_reduction"], "value": "mean"}, "version": 25}
{"obj": {"type": "AssignString", "path": ["SGD_net", "parameters", "model"], "value": "Unet"}, "version": 26}
{"obj": {"type": "LogStrings", "path": ["monitoring", "stdout"], "values": [{"value": "Training epoch 0", "step": null, "ts": 1648305300.4880362}]}, "version": 27}
{"obj": {"type": "LogStrings", "path": ["monitoring", "stdout"], "values": [{"value": "\n", "step": null, "ts": 1648305300.4880362}]}, "version": 28}
{"obj": {"type": "LogFloats", "path": ["SGD_net", "learning_rate"], "values": [{"value": 0.0001, "step": null, "ts": 1648305300.4880362}]}, "version": 29}
{"obj": {"type": "LogFloats", "path": ["SGD_net", "train_loss_pr_file"], "values": [{"value": 0.6628745794296265, "step": null, "ts": 1648305302.1464605}]}, "version": 30}
{"obj": {"type": "LogFloats", "path": ["SGD_net", "train_loss_pr_file"], "values": [{"value": 0.6710986435413361, "step": null, "ts": 1648305308.057313}]}, "version": 31}
{"obj": {"type": "LogFloats", "path": ["SGD_net", "train_acc_pr_file"], "values": [{"value": 0.7899470329284668, "step": null, "ts": 1648305308.0578132}]}, "version": 32}
{"obj": {"type": "LogStrings", "path": ["SGD_net", "matrix", "train_confusion_matrix_pr_file"], "values": [{"value": "tensor([[  573917.,  3457420.],\n        [  748090., 15920573.]])", "step": null, "ts": 1648305308.058814}]}, "version": 33}
{"obj": {"type": "LogFloats", "path": ["SGD_net", "matrix", "train_tp_pr_file"], "values": [{"value": 0.14236393570899963, "step": null, "ts": 1648305308.0593147}]}, "version": 34}
{"obj": {"type": "LogFloats", "path": ["SGD_net", "matrix", "train_fp_pr_file"], "values": [{"value": 0.8576360940933228, "step": null, "ts": 1648305308.0593147}]}, "version": 35}
{"obj": {"type": "LogFloats", "path": ["SGD_net", "matrix", "train_fn_pr_file"], "values": [{"value": 0.04488002508878708, "step": null, "ts": 1648305308.0593147}]}, "version": 36}
{"obj": {"type": "LogFloats", "path": ["SGD_net", "matrix", "train_tn_pr_file"], "values": [{"value": 0.9551199674606323, "step": null, "ts": 1648305308.0598154}]}, "version": 37}
{"obj": {"type": "LogFloats", "path": ["SGD_net", "validation_loss_pr_file"], "values": [{"value": 0.6440831422805786, "step": null, "ts": 1648305308.177917}]}, "version": 38}
{"obj": {"type": "LogFloats", "path": ["SGD_net", "validation_loss_pr_file"], "values": [{"value": 0.6430704295635223, "step": null, "ts": 1648305308.448649}]}, "version": 39}
{"obj": {"type": "LogFloats", "path": ["SGD_net", "val_acc_pr_file"], "values": [{"value": 0.8465073108673096, "step": null, "ts": 1648305308.4491491}]}, "version": 40}
{"obj": {"type": "LogStrings", "path": ["SGD_net", "matrix", "val_confusion_matrix_pr_file"], "values": [{"value": "tensor([[  63609.,  370040.],\n        [   9110., 1957241.]])", "step": null, "ts": 1648305308.4496498}]}, "version": 41}
{"obj": {"type": "LogFloats", "path": ["SGD_net", "matrix", "val_tp_pr_file"], "values": [{"value": 0.14668314158916473, "step": null, "ts": 1648305308.450151}]}, "version": 42}
{"obj": {"type": "LogFloats", "path": ["SGD_net", "matrix", "val_fp_pr_file"], "values": [{"value": 0.8533168435096741, "step": null, "ts": 1648305308.450151}]}, "version": 43}
{"obj": {"type": "LogFloats", "path": ["SGD_net", "matrix", "val_fn_pr_file"], "values": [{"value": 0.004632947035133839, "step": null, "ts": 1648305308.4506512}]}, "version": 44}
{"obj": {"type": "LogFloats", "path": ["SGD_net", "matrix", "val_tn_pr_file"], "values": [{"value": 0.9953670501708984, "step": null, "ts": 1648305308.4506512}]}, "version": 45}
{"obj": {"type": "LogStrings", "path": ["monitoring", "stdout"], "values": [{"value": "Training epoch 1", "step": null, "ts": 1648305308.4511514}]}, "version": 46}
{"obj": {"type": "LogStrings", "path": ["monitoring", "stdout"], "values": [{"value": "\n", "step": null, "ts": 1648305308.4511514}]}, "version": 47}
{"obj": {"type": "LogFloats", "path": ["SGD_net", "learning_rate"], "values": [{"value": 0.0001, "step": null, "ts": 1648305308.4511514}]}, "version": 48}
{"obj": {"type": "LogFloats", "path": ["monitoring", "cpu"], "values": [{"value": 19.5, "step": null, "ts": 1648305310.4353554}]}, "version": 49}
{"obj": {"type": "LogFloats", "path": ["monitoring", "memory"], "values": [{"value": 10.393463134765625, "step": null, "ts": 1648305310.4353554}]}, "version": 50}
{"obj": {"type": "LogFloats", "path": ["monitoring", "gpu"], "values": [{"value": 100.0, "step": null, "ts": 1648305310.4353554}]}, "version": 51}
{"obj": {"type": "LogFloats", "path": ["monitoring", "gpu_memory"], "values": [{"value": 3.9389495849609375, "step": null, "ts": 1648305310.4353554}]}, "version": 52}
{"obj": {"type": "LogFloats", "path": ["SGD_net", "train_loss_pr_file"], "values": [{"value": 0.6622153361638387, "step": null, "ts": 1648305314.185575}]}, "version": 53}
{"obj": {"type": "LogFloats", "path": ["SGD_net", "train_acc_pr_file"], "values": [{"value": 0.8144016861915588, "step": null, "ts": 1648305314.1860733}]}, "version": 54}
{"obj": {"type": "LogStrings", "path": ["SGD_net", "matrix", "train_confusion_matrix_pr_file"], "values": [{"value": "tensor([[  459859.,  3192207.],\n        [  571328., 16476606.]])", "step": null, "ts": 1648305314.1865737}]}, "version": 55}
{"obj": {"type": "LogFloats", "path": ["SGD_net", "matrix", "train_tp_pr_file"], "values": [{"value": 0.1259174942970276, "step": null, "ts": 1648305314.1865737}]}, "version": 56}
{"obj": {"type": "LogFloats", "path": ["SGD_net", "matrix", "train_fp_pr_file"], "values": [{"value": 0.8740825057029724, "step": null, "ts": 1648305314.1870747}]}, "version": 57}
{"obj": {"type": "LogFloats", "path": ["SGD_net", "matrix", "train_fn_pr_file"], "values": [{"value": 0.033513035625219345, "step": null, "ts": 1648305314.1870747}]}, "version": 58}
{"obj": {"type": "LogFloats", "path": ["SGD_net", "matrix", "train_tn_pr_file"], "values": [{"value": 0.9664869904518127, "step": null, "ts": 1648305314.1870747}]}, "version": 59}
{"obj": {"type": "LogFloats", "path": ["SGD_net", "validation_loss_pr_file"], "values": [{"value": 0.6296639442443848, "step": null, "ts": 1648305314.5108526}]}, "version": 60}
{"obj": {"type": "LogFloats", "path": ["SGD_net", "val_acc_pr_file"], "values": [{"value": 0.8669373393058777, "step": null, "ts": 1648305314.5113533}]}, "version": 61}
{"obj": {"type": "LogStrings", "path": ["SGD_net", "matrix", "val_confusion_matrix_pr_file"], "values": [{"value": "tensor([[  85323.,  305429.],\n        [  16239., 1993009.]])", "step": null, "ts": 1648305314.5113533}]}, "version": 62}
{"obj": {"type": "LogFloats", "path": ["SGD_net", "matrix", "val_tp_pr_file"], "values": [{"value": 0.21835589408874512, "step": null, "ts": 1648305314.5118542}]}, "version": 63}
{"obj": {"type": "LogFloats", "path": ["SGD_net", "matrix", "val_fp_pr_file"], "values": [{"value": 0.7816441059112549, "step": null, "ts": 1648305314.5118542}]}, "version": 64}
{"obj": {"type": "LogFloats", "path": ["SGD_net", "matrix", "val_fn_pr_file"], "values": [{"value": 0.008082128129899502, "step": null, "ts": 1648305314.5123544}]}, "version": 65}
{"obj": {"type": "LogFloats", "path": ["SGD_net", "matrix", "val_tn_pr_file"], "values": [{"value": 0.9919178485870361, "step": null, "ts": 1648305314.5123544}]}, "version": 66}
{"obj": {"type": "LogStrings", "path": ["monitoring", "stdout"], "values": [{"value": "Training epoch 2", "step": null, "ts": 1648305314.5128536}]}, "version": 67}
{"obj": {"type": "LogStrings", "path": ["monitoring", "stdout"], "values": [{"value": "\n", "step": null, "ts": 1648305314.5128536}]}, "version": 68}
{"obj": {"type": "LogFloats", "path": ["SGD_net", "learning_rate"], "values": [{"value": 0.0001, "step": null, "ts": 1648305314.5128536}]}, "version": 69}
{"obj": {"type": "LogFloats", "path": ["SGD_net", "train_loss_pr_file"], "values": [{"value": 0.6471397360165914, "step": null, "ts": 1648305320.35787}]}, "version": 70}
{"obj": {"type": "LogFloats", "path": ["SGD_net", "train_acc_pr_file"], "values": [{"value": 0.8535605669021606, "step": null, "ts": 1648305320.3583705}]}, "version": 71}
{"obj": {"type": "LogStrings", "path": ["SGD_net", "matrix", "train_confusion_matrix_pr_file"], "values": [{"value": "tensor([[  514231.,  2342371.],\n        [  733659., 17109740.]])", "step": null, "ts": 1648305320.3583705}]}, "version": 72}
{"obj": {"type": "LogFloats", "path": ["SGD_net", "matrix", "train_tp_pr_file"], "values": [{"value": 0.18001492321491241, "step": null, "ts": 1648305320.358871}]}, "version": 73}
{"obj": {"type": "LogFloats", "path": ["SGD_net", "matrix", "train_fp_pr_file"], "values": [{"value": 0.8199850916862488, "step": null, "ts": 1648305320.358871}]}, "version": 74}
{"obj": {"type": "LogFloats", "path": ["SGD_net", "matrix", "train_fn_pr_file"], "values": [{"value": 0.04111655056476593, "step": null, "ts": 1648305320.3593714}]}, "version": 75}
{"obj": {"type": "LogFloats", "path": ["SGD_net", "matrix", "train_tn_pr_file"], "values": [{"value": 0.95888352394104, "step": null, "ts": 1648305320.3593714}]}, "version": 76}
{"obj": {"type": "LogFloats", "path": ["monitoring", "cpu"], "values": [{"value": 19.7, "step": null, "ts": 1648305320.441441}]}, "version": 77}
{"obj": {"type": "LogFloats", "path": ["monitoring", "memory"], "values": [{"value": 10.582984924316406, "step": null, "ts": 1648305320.441441}]}, "version": 78}
{"obj": {"type": "LogFloats", "path": ["monitoring", "gpu"], "values": [{"value": 98.0, "step": null, "ts": 1648305320.441441}]}, "version": 79}
{"obj": {"type": "LogFloats", "path": ["monitoring", "gpu_memory"], "values": [{"value": 3.9329071044921875, "step": null, "ts": 1648305320.441441}]}, "version": 80}
{"obj": {"type": "LogFloats", "path": ["SGD_net", "validation_loss_pr_file"], "values": [{"value": 0.6157296597957611, "step": null, "ts": 1648305320.679146}]}, "version": 81}
{"obj": {"type": "LogFloats", "path": ["SGD_net", "val_acc_pr_file"], "values": [{"value": 0.8915146589279175, "step": null, "ts": 1648305320.679146}]}, "version": 82}
{"obj": {"type": "LogStrings", "path": ["SGD_net", "matrix", "val_confusion_matrix_pr_file"], "values": [{"value": "tensor([[  78206.,  239657.],\n        [  12419., 2069718.]])", "step": null, "ts": 1648305320.6796463}]}, "version": 83}
{"obj": {"type": "LogFloats", "path": ["SGD_net", "matrix", "val_tp_pr_file"], "values": [{"value": 0.2460368126630783, "step": null, "ts": 1648305320.6796463}]}, "version": 84}
{"obj": {"type": "LogFloats", "path": ["SGD_net", "matrix", "val_fp_pr_file"], "values": [{"value": 0.7539631724357605, "step": null, "ts": 1648305320.6801472}]}, "version": 85}
{"obj": {"type": "LogFloats", "path": ["SGD_net", "matrix", "val_fn_pr_file"], "values": [{"value": 0.00596454506739974, "step": null, "ts": 1648305320.6801472}]}, "version": 86}
{"obj": {"type": "LogFloats", "path": ["SGD_net", "matrix", "val_tn_pr_file"], "values": [{"value": 0.9940354824066162, "step": null, "ts": 1648305320.6801472}]}, "version": 87}
{"obj": {"type": "LogStrings", "path": ["monitoring", "stdout"], "values": [{"value": "Training epoch 3", "step": null, "ts": 1648305320.6801472}]}, "version": 88}
{"obj": {"type": "LogStrings", "path": ["monitoring", "stdout"], "values": [{"value": "\n", "step": null, "ts": 1648305320.6806471}]}, "version": 89}
{"obj": {"type": "LogFloats", "path": ["SGD_net", "learning_rate"], "values": [{"value": 0.0001, "step": null, "ts": 1648305320.6806471}]}, "version": 90}
{"obj": {"type": "LogStrings", "path": ["monitoring", "stderr"], "values": [{"value": "Process Process-1:2:\n", "step": null, "ts": 1648305321.824629}]}, "version": 91}
{"obj": {"type": "LogStrings", "path": ["monitoring", "stderr"], "values": [{"value": "Traceback (most recent call last):\n", "step": null, "ts": 1648305321.8261302}]}, "version": 92}
{"obj": {"type": "LogStrings", "path": ["monitoring", "stderr"], "values": [{"value": "", "step": null, "ts": 1648305321.8261302}]}, "version": 93}
{"obj": {"type": "LogStrings", "path": ["monitoring", "stderr"], "values": [{"value": "  File \"C:\\Users\\Marc\\anaconda3\\envs\\deep\\lib\\multiprocessing\\process.py\", line 315, in _bootstrap\n    self.run()\n", "step": null, "ts": 1648305321.8261302}]}, "version": 94}
{"obj": {"type": "LogStrings", "path": ["monitoring", "stderr"], "values": [{"value": "", "step": null, "ts": 1648305321.8261302}]}, "version": 95}
{"obj": {"type": "LogStrings", "path": ["monitoring", "stderr"], "values": [{"value": "  File \"C:\\Users\\Marc\\anaconda3\\envs\\deep\\lib\\multiprocessing\\process.py\", line 108, in run\n    self._target(*self._args, **self._kwargs)\n", "step": null, "ts": 1648305321.8266306}]}, "version": 96}
{"obj": {"type": "LogStrings", "path": ["monitoring", "stderr"], "values": [{"value": "", "step": null, "ts": 1648305321.8266306}]}, "version": 97}
{"obj": {"type": "LogStrings", "path": ["monitoring", "stderr"], "values": [{"value": "  File \"C:\\Users\\Marc\\Documents\\GitHub\\Artefact-Rejection\\2. Testing and training networks\\Network trainer.py\", line 96, in net_ADAM\n    net_train(device = device,\n", "step": null, "ts": 1648305321.8271317}]}, "version": 98}
{"obj": {"type": "LogStrings", "path": ["monitoring", "stderr"], "values": [{"value": "", "step": null, "ts": 1648305321.8271317}]}, "version": 99}
{"obj": {"type": "LogStrings", "path": ["monitoring", "stderr"], "values": [{"value": "  File \"C:\\Users\\Marc\\Documents\\GitHub\\Artefact-Rejection\\2. Testing and training networks\\..\\LoaderPACK\\trainer.py\", line 78, in net_train\n    train_loss.append(loss.item())\n", "step": null, "ts": 1648305321.8271317}]}, "version": 100}
{"obj": {"type": "LogStrings", "path": ["monitoring", "stderr"], "values": [{"value": "", "step": null, "ts": 1648305321.827632}]}, "version": 101}
{"obj": {"type": "LogStrings", "path": ["monitoring", "stderr"], "values": [{"value": "KeyboardInterrupt\n", "step": null, "ts": 1648305321.827632}]}, "version": 102}
{"obj": {"type": "LogStrings", "path": ["monitoring", "stderr"], "values": [{"value": "", "step": null, "ts": 1648305321.827632}]}, "version": 103}
