{"obj": {"type": "AssignString", "path": ["sys", "name"], "value": "Untitled"}, "version": 1}
{"obj": {"type": "AssignString", "path": ["sys", "description"], "value": ""}, "version": 2}
{"obj": {"type": "AssignString", "path": ["sys", "hostname"], "value": "DESKTOP-SDMAFDQ"}, "version": 3}
{"obj": {"type": "AssignBool", "path": ["sys", "failed"], "value": false}, "version": 4}
{"obj": {"type": "ClearStringLog", "path": ["monitoring", "stdout"]}, "version": 5}
{"obj": {"type": "ClearStringLog", "path": ["monitoring", "stderr"]}, "version": 6}
{"obj": {"type": "AssignString", "path": ["source_code", "entrypoint"], "value": "unet-training.py"}, "version": 7}
{"obj": {"type": "UploadFileSet", "path": ["source_code", "files"], "file_globs": ["C:\\Users\\Marc\\Documents\\GitHub\\Artefact-Rejection\\unet-training.py"], "reset": "False"}, "version": 8}
{"obj": {"type": "ConfigFloatSeries", "path": ["monitoring", "cpu"], "min": 0.0, "max": 100.0, "unit": "%"}, "version": 9}
{"obj": {"type": "ClearFloatLog", "path": ["monitoring", "cpu"]}, "version": 10}
{"obj": {"type": "ConfigFloatSeries", "path": ["monitoring", "memory"], "min": 0.0, "max": 15.387187957763672, "unit": "GB"}, "version": 11}
{"obj": {"type": "ClearFloatLog", "path": ["monitoring", "memory"]}, "version": 12}
{"obj": {"type": "ConfigFloatSeries", "path": ["monitoring", "gpu"], "min": 0.0, "max": 100.0, "unit": "%"}, "version": 13}
{"obj": {"type": "ClearFloatLog", "path": ["monitoring", "gpu"]}, "version": 14}
{"obj": {"type": "ConfigFloatSeries", "path": ["monitoring", "gpu_memory"], "min": 0.0, "max": 4.0, "unit": "GB"}, "version": 15}
{"obj": {"type": "ClearFloatLog", "path": ["monitoring", "gpu_memory"]}, "version": 16}
{"obj": {"type": "AssignString", "path": ["network", "parameters", "optimizer"], "value": "SGD"}, "version": 17}
{"obj": {"type": "AssignFloat", "path": ["network", "parameters", "optimizer_momentum"], "value": 0.9}, "version": 18}
{"obj": {"type": "AssignFloat", "path": ["network", "parameters", "optimizer_learning_rate"], "value": 0.1}, "version": 19}
{"obj": {"type": "AssignString", "path": ["network", "parameters", "loss_function"], "value": "CrossEntropyLoss"}, "version": 20}
{"obj": {"type": "AssignString", "path": ["network", "parameters", "loss_function_weights"], "value": "[1, 10]"}, "version": 21}
{"obj": {"type": "AssignString", "path": ["network", "parameters", "loss_function_reduction"], "value": "mean"}, "version": 22}
{"obj": {"type": "AssignString", "path": ["network", "parameters", "model"], "value": "Unet"}, "version": 23}
{"obj": {"type": "LogFloats", "path": ["monitoring", "cpu"], "values": [{"value": 8.0, "step": null, "ts": 1647589170.0959227}]}, "version": 24}
{"obj": {"type": "LogFloats", "path": ["monitoring", "memory"], "values": [{"value": 7.212471008300781, "step": null, "ts": 1647589170.0959227}]}, "version": 25}
{"obj": {"type": "LogFloats", "path": ["monitoring", "gpu_memory"], "values": [{"value": 0.051025390625, "step": null, "ts": 1647589170.0959227}]}, "version": 26}
{"obj": {"type": "LogStrings", "path": ["monitoring", "stdout"], "values": [{"value": "Training epoch 0", "step": null, "ts": 1647589170.162975}]}, "version": 27}
{"obj": {"type": "LogStrings", "path": ["monitoring", "stdout"], "values": [{"value": "\n", "step": null, "ts": 1647589170.162975}]}, "version": 28}
{"obj": {"type": "LogFloats", "path": ["monitoring", "cpu"], "values": [{"value": 17.0, "step": null, "ts": 1647589180.1030462}]}, "version": 29}
{"obj": {"type": "LogFloats", "path": ["monitoring", "memory"], "values": [{"value": 9.146286010742188, "step": null, "ts": 1647589180.1030462}]}, "version": 30}
{"obj": {"type": "LogFloats", "path": ["monitoring", "gpu"], "values": [{"value": 98.0, "step": null, "ts": 1647589180.1030462}]}, "version": 31}
{"obj": {"type": "LogFloats", "path": ["monitoring", "gpu_memory"], "values": [{"value": 2.141998291015625, "step": null, "ts": 1647589180.1030462}]}, "version": 32}
{"obj": {"type": "LogFloats", "path": ["network", "train_loss_pr_file"], "values": [{"value": 0.5964519344688801, "step": null, "ts": 1647589188.0868614}]}, "version": 33}
{"obj": {"type": "LogFloats", "path": ["network", "train_acc_pr_file"], "values": [{"value": 0.25814878940582275, "step": null, "ts": 1647589188.0868614}]}, "version": 34}
{"obj": {"type": "LogStrings", "path": ["network", "train_confusion_matrix_pr_file"], "values": [{"value": "tensor([[ 3198730., 11699116.],\n        [ 4669186., 43507964.]])", "step": null, "ts": 1647589188.0878623}]}, "version": 35}
{"obj": {"type": "LogFloats", "path": ["monitoring", "cpu"], "values": [{"value": 18.3, "step": null, "ts": 1647589190.1148708}]}, "version": 36}
{"obj": {"type": "LogFloats", "path": ["monitoring", "memory"], "values": [{"value": 9.10311508178711, "step": null, "ts": 1647589190.1148708}]}, "version": 37}
{"obj": {"type": "LogFloats", "path": ["monitoring", "gpu"], "values": [{"value": 97.0, "step": null, "ts": 1647589190.1148708}]}, "version": 38}
{"obj": {"type": "LogFloats", "path": ["monitoring", "gpu_memory"], "values": [{"value": 3.526763916015625, "step": null, "ts": 1647589190.1148708}]}, "version": 39}
{"obj": {"type": "LogFloats", "path": ["network", "validation_loss_pr_file"], "values": [{"value": 0.7451183386147022, "step": null, "ts": 1647589190.6121182}]}, "version": 40}
{"obj": {"type": "LogFloats", "path": ["network", "val_acc_pr_file"], "values": [{"value": 0.29485005140304565, "step": null, "ts": 1647589190.6131191}]}, "version": 41}
{"obj": {"type": "LogStrings", "path": ["network", "val_confusion_matrix_pr_file"], "values": [{"value": "tensor([[ 1745521.,  1081613.],\n        [ 5554871., 13967995.]])", "step": null, "ts": 1647589190.6131191}]}, "version": 42}
{"obj": {"type": "LogStrings", "path": ["monitoring", "stdout"], "values": [{"value": "Training epoch 1", "step": null, "ts": 1647589190.6131191}]}, "version": 43}
{"obj": {"type": "LogStrings", "path": ["monitoring", "stdout"], "values": [{"value": "\n", "step": null, "ts": 1647589190.614119}]}, "version": 44}
{"obj": {"type": "LogFloats", "path": ["monitoring", "cpu"], "values": [{"value": 21.6, "step": null, "ts": 1647589200.133499}]}, "version": 45}
{"obj": {"type": "LogFloats", "path": ["monitoring", "memory"], "values": [{"value": 9.555133819580078, "step": null, "ts": 1647589200.133499}]}, "version": 46}
{"obj": {"type": "LogFloats", "path": ["monitoring", "gpu"], "values": [{"value": 98.0, "step": null, "ts": 1647589200.133499}]}, "version": 47}
{"obj": {"type": "LogFloats", "path": ["monitoring", "gpu_memory"], "values": [{"value": 3.526763916015625, "step": null, "ts": 1647589200.133499}]}, "version": 48}
{"obj": {"type": "LogFloats", "path": ["network", "train_loss_pr_file"], "values": [{"value": 0.5981926861104001, "step": null, "ts": 1647589207.050706}]}, "version": 49}
{"obj": {"type": "LogFloats", "path": ["network", "train_acc_pr_file"], "values": [{"value": 0.1635083258152008, "step": null, "ts": 1647589207.050706}]}, "version": 50}
{"obj": {"type": "LogStrings", "path": ["network", "train_confusion_matrix_pr_file"], "values": [{"value": "tensor([[ 1907060.,  3815789.],\n        [ 6491768., 50860396.]])", "step": null, "ts": 1647589207.050706}]}, "version": 51}
{"obj": {"type": "LogFloats", "path": ["network", "validation_loss_pr_file"], "values": [{"value": 0.6948398454114795, "step": null, "ts": 1647589209.5687182}]}, "version": 52}
{"obj": {"type": "LogFloats", "path": ["network", "val_acc_pr_file"], "values": [{"value": 0.3061317801475525, "step": null, "ts": 1647589209.5687182}]}, "version": 53}
{"obj": {"type": "LogStrings", "path": ["network", "val_confusion_matrix_pr_file"], "values": [{"value": "tensor([[ 2825301.,  2581481.],\n        [ 4316940., 12626278.]])", "step": null, "ts": 1647589209.5697196}]}, "version": 54}
{"obj": {"type": "LogStrings", "path": ["monitoring", "stdout"], "values": [{"value": "Training epoch 2", "step": null, "ts": 1647589209.5697196}]}, "version": 55}
{"obj": {"type": "LogStrings", "path": ["monitoring", "stdout"], "values": [{"value": "\n", "step": null, "ts": 1647589209.5697196}]}, "version": 56}
{"obj": {"type": "LogFloats", "path": ["monitoring", "cpu"], "values": [{"value": 22.8, "step": null, "ts": 1647589210.1502473}]}, "version": 57}
{"obj": {"type": "LogFloats", "path": ["monitoring", "memory"], "values": [{"value": 9.38958740234375, "step": null, "ts": 1647589210.1502473}]}, "version": 58}
{"obj": {"type": "LogFloats", "path": ["monitoring", "gpu"], "values": [{"value": 98.0, "step": null, "ts": 1647589210.1502473}]}, "version": 59}
{"obj": {"type": "LogFloats", "path": ["monitoring", "gpu_memory"], "values": [{"value": 3.581451416015625, "step": null, "ts": 1647589210.1502473}]}, "version": 60}
{"obj": {"type": "LogFloats", "path": ["monitoring", "cpu"], "values": [{"value": 20.2, "step": null, "ts": 1647589220.1675458}]}, "version": 61}
{"obj": {"type": "LogFloats", "path": ["monitoring", "memory"], "values": [{"value": 9.783161163330078, "step": null, "ts": 1647589220.1675458}]}, "version": 62}
{"obj": {"type": "LogFloats", "path": ["monitoring", "gpu"], "values": [{"value": 98.0, "step": null, "ts": 1647589220.1675458}]}, "version": 63}
{"obj": {"type": "LogFloats", "path": ["monitoring", "gpu_memory"], "values": [{"value": 3.581451416015625, "step": null, "ts": 1647589220.1675458}]}, "version": 64}
{"obj": {"type": "LogFloats", "path": ["network", "train_loss_pr_file"], "values": [{"value": 0.5973060251621718, "step": null, "ts": 1647589226.0113716}]}, "version": 65}
{"obj": {"type": "LogFloats", "path": ["network", "train_acc_pr_file"], "values": [{"value": 0.1824088841676712, "step": null, "ts": 1647589226.0113716}]}, "version": 66}
{"obj": {"type": "LogStrings", "path": ["network", "train_confusion_matrix_pr_file"], "values": [{"value": "tensor([[ 2667388.,  5952245.],\n        [ 5588297., 48867072.]])", "step": null, "ts": 1647589226.0113716}]}, "version": 67}
{"obj": {"type": "LogFloats", "path": ["network", "validation_loss_pr_file"], "values": [{"value": 0.6998391505330801, "step": null, "ts": 1647589228.52866}]}, "version": 68}
{"obj": {"type": "LogFloats", "path": ["network", "val_acc_pr_file"], "values": [{"value": 0.29330289363861084, "step": null, "ts": 1647589228.529661}]}, "version": 69}
{"obj": {"type": "LogStrings", "path": ["network", "val_confusion_matrix_pr_file"], "values": [{"value": "tensor([[ 2576641.,  1927284.],\n        [ 4669042., 13177033.]])", "step": null, "ts": 1647589228.529661}]}, "version": 70}
{"obj": {"type": "LogStrings", "path": ["monitoring", "stdout"], "values": [{"value": "Training epoch 3", "step": null, "ts": 1647589228.529661}]}, "version": 71}
{"obj": {"type": "LogStrings", "path": ["monitoring", "stdout"], "values": [{"value": "\n", "step": null, "ts": 1647589228.529661}]}, "version": 72}
{"obj": {"type": "LogFloats", "path": ["monitoring", "cpu"], "values": [{"value": 21.9, "step": null, "ts": 1647589230.1821635}]}, "version": 73}
{"obj": {"type": "LogFloats", "path": ["monitoring", "memory"], "values": [{"value": 9.359539031982422, "step": null, "ts": 1647589230.1821635}]}, "version": 74}
{"obj": {"type": "LogFloats", "path": ["monitoring", "gpu"], "values": [{"value": 94.0, "step": null, "ts": 1647589230.1821635}]}, "version": 75}
{"obj": {"type": "LogFloats", "path": ["monitoring", "gpu_memory"], "values": [{"value": 3.581451416015625, "step": null, "ts": 1647589230.1821635}]}, "version": 76}
{"obj": {"type": "LogFloats", "path": ["monitoring", "cpu"], "values": [{"value": 19.9, "step": null, "ts": 1647589240.1944878}]}, "version": 77}
{"obj": {"type": "LogFloats", "path": ["monitoring", "memory"], "values": [{"value": 9.744239807128906, "step": null, "ts": 1647589240.1944878}]}, "version": 78}
{"obj": {"type": "LogFloats", "path": ["monitoring", "gpu"], "values": [{"value": 75.0, "step": null, "ts": 1647589240.1944878}]}, "version": 79}
{"obj": {"type": "LogFloats", "path": ["monitoring", "gpu_memory"], "values": [{"value": 3.581451416015625, "step": null, "ts": 1647589240.1944878}]}, "version": 80}
{"obj": {"type": "LogFloats", "path": ["network", "train_loss_pr_file"], "values": [{"value": 0.5915615615550052, "step": null, "ts": 1647589244.9368823}]}, "version": 81}
{"obj": {"type": "LogFloats", "path": ["network", "train_acc_pr_file"], "values": [{"value": 0.19683726131916046, "step": null, "ts": 1647589244.9378817}]}, "version": 82}
{"obj": {"type": "LogStrings", "path": ["network", "train_confusion_matrix_pr_file"], "values": [{"value": "tensor([[ 2721692.,  6783091.],\n        [ 5637435., 47932768.]])", "step": null, "ts": 1647589244.9378817}]}, "version": 83}
{"obj": {"type": "LogFloats", "path": ["network", "validation_loss_pr_file"], "values": [{"value": 0.7240898171439767, "step": null, "ts": 1647589247.450117}]}, "version": 84}
{"obj": {"type": "LogFloats", "path": ["network", "val_acc_pr_file"], "values": [{"value": 0.2917226552963257, "step": null, "ts": 1647589247.450117}]}, "version": 85}
{"obj": {"type": "LogStrings", "path": ["network", "val_confusion_matrix_pr_file"], "values": [{"value": "tensor([[ 1991020.,  1360653.],\n        [ 5233685., 13764642.]])", "step": null, "ts": 1647589247.4511173}]}, "version": 86}
{"obj": {"type": "LogStrings", "path": ["monitoring", "stdout"], "values": [{"value": "Training epoch 4", "step": null, "ts": 1647589247.4511173}]}, "version": 87}
{"obj": {"type": "LogStrings", "path": ["monitoring", "stdout"], "values": [{"value": "\n", "step": null, "ts": 1647589247.4511173}]}, "version": 88}
{"obj": {"type": "LogFloats", "path": ["monitoring", "cpu"], "values": [{"value": 21.9, "step": null, "ts": 1647589250.211628}]}, "version": 89}
{"obj": {"type": "LogFloats", "path": ["monitoring", "memory"], "values": [{"value": 9.301013946533203, "step": null, "ts": 1647589250.211628}]}, "version": 90}
{"obj": {"type": "LogFloats", "path": ["monitoring", "gpu"], "values": [{"value": 90.0, "step": null, "ts": 1647589250.211628}]}, "version": 91}
{"obj": {"type": "LogFloats", "path": ["monitoring", "gpu_memory"], "values": [{"value": 3.581451416015625, "step": null, "ts": 1647589250.211628}]}, "version": 92}
{"obj": {"type": "LogFloats", "path": ["monitoring", "cpu"], "values": [{"value": 19.3, "step": null, "ts": 1647589260.224151}]}, "version": 93}
{"obj": {"type": "LogFloats", "path": ["monitoring", "memory"], "values": [{"value": 9.634536743164062, "step": null, "ts": 1647589260.224151}]}, "version": 94}
{"obj": {"type": "LogFloats", "path": ["monitoring", "gpu"], "values": [{"value": 98.0, "step": null, "ts": 1647589260.224151}]}, "version": 95}
{"obj": {"type": "LogFloats", "path": ["monitoring", "gpu_memory"], "values": [{"value": 3.581451416015625, "step": null, "ts": 1647589260.224151}]}, "version": 96}
{"obj": {"type": "LogFloats", "path": ["network", "train_loss_pr_file"], "values": [{"value": 0.5643223986197053, "step": null, "ts": 1647589263.817964}]}, "version": 97}
{"obj": {"type": "LogFloats", "path": ["network", "train_acc_pr_file"], "values": [{"value": 0.19503530859947205, "step": null, "ts": 1647589263.817964}]}, "version": 98}
{"obj": {"type": "LogStrings", "path": ["network", "train_confusion_matrix_pr_file"], "values": [{"value": "tensor([[ 3701921.,  7827339.],\n        [ 4351112., 47194624.]])", "step": null, "ts": 1647589263.8189642}]}, "version": 99}
{"obj": {"type": "LogFloats", "path": ["network", "validation_loss_pr_file"], "values": [{"value": 0.7932933373376727, "step": null, "ts": 1647589266.4464254}]}, "version": 100}
{"obj": {"type": "LogFloats", "path": ["network", "val_acc_pr_file"], "values": [{"value": 0.29922449588775635, "step": null, "ts": 1647589266.4464254}]}, "version": 101}
{"obj": {"type": "LogStrings", "path": ["network", "val_confusion_matrix_pr_file"], "values": [{"value": "tensor([[  879398.,   348844.],\n        [ 6433784., 14687974.]])", "step": null, "ts": 1647589266.447334}]}, "version": 102}
{"obj": {"type": "LogStrings", "path": ["monitoring", "stdout"], "values": [{"value": "Training epoch 5", "step": null, "ts": 1647589266.447334}]}, "version": 103}
{"obj": {"type": "LogStrings", "path": ["monitoring", "stdout"], "values": [{"value": "\n", "step": null, "ts": 1647589266.447334}]}, "version": 104}
{"obj": {"type": "LogFloats", "path": ["monitoring", "cpu"], "values": [{"value": 21.5, "step": null, "ts": 1647589270.2355144}]}, "version": 105}
{"obj": {"type": "LogFloats", "path": ["monitoring", "memory"], "values": [{"value": 9.1776123046875, "step": null, "ts": 1647589270.2355144}]}, "version": 106}
{"obj": {"type": "LogFloats", "path": ["monitoring", "gpu"], "values": [{"value": 98.0, "step": null, "ts": 1647589270.2355144}]}, "version": 107}
{"obj": {"type": "LogFloats", "path": ["monitoring", "gpu_memory"], "values": [{"value": 3.581451416015625, "step": null, "ts": 1647589270.2355144}]}, "version": 108}
{"obj": {"type": "LogFloats", "path": ["monitoring", "cpu"], "values": [{"value": 18.9, "step": null, "ts": 1647589280.2466471}]}, "version": 109}
{"obj": {"type": "LogFloats", "path": ["monitoring", "memory"], "values": [{"value": 9.524620056152344, "step": null, "ts": 1647589280.2466471}]}, "version": 110}
{"obj": {"type": "LogFloats", "path": ["monitoring", "gpu"], "values": [{"value": 98.0, "step": null, "ts": 1647589280.2466471}]}, "version": 111}
{"obj": {"type": "LogFloats", "path": ["monitoring", "gpu_memory"], "values": [{"value": 3.581451416015625, "step": null, "ts": 1647589280.2466471}]}, "version": 112}
{"obj": {"type": "LogFloats", "path": ["network", "train_loss_pr_file"], "values": [{"value": 0.5919680642278007, "step": null, "ts": 1647589282.815165}]}, "version": 113}
{"obj": {"type": "LogFloats", "path": ["network", "train_acc_pr_file"], "values": [{"value": 0.161476269364357, "step": null, "ts": 1647589282.815165}]}, "version": 114}
{"obj": {"type": "LogStrings", "path": ["network", "train_confusion_matrix_pr_file"], "values": [{"value": "tensor([[ 2126558.,  4238625.],\n        [ 5950599., 50759212.]])", "step": null, "ts": 1647589282.815165}]}, "version": 115}
{"obj": {"type": "LogFloats", "path": ["network", "validation_loss_pr_file"], "values": [{"value": 0.7372889360412955, "step": null, "ts": 1647589285.3461304}]}, "version": 116}
{"obj": {"type": "LogFloats", "path": ["network", "val_acc_pr_file"], "values": [{"value": 0.2921954393386841, "step": null, "ts": 1647589285.3461304}]}, "version": 117}
{"obj": {"type": "LogStrings", "path": ["network", "val_confusion_matrix_pr_file"], "values": [{"value": "tensor([[ 1590620.,  1017688.],\n        [ 5542226., 14199466.]])", "step": null, "ts": 1647589285.3461304}]}, "version": 118}
{"obj": {"type": "LogStrings", "path": ["monitoring", "stdout"], "values": [{"value": "Training epoch 6", "step": null, "ts": 1647589285.3461304}]}, "version": 119}
{"obj": {"type": "LogStrings", "path": ["monitoring", "stdout"], "values": [{"value": "\n", "step": null, "ts": 1647589285.3471308}]}, "version": 120}
{"obj": {"type": "LogFloats", "path": ["monitoring", "cpu"], "values": [{"value": 23.7, "step": null, "ts": 1647589290.2532117}]}, "version": 121}
{"obj": {"type": "LogFloats", "path": ["monitoring", "memory"], "values": [{"value": 8.811195373535156, "step": null, "ts": 1647589290.2532117}]}, "version": 122}
{"obj": {"type": "LogFloats", "path": ["monitoring", "gpu"], "values": [{"value": 98.0, "step": null, "ts": 1647589290.2532117}]}, "version": 123}
{"obj": {"type": "LogFloats", "path": ["monitoring", "gpu_memory"], "values": [{"value": 3.520904541015625, "step": null, "ts": 1647589290.2532117}]}, "version": 124}
{"obj": {"type": "LogFloats", "path": ["monitoring", "cpu"], "values": [{"value": 18.0, "step": null, "ts": 1647589300.266686}]}, "version": 125}
{"obj": {"type": "LogFloats", "path": ["monitoring", "memory"], "values": [{"value": 9.175094604492188, "step": null, "ts": 1647589300.266686}]}, "version": 126}
{"obj": {"type": "LogFloats", "path": ["monitoring", "gpu"], "values": [{"value": 98.0, "step": null, "ts": 1647589300.266686}]}, "version": 127}
{"obj": {"type": "LogFloats", "path": ["monitoring", "gpu_memory"], "values": [{"value": 3.520904541015625, "step": null, "ts": 1647589300.266686}]}, "version": 128}
{"obj": {"type": "LogFloats", "path": ["network", "train_loss_pr_file"], "values": [{"value": 0.5907610678270961, "step": null, "ts": 1647589301.81109}]}, "version": 129}
{"obj": {"type": "LogFloats", "path": ["network", "train_acc_pr_file"], "values": [{"value": 0.18267901241779327, "step": null, "ts": 1647589301.81109}]}, "version": 130}
{"obj": {"type": "LogStrings", "path": ["network", "train_confusion_matrix_pr_file"], "values": [{"value": "tensor([[ 2678027.,  5857071.],\n        [ 5706892., 48833004.]])", "step": null, "ts": 1647589301.81109}]}, "version": 131}
{"obj": {"type": "LogFloats", "path": ["network", "validation_loss_pr_file"], "values": [{"value": 0.7066103909164667, "step": null, "ts": 1647589304.372542}]}, "version": 132}
{"obj": {"type": "LogFloats", "path": ["network", "val_acc_pr_file"], "values": [{"value": 0.2829194664955139, "step": null, "ts": 1647589304.372542}]}, "version": 133}
{"obj": {"type": "LogStrings", "path": ["network", "val_confusion_matrix_pr_file"], "values": [{"value": "tensor([[ 2208277.,  1435231.],\n        [ 4987042., 13719450.]])", "step": null, "ts": 1647589304.372542}]}, "version": 134}
{"obj": {"type": "LogStrings", "path": ["monitoring", "stdout"], "values": [{"value": "Training epoch 7", "step": null, "ts": 1647589304.3735423}]}, "version": 135}
{"obj": {"type": "LogStrings", "path": ["monitoring", "stdout"], "values": [{"value": "\n", "step": null, "ts": 1647589304.3735423}]}, "version": 136}
{"obj": {"type": "LogFloats", "path": ["monitoring", "cpu"], "values": [{"value": 21.4, "step": null, "ts": 1647589310.2844958}]}, "version": 137}
{"obj": {"type": "LogFloats", "path": ["monitoring", "memory"], "values": [{"value": 9.625972747802734, "step": null, "ts": 1647589310.2844958}]}, "version": 138}
{"obj": {"type": "LogFloats", "path": ["monitoring", "gpu"], "values": [{"value": 98.0, "step": null, "ts": 1647589310.2844958}]}, "version": 139}
{"obj": {"type": "LogFloats", "path": ["monitoring", "gpu_memory"], "values": [{"value": 3.520904541015625, "step": null, "ts": 1647589310.2844958}]}, "version": 140}
{"obj": {"type": "LogFloats", "path": ["monitoring", "cpu"], "values": [{"value": 18.6, "step": null, "ts": 1647589320.3000553}]}, "version": 141}
{"obj": {"type": "LogFloats", "path": ["monitoring", "memory"], "values": [{"value": 9.03073501586914, "step": null, "ts": 1647589320.3000553}]}, "version": 142}
{"obj": {"type": "LogFloats", "path": ["monitoring", "gpu"], "values": [{"value": 98.0, "step": null, "ts": 1647589320.3000553}]}, "version": 143}
{"obj": {"type": "LogFloats", "path": ["monitoring", "gpu_memory"], "values": [{"value": 3.520904541015625, "step": null, "ts": 1647589320.3000553}]}, "version": 144}
{"obj": {"type": "LogFloats", "path": ["network", "train_loss_pr_file"], "values": [{"value": 0.5834115559465429, "step": null, "ts": 1647589320.82353}]}, "version": 145}
{"obj": {"type": "LogFloats", "path": ["network", "train_acc_pr_file"], "values": [{"value": 0.1797291785478592, "step": null, "ts": 1647589320.82353}]}, "version": 146}
{"obj": {"type": "LogStrings", "path": ["network", "train_confusion_matrix_pr_file"], "values": [{"value": "tensor([[ 2724663.,  5901953.],\n        [ 5477098., 48971280.]])", "step": null, "ts": 1647589320.82353}]}, "version": 147}
{"obj": {"type": "LogFloats", "path": ["network", "validation_loss_pr_file"], "values": [{"value": 0.6831372585147619, "step": null, "ts": 1647589323.4206722}]}, "version": 148}
{"obj": {"type": "LogFloats", "path": ["network", "val_acc_pr_file"], "values": [{"value": 0.2755422294139862, "step": null, "ts": 1647589323.4206722}]}, "version": 149}
{"obj": {"type": "LogStrings", "path": ["network", "val_confusion_matrix_pr_file"], "values": [{"value": "tensor([[ 2736056.,  1740873.],\n        [ 4452415., 13420656.]])", "step": null, "ts": 1647589323.421673}]}, "version": 150}
{"obj": {"type": "LogStrings", "path": ["monitoring", "stdout"], "values": [{"value": "Training epoch 8", "step": null, "ts": 1647589323.421673}]}, "version": 151}
{"obj": {"type": "LogStrings", "path": ["monitoring", "stdout"], "values": [{"value": "\n", "step": null, "ts": 1647589323.421673}]}, "version": 152}
{"obj": {"type": "LogFloats", "path": ["monitoring", "cpu"], "values": [{"value": 21.6, "step": null, "ts": 1647589330.3125846}]}, "version": 153}
{"obj": {"type": "LogFloats", "path": ["monitoring", "memory"], "values": [{"value": 9.49161148071289, "step": null, "ts": 1647589330.3125846}]}, "version": 154}
{"obj": {"type": "LogFloats", "path": ["monitoring", "gpu"], "values": [{"value": 85.0, "step": null, "ts": 1647589330.3125846}]}, "version": 155}
{"obj": {"type": "LogFloats", "path": ["monitoring", "gpu_memory"], "values": [{"value": 3.520904541015625, "step": null, "ts": 1647589330.3125846}]}, "version": 156}
{"obj": {"type": "LogFloats", "path": ["network", "train_loss_pr_file"], "values": [{"value": 0.5818738609217526, "step": null, "ts": 1647589339.7938201}]}, "version": 157}
{"obj": {"type": "LogFloats", "path": ["network", "train_acc_pr_file"], "values": [{"value": 0.21700483560562134, "step": null, "ts": 1647589339.7938201}]}, "version": 158}
{"obj": {"type": "LogStrings", "path": ["network", "train_confusion_matrix_pr_file"], "values": [{"value": "tensor([[ 3331200.,  8947422.],\n        [ 4749894., 46046476.]])", "step": null, "ts": 1647589339.7948205}]}, "version": 159}
{"obj": {"type": "LogFloats", "path": ["monitoring", "cpu"], "values": [{"value": 19.6, "step": null, "ts": 1647589340.3223002}]}, "version": 160}
{"obj": {"type": "LogFloats", "path": ["monitoring", "memory"], "values": [{"value": 9.887313842773438, "step": null, "ts": 1647589340.3223002}]}, "version": 161}
{"obj": {"type": "LogFloats", "path": ["monitoring", "gpu"], "values": [{"value": 96.0, "step": null, "ts": 1647589340.3223002}]}, "version": 162}
{"obj": {"type": "LogFloats", "path": ["monitoring", "gpu_memory"], "values": [{"value": 3.520904541015625, "step": null, "ts": 1647589340.3223002}]}, "version": 163}
{"obj": {"type": "LogFloats", "path": ["network", "validation_loss_pr_file"], "values": [{"value": 0.690063813701272, "step": null, "ts": 1647589342.4842668}]}, "version": 164}
{"obj": {"type": "LogFloats", "path": ["network", "val_acc_pr_file"], "values": [{"value": 0.3079391121864319, "step": null, "ts": 1647589342.4842668}]}, "version": 165}
{"obj": {"type": "LogStrings", "path": ["network", "val_confusion_matrix_pr_file"], "values": [{"value": "tensor([[ 3269869.,  2902186.],\n        [ 4011674., 12166271.]])", "step": null, "ts": 1647589342.4842668}]}, "version": 166}
{"obj": {"type": "LogStrings", "path": ["monitoring", "stdout"], "values": [{"value": "Training epoch 9", "step": null, "ts": 1647589342.4852667}]}, "version": 167}
{"obj": {"type": "LogStrings", "path": ["monitoring", "stdout"], "values": [{"value": "\n", "step": null, "ts": 1647589342.4852667}]}, "version": 168}
{"obj": {"type": "LogFloats", "path": ["monitoring", "cpu"], "values": [{"value": 21.4, "step": null, "ts": 1647589350.3267846}]}, "version": 169}
{"obj": {"type": "LogFloats", "path": ["monitoring", "memory"], "values": [{"value": 9.26947021484375, "step": null, "ts": 1647589350.3267846}]}, "version": 170}
{"obj": {"type": "LogFloats", "path": ["monitoring", "gpu"], "values": [{"value": 100.0, "step": null, "ts": 1647589350.3267846}]}, "version": 171}
{"obj": {"type": "LogFloats", "path": ["monitoring", "gpu_memory"], "values": [{"value": 3.520904541015625, "step": null, "ts": 1647589350.3267846}]}, "version": 172}
{"obj": {"type": "LogFloats", "path": ["network", "train_loss_pr_file"], "values": [{"value": 0.5825682895237141, "step": null, "ts": 1647589358.8504934}]}, "version": 173}
{"obj": {"type": "LogFloats", "path": ["network", "train_acc_pr_file"], "values": [{"value": 0.18334579467773438, "step": null, "ts": 1647589358.8504934}]}, "version": 174}
{"obj": {"type": "LogStrings", "path": ["network", "train_confusion_matrix_pr_file"], "values": [{"value": "tensor([[ 3168310.,  6571815.],\n        [ 5047913., 48286968.]])", "step": null, "ts": 1647589358.8504934}]}, "version": 175}
{"obj": {"type": "LogFloats", "path": ["monitoring", "cpu"], "values": [{"value": 19.8, "step": null, "ts": 1647589360.336159}]}, "version": 176}
{"obj": {"type": "LogFloats", "path": ["monitoring", "memory"], "values": [{"value": 9.718551635742188, "step": null, "ts": 1647589360.336159}]}, "version": 177}
{"obj": {"type": "LogFloats", "path": ["monitoring", "gpu"], "values": [{"value": 79.0, "step": null, "ts": 1647589360.336159}]}, "version": 178}
{"obj": {"type": "LogFloats", "path": ["monitoring", "gpu_memory"], "values": [{"value": 3.520904541015625, "step": null, "ts": 1647589360.336159}]}, "version": 179}
{"obj": {"type": "LogFloats", "path": ["network", "validation_loss_pr_file"], "values": [{"value": 0.6847874093800783, "step": null, "ts": 1647589361.4942117}]}, "version": 180}
{"obj": {"type": "LogFloats", "path": ["network", "val_acc_pr_file"], "values": [{"value": 0.2869997024536133, "step": null, "ts": 1647589361.4942117}]}, "version": 181}
{"obj": {"type": "LogStrings", "path": ["network", "val_confusion_matrix_pr_file"], "values": [{"value": "tensor([[ 2800272.,  2140634.],\n        [ 4297107., 13111987.]])", "step": null, "ts": 1647589361.4952128}]}, "version": 182}
{"obj": {"type": "LogStrings", "path": ["monitoring", "stdout"], "values": [{"value": "Training epoch 10", "step": null, "ts": 1647589361.4952128}]}, "version": 183}
{"obj": {"type": "LogStrings", "path": ["monitoring", "stdout"], "values": [{"value": "\n", "step": null, "ts": 1647589361.4952128}]}, "version": 184}
{"obj": {"type": "LogFloats", "path": ["monitoring", "cpu"], "values": [{"value": 20.0, "step": null, "ts": 1647589370.3435383}]}, "version": 185}
{"obj": {"type": "LogFloats", "path": ["monitoring", "memory"], "values": [{"value": 9.236820220947266, "step": null, "ts": 1647589370.3435383}]}, "version": 186}
{"obj": {"type": "LogFloats", "path": ["monitoring", "gpu"], "values": [{"value": 98.0, "step": null, "ts": 1647589370.3435383}]}, "version": 187}
{"obj": {"type": "LogFloats", "path": ["monitoring", "gpu_memory"], "values": [{"value": 3.520904541015625, "step": null, "ts": 1647589370.3435383}]}, "version": 188}
{"obj": {"type": "LogFloats", "path": ["network", "train_loss_pr_file"], "values": [{"value": 0.599046503559927, "step": null, "ts": 1647589377.863942}]}, "version": 189}
{"obj": {"type": "LogFloats", "path": ["network", "train_acc_pr_file"], "values": [{"value": 0.20547476410865784, "step": null, "ts": 1647589377.8649435}]}, "version": 190}
{"obj": {"type": "LogStrings", "path": ["network", "train_confusion_matrix_pr_file"], "values": [{"value": "tensor([[ 2264571.,  7070723.],\n        [ 5929369., 47810344.]])", "step": null, "ts": 1647589377.8649435}]}, "version": 191}
{"obj": {"type": "LogFloats", "path": ["monitoring", "cpu"], "values": [{"value": 22.0, "step": null, "ts": 1647589380.3491952}]}, "version": 192}
{"obj": {"type": "LogFloats", "path": ["monitoring", "memory"], "values": [{"value": 9.130748748779297, "step": null, "ts": 1647589380.3491952}]}, "version": 193}
{"obj": {"type": "LogFloats", "path": ["monitoring", "gpu"], "values": [{"value": 84.0, "step": null, "ts": 1647589380.3491952}]}, "version": 194}
{"obj": {"type": "LogFloats", "path": ["monitoring", "gpu_memory"], "values": [{"value": 3.544342041015625, "step": null, "ts": 1647589380.3491952}]}, "version": 195}
{"obj": {"type": "LogFloats", "path": ["network", "validation_loss_pr_file"], "values": [{"value": 0.6959744682535529, "step": null, "ts": 1647589380.5652266}]}, "version": 196}
{"obj": {"type": "LogFloats", "path": ["network", "val_acc_pr_file"], "values": [{"value": 0.2839733064174652, "step": null, "ts": 1647589380.5652266}]}, "version": 197}
{"obj": {"type": "LogStrings", "path": ["network", "val_confusion_matrix_pr_file"], "values": [{"value": "tensor([[ 2626605.,  1734063.],\n        [ 4669495., 13319837.]])", "step": null, "ts": 1647589380.5662372}]}, "version": 198}
{"obj": {"type": "LogStrings", "path": ["monitoring", "stdout"], "values": [{"value": "Training epoch 11", "step": null, "ts": 1647589380.5662372}]}, "version": 199}
{"obj": {"type": "LogStrings", "path": ["monitoring", "stdout"], "values": [{"value": "\n", "step": null, "ts": 1647589380.5662372}]}, "version": 200}
{"obj": {"type": "LogFloats", "path": ["monitoring", "cpu"], "values": [{"value": 28.3, "step": null, "ts": 1647589390.3606086}]}, "version": 201}
{"obj": {"type": "LogFloats", "path": ["monitoring", "memory"], "values": [{"value": 8.832801818847656, "step": null, "ts": 1647589390.3606086}]}, "version": 202}
{"obj": {"type": "LogFloats", "path": ["monitoring", "gpu"], "values": [{"value": 98.0, "step": null, "ts": 1647589390.3606086}]}, "version": 203}
{"obj": {"type": "LogFloats", "path": ["monitoring", "gpu_memory"], "values": [{"value": 3.544342041015625, "step": null, "ts": 1647589390.3606086}]}, "version": 204}
{"obj": {"type": "LogFloats", "path": ["network", "train_loss_pr_file"], "values": [{"value": 0.5724417818396279, "step": null, "ts": 1647589397.4124365}]}, "version": 205}
{"obj": {"type": "LogFloats", "path": ["network", "train_acc_pr_file"], "values": [{"value": 0.1847303956747055, "step": null, "ts": 1647589397.4134371}]}, "version": 206}
{"obj": {"type": "LogStrings", "path": ["network", "train_confusion_matrix_pr_file"], "values": [{"value": "tensor([[ 3109518.,  6461298.],\n        [ 5207254., 48296924.]])", "step": null, "ts": 1647589397.4134371}]}, "version": 207}
{"obj": {"type": "LogFloats", "path": ["network", "validation_loss_pr_file"], "values": [{"value": 0.6929264357313514, "step": null, "ts": 1647589400.225761}]}, "version": 208}
{"obj": {"type": "LogFloats", "path": ["network", "val_acc_pr_file"], "values": [{"value": 0.27844494581222534, "step": null, "ts": 1647589400.225761}]}, "version": 209}
{"obj": {"type": "LogStrings", "path": ["network", "val_confusion_matrix_pr_file"], "values": [{"value": "tensor([[ 2364335.,  1513173.],\n        [ 4784952., 13687540.]])", "step": null, "ts": 1647589400.2267604}]}, "version": 210}
{"obj": {"type": "LogStrings", "path": ["monitoring", "stdout"], "values": [{"value": "Training epoch 12", "step": null, "ts": 1647589400.2267604}]}, "version": 211}
{"obj": {"type": "LogStrings", "path": ["monitoring", "stdout"], "values": [{"value": "\n", "step": null, "ts": 1647589400.2267604}]}, "version": 212}
{"obj": {"type": "LogFloats", "path": ["monitoring", "cpu"], "values": [{"value": 25.9, "step": null, "ts": 1647589400.376897}]}, "version": 213}
{"obj": {"type": "LogFloats", "path": ["monitoring", "memory"], "values": [{"value": 9.281509399414062, "step": null, "ts": 1647589400.376897}]}, "version": 214}
{"obj": {"type": "LogFloats", "path": ["monitoring", "gpu"], "values": [{"value": 90.0, "step": null, "ts": 1647589400.376897}]}, "version": 215}
{"obj": {"type": "LogFloats", "path": ["monitoring", "gpu_memory"], "values": [{"value": 3.544342041015625, "step": null, "ts": 1647589400.376897}]}, "version": 216}
{"obj": {"type": "LogFloats", "path": ["monitoring", "cpu"], "values": [{"value": 19.2, "step": null, "ts": 1647589410.3834026}]}, "version": 217}
{"obj": {"type": "LogFloats", "path": ["monitoring", "memory"], "values": [{"value": 8.823314666748047, "step": null, "ts": 1647589410.3834026}]}, "version": 218}
{"obj": {"type": "LogFloats", "path": ["monitoring", "gpu"], "values": [{"value": 100.0, "step": null, "ts": 1647589410.3834026}]}, "version": 219}
{"obj": {"type": "LogFloats", "path": ["monitoring", "gpu_memory"], "values": [{"value": 3.544342041015625, "step": null, "ts": 1647589410.3834026}]}, "version": 220}
{"obj": {"type": "LogFloats", "path": ["network", "train_loss_pr_file"], "values": [{"value": 0.5806203541461001, "step": null, "ts": 1647589416.6697555}]}, "version": 221}
{"obj": {"type": "LogFloats", "path": ["network", "train_acc_pr_file"], "values": [{"value": 0.18718621134757996, "step": null, "ts": 1647589416.670756}]}, "version": 222}
{"obj": {"type": "LogStrings", "path": ["network", "train_confusion_matrix_pr_file"], "values": [{"value": "tensor([[ 3130383.,  6670413.],\n        [ 5169703., 48104480.]])", "step": null, "ts": 1647589416.670756}]}, "version": 223}
{"obj": {"type": "LogFloats", "path": ["network", "validation_loss_pr_file"], "values": [{"value": 0.703215149231255, "step": null, "ts": 1647589419.4653563}]}, "version": 224}
{"obj": {"type": "LogFloats", "path": ["network", "val_acc_pr_file"], "values": [{"value": 0.27098149061203003, "step": null, "ts": 1647589419.466358}]}, "version": 225}
{"obj": {"type": "LogStrings", "path": ["network", "val_confusion_matrix_pr_file"], "values": [{"value": "tensor([[ 2098892.,  1135015.],\n        [ 5007982., 14108111.]])", "step": null, "ts": 1647589419.466358}]}, "version": 226}
{"obj": {"type": "LogStrings", "path": ["monitoring", "stdout"], "values": [{"value": "Training epoch 13", "step": null, "ts": 1647589419.466358}]}, "version": 227}
{"obj": {"type": "LogStrings", "path": ["monitoring", "stdout"], "values": [{"value": "\n", "step": null, "ts": 1647589419.467359}]}, "version": 228}
{"obj": {"type": "LogFloats", "path": ["monitoring", "cpu"], "values": [{"value": 21.8, "step": null, "ts": 1647589420.3952012}]}, "version": 229}
{"obj": {"type": "LogFloats", "path": ["monitoring", "memory"], "values": [{"value": 9.266845703125, "step": null, "ts": 1647589420.3952012}]}, "version": 230}
{"obj": {"type": "LogFloats", "path": ["monitoring", "gpu"], "values": [{"value": 98.0, "step": null, "ts": 1647589420.3952012}]}, "version": 231}
{"obj": {"type": "LogFloats", "path": ["monitoring", "gpu_memory"], "values": [{"value": 3.544342041015625, "step": null, "ts": 1647589420.3952012}]}, "version": 232}
{"obj": {"type": "LogFloats", "path": ["monitoring", "cpu"], "values": [{"value": 17.5, "step": null, "ts": 1647589430.4132597}]}, "version": 233}
{"obj": {"type": "LogFloats", "path": ["monitoring", "memory"], "values": [{"value": 8.795669555664062, "step": null, "ts": 1647589430.4132597}]}, "version": 234}
{"obj": {"type": "LogFloats", "path": ["monitoring", "gpu"], "values": [{"value": 98.0, "step": null, "ts": 1647589430.4132597}]}, "version": 235}
{"obj": {"type": "LogFloats", "path": ["monitoring", "gpu_memory"], "values": [{"value": 3.544342041015625, "step": null, "ts": 1647589430.4132597}]}, "version": 236}
{"obj": {"type": "LogFloats", "path": ["network", "train_loss_pr_file"], "values": [{"value": 0.5744549521569455, "step": null, "ts": 1647589436.0526006}]}, "version": 237}
{"obj": {"type": "LogFloats", "path": ["network", "train_acc_pr_file"], "values": [{"value": 0.17811822891235352, "step": null, "ts": 1647589436.0526006}]}, "version": 238}
{"obj": {"type": "LogStrings", "path": ["network", "train_confusion_matrix_pr_file"], "values": [{"value": "tensor([[ 3282263.,  6314774.],\n        [ 4964380., 48513576.]])", "step": null, "ts": 1647589436.0535219}]}, "version": 239}
{"obj": {"type": "LogFloats", "path": ["network", "validation_loss_pr_file"], "values": [{"value": 0.6740511450916529, "step": null, "ts": 1647589438.7691343}]}, "version": 240}
{"obj": {"type": "LogFloats", "path": ["network", "val_acc_pr_file"], "values": [{"value": 0.3258267641067505, "step": null, "ts": 1647589438.7691343}]}, "version": 241}
{"obj": {"type": "LogStrings", "path": ["network", "val_confusion_matrix_pr_file"], "values": [{"value": "tensor([[ 3998821.,  3679866.],\n        [ 3575508., 11095805.]])", "step": null, "ts": 1647589438.770135}]}, "version": 242}
{"obj": {"type": "LogStrings", "path": ["monitoring", "stdout"], "values": [{"value": "Training epoch 14", "step": null, "ts": 1647589438.770135}]}, "version": 243}
{"obj": {"type": "LogStrings", "path": ["monitoring", "stdout"], "values": [{"value": "\n", "step": null, "ts": 1647589438.770135}]}, "version": 244}
{"obj": {"type": "LogFloats", "path": ["monitoring", "cpu"], "values": [{"value": 20.8, "step": null, "ts": 1647589440.4236836}]}, "version": 245}
{"obj": {"type": "LogFloats", "path": ["monitoring", "memory"], "values": [{"value": 9.278388977050781, "step": null, "ts": 1647589440.4236836}]}, "version": 246}
{"obj": {"type": "LogFloats", "path": ["monitoring", "gpu"], "values": [{"value": 98.0, "step": null, "ts": 1647589440.4236836}]}, "version": 247}
{"obj": {"type": "LogFloats", "path": ["monitoring", "gpu_memory"], "values": [{"value": 3.544342041015625, "step": null, "ts": 1647589440.4236836}]}, "version": 248}
{"obj": {"type": "LogFloats", "path": ["monitoring", "cpu"], "values": [{"value": 19.2, "step": null, "ts": 1647589450.4363735}]}, "version": 249}
{"obj": {"type": "LogFloats", "path": ["monitoring", "memory"], "values": [{"value": 8.595726013183594, "step": null, "ts": 1647589450.4363735}]}, "version": 250}
{"obj": {"type": "LogFloats", "path": ["monitoring", "gpu"], "values": [{"value": 98.0, "step": null, "ts": 1647589450.4363735}]}, "version": 251}
{"obj": {"type": "LogFloats", "path": ["monitoring", "gpu_memory"], "values": [{"value": 3.544342041015625, "step": null, "ts": 1647589450.4363735}]}, "version": 252}
{"obj": {"type": "LogFloats", "path": ["network", "train_loss_pr_file"], "values": [{"value": 0.5593539807903632, "step": null, "ts": 1647589455.2635734}]}, "version": 253}
{"obj": {"type": "LogFloats", "path": ["network", "train_acc_pr_file"], "values": [{"value": 0.17059069871902466, "step": null, "ts": 1647589455.2635734}]}, "version": 254}
{"obj": {"type": "LogStrings", "path": ["network", "train_confusion_matrix_pr_file"], "values": [{"value": "tensor([[ 3973258.,  6622294.],\n        [ 4199293., 48280156.]])", "step": null, "ts": 1647589455.2645743}]}, "version": 255}
{"obj": {"type": "LogFloats", "path": ["network", "validation_loss_pr_file"], "values": [{"value": 0.7406925559043884, "step": null, "ts": 1647589458.031472}]}, "version": 256}
{"obj": {"type": "LogFloats", "path": ["network", "val_acc_pr_file"], "values": [{"value": 0.28627172112464905, "step": null, "ts": 1647589458.031472}]}, "version": 257}
{"obj": {"type": "LogStrings", "path": ["network", "val_confusion_matrix_pr_file"], "values": [{"value": "tensor([[ 1663263.,   789440.],\n        [ 5691329., 14205968.]])", "step": null, "ts": 1647589458.031472}]}, "version": 258}
{"obj": {"type": "LogStrings", "path": ["monitoring", "stdout"], "values": [{"value": "Training epoch 15", "step": null, "ts": 1647589458.0324724}]}, "version": 259}
{"obj": {"type": "LogStrings", "path": ["monitoring", "stdout"], "values": [{"value": "\n", "step": null, "ts": 1647589458.0324724}]}, "version": 260}
{"obj": {"type": "LogFloats", "path": ["monitoring", "cpu"], "values": [{"value": 21.4, "step": null, "ts": 1647589460.4480772}]}, "version": 261}
{"obj": {"type": "LogFloats", "path": ["monitoring", "memory"], "values": [{"value": 9.04653549194336, "step": null, "ts": 1647589460.4480772}]}, "version": 262}
{"obj": {"type": "LogFloats", "path": ["monitoring", "gpu"], "values": [{"value": 98.0, "step": null, "ts": 1647589460.4480772}]}, "version": 263}
{"obj": {"type": "LogFloats", "path": ["monitoring", "gpu_memory"], "values": [{"value": 3.544342041015625, "step": null, "ts": 1647589460.4480772}]}, "version": 264}
{"obj": {"type": "LogFloats", "path": ["monitoring", "cpu"], "values": [{"value": 16.9, "step": null, "ts": 1647589470.4630961}]}, "version": 265}
{"obj": {"type": "LogFloats", "path": ["monitoring", "memory"], "values": [{"value": 9.416694641113281, "step": null, "ts": 1647589470.4630961}]}, "version": 266}
{"obj": {"type": "LogFloats", "path": ["monitoring", "gpu"], "values": [{"value": 99.0, "step": null, "ts": 1647589470.4630961}]}, "version": 267}
{"obj": {"type": "LogFloats", "path": ["monitoring", "gpu_memory"], "values": [{"value": 3.544342041015625, "step": null, "ts": 1647589470.4630961}]}, "version": 268}
{"obj": {"type": "LogFloats", "path": ["network", "train_loss_pr_file"], "values": [{"value": 0.5806450331478976, "step": null, "ts": 1647589474.395304}]}, "version": 269}
{"obj": {"type": "LogFloats", "path": ["network", "train_acc_pr_file"], "values": [{"value": 0.16696375608444214, "step": null, "ts": 1647589474.3963048}]}, "version": 270}
{"obj": {"type": "LogStrings", "path": ["network", "train_confusion_matrix_pr_file"], "values": [{"value": "tensor([[ 3854853.,  6262787.],\n        [ 4378142., 48579216.]])", "step": null, "ts": 1647589474.3963048}]}, "version": 271}
{"obj": {"type": "LogFloats", "path": ["network", "validation_loss_pr_file"], "values": [{"value": 0.7210647277534008, "step": null, "ts": 1647589477.2534072}]}, "version": 272}
{"obj": {"type": "LogFloats", "path": ["network", "val_acc_pr_file"], "values": [{"value": 0.28216326236724854, "step": null, "ts": 1647589477.2534072}]}, "version": 273}
{"obj": {"type": "LogStrings", "path": ["network", "val_confusion_matrix_pr_file"], "values": [{"value": "tensor([[ 1795431.,   934500.],\n        [ 5452314., 14167755.]])", "step": null, "ts": 1647589477.2534072}]}, "version": 274}
{"obj": {"type": "LogStrings", "path": ["monitoring", "stdout"], "values": [{"value": "Training epoch 16", "step": null, "ts": 1647589477.2534072}]}, "version": 275}
{"obj": {"type": "LogStrings", "path": ["monitoring", "stdout"], "values": [{"value": "\n", "step": null, "ts": 1647589477.254407}]}, "version": 276}
{"obj": {"type": "LogFloats", "path": ["monitoring", "cpu"], "values": [{"value": 20.7, "step": null, "ts": 1647589480.4763844}]}, "version": 277}
{"obj": {"type": "LogFloats", "path": ["monitoring", "memory"], "values": [{"value": 8.926753997802734, "step": null, "ts": 1647589480.4763844}]}, "version": 278}
{"obj": {"type": "LogFloats", "path": ["monitoring", "gpu"], "values": [{"value": 98.0, "step": null, "ts": 1647589480.4763844}]}, "version": 279}
{"obj": {"type": "LogFloats", "path": ["monitoring", "gpu_memory"], "values": [{"value": 3.544342041015625, "step": null, "ts": 1647589480.4763844}]}, "version": 280}
{"obj": {"type": "LogFloats", "path": ["monitoring", "cpu"], "values": [{"value": 17.5, "step": null, "ts": 1647589490.4819536}]}, "version": 281}
{"obj": {"type": "LogFloats", "path": ["monitoring", "memory"], "values": [{"value": 9.324535369873047, "step": null, "ts": 1647589490.4819536}]}, "version": 282}
{"obj": {"type": "LogFloats", "path": ["monitoring", "gpu"], "values": [{"value": 93.0, "step": null, "ts": 1647589490.4819536}]}, "version": 283}
{"obj": {"type": "LogFloats", "path": ["monitoring", "gpu_memory"], "values": [{"value": 3.544342041015625, "step": null, "ts": 1647589490.4819536}]}, "version": 284}
{"obj": {"type": "LogFloats", "path": ["network", "train_loss_pr_file"], "values": [{"value": 0.5783663790547446, "step": null, "ts": 1647589493.7378657}]}, "version": 285}
{"obj": {"type": "LogFloats", "path": ["network", "train_acc_pr_file"], "values": [{"value": 0.18354849517345428, "step": null, "ts": 1647589493.7388668}]}, "version": 286}
{"obj": {"type": "LogStrings", "path": ["network", "train_confusion_matrix_pr_file"], "values": [{"value": "tensor([[ 3422574.,  6629462.],\n        [ 4967089., 48055868.]])", "step": null, "ts": 1647589493.7388668}]}, "version": 287}
{"obj": {"type": "LogFloats", "path": ["network", "validation_loss_pr_file"], "values": [{"value": 0.6593427304178476, "step": null, "ts": 1647589496.5058093}]}, "version": 288}
{"obj": {"type": "LogFloats", "path": ["network", "val_acc_pr_file"], "values": [{"value": 0.2793547511100769, "step": null, "ts": 1647589496.5068102}]}, "version": 289}
{"obj": {"type": "LogStrings", "path": ["network", "val_confusion_matrix_pr_file"], "values": [{"value": "tensor([[ 3237460.,  2329390.],\n        [ 3949036., 12834114.]])", "step": null, "ts": 1647589496.5068102}]}, "version": 290}
{"obj": {"type": "LogStrings", "path": ["monitoring", "stdout"], "values": [{"value": "Training epoch 17", "step": null, "ts": 1647589496.5068102}]}, "version": 291}
{"obj": {"type": "LogStrings", "path": ["monitoring", "stdout"], "values": [{"value": "\n", "step": null, "ts": 1647589496.5068102}]}, "version": 292}
{"obj": {"type": "LogFloats", "path": ["monitoring", "cpu"], "values": [{"value": 21.3, "step": null, "ts": 1647589500.5002735}]}, "version": 293}
{"obj": {"type": "LogFloats", "path": ["monitoring", "memory"], "values": [{"value": 8.774688720703125, "step": null, "ts": 1647589500.5002735}]}, "version": 294}
{"obj": {"type": "LogFloats", "path": ["monitoring", "gpu"], "values": [{"value": 98.0, "step": null, "ts": 1647589500.5002735}]}, "version": 295}
{"obj": {"type": "LogFloats", "path": ["monitoring", "gpu_memory"], "values": [{"value": 3.544342041015625, "step": null, "ts": 1647589500.5002735}]}, "version": 296}
{"obj": {"type": "LogFloats", "path": ["monitoring", "cpu"], "values": [{"value": 17.6, "step": null, "ts": 1647589510.5165212}]}, "version": 297}
{"obj": {"type": "LogFloats", "path": ["monitoring", "memory"], "values": [{"value": 9.144828796386719, "step": null, "ts": 1647589510.5165212}]}, "version": 298}
{"obj": {"type": "LogFloats", "path": ["monitoring", "gpu"], "values": [{"value": 100.0, "step": null, "ts": 1647589510.5165212}]}, "version": 299}
{"obj": {"type": "LogFloats", "path": ["monitoring", "gpu_memory"], "values": [{"value": 3.544342041015625, "step": null, "ts": 1647589510.5165212}]}, "version": 300}
{"obj": {"type": "LogFloats", "path": ["network", "train_loss_pr_file"], "values": [{"value": 0.5884199323279135, "step": null, "ts": 1647589513.0688415}]}, "version": 301}
{"obj": {"type": "LogFloats", "path": ["network", "train_acc_pr_file"], "values": [{"value": 0.20340529084205627, "step": null, "ts": 1647589513.0688415}]}, "version": 302}
{"obj": {"type": "LogStrings", "path": ["network", "train_confusion_matrix_pr_file"], "values": [{"value": "tensor([[ 3129270.,  7663843.],\n        [ 5182748., 47099144.]])", "step": null, "ts": 1647589513.0698419}]}, "version": 303}
{"obj": {"type": "LogFloats", "path": ["network", "validation_loss_pr_file"], "values": [{"value": 0.680189834907651, "step": null, "ts": 1647589515.7281795}]}, "version": 304}
{"obj": {"type": "LogFloats", "path": ["network", "val_acc_pr_file"], "values": [{"value": 0.2852192223072052, "step": null, "ts": 1647589515.729208}]}, "version": 305}
{"obj": {"type": "LogStrings", "path": ["network", "val_confusion_matrix_pr_file"], "values": [{"value": "tensor([[ 2931540.,  1881272.],\n        [ 4539222., 12997966.]])", "step": null, "ts": 1647589515.729208}]}, "version": 306}
{"obj": {"type": "LogStrings", "path": ["monitoring", "stdout"], "values": [{"value": "Training epoch 18", "step": null, "ts": 1647589515.729208}]}, "version": 307}
{"obj": {"type": "LogStrings", "path": ["monitoring", "stdout"], "values": [{"value": "\n", "step": null, "ts": 1647589515.729208}]}, "version": 308}
{"obj": {"type": "LogFloats", "path": ["monitoring", "cpu"], "values": [{"value": 20.5, "step": null, "ts": 1647589520.5203204}]}, "version": 309}
{"obj": {"type": "LogFloats", "path": ["monitoring", "memory"], "values": [{"value": 8.34164047241211, "step": null, "ts": 1647589520.5203204}]}, "version": 310}
{"obj": {"type": "LogFloats", "path": ["monitoring", "gpu"], "values": [{"value": 68.0, "step": null, "ts": 1647589520.5203204}]}, "version": 311}
{"obj": {"type": "LogFloats", "path": ["monitoring", "gpu_memory"], "values": [{"value": 3.544342041015625, "step": null, "ts": 1647589520.5203204}]}, "version": 312}
{"obj": {"type": "LogFloats", "path": ["monitoring", "cpu"], "values": [{"value": 18.8, "step": null, "ts": 1647589530.5266519}]}, "version": 313}
{"obj": {"type": "LogFloats", "path": ["monitoring", "memory"], "values": [{"value": 8.744216918945312, "step": null, "ts": 1647589530.5266519}]}, "version": 314}
{"obj": {"type": "LogFloats", "path": ["monitoring", "gpu"], "values": [{"value": 98.0, "step": null, "ts": 1647589530.5266519}]}, "version": 315}
{"obj": {"type": "LogFloats", "path": ["monitoring", "gpu_memory"], "values": [{"value": 3.544342041015625, "step": null, "ts": 1647589530.5266519}]}, "version": 316}
{"obj": {"type": "LogFloats", "path": ["network", "train_loss_pr_file"], "values": [{"value": 0.5691463820050272, "step": null, "ts": 1647589532.2096837}]}, "version": 317}
{"obj": {"type": "LogFloats", "path": ["network", "train_acc_pr_file"], "values": [{"value": 0.1657252460718155, "step": null, "ts": 1647589532.210685}]}, "version": 318}
{"obj": {"type": "LogStrings", "path": ["network", "train_confusion_matrix_pr_file"], "values": [{"value": "tensor([[ 2750242.,  5132129.],\n        [ 5370398., 49822232.]])", "step": null, "ts": 1647589532.210685}]}, "version": 319}
{"obj": {"type": "LogFloats", "path": ["network", "validation_loss_pr_file"], "values": [{"value": 0.6577498987317085, "step": null, "ts": 1647589534.9661813}]}, "version": 320}
{"obj": {"type": "LogFloats", "path": ["network", "val_acc_pr_file"], "values": [{"value": 0.2806952893733978, "step": null, "ts": 1647589534.9661813}]}, "version": 321}
{"obj": {"type": "LogStrings", "path": ["network", "val_confusion_matrix_pr_file"], "values": [{"value": "tensor([[ 3057440.,  2240544.],\n        [ 4073927., 12978089.]])", "step": null, "ts": 1647589534.9661813}]}, "version": 322}
{"obj": {"type": "LogStrings", "path": ["monitoring", "stdout"], "values": [{"value": "Training epoch 19", "step": null, "ts": 1647589534.9671822}]}, "version": 323}
{"obj": {"type": "LogStrings", "path": ["monitoring", "stdout"], "values": [{"value": "\n", "step": null, "ts": 1647589534.9671822}]}, "version": 324}
{"obj": {"type": "LogFloats", "path": ["monitoring", "cpu"], "values": [{"value": 22.0, "step": null, "ts": 1647589540.543984}]}, "version": 325}
{"obj": {"type": "LogFloats", "path": ["monitoring", "memory"], "values": [{"value": 8.355220794677734, "step": null, "ts": 1647589540.543984}]}, "version": 326}
{"obj": {"type": "LogFloats", "path": ["monitoring", "gpu"], "values": [{"value": 98.0, "step": null, "ts": 1647589540.543984}]}, "version": 327}
{"obj": {"type": "LogFloats", "path": ["monitoring", "gpu_memory"], "values": [{"value": 3.544342041015625, "step": null, "ts": 1647589540.543984}]}, "version": 328}
{"obj": {"type": "LogFloats", "path": ["monitoring", "cpu"], "values": [{"value": 18.5, "step": null, "ts": 1647589550.557664}]}, "version": 329}
{"obj": {"type": "LogFloats", "path": ["monitoring", "memory"], "values": [{"value": 8.759819030761719, "step": null, "ts": 1647589550.557664}]}, "version": 330}
{"obj": {"type": "LogFloats", "path": ["monitoring", "gpu"], "values": [{"value": 82.0, "step": null, "ts": 1647589550.557664}]}, "version": 331}
{"obj": {"type": "LogFloats", "path": ["monitoring", "gpu_memory"], "values": [{"value": 3.544342041015625, "step": null, "ts": 1647589550.557664}]}, "version": 332}
{"obj": {"type": "LogFloats", "path": ["network", "train_loss_pr_file"], "values": [{"value": 0.5651460638206997, "step": null, "ts": 1647589551.511531}]}, "version": 333}
{"obj": {"type": "LogFloats", "path": ["network", "train_acc_pr_file"], "values": [{"value": 0.19318222999572754, "step": null, "ts": 1647589551.511531}]}, "version": 334}
{"obj": {"type": "LogStrings", "path": ["network", "train_confusion_matrix_pr_file"], "values": [{"value": "tensor([[ 4274046.,  8179184.],\n        [ 4043189., 46578584.]])", "step": null, "ts": 1647589551.5125325}]}, "version": 335}
{"obj": {"type": "LogFloats", "path": ["network", "validation_loss_pr_file"], "values": [{"value": 0.6950856521725655, "step": null, "ts": 1647589554.2662468}]}, "version": 336}
{"obj": {"type": "LogFloats", "path": ["network", "val_acc_pr_file"], "values": [{"value": 0.2779839038848877, "step": null, "ts": 1647589554.2672477}]}, "version": 337}
{"obj": {"type": "LogStrings", "path": ["network", "val_confusion_matrix_pr_file"], "values": [{"value": "tensor([[ 1952547.,  1100950.],\n        [ 5194683., 14101820.]])", "step": null, "ts": 1647589554.2672477}]}, "version": 338}
{"obj": {"type": "LogStrings", "path": ["monitoring", "stdout"], "values": [{"value": "Training epoch 20", "step": null, "ts": 1647589554.2672477}]}, "version": 339}
{"obj": {"type": "LogStrings", "path": ["monitoring", "stdout"], "values": [{"value": "\n", "step": null, "ts": 1647589554.2682483}]}, "version": 340}
{"obj": {"type": "LogFloats", "path": ["monitoring", "cpu"], "values": [{"value": 21.0, "step": null, "ts": 1647589560.570831}]}, "version": 341}
{"obj": {"type": "LogFloats", "path": ["monitoring", "memory"], "values": [{"value": 9.231826782226562, "step": null, "ts": 1647589560.570831}]}, "version": 342}
{"obj": {"type": "LogFloats", "path": ["monitoring", "gpu"], "values": [{"value": 98.0, "step": null, "ts": 1647589560.570831}]}, "version": 343}
{"obj": {"type": "LogFloats", "path": ["monitoring", "gpu_memory"], "values": [{"value": 3.544342041015625, "step": null, "ts": 1647589560.570831}]}, "version": 344}
{"obj": {"type": "LogStrings", "path": ["monitoring", "traceback"], "values": [{"value": "An uncaught exception occurred while run was active on worker DESKTOP-SDMAFDQ.", "step": null, "ts": 1647589562.7798154}, {"value": "Marking run as failed", "step": null, "ts": 1647589562.7798154}, {"value": "Traceback:", "step": null, "ts": 1647589562.7798154}, {"value": "  File \"C:\\Users\\Marc\\Documents\\GitHub\\Artefact-Rejection\\unet-training.py\", line 158, in <module>\n    train_loss.append(loss.item())\n", "step": null, "ts": 1647589562.7798154}, {"value": "", "step": null, "ts": 1647589562.7798154}]}, "version": 345}
{"obj": {"type": "AssignBool", "path": ["sys", "failed"], "value": true}, "version": 346}
{"obj": {"type": "LogStrings", "path": ["monitoring", "stderr"], "values": [{"value": "Traceback (most recent call last):\n", "step": null, "ts": 1647589562.7808163}]}, "version": 347}
{"obj": {"type": "LogStrings", "path": ["monitoring", "stderr"], "values": [{"value": "  File \"C:\\Users\\Marc\\Documents\\GitHub\\Artefact-Rejection\\unet-training.py\", line 158, in <module>\n", "step": null, "ts": 1647589562.7818172}]}, "version": 348}
{"obj": {"type": "LogStrings", "path": ["monitoring", "stderr"], "values": [{"value": "    ", "step": null, "ts": 1647589562.7818172}]}, "version": 349}
{"obj": {"type": "LogStrings", "path": ["monitoring", "stderr"], "values": [{"value": "train_loss.append(loss.item())", "step": null, "ts": 1647589562.7818172}]}, "version": 350}
{"obj": {"type": "LogStrings", "path": ["monitoring", "stderr"], "values": [{"value": "\n", "step": null, "ts": 1647589562.7818172}]}, "version": 351}
{"obj": {"type": "LogStrings", "path": ["monitoring", "stderr"], "values": [{"value": "KeyboardInterrupt", "step": null, "ts": 1647589562.7818172}]}, "version": 352}
{"obj": {"type": "LogStrings", "path": ["monitoring", "stderr"], "values": [{"value": "", "step": null, "ts": 1647589562.7828186}]}, "version": 353}
{"obj": {"type": "LogStrings", "path": ["monitoring", "stderr"], "values": [{"value": "\n", "step": null, "ts": 1647589562.7828186}]}, "version": 354}
