{"obj": {"type": "AssignString", "path": ["sys", "name"], "value": "Untitled"}, "version": 1}
{"obj": {"type": "AssignString", "path": ["sys", "description"], "value": ""}, "version": 2}
{"obj": {"type": "AssignString", "path": ["sys", "hostname"], "value": "DESKTOP-SDMAFDQ"}, "version": 3}
{"obj": {"type": "AssignBool", "path": ["sys", "failed"], "value": false}, "version": 4}
{"obj": {"type": "ClearStringLog", "path": ["monitoring", "stdout"]}, "version": 5}
{"obj": {"type": "ClearStringLog", "path": ["monitoring", "stderr"]}, "version": 6}
{"obj": {"type": "AssignString", "path": ["source_code", "entrypoint"], "value": "unet-training.py"}, "version": 7}
{"obj": {"type": "UploadFileSet", "path": ["source_code", "files"], "file_globs": ["C:\\Users\\Marc\\Documents\\GitHub\\Artefact-Rejection\\unet-training.py"], "reset": "False"}, "version": 8}
{"obj": {"type": "ConfigFloatSeries", "path": ["monitoring", "cpu"], "min": 0.0, "max": 100.0, "unit": "%"}, "version": 9}
{"obj": {"type": "ClearFloatLog", "path": ["monitoring", "cpu"]}, "version": 10}
{"obj": {"type": "ConfigFloatSeries", "path": ["monitoring", "memory"], "min": 0.0, "max": 15.387187957763672, "unit": "GB"}, "version": 11}
{"obj": {"type": "ClearFloatLog", "path": ["monitoring", "memory"]}, "version": 12}
{"obj": {"type": "ConfigFloatSeries", "path": ["monitoring", "gpu"], "min": 0.0, "max": 100.0, "unit": "%"}, "version": 13}
{"obj": {"type": "ClearFloatLog", "path": ["monitoring", "gpu"]}, "version": 14}
{"obj": {"type": "ConfigFloatSeries", "path": ["monitoring", "gpu_memory"], "min": 0.0, "max": 4.0, "unit": "GB"}, "version": 15}
{"obj": {"type": "ClearFloatLog", "path": ["monitoring", "gpu_memory"]}, "version": 16}
{"obj": {"type": "AssignString", "path": ["network", "parameters", "optimizer"], "value": "SGD"}, "version": 17}
{"obj": {"type": "AssignFloat", "path": ["network", "parameters", "optimizer_momentum"], "value": 0.9}, "version": 18}
{"obj": {"type": "AssignFloat", "path": ["network", "parameters", "optimizer_learning_rate"], "value": 0.1}, "version": 19}
{"obj": {"type": "AssignString", "path": ["network", "parameters", "loss_function"], "value": "CrossEntropyLoss"}, "version": 20}
{"obj": {"type": "AssignString", "path": ["network", "parameters", "loss_function_weights"], "value": "[1, 10]"}, "version": 21}
{"obj": {"type": "AssignString", "path": ["network", "parameters", "loss_function_reduction"], "value": "mean"}, "version": 22}
{"obj": {"type": "AssignString", "path": ["network", "parameters", "model"], "value": "Unet"}, "version": 23}
{"obj": {"type": "LogFloats", "path": ["monitoring", "cpu"], "values": [{"value": 11.3, "step": null, "ts": 1647807308.9138207}]}, "version": 24}
{"obj": {"type": "LogFloats", "path": ["monitoring", "memory"], "values": [{"value": 7.397991180419922, "step": null, "ts": 1647807308.9138207}]}, "version": 25}
{"obj": {"type": "LogFloats", "path": ["monitoring", "gpu_memory"], "values": [{"value": 0.051025390625, "step": null, "ts": 1647807308.9138207}]}, "version": 26}
{"obj": {"type": "LogStrings", "path": ["monitoring", "stdout"], "values": [{"value": "Training epoch 0", "step": null, "ts": 1647807308.9778788}]}, "version": 27}
{"obj": {"type": "LogStrings", "path": ["monitoring", "stdout"], "values": [{"value": "\n", "step": null, "ts": 1647807308.9778788}]}, "version": 28}
{"obj": {"type": "LogStrings", "path": ["monitoring", "stdout"], "values": [{"value": "tensor(0.8702, device='cuda:0')", "step": null, "ts": 1647807310.792001}]}, "version": 29}
{"obj": {"type": "LogStrings", "path": ["monitoring", "stdout"], "values": [{"value": "\n", "step": null, "ts": 1647807310.792001}]}, "version": 30}
{"obj": {"type": "LogStrings", "path": ["monitoring", "stdout"], "values": [{"value": "tensor(0.6025, device='cuda:0')", "step": null, "ts": 1647807310.9847727}]}, "version": 31}
{"obj": {"type": "LogStrings", "path": ["monitoring", "stdout"], "values": [{"value": "\n", "step": null, "ts": 1647807310.9847727}]}, "version": 32}
{"obj": {"type": "LogStrings", "path": ["monitoring", "stdout"], "values": [{"value": "tensor(0.3937, device='cuda:0')", "step": null, "ts": 1647807311.1729426}]}, "version": 33}
{"obj": {"type": "LogStrings", "path": ["monitoring", "stdout"], "values": [{"value": "\n", "step": null, "ts": 1647807311.1729426}]}, "version": 34}
{"obj": {"type": "LogStrings", "path": ["monitoring", "stdout"], "values": [{"value": "tensor(0.3150, device='cuda:0')", "step": null, "ts": 1647807311.361114}]}, "version": 35}
{"obj": {"type": "LogStrings", "path": ["monitoring", "stdout"], "values": [{"value": "\n", "step": null, "ts": 1647807311.361114}]}, "version": 36}
{"obj": {"type": "LogStrings", "path": ["monitoring", "stdout"], "values": [{"value": "tensor(0.2004, device='cuda:0')", "step": null, "ts": 1647807311.5493565}]}, "version": 37}
{"obj": {"type": "LogStrings", "path": ["monitoring", "stdout"], "values": [{"value": "\n", "step": null, "ts": 1647807311.5493565}]}, "version": 38}
{"obj": {"type": "LogStrings", "path": ["monitoring", "stdout"], "values": [{"value": "tensor(0.1531, device='cuda:0')", "step": null, "ts": 1647807311.7379801}]}, "version": 39}
{"obj": {"type": "LogStrings", "path": ["monitoring", "stdout"], "values": [{"value": "\n", "step": null, "ts": 1647807311.738981}]}, "version": 40}
{"obj": {"type": "LogStrings", "path": ["monitoring", "stdout"], "values": [{"value": "tensor(0.2232, device='cuda:0')", "step": null, "ts": 1647807312.004052}]}, "version": 41}
{"obj": {"type": "LogStrings", "path": ["monitoring", "stdout"], "values": [{"value": "\n", "step": null, "ts": 1647807312.005053}]}, "version": 42}
{"obj": {"type": "LogStrings", "path": ["monitoring", "stdout"], "values": [{"value": "tensor(0.2299, device='cuda:0')", "step": null, "ts": 1647807312.1931605}]}, "version": 43}
{"obj": {"type": "LogStrings", "path": ["monitoring", "stdout"], "values": [{"value": "\n", "step": null, "ts": 1647807312.1931605}]}, "version": 44}
{"obj": {"type": "LogStrings", "path": ["monitoring", "stdout"], "values": [{"value": "tensor(0.1801, device='cuda:0')", "step": null, "ts": 1647807312.3808346}]}, "version": 45}
{"obj": {"type": "LogStrings", "path": ["monitoring", "stdout"], "values": [{"value": "\n", "step": null, "ts": 1647807312.3818352}]}, "version": 46}
{"obj": {"type": "LogStrings", "path": ["monitoring", "stdout"], "values": [{"value": "tensor(0.1603, device='cuda:0')", "step": null, "ts": 1647807312.5701365}]}, "version": 47}
{"obj": {"type": "LogStrings", "path": ["monitoring", "stdout"], "values": [{"value": "\n", "step": null, "ts": 1647807312.5701365}]}, "version": 48}
{"obj": {"type": "LogStrings", "path": ["monitoring", "stdout"], "values": [{"value": "tensor(0.1017, device='cuda:0')", "step": null, "ts": 1647807312.7583783}]}, "version": 49}
{"obj": {"type": "LogStrings", "path": ["monitoring", "stdout"], "values": [{"value": "\n", "step": null, "ts": 1647807312.7583783}]}, "version": 50}
{"obj": {"type": "LogStrings", "path": ["monitoring", "stdout"], "values": [{"value": "tensor(0.0725, device='cuda:0')", "step": null, "ts": 1647807312.9480648}]}, "version": 51}
{"obj": {"type": "LogStrings", "path": ["monitoring", "stdout"], "values": [{"value": "\n", "step": null, "ts": 1647807312.9480648}]}, "version": 52}
{"obj": {"type": "LogStrings", "path": ["monitoring", "stdout"], "values": [{"value": "tensor(0.4289, device='cuda:0')", "step": null, "ts": 1647807313.1542504}]}, "version": 53}
{"obj": {"type": "LogStrings", "path": ["monitoring", "stdout"], "values": [{"value": "\n", "step": null, "ts": 1647807313.1542504}]}, "version": 54}
{"obj": {"type": "LogStrings", "path": ["monitoring", "stdout"], "values": [{"value": "tensor(0.2116, device='cuda:0')", "step": null, "ts": 1647807313.343424}]}, "version": 55}
{"obj": {"type": "LogStrings", "path": ["monitoring", "stdout"], "values": [{"value": "\n", "step": null, "ts": 1647807313.343424}]}, "version": 56}
{"obj": {"type": "LogStrings", "path": ["monitoring", "stdout"], "values": [{"value": "tensor(0.2247, device='cuda:0')", "step": null, "ts": 1647807313.531595}]}, "version": 57}
{"obj": {"type": "LogStrings", "path": ["monitoring", "stdout"], "values": [{"value": "\n", "step": null, "ts": 1647807313.531595}]}, "version": 58}
{"obj": {"type": "LogStrings", "path": ["monitoring", "stdout"], "values": [{"value": "tensor(0.3152, device='cuda:0')", "step": null, "ts": 1647807313.7197664}]}, "version": 59}
{"obj": {"type": "LogStrings", "path": ["monitoring", "stdout"], "values": [{"value": "\n", "step": null, "ts": 1647807313.7207675}]}, "version": 60}
{"obj": {"type": "LogStrings", "path": ["monitoring", "stdout"], "values": [{"value": "tensor(0.1472, device='cuda:0')", "step": null, "ts": 1647807313.8018405}]}, "version": 61}
{"obj": {"type": "LogStrings", "path": ["monitoring", "stdout"], "values": [{"value": "\n", "step": null, "ts": 1647807313.8018405}]}, "version": 62}
{"obj": {"type": "LogStrings", "path": ["monitoring", "stdout"], "values": [{"value": "tensor(0.2377, device='cuda:0')", "step": null, "ts": 1647807314.0400565}]}, "version": 63}
{"obj": {"type": "LogStrings", "path": ["monitoring", "stdout"], "values": [{"value": "\n", "step": null, "ts": 1647807314.0400565}]}, "version": 64}
{"obj": {"type": "LogStrings", "path": ["monitoring", "stdout"], "values": [{"value": "tensor(0.0590, device='cuda:0')", "step": null, "ts": 1647807314.2282283}]}, "version": 65}
{"obj": {"type": "LogStrings", "path": ["monitoring", "stdout"], "values": [{"value": "\n", "step": null, "ts": 1647807314.2292295}]}, "version": 66}
{"obj": {"type": "LogStrings", "path": ["monitoring", "traceback"], "values": [{"value": "An uncaught exception occurred while run was active on worker DESKTOP-SDMAFDQ.", "step": null, "ts": 1647807314.4139771}, {"value": "Marking run as failed", "step": null, "ts": 1647807314.4139771}, {"value": "Traceback:", "step": null, "ts": 1647807314.4139771}, {"value": "  File \"C:\\Users\\Marc\\Documents\\GitHub\\Artefact-Rejection\\unet-training.py\", line 159, in <module>\n    train_loss.append(loss.item())\n", "step": null, "ts": 1647807314.4139771}, {"value": "", "step": null, "ts": 1647807314.4139771}]}, "version": 67}
{"obj": {"type": "AssignBool", "path": ["sys", "failed"], "value": true}, "version": 68}
{"obj": {"type": "LogStrings", "path": ["monitoring", "stderr"], "values": [{"value": "Traceback (most recent call last):\n", "step": null, "ts": 1647807314.414979}]}, "version": 69}
{"obj": {"type": "LogStrings", "path": ["monitoring", "stderr"], "values": [{"value": "  File \"C:\\Users\\Marc\\Documents\\GitHub\\Artefact-Rejection\\unet-training.py\", line 159, in <module>\n", "step": null, "ts": 1647807314.414979}]}, "version": 70}
{"obj": {"type": "LogStrings", "path": ["monitoring", "stderr"], "values": [{"value": "    ", "step": null, "ts": 1647807314.4161308}]}, "version": 71}
{"obj": {"type": "LogStrings", "path": ["monitoring", "stderr"], "values": [{"value": "train_loss.append(loss.item())", "step": null, "ts": 1647807314.4161308}]}, "version": 72}
{"obj": {"type": "LogStrings", "path": ["monitoring", "stderr"], "values": [{"value": "\n", "step": null, "ts": 1647807314.4161308}]}, "version": 73}
{"obj": {"type": "LogStrings", "path": ["monitoring", "stderr"], "values": [{"value": "KeyboardInterrupt", "step": null, "ts": 1647807314.4161308}]}, "version": 74}
{"obj": {"type": "LogStrings", "path": ["monitoring", "stderr"], "values": [{"value": "", "step": null, "ts": 1647807314.4161308}]}, "version": 75}
{"obj": {"type": "LogStrings", "path": ["monitoring", "stderr"], "values": [{"value": "\n", "step": null, "ts": 1647807314.4171264}]}, "version": 76}
