{"obj": {"type": "AssignString", "path": ["sys", "name"], "value": "Untitled"}, "version": 1}
{"obj": {"type": "AssignString", "path": ["sys", "description"], "value": ""}, "version": 2}
{"obj": {"type": "AssignString", "path": ["sys", "hostname"], "value": "DESKTOP-SDMAFDQ"}, "version": 3}
{"obj": {"type": "AssignBool", "path": ["sys", "failed"], "value": false}, "version": 4}
{"obj": {"type": "ClearStringLog", "path": ["monitoring", "stdout"]}, "version": 5}
{"obj": {"type": "ClearStringLog", "path": ["monitoring", "stderr"]}, "version": 6}
{"obj": {"type": "AssignString", "path": ["source_code", "entrypoint"], "value": "Learning_rate_finder2.py"}, "version": 7}
{"obj": {"type": "UploadFileSet", "path": ["source_code", "files"], "file_globs": ["C:\\Users\\Marc\\Documents\\GitHub\\Artefact-Rejection\\1. Finding the learning-rate\\Learning_rate_finder2.py"], "reset": "False"}, "version": 8}
{"obj": {"type": "ConfigFloatSeries", "path": ["monitoring", "cpu"], "min": 0.0, "max": 100.0, "unit": "%"}, "version": 9}
{"obj": {"type": "ClearFloatLog", "path": ["monitoring", "cpu"]}, "version": 10}
{"obj": {"type": "ConfigFloatSeries", "path": ["monitoring", "memory"], "min": 0.0, "max": 15.88718032836914, "unit": "GB"}, "version": 11}
{"obj": {"type": "ClearFloatLog", "path": ["monitoring", "memory"]}, "version": 12}
{"obj": {"type": "ConfigFloatSeries", "path": ["monitoring", "gpu"], "min": 0.0, "max": 100.0, "unit": "%"}, "version": 13}
{"obj": {"type": "ClearFloatLog", "path": ["monitoring", "gpu"]}, "version": 14}
{"obj": {"type": "ConfigFloatSeries", "path": ["monitoring", "gpu_memory"], "min": 0.0, "max": 4.0, "unit": "GB"}, "version": 15}
{"obj": {"type": "ClearFloatLog", "path": ["monitoring", "gpu_memory"]}, "version": 16}
{"obj": {"type": "LogFloats", "path": ["monitoring", "cpu"], "values": [{"value": 8.8, "step": null, "ts": 1648310500.5926497}]}, "version": 17}
{"obj": {"type": "LogFloats", "path": ["monitoring", "memory"], "values": [{"value": 8.004405975341797, "step": null, "ts": 1648310500.5926497}]}, "version": 18}
{"obj": {"type": "LogFloats", "path": ["monitoring", "gpu_memory"], "values": [{"value": 0.6050605773925781, "step": null, "ts": 1648310500.5926497}]}, "version": 19}
{"obj": {"type": "AssignString", "path": ["ADAM_net3", "parameters", "optimizer"], "value": "ADAM"}, "version": 20}
{"obj": {"type": "AssignInt", "path": ["ADAM_net3", "parameters", "batch_size"], "value": 10}, "version": 21}
{"obj": {"type": "AssignFloat", "path": ["ADAM_net3", "parameters", "optimizer_learning_rate"], "value": 0.37}, "version": 22}
{"obj": {"type": "AssignFloat", "path": ["ADAM_net3", "parameters", "optimizer_weight_decay"], "value": 1e-05}, "version": 23}
{"obj": {"type": "AssignString", "path": ["ADAM_net3", "parameters", "loss_function"], "value": "CrossEntropyLoss"}, "version": 24}
{"obj": {"type": "AssignString", "path": ["ADAM_net3", "parameters", "loss_function_weights"], "value": "[1, 5]"}, "version": 25}
{"obj": {"type": "AssignString", "path": ["ADAM_net3", "parameters", "loss_function_reduction"], "value": "mean"}, "version": 26}
{"obj": {"type": "AssignString", "path": ["ADAM_net3", "parameters", "model"], "value": "Unet"}, "version": 27}
{"obj": {"type": "LogStrings", "path": ["monitoring", "stdout"], "values": [{"value": "Training epoch 0", "step": null, "ts": 1648310500.6824508}]}, "version": 28}
{"obj": {"type": "LogStrings", "path": ["monitoring", "stdout"], "values": [{"value": "\n", "step": null, "ts": 1648310500.6824508}]}, "version": 29}
{"obj": {"type": "LogFloats", "path": ["ADAM_net3", "learning_rate"], "values": [{"value": 0.37, "step": null, "ts": 1648310500.6824508}]}, "version": 30}
{"obj": {"type": "LogFloats", "path": ["ADAM_net3", "train_loss_pr_file"], "values": [{"value": 0.7554371356964111, "step": null, "ts": 1648310502.408793}]}, "version": 31}
{"obj": {"type": "LogFloats", "path": ["ADAM_net3", "train_loss_pr_file"], "values": [{"value": 0.7127533455689748, "step": null, "ts": 1648310506.066599}]}, "version": 32}
{"obj": {"type": "LogFloats", "path": ["ADAM_net3", "train_acc_pr_file"], "values": [{"value": 0.7990467548370361, "step": null, "ts": 1648310506.0670998}]}, "version": 33}
{"obj": {"type": "LogStrings", "path": ["ADAM_net3", "matrix", "train_confusion_matrix_pr_file"], "values": [{"value": "tensor([[9.0620e+03, 5.8040e+05],\n        [2.3538e+06, 1.1382e+07]])", "step": null, "ts": 1648310506.0676}]}, "version": 34}
{"obj": {"type": "LogFloats", "path": ["ADAM_net3", "matrix", "train_tp_pr_file"], "values": [{"value": 0.015373236499726772, "step": null, "ts": 1648310506.0681005}]}, "version": 35}
{"obj": {"type": "LogFloats", "path": ["ADAM_net3", "matrix", "train_fp_pr_file"], "values": [{"value": 0.9846267700195312, "step": null, "ts": 1648310506.0681005}]}, "version": 36}
{"obj": {"type": "LogFloats", "path": ["ADAM_net3", "matrix", "train_fn_pr_file"], "values": [{"value": 0.1713653802871704, "step": null, "ts": 1648310506.0686007}]}, "version": 37}
{"obj": {"type": "LogFloats", "path": ["ADAM_net3", "matrix", "train_tn_pr_file"], "values": [{"value": 0.8286346197128296, "step": null, "ts": 1648310506.0686007}]}, "version": 38}
{"obj": {"type": "LogFloats", "path": ["ADAM_net3", "validation_loss_pr_file"], "values": [{"value": 0.9979392886161804, "step": null, "ts": 1648310506.1892042}]}, "version": 39}
{"obj": {"type": "LogFloats", "path": ["ADAM_net3", "validation_loss_pr_file"], "values": [{"value": 0.7941572410719735, "step": null, "ts": 1648310506.8370683}]}, "version": 40}
{"obj": {"type": "LogFloats", "path": ["ADAM_net3", "val_acc_pr_file"], "values": [{"value": 0.818561851978302, "step": null, "ts": 1648310506.8370683}]}, "version": 41}
{"obj": {"type": "LogStrings", "path": ["ADAM_net3", "matrix", "val_confusion_matrix_pr_file"], "values": [{"value": "tensor([[      0.,       0.],\n        [ 928363., 4021637.]])", "step": null, "ts": 1648310506.8375688}]}, "version": 42}
{"obj": {"type": "LogFloats", "path": ["ADAM_net3", "matrix", "val_tp_pr_file"], "values": [{"value": 1.0, "step": null, "ts": 1648310506.8380685}]}, "version": 43}
{"obj": {"type": "LogFloats", "path": ["ADAM_net3", "matrix", "val_fp_pr_file"], "values": [{"value": 1.0, "step": null, "ts": 1648310506.8380685}]}, "version": 44}
{"obj": {"type": "LogFloats", "path": ["ADAM_net3", "matrix", "val_fn_pr_file"], "values": [{"value": 0.18754808604717255, "step": null, "ts": 1648310506.8380685}]}, "version": 45}
{"obj": {"type": "LogFloats", "path": ["ADAM_net3", "matrix", "val_tn_pr_file"], "values": [{"value": 0.8124518990516663, "step": null, "ts": 1648310506.838569}]}, "version": 46}
{"obj": {"type": "LogStrings", "path": ["monitoring", "stdout"], "values": [{"value": "Training epoch 1", "step": null, "ts": 1648310506.838569}]}, "version": 47}
{"obj": {"type": "LogStrings", "path": ["monitoring", "stdout"], "values": [{"value": "\n", "step": null, "ts": 1648310506.838569}]}, "version": 48}
{"obj": {"type": "LogFloats", "path": ["ADAM_net3", "learning_rate"], "values": [{"value": 0.37, "step": null, "ts": 1648310506.8390694}]}, "version": 49}
{"obj": {"type": "LogFloats", "path": ["monitoring", "cpu"], "values": [{"value": 19.8, "step": null, "ts": 1648310510.6086495}]}, "version": 50}
{"obj": {"type": "LogFloats", "path": ["monitoring", "memory"], "values": [{"value": 9.926483154296875, "step": null, "ts": 1648310510.6086495}]}, "version": 51}
{"obj": {"type": "LogFloats", "path": ["monitoring", "gpu"], "values": [{"value": 98.0, "step": null, "ts": 1648310510.6086495}]}, "version": 52}
{"obj": {"type": "LogFloats", "path": ["monitoring", "gpu_memory"], "values": [{"value": 3.916004180908203, "step": null, "ts": 1648310510.6086495}]}, "version": 53}
{"obj": {"type": "LogFloats", "path": ["ADAM_net3", "train_loss_pr_file"], "values": [{"value": 0.7006257658913022, "step": null, "ts": 1648310510.7801242}]}, "version": 54}
{"obj": {"type": "LogFloats", "path": ["ADAM_net3", "train_acc_pr_file"], "values": [{"value": 0.8249844312667847, "step": null, "ts": 1648310510.7801242}]}, "version": 55}
{"obj": {"type": "LogStrings", "path": ["ADAM_net3", "matrix", "train_confusion_matrix_pr_file"], "values": [{"value": "tensor([[       0.,        0.],\n        [ 2512574., 11812426.]])", "step": null, "ts": 1648310510.7806246}]}, "version": 56}
{"obj": {"type": "LogFloats", "path": ["ADAM_net3", "matrix", "train_tp_pr_file"], "values": [{"value": 1.0, "step": null, "ts": 1648310510.7806246}]}, "version": 57}
{"obj": {"type": "LogFloats", "path": ["ADAM_net3", "matrix", "train_fp_pr_file"], "values": [{"value": 1.0, "step": null, "ts": 1648310510.7811246}]}, "version": 58}
{"obj": {"type": "LogFloats", "path": ["ADAM_net3", "matrix", "train_fn_pr_file"], "values": [{"value": 0.1753978431224823, "step": null, "ts": 1648310510.7811246}]}, "version": 59}
{"obj": {"type": "LogFloats", "path": ["ADAM_net3", "matrix", "train_tn_pr_file"], "values": [{"value": 0.8246021866798401, "step": null, "ts": 1648310510.7811246}]}, "version": 60}
{"obj": {"type": "LogFloats", "path": ["ADAM_net3", "validation_loss_pr_file"], "values": [{"value": 0.7813951032502311, "step": null, "ts": 1648310511.5382748}]}, "version": 61}
{"obj": {"type": "LogFloats", "path": ["ADAM_net3", "val_acc_pr_file"], "values": [{"value": 0.8194925785064697, "step": null, "ts": 1648310511.5387762}]}, "version": 62}
{"obj": {"type": "LogStrings", "path": ["ADAM_net3", "matrix", "val_confusion_matrix_pr_file"], "values": [{"value": "tensor([[      0.,       0.],\n        [ 929831., 4020169.]])", "step": null, "ts": 1648310511.5392768}]}, "version": 63}
{"obj": {"type": "LogFloats", "path": ["ADAM_net3", "matrix", "val_tp_pr_file"], "values": [{"value": 1.0, "step": null, "ts": 1648310511.5392768}]}, "version": 64}
{"obj": {"type": "LogFloats", "path": ["ADAM_net3", "matrix", "val_fp_pr_file"], "values": [{"value": 1.0, "step": null, "ts": 1648310511.5392768}]}, "version": 65}
{"obj": {"type": "LogFloats", "path": ["ADAM_net3", "matrix", "val_fn_pr_file"], "values": [{"value": 0.1878446489572525, "step": null, "ts": 1648310511.5397766}]}, "version": 66}
{"obj": {"type": "LogFloats", "path": ["ADAM_net3", "matrix", "val_tn_pr_file"], "values": [{"value": 0.8121553659439087, "step": null, "ts": 1648310511.5397766}]}, "version": 67}
{"obj": {"type": "LogStrings", "path": ["monitoring", "stdout"], "values": [{"value": "Training epoch 2", "step": null, "ts": 1648310511.5402763}]}, "version": 68}
{"obj": {"type": "LogStrings", "path": ["monitoring", "stdout"], "values": [{"value": "\n", "step": null, "ts": 1648310511.5402763}]}, "version": 69}
{"obj": {"type": "LogFloats", "path": ["ADAM_net3", "learning_rate"], "values": [{"value": 0.37, "step": null, "ts": 1648310511.5402763}]}, "version": 70}
{"obj": {"type": "LogFloats", "path": ["ADAM_net3", "train_loss_pr_file"], "values": [{"value": 0.6880942781766256, "step": null, "ts": 1648310515.464525}]}, "version": 71}
{"obj": {"type": "LogFloats", "path": ["ADAM_net3", "train_acc_pr_file"], "values": [{"value": 0.8316676020622253, "step": null, "ts": 1648310515.4650254}]}, "version": 72}
{"obj": {"type": "LogStrings", "path": ["ADAM_net3", "matrix", "train_confusion_matrix_pr_file"], "values": [{"value": "tensor([[       0.,        0.],\n        [ 2388034., 11936966.]])", "step": null, "ts": 1648310515.4655254}]}, "version": 73}
{"obj": {"type": "LogFloats", "path": ["ADAM_net3", "matrix", "train_tp_pr_file"], "values": [{"value": 1.0, "step": null, "ts": 1648310515.4655254}]}, "version": 74}
{"obj": {"type": "LogFloats", "path": ["ADAM_net3", "matrix", "train_fp_pr_file"], "values": [{"value": 1.0, "step": null, "ts": 1648310515.4655254}]}, "version": 75}
{"obj": {"type": "LogFloats", "path": ["ADAM_net3", "matrix", "train_fn_pr_file"], "values": [{"value": 0.1667039394378662, "step": null, "ts": 1648310515.4660258}]}, "version": 76}
{"obj": {"type": "LogFloats", "path": ["ADAM_net3", "matrix", "train_tn_pr_file"], "values": [{"value": 0.8332960605621338, "step": null, "ts": 1648310515.4660258}]}, "version": 77}
{"obj": {"type": "LogFloats", "path": ["ADAM_net3", "validation_loss_pr_file"], "values": [{"value": 0.7625025170189994, "step": null, "ts": 1648310516.2365074}]}, "version": 78}
{"obj": {"type": "LogFloats", "path": ["ADAM_net3", "val_acc_pr_file"], "values": [{"value": 0.8181325793266296, "step": null, "ts": 1648310516.237008}]}, "version": 79}
{"obj": {"type": "LogStrings", "path": ["ADAM_net3", "matrix", "val_confusion_matrix_pr_file"], "values": [{"value": "tensor([[      0.,       0.],\n        [ 936304., 4013696.]])", "step": null, "ts": 1648310516.237008}]}, "version": 80}
{"obj": {"type": "LogFloats", "path": ["ADAM_net3", "matrix", "val_tp_pr_file"], "values": [{"value": 1.0, "step": null, "ts": 1648310516.2375076}]}, "version": 81}
{"obj": {"type": "LogFloats", "path": ["ADAM_net3", "matrix", "val_fp_pr_file"], "values": [{"value": 1.0, "step": null, "ts": 1648310516.2375076}]}, "version": 82}
{"obj": {"type": "LogFloats", "path": ["ADAM_net3", "matrix", "val_fn_pr_file"], "values": [{"value": 0.189152330160141, "step": null, "ts": 1648310516.2375076}]}, "version": 83}
{"obj": {"type": "LogFloats", "path": ["ADAM_net3", "matrix", "val_tn_pr_file"], "values": [{"value": 0.8108476996421814, "step": null, "ts": 1648310516.2375076}]}, "version": 84}
{"obj": {"type": "LogStrings", "path": ["monitoring", "stdout"], "values": [{"value": "Training epoch 3", "step": null, "ts": 1648310516.238008}]}, "version": 85}
{"obj": {"type": "LogStrings", "path": ["monitoring", "stdout"], "values": [{"value": "\n", "step": null, "ts": 1648310516.238008}]}, "version": 86}
{"obj": {"type": "LogFloats", "path": ["ADAM_net3", "learning_rate"], "values": [{"value": 0.37, "step": null, "ts": 1648310516.238008}]}, "version": 87}
{"obj": {"type": "LogFloats", "path": ["ADAM_net3", "train_loss_pr_file"], "values": [{"value": 0.6902905177502405, "step": null, "ts": 1648310520.1686623}]}, "version": 88}
{"obj": {"type": "LogFloats", "path": ["ADAM_net3", "train_acc_pr_file"], "values": [{"value": 0.7507066130638123, "step": null, "ts": 1648310520.1686623}]}, "version": 89}
{"obj": {"type": "LogStrings", "path": ["ADAM_net3", "matrix", "train_confusion_matrix_pr_file"], "values": [{"value": "tensor([[  309610.,  1345329.],\n        [ 2181260., 10488801.]])", "step": null, "ts": 1648310520.169163}]}, "version": 90}
{"obj": {"type": "LogFloats", "path": ["ADAM_net3", "matrix", "train_tp_pr_file"], "values": [{"value": 0.1870824247598648, "step": null, "ts": 1648310520.169663}]}, "version": 91}
{"obj": {"type": "LogFloats", "path": ["ADAM_net3", "matrix", "train_fp_pr_file"], "values": [{"value": 0.8129175901412964, "step": null, "ts": 1648310520.169663}]}, "version": 92}
{"obj": {"type": "LogFloats", "path": ["ADAM_net3", "matrix", "train_fn_pr_file"], "values": [{"value": 0.1721585988998413, "step": null, "ts": 1648310520.169663}]}, "version": 93}
{"obj": {"type": "LogFloats", "path": ["ADAM_net3", "matrix", "train_tn_pr_file"], "values": [{"value": 0.8278414011001587, "step": null, "ts": 1648310520.1701636}]}, "version": 94}
{"obj": {"type": "LogFloats", "path": ["monitoring", "cpu"], "values": [{"value": 22.7, "step": null, "ts": 1648310520.6130433}]}, "version": 95}
{"obj": {"type": "LogFloats", "path": ["monitoring", "memory"], "values": [{"value": 9.984683990478516, "step": null, "ts": 1648310520.6130433}]}, "version": 96}
{"obj": {"type": "LogFloats", "path": ["monitoring", "gpu"], "values": [{"value": 97.0, "step": null, "ts": 1648310520.6130433}]}, "version": 97}
{"obj": {"type": "LogFloats", "path": ["monitoring", "gpu_memory"], "values": [{"value": 3.916004180908203, "step": null, "ts": 1648310520.6130433}]}, "version": 98}
{"obj": {"type": "LogFloats", "path": ["ADAM_net3", "validation_loss_pr_file"], "values": [{"value": 0.712556072643825, "step": null, "ts": 1648310520.9310973}]}, "version": 99}
{"obj": {"type": "LogFloats", "path": ["ADAM_net3", "val_acc_pr_file"], "values": [{"value": 0.7586731314659119, "step": null, "ts": 1648310520.9310973}]}, "version": 100}
{"obj": {"type": "LogStrings", "path": ["ADAM_net3", "matrix", "val_confusion_matrix_pr_file"], "values": [{"value": "tensor([[ 314404.,  571903.],\n        [ 632102., 3431591.]])", "step": null, "ts": 1648310520.9315977}]}, "version": 101}
{"obj": {"type": "LogFloats", "path": ["ADAM_net3", "matrix", "val_tp_pr_file"], "values": [{"value": 0.354734867811203, "step": null, "ts": 1648310520.9320977}]}, "version": 102}
{"obj": {"type": "LogFloats", "path": ["ADAM_net3", "matrix", "val_fp_pr_file"], "values": [{"value": 0.6452651023864746, "step": null, "ts": 1648310520.9320977}]}, "version": 103}
{"obj": {"type": "LogFloats", "path": ["ADAM_net3", "matrix", "val_fn_pr_file"], "values": [{"value": 0.15554866194725037, "step": null, "ts": 1648310520.9320977}]}, "version": 104}
{"obj": {"type": "LogFloats", "path": ["ADAM_net3", "matrix", "val_tn_pr_file"], "values": [{"value": 0.844451367855072, "step": null, "ts": 1648310520.9325984}]}, "version": 105}
