{"obj": {"type": "AssignString", "path": ["sys", "name"], "value": "Untitled"}, "version": 1}
{"obj": {"type": "AssignString", "path": ["sys", "description"], "value": ""}, "version": 2}
{"obj": {"type": "AssignString", "path": ["sys", "hostname"], "value": "DESKTOP-SDMAFDQ"}, "version": 3}
{"obj": {"type": "AssignBool", "path": ["sys", "failed"], "value": false}, "version": 4}
{"obj": {"type": "ClearStringLog", "path": ["monitoring", "stdout"]}, "version": 5}
{"obj": {"type": "ClearStringLog", "path": ["monitoring", "stderr"]}, "version": 6}
{"obj": {"type": "AssignString", "path": ["source_code", "entrypoint"], "value": "Learning_rate_finder2.py"}, "version": 7}
{"obj": {"type": "UploadFileSet", "path": ["source_code", "files"], "file_globs": ["C:\\Users\\Marc\\Documents\\GitHub\\Artefact-Rejection\\1. Finding the learning-rate\\Learning_rate_finder2.py"], "reset": "False"}, "version": 8}
{"obj": {"type": "ConfigFloatSeries", "path": ["monitoring", "cpu"], "min": 0.0, "max": 100.0, "unit": "%"}, "version": 9}
{"obj": {"type": "ClearFloatLog", "path": ["monitoring", "cpu"]}, "version": 10}
{"obj": {"type": "ConfigFloatSeries", "path": ["monitoring", "memory"], "min": 0.0, "max": 15.88718032836914, "unit": "GB"}, "version": 11}
{"obj": {"type": "ClearFloatLog", "path": ["monitoring", "memory"]}, "version": 12}
{"obj": {"type": "ConfigFloatSeries", "path": ["monitoring", "gpu"], "min": 0.0, "max": 100.0, "unit": "%"}, "version": 13}
{"obj": {"type": "ClearFloatLog", "path": ["monitoring", "gpu"]}, "version": 14}
{"obj": {"type": "ConfigFloatSeries", "path": ["monitoring", "gpu_memory"], "min": 0.0, "max": 4.0, "unit": "GB"}, "version": 15}
{"obj": {"type": "ClearFloatLog", "path": ["monitoring", "gpu_memory"]}, "version": 16}
{"obj": {"type": "LogFloats", "path": ["monitoring", "cpu"], "values": [{"value": 9.6, "step": null, "ts": 1648310428.8900247}]}, "version": 17}
{"obj": {"type": "LogFloats", "path": ["monitoring", "memory"], "values": [{"value": 8.011638641357422, "step": null, "ts": 1648310428.8900247}]}, "version": 18}
{"obj": {"type": "LogFloats", "path": ["monitoring", "gpu_memory"], "values": [{"value": 0.6070137023925781, "step": null, "ts": 1648310428.8900247}]}, "version": 19}
{"obj": {"type": "AssignString", "path": ["SGD_net9", "parameters", "optimizer"], "value": "SGD"}, "version": 20}
{"obj": {"type": "AssignInt", "path": ["SGD_net9", "parameters", "batch_size"], "value": 10}, "version": 21}
{"obj": {"type": "AssignInt", "path": ["SGD_net9", "parameters", "optimizer_learning_rate"], "value": 2}, "version": 22}
{"obj": {"type": "AssignFloat", "path": ["SGD_net9", "parameters", "optimizer_weight_decay"], "value": 1e-05}, "version": 23}
{"obj": {"type": "AssignString", "path": ["SGD_net9", "parameters", "loss_function"], "value": "CrossEntropyLoss"}, "version": 24}
{"obj": {"type": "AssignString", "path": ["SGD_net9", "parameters", "loss_function_weights"], "value": "[1, 5]"}, "version": 25}
{"obj": {"type": "AssignString", "path": ["SGD_net9", "parameters", "loss_function_reduction"], "value": "mean"}, "version": 26}
{"obj": {"type": "AssignString", "path": ["SGD_net9", "parameters", "model"], "value": "Unet"}, "version": 27}
{"obj": {"type": "LogStrings", "path": ["monitoring", "stdout"], "values": [{"value": "Training epoch 0", "step": null, "ts": 1648310428.9822385}]}, "version": 28}
{"obj": {"type": "LogStrings", "path": ["monitoring", "stdout"], "values": [{"value": "\n", "step": null, "ts": 1648310428.982739}]}, "version": 29}
{"obj": {"type": "LogFloats", "path": ["SGD_net9", "learning_rate"], "values": [{"value": 2.0, "step": null, "ts": 1648310428.982739}]}, "version": 30}
{"obj": {"type": "LogFloats", "path": ["SGD_net9", "train_loss_pr_file"], "values": [{"value": 0.7095383405685425, "step": null, "ts": 1648310430.6138504}]}, "version": 31}
{"obj": {"type": "LogFloats", "path": ["SGD_net9", "train_loss_pr_file"], "values": [{"value": 0.59410940465473, "step": null, "ts": 1648310434.2629209}]}, "version": 32}
{"obj": {"type": "LogFloats", "path": ["SGD_net9", "train_acc_pr_file"], "values": [{"value": 0.6370547413825989, "step": null, "ts": 1648310434.2633958}]}, "version": 33}
{"obj": {"type": "LogStrings", "path": ["SGD_net9", "matrix", "train_confusion_matrix_pr_file"], "values": [{"value": "tensor([[1508824., 4365836.],\n        [ 809694., 7640646.]])", "step": null, "ts": 1648310434.2643962}]}, "version": 34}
{"obj": {"type": "LogFloats", "path": ["SGD_net9", "matrix", "train_tp_pr_file"], "values": [{"value": 0.2568359673023224, "step": null, "ts": 1648310434.2643962}]}, "version": 35}
{"obj": {"type": "LogFloats", "path": ["SGD_net9", "matrix", "train_fp_pr_file"], "values": [{"value": 0.7431640028953552, "step": null, "ts": 1648310434.2648964}]}, "version": 36}
{"obj": {"type": "LogFloats", "path": ["SGD_net9", "matrix", "train_fn_pr_file"], "values": [{"value": 0.0958179160952568, "step": null, "ts": 1648310434.2648964}]}, "version": 37}
{"obj": {"type": "LogFloats", "path": ["SGD_net9", "matrix", "train_tn_pr_file"], "values": [{"value": 0.9041820764541626, "step": null, "ts": 1648310434.2653966}]}, "version": 38}
{"obj": {"type": "LogFloats", "path": ["SGD_net9", "validation_loss_pr_file"], "values": [{"value": 1.0121365785598755, "step": null, "ts": 1648310434.3859997}]}, "version": 39}
{"obj": {"type": "LogFloats", "path": ["SGD_net9", "validation_loss_pr_file"], "values": [{"value": 0.7752738509859357, "step": null, "ts": 1648310435.0465672}]}, "version": 40}
{"obj": {"type": "LogFloats", "path": ["SGD_net9", "val_acc_pr_file"], "values": [{"value": 0.8057119250297546, "step": null, "ts": 1648310435.0465672}]}, "version": 41}
{"obj": {"type": "LogStrings", "path": ["SGD_net9", "matrix", "val_confusion_matrix_pr_file"], "values": [{"value": "tensor([[  44659.,    9543.],\n        [ 994283., 3901515.]])", "step": null, "ts": 1648310435.0475674}]}, "version": 42}
{"obj": {"type": "LogFloats", "path": ["SGD_net9", "matrix", "val_tp_pr_file"], "values": [{"value": 0.823936402797699, "step": null, "ts": 1648310435.0475674}]}, "version": 43}
{"obj": {"type": "LogFloats", "path": ["SGD_net9", "matrix", "val_fp_pr_file"], "values": [{"value": 0.17606361210346222, "step": null, "ts": 1648310435.0475674}]}, "version": 44}
{"obj": {"type": "LogFloats", "path": ["SGD_net9", "matrix", "val_fn_pr_file"], "values": [{"value": 0.20308905839920044, "step": null, "ts": 1648310435.0480676}]}, "version": 45}
{"obj": {"type": "LogFloats", "path": ["SGD_net9", "matrix", "val_tn_pr_file"], "values": [{"value": 0.7969109416007996, "step": null, "ts": 1648310435.0480676}]}, "version": 46}
{"obj": {"type": "LogStrings", "path": ["monitoring", "stdout"], "values": [{"value": "Training epoch 1", "step": null, "ts": 1648310435.048568}]}, "version": 47}
{"obj": {"type": "LogStrings", "path": ["monitoring", "stdout"], "values": [{"value": "\n", "step": null, "ts": 1648310435.048568}]}, "version": 48}
{"obj": {"type": "LogFloats", "path": ["SGD_net9", "learning_rate"], "values": [{"value": 2.0, "step": null, "ts": 1648310435.048568}]}, "version": 49}
{"obj": {"type": "LogFloats", "path": ["monitoring", "cpu"], "values": [{"value": 21.3, "step": null, "ts": 1648310438.9049292}]}, "version": 50}
{"obj": {"type": "LogFloats", "path": ["monitoring", "memory"], "values": [{"value": 9.801944732666016, "step": null, "ts": 1648310438.9049292}]}, "version": 51}
{"obj": {"type": "LogFloats", "path": ["monitoring", "gpu"], "values": [{"value": 98.0, "step": null, "ts": 1648310438.9049292}]}, "version": 52}
{"obj": {"type": "LogFloats", "path": ["monitoring", "gpu_memory"], "values": [{"value": 3.918689727783203, "step": null, "ts": 1648310438.9049292}]}, "version": 53}
{"obj": {"type": "LogFloats", "path": ["SGD_net9", "train_loss_pr_file"], "values": [{"value": 0.6340731609435308, "step": null, "ts": 1648310438.9514694}]}, "version": 54}
{"obj": {"type": "LogFloats", "path": ["SGD_net9", "train_acc_pr_file"], "values": [{"value": 0.8244607448577881, "step": null, "ts": 1648310438.9519699}]}, "version": 55}
{"obj": {"type": "LogStrings", "path": ["SGD_net9", "matrix", "train_confusion_matrix_pr_file"], "values": [{"value": "tensor([[  311266.,   496828.],\n        [ 1868431., 11648475.]])", "step": null, "ts": 1648310438.9524703}]}, "version": 56}
{"obj": {"type": "LogFloats", "path": ["SGD_net9", "matrix", "train_tp_pr_file"], "values": [{"value": 0.3851853907108307, "step": null, "ts": 1648310438.9524703}]}, "version": 57}
{"obj": {"type": "LogFloats", "path": ["SGD_net9", "matrix", "train_fp_pr_file"], "values": [{"value": 0.6148146390914917, "step": null, "ts": 1648310438.9524703}]}, "version": 58}
{"obj": {"type": "LogFloats", "path": ["SGD_net9", "matrix", "train_fn_pr_file"], "values": [{"value": 0.13822919130325317, "step": null, "ts": 1648310438.95297}]}, "version": 59}
{"obj": {"type": "LogFloats", "path": ["SGD_net9", "matrix", "train_tn_pr_file"], "values": [{"value": 0.8617708086967468, "step": null, "ts": 1648310438.95297}]}, "version": 60}
{"obj": {"type": "LogFloats", "path": ["SGD_net9", "validation_loss_pr_file"], "values": [{"value": 0.7135803529194423, "step": null, "ts": 1648310439.712051}]}, "version": 61}
{"obj": {"type": "LogFloats", "path": ["SGD_net9", "val_acc_pr_file"], "values": [{"value": 0.8211835622787476, "step": null, "ts": 1648310439.7125523}]}, "version": 62}
{"obj": {"type": "LogStrings", "path": ["SGD_net9", "matrix", "val_confusion_matrix_pr_file"], "values": [{"value": "tensor([[ 102110.,   75717.],\n        [ 838486., 3933687.]])", "step": null, "ts": 1648310439.7130527}]}, "version": 63}
{"obj": {"type": "LogFloats", "path": ["SGD_net9", "matrix", "val_tp_pr_file"], "values": [{"value": 0.5742097496986389, "step": null, "ts": 1648310439.7130527}]}, "version": 64}
{"obj": {"type": "LogFloats", "path": ["SGD_net9", "matrix", "val_fp_pr_file"], "values": [{"value": 0.4257902204990387, "step": null, "ts": 1648310439.7130527}]}, "version": 65}
{"obj": {"type": "LogFloats", "path": ["SGD_net9", "matrix", "val_fn_pr_file"], "values": [{"value": 0.17570318281650543, "step": null, "ts": 1648310439.7135527}]}, "version": 66}
{"obj": {"type": "LogFloats", "path": ["SGD_net9", "matrix", "val_tn_pr_file"], "values": [{"value": 0.8242968320846558, "step": null, "ts": 1648310439.7135527}]}, "version": 67}
{"obj": {"type": "LogStrings", "path": ["monitoring", "stdout"], "values": [{"value": "Training epoch 2", "step": null, "ts": 1648310439.7140536}]}, "version": 68}
{"obj": {"type": "LogStrings", "path": ["monitoring", "stdout"], "values": [{"value": "\n", "step": null, "ts": 1648310439.7140536}]}, "version": 69}
{"obj": {"type": "LogFloats", "path": ["SGD_net9", "learning_rate"], "values": [{"value": 2.0, "step": null, "ts": 1648310439.7140536}]}, "version": 70}
{"obj": {"type": "LogFloats", "path": ["SGD_net9", "train_loss_pr_file"], "values": [{"value": 0.6259630407605853, "step": null, "ts": 1648310443.6006353}]}, "version": 71}
{"obj": {"type": "LogFloats", "path": ["SGD_net9", "train_acc_pr_file"], "values": [{"value": 0.781432032585144, "step": null, "ts": 1648310443.6006353}]}, "version": 72}
{"obj": {"type": "LogStrings", "path": ["SGD_net9", "matrix", "train_confusion_matrix_pr_file"], "values": [{"value": "tensor([[  631989.,  1266678.],\n        [ 1699283., 10727050.]])", "step": null, "ts": 1648310443.601136}]}, "version": 73}
{"obj": {"type": "LogFloats", "path": ["SGD_net9", "matrix", "train_tp_pr_file"], "values": [{"value": 0.3328593075275421, "step": null, "ts": 1648310443.6016357}]}, "version": 74}
{"obj": {"type": "LogFloats", "path": ["SGD_net9", "matrix", "train_fp_pr_file"], "values": [{"value": 0.6671406626701355, "step": null, "ts": 1648310443.6016357}]}, "version": 75}
{"obj": {"type": "LogFloats", "path": ["SGD_net9", "matrix", "train_fn_pr_file"], "values": [{"value": 0.1367485523223877, "step": null, "ts": 1648310443.6016357}]}, "version": 76}
{"obj": {"type": "LogFloats", "path": ["SGD_net9", "matrix", "train_tn_pr_file"], "values": [{"value": 0.8632514476776123, "step": null, "ts": 1648310443.6021364}]}, "version": 77}
{"obj": {"type": "LogFloats", "path": ["SGD_net9", "validation_loss_pr_file"], "values": [{"value": 0.7210344246455601, "step": null, "ts": 1648310444.3545704}]}, "version": 78}
{"obj": {"type": "LogFloats", "path": ["SGD_net9", "val_acc_pr_file"], "values": [{"value": 0.8285600543022156, "step": null, "ts": 1648310444.3545704}]}, "version": 79}
{"obj": {"type": "LogStrings", "path": ["SGD_net9", "matrix", "val_confusion_matrix_pr_file"], "values": [{"value": "tensor([[  57414.,   48006.],\n        [ 832927., 4011653.]])", "step": null, "ts": 1648310444.355071}]}, "version": 80}
{"obj": {"type": "LogFloats", "path": ["SGD_net9", "matrix", "val_tp_pr_file"], "values": [{"value": 0.5446215271949768, "step": null, "ts": 1648310444.3555722}]}, "version": 81}
{"obj": {"type": "LogFloats", "path": ["SGD_net9", "matrix", "val_fp_pr_file"], "values": [{"value": 0.4553784728050232, "step": null, "ts": 1648310444.3555722}]}, "version": 82}
{"obj": {"type": "LogFloats", "path": ["SGD_net9", "matrix", "val_fn_pr_file"], "values": [{"value": 0.17192965745925903, "step": null, "ts": 1648310444.3555722}]}, "version": 83}
{"obj": {"type": "LogFloats", "path": ["SGD_net9", "matrix", "val_tn_pr_file"], "values": [{"value": 0.828070342540741, "step": null, "ts": 1648310444.356071}]}, "version": 84}
{"obj": {"type": "LogStrings", "path": ["monitoring", "stdout"], "values": [{"value": "Training epoch 3", "step": null, "ts": 1648310444.356071}]}, "version": 85}
{"obj": {"type": "LogStrings", "path": ["monitoring", "stdout"], "values": [{"value": "\n", "step": null, "ts": 1648310444.356071}]}, "version": 86}
{"obj": {"type": "LogFloats", "path": ["SGD_net9", "learning_rate"], "values": [{"value": 2.0, "step": null, "ts": 1648310444.356071}]}, "version": 87}
{"obj": {"type": "LogFloats", "path": ["SGD_net9", "train_loss_pr_file"], "values": [{"value": 0.6210892157895225, "step": null, "ts": 1648310448.1291654}]}, "version": 88}
{"obj": {"type": "LogFloats", "path": ["SGD_net9", "train_acc_pr_file"], "values": [{"value": 0.8170509338378906, "step": null, "ts": 1648310448.1291654}]}, "version": 89}
{"obj": {"type": "LogStrings", "path": ["SGD_net9", "matrix", "train_confusion_matrix_pr_file"], "values": [{"value": "tensor([[  515127.,   713755.],\n        [ 1831130., 11264988.]])", "step": null, "ts": 1648310448.1296659}]}, "version": 90}
{"obj": {"type": "LogFloats", "path": ["SGD_net9", "matrix", "train_tp_pr_file"], "values": [{"value": 0.4191834628582001, "step": null, "ts": 1648310448.130165}]}, "version": 91}
{"obj": {"type": "LogFloats", "path": ["SGD_net9", "matrix", "train_fp_pr_file"], "values": [{"value": 0.5808165669441223, "step": null, "ts": 1648310448.130165}]}, "version": 92}
{"obj": {"type": "LogFloats", "path": ["SGD_net9", "matrix", "train_fn_pr_file"], "values": [{"value": 0.1398223489522934, "step": null, "ts": 1648310448.130165}]}, "version": 93}
{"obj": {"type": "LogFloats", "path": ["SGD_net9", "matrix", "train_tn_pr_file"], "values": [{"value": 0.8601776361465454, "step": null, "ts": 1648310448.1306655}]}, "version": 94}
{"obj": {"type": "LogFloats", "path": ["SGD_net9", "validation_loss_pr_file"], "values": [{"value": 0.5984250562531608, "step": null, "ts": 1648310448.914101}]}, "version": 95}
{"obj": {"type": "LogFloats", "path": ["SGD_net9", "val_acc_pr_file"], "values": [{"value": 0.8056780695915222, "step": null, "ts": 1648310448.9146023}]}, "version": 96}
{"obj": {"type": "LogStrings", "path": ["SGD_net9", "matrix", "val_confusion_matrix_pr_file"], "values": [{"value": "tensor([[ 483520.,  496552.],\n        [ 466113., 3503815.]])", "step": null, "ts": 1648310448.9191053}]}, "version": 97}
{"obj": {"type": "LogFloats", "path": ["monitoring", "cpu"], "values": [{"value": 22.6, "step": null, "ts": 1648310448.9100983}]}, "version": 98}
{"obj": {"type": "LogFloats", "path": ["monitoring", "memory"], "values": [{"value": 10.038566589355469, "step": null, "ts": 1648310448.9100983}]}, "version": 99}
{"obj": {"type": "LogFloats", "path": ["monitoring", "gpu"], "values": [{"value": 99.0, "step": null, "ts": 1648310448.9100983}]}, "version": 100}
{"obj": {"type": "LogFloats", "path": ["monitoring", "gpu_memory"], "values": [{"value": 3.918689727783203, "step": null, "ts": 1648310448.9100983}]}, "version": 101}
{"obj": {"type": "LogFloats", "path": ["SGD_net9", "matrix", "val_tp_pr_file"], "values": [{"value": 0.4933515191078186, "step": null, "ts": 1648310448.9206064}]}, "version": 102}
{"obj": {"type": "LogFloats", "path": ["SGD_net9", "matrix", "val_fp_pr_file"], "values": [{"value": 0.5066484808921814, "step": null, "ts": 1648310448.9206064}]}, "version": 103}
{"obj": {"type": "LogFloats", "path": ["SGD_net9", "matrix", "val_fn_pr_file"], "values": [{"value": 0.11741094291210175, "step": null, "ts": 1648310448.921107}]}, "version": 104}
{"obj": {"type": "LogFloats", "path": ["SGD_net9", "matrix", "val_tn_pr_file"], "values": [{"value": 0.8825890421867371, "step": null, "ts": 1648310448.921107}]}, "version": 105}
