{"obj": {"type": "AssignString", "path": ["sys", "name"], "value": "Untitled"}, "version": 1}
{"obj": {"type": "AssignString", "path": ["sys", "description"], "value": ""}, "version": 2}
{"obj": {"type": "AssignString", "path": ["sys", "hostname"], "value": "DESKTOP-SH3J0RM"}, "version": 3}
{"obj": {"type": "AssignBool", "path": ["sys", "failed"], "value": false}, "version": 4}
{"obj": {"type": "ClearStringLog", "path": ["monitoring", "stdout"]}, "version": 5}
{"obj": {"type": "ClearStringLog", "path": ["monitoring", "stderr"]}, "version": 6}
{"obj": {"type": "AssignString", "path": ["source_code", "entrypoint"], "value": "Network trainer.py"}, "version": 7}
{"obj": {"type": "UploadFileSet", "path": ["source_code", "files"], "file_globs": ["C:\\Users\\Marc\\Documents\\GitHub\\Artefact-Rejection\\mulitclass_net\\2. Testing and training networks\\Network trainer.py"], "reset": "False"}, "version": 8}
{"obj": {"type": "ConfigFloatSeries", "path": ["monitoring", "cpu"], "min": 0.0, "max": 100.0, "unit": "%"}, "version": 9}
{"obj": {"type": "ClearFloatLog", "path": ["monitoring", "cpu"]}, "version": 10}
{"obj": {"type": "ConfigFloatSeries", "path": ["monitoring", "memory"], "min": 0.0, "max": 15.747394561767578, "unit": "GB"}, "version": 11}
{"obj": {"type": "ClearFloatLog", "path": ["monitoring", "memory"]}, "version": 12}
{"obj": {"type": "ConfigFloatSeries", "path": ["monitoring", "gpu"], "min": 0.0, "max": 100.0, "unit": "%"}, "version": 13}
{"obj": {"type": "ClearFloatLog", "path": ["monitoring", "gpu"]}, "version": 14}
{"obj": {"type": "ConfigFloatSeries", "path": ["monitoring", "gpu_memory"], "min": 0.0, "max": 8.0, "unit": "GB"}, "version": 15}
{"obj": {"type": "ClearFloatLog", "path": ["monitoring", "gpu_memory"]}, "version": 16}
{"obj": {"type": "LogFloats", "path": ["monitoring", "cpu"], "values": [{"value": 10.2, "step": null, "ts": 1654331638.6627808}]}, "version": 17}
{"obj": {"type": "LogFloats", "path": ["monitoring", "memory"], "values": [{"value": 7.2708587646484375, "step": null, "ts": 1654331638.6627808}]}, "version": 18}
{"obj": {"type": "LogFloats", "path": ["monitoring", "gpu_memory"], "values": [{"value": 0.6236839294433594, "step": null, "ts": 1654331638.6627808}]}, "version": 19}
{"obj": {"type": "AssignString", "path": ["network_SGD", "parameters", "optimizer"], "value": "SGD"}, "version": 20}
{"obj": {"type": "AssignInt", "path": ["network_SGD", "parameters", "batch_size"], "value": 10}, "version": 21}
{"obj": {"type": "AssignFloat", "path": ["network_SGD", "parameters", "optimizer_learning_rate"], "value": 1.2}, "version": 22}
{"obj": {"type": "AssignInt", "path": ["network_SGD", "parameters", "optimizor_weight_decay"], "value": 0}, "version": 23}
{"obj": {"type": "AssignString", "path": ["network_SGD", "parameters", "loss_function"], "value": "CrossEntropyLoss"}, "version": 24}
{"obj": {"type": "AssignString", "path": ["network_SGD", "parameters", "loss_function_weights"], "value": "[1.25, 6.67, 16.67, 1.0]"}, "version": 25}
{"obj": {"type": "AssignString", "path": ["network_SGD", "parameters", "loss_function_reduction"], "value": "mean"}, "version": 26}
{"obj": {"type": "AssignString", "path": ["network_SGD", "parameters", "model"], "value": "Unet_leaky_lstm_elec"}, "version": 27}
{"obj": {"type": "AssignString", "path": ["network_SGD", "parameters", "scheduler"], "value": "CyclicLR"}, "version": 28}
{"obj": {"type": "AssignFloat", "path": ["network_SGD", "parameters", "scheduler_base_lr"], "value": 1.2}, "version": 29}
{"obj": {"type": "AssignFloat", "path": ["network_SGD", "parameters", "scheduler_max_lr"], "value": 1.3}, "version": 30}
{"obj": {"type": "AssignBool", "path": ["network_SGD", "parameters", "scheduler_cycle_momentum"], "value": false}, "version": 31}
{"obj": {"type": "AssignFloat", "path": ["network_SGD", "parameters", "scheduler_step_size_up"], "value": 5571.0}, "version": 32}
{"obj": {"type": "AssignFloat", "path": ["network_SGD", "parameters", "smooting_loss"], "value": 0.05}, "version": 33}
{"obj": {"type": "LogStrings", "path": ["monitoring", "stdout"], "values": [{"value": "Training epoch 0", "step": null, "ts": 1654331639.8968177}]}, "version": 34}
{"obj": {"type": "LogStrings", "path": ["monitoring", "stdout"], "values": [{"value": "\n", "step": null, "ts": 1654331639.8968177}]}, "version": 35}
{"obj": {"type": "LogFloats", "path": ["network_SGD", "learning_rate"], "values": [{"value": 1.2, "step": null, "ts": 1654331639.8968177}]}, "version": 36}
{"obj": {"type": "LogFloats", "path": ["network_SGD", "momentum"], "values": [{"value": 0.0, "step": null, "ts": 1654331639.8968177}]}, "version": 37}
{"obj": {"type": "LogFloats", "path": ["network_SGD", "train_loss_pr_file"], "values": [{"value": 1.399364948272705, "step": null, "ts": 1654331641.3810346}]}, "version": 38}
{"obj": {"type": "LogFloats", "path": ["network_SGD", "smooth_train_loss_pr_file"], "values": [{"value": 1.399364948272705, "step": null, "ts": 1654331641.3810346}]}, "version": 39}
{"obj": {"type": "LogFloats", "path": ["network_SGD", "validation_loss_pr_file"], "values": [{"value": 1.399364948272705, "step": null, "ts": 1654331641.3810346}]}, "version": 40}
{"obj": {"type": "LogFloats", "path": ["network_SGD", "smooth_val_loss_pr_file"], "values": [{"value": 1.399364948272705, "step": null, "ts": 1654331641.3810346}]}, "version": 41}
{"obj": {"type": "LogFloats", "path": ["monitoring", "cpu"], "values": [{"value": 11.6, "step": null, "ts": 1654331648.6765287}]}, "version": 42}
{"obj": {"type": "LogFloats", "path": ["monitoring", "memory"], "values": [{"value": 9.7164306640625, "step": null, "ts": 1654331648.6765287}]}, "version": 43}
{"obj": {"type": "LogFloats", "path": ["monitoring", "gpu"], "values": [{"value": 77.0, "step": null, "ts": 1654331648.6765287}]}, "version": 44}
{"obj": {"type": "LogFloats", "path": ["monitoring", "gpu_memory"], "values": [{"value": 4.624866485595703, "step": null, "ts": 1654331648.6765287}]}, "version": 45}
{"obj": {"type": "LogFloats", "path": ["monitoring", "cpu"], "values": [{"value": 13.7, "step": null, "ts": 1654331658.6809843}]}, "version": 46}
{"obj": {"type": "LogFloats", "path": ["monitoring", "memory"], "values": [{"value": 9.744956970214844, "step": null, "ts": 1654331658.6809843}]}, "version": 47}
{"obj": {"type": "LogFloats", "path": ["monitoring", "gpu"], "values": [{"value": 79.0, "step": null, "ts": 1654331658.6809843}]}, "version": 48}
{"obj": {"type": "LogFloats", "path": ["monitoring", "gpu_memory"], "values": [{"value": 4.633228302001953, "step": null, "ts": 1654331658.6809843}]}, "version": 49}
{"obj": {"type": "LogStrings", "path": ["monitoring", "stderr"], "values": [{"value": "Process Process-1:1:\n", "step": null, "ts": 1654331667.9612515}]}, "version": 50}
{"obj": {"type": "LogStrings", "path": ["monitoring", "stderr"], "values": [{"value": "Traceback (most recent call last):\n", "step": null, "ts": 1654331668.0081208}]}, "version": 51}
{"obj": {"type": "LogStrings", "path": ["monitoring", "stderr"], "values": [{"value": "", "step": null, "ts": 1654331668.0081208}]}, "version": 52}
{"obj": {"type": "LogStrings", "path": ["monitoring", "stderr"], "values": [{"value": "  File \"C:\\Users\\Marc\\anaconda3\\envs\\deep\\lib\\multiprocessing\\process.py\", line 315, in _bootstrap\n    self.run()\n", "step": null, "ts": 1654331668.0081208}]}, "version": 53}
{"obj": {"type": "LogStrings", "path": ["monitoring", "stderr"], "values": [{"value": "", "step": null, "ts": 1654331668.0081208}]}, "version": 54}
{"obj": {"type": "LogStrings", "path": ["monitoring", "stderr"], "values": [{"value": "  File \"C:\\Users\\Marc\\anaconda3\\envs\\deep\\lib\\multiprocessing\\process.py\", line 108, in run\n    self._target(*self._args, **self._kwargs)\n", "step": null, "ts": 1654331668.0081208}]}, "version": 55}
{"obj": {"type": "LogStrings", "path": ["monitoring", "stderr"], "values": [{"value": "", "step": null, "ts": 1654331668.0081208}]}, "version": 56}
{"obj": {"type": "LogStrings", "path": ["monitoring", "stderr"], "values": [{"value": "  File \"C:\\Users\\Marc\\Documents\\GitHub\\Artefact-Rejection\\mulitclass_net\\2. Testing and training networks\\Network trainer.py\", line 99, in net_SGD\n    net_multi_train(device = device,\n", "step": null, "ts": 1654331668.0081208}]}, "version": 57}
{"obj": {"type": "LogStrings", "path": ["monitoring", "stderr"], "values": [{"value": "", "step": null, "ts": 1654331668.0081208}]}, "version": 58}
{"obj": {"type": "LogStrings", "path": ["monitoring", "stderr"], "values": [{"value": "  File \"C:\\Users\\Marc\\Documents\\GitHub\\Artefact-Rejection\\LoaderPACK\\trainer.py\", line 315, in net_multi_train\n    loss.backward()\n", "step": null, "ts": 1654331668.0081208}]}, "version": 59}
{"obj": {"type": "LogStrings", "path": ["monitoring", "stderr"], "values": [{"value": "", "step": null, "ts": 1654331668.0081208}]}, "version": 60}
{"obj": {"type": "LogStrings", "path": ["monitoring", "stderr"], "values": [{"value": "  File \"C:\\Users\\Marc\\anaconda3\\envs\\deep\\lib\\site-packages\\torch\\_tensor.py\", line 363, in backward\n    torch.autograd.backward(self, gradient, retain_graph, create_graph, inputs=inputs)\n", "step": null, "ts": 1654331668.0081208}]}, "version": 61}
{"obj": {"type": "LogStrings", "path": ["monitoring", "stderr"], "values": [{"value": "", "step": null, "ts": 1654331668.0081208}]}, "version": 62}
{"obj": {"type": "LogStrings", "path": ["monitoring", "stderr"], "values": [{"value": "  File \"C:\\Users\\Marc\\anaconda3\\envs\\deep\\lib\\site-packages\\torch\\autograd\\__init__.py\", line 173, in backward\n    Variable._execution_engine.run_backward(  # Calls into the C++ engine to run the backward pass\n", "step": null, "ts": 1654331668.0081208}]}, "version": 63}
{"obj": {"type": "LogStrings", "path": ["monitoring", "stderr"], "values": [{"value": "", "step": null, "ts": 1654331668.0081208}]}, "version": 64}
{"obj": {"type": "LogStrings", "path": ["monitoring", "stderr"], "values": [{"value": "KeyboardInterrupt\n", "step": null, "ts": 1654331668.0081208}]}, "version": 65}
{"obj": {"type": "LogStrings", "path": ["monitoring", "stderr"], "values": [{"value": "", "step": null, "ts": 1654331668.0081208}]}, "version": 66}
{"obj": {"type": "LogStrings", "path": ["monitoring", "stdout"], "values": [{"value": "", "step": null, "ts": 1654331668.0081208}]}, "version": 67}
{"obj": {"type": "LogStrings", "path": ["monitoring", "stdout"], "values": [{"value": "Shutting down background jobs, please wait a moment...\n", "step": null, "ts": 1654331668.0081208}]}, "version": 68}
