{"obj": {"type": "AssignString", "path": ["sys", "name"], "value": "Untitled"}, "version": 1}
{"obj": {"type": "AssignString", "path": ["sys", "description"], "value": ""}, "version": 2}
{"obj": {"type": "AssignString", "path": ["sys", "hostname"], "value": "DESKTOP-SDMAFDQ"}, "version": 3}
{"obj": {"type": "AssignBool", "path": ["sys", "failed"], "value": false}, "version": 4}
{"obj": {"type": "ClearStringLog", "path": ["monitoring", "stdout"]}, "version": 5}
{"obj": {"type": "ClearStringLog", "path": ["monitoring", "stderr"]}, "version": 6}
{"obj": {"type": "AssignString", "path": ["source_code", "entrypoint"], "value": "Learning_rate_finder2.py"}, "version": 7}
{"obj": {"type": "UploadFileSet", "path": ["source_code", "files"], "file_globs": ["C:\\Users\\Marc\\Documents\\GitHub\\Artefact-Rejection\\1. Finding the learning-rate\\Learning_rate_finder2.py"], "reset": "False"}, "version": 8}
{"obj": {"type": "ConfigFloatSeries", "path": ["monitoring", "cpu"], "min": 0.0, "max": 100.0, "unit": "%"}, "version": 9}
{"obj": {"type": "ClearFloatLog", "path": ["monitoring", "cpu"]}, "version": 10}
{"obj": {"type": "ConfigFloatSeries", "path": ["monitoring", "memory"], "min": 0.0, "max": 15.88718032836914, "unit": "GB"}, "version": 11}
{"obj": {"type": "ClearFloatLog", "path": ["monitoring", "memory"]}, "version": 12}
{"obj": {"type": "ConfigFloatSeries", "path": ["monitoring", "gpu"], "min": 0.0, "max": 100.0, "unit": "%"}, "version": 13}
{"obj": {"type": "ClearFloatLog", "path": ["monitoring", "gpu"]}, "version": 14}
{"obj": {"type": "ConfigFloatSeries", "path": ["monitoring", "gpu_memory"], "min": 0.0, "max": 4.0, "unit": "GB"}, "version": 15}
{"obj": {"type": "ClearFloatLog", "path": ["monitoring", "gpu_memory"]}, "version": 16}
{"obj": {"type": "LogFloats", "path": ["monitoring", "cpu"], "values": [{"value": 13.3, "step": null, "ts": 1648309251.7083478}]}, "version": 17}
{"obj": {"type": "LogFloats", "path": ["monitoring", "memory"], "values": [{"value": 8.183475494384766, "step": null, "ts": 1648309251.7083478}]}, "version": 18}
{"obj": {"type": "LogFloats", "path": ["monitoring", "gpu"], "values": [{"value": 1.0, "step": null, "ts": 1648309251.7083478}]}, "version": 19}
{"obj": {"type": "LogFloats", "path": ["monitoring", "gpu_memory"], "values": [{"value": 1.1500167846679688, "step": null, "ts": 1648309251.7083478}]}, "version": 20}
{"obj": {"type": "AssignString", "path": ["SGD_net", "parameters", "optimizer"], "value": "SGD"}, "version": 21}
{"obj": {"type": "AssignInt", "path": ["SGD_net", "parameters", "batch_size"], "value": 10}, "version": 22}
{"obj": {"type": "AssignFloat", "path": ["SGD_net", "parameters", "optimizer_learning_rate"], "value": 0.6}, "version": 23}
{"obj": {"type": "AssignFloat", "path": ["SGD_net", "parameters", "optimizer_weight_decay"], "value": 0.001}, "version": 24}
{"obj": {"type": "AssignString", "path": ["SGD_net", "parameters", "loss_function"], "value": "CrossEntropyLoss"}, "version": 25}
{"obj": {"type": "AssignString", "path": ["SGD_net", "parameters", "loss_function_weights"], "value": "[1, 5]"}, "version": 26}
{"obj": {"type": "AssignString", "path": ["SGD_net", "parameters", "loss_function_reduction"], "value": "mean"}, "version": 27}
{"obj": {"type": "AssignString", "path": ["SGD_net", "parameters", "model"], "value": "Unet"}, "version": 28}
{"obj": {"type": "LogStrings", "path": ["monitoring", "stdout"], "values": [{"value": "Training epoch 0", "step": null, "ts": 1648309251.8226058}]}, "version": 29}
{"obj": {"type": "LogStrings", "path": ["monitoring", "stdout"], "values": [{"value": "\n", "step": null, "ts": 1648309251.8226058}]}, "version": 30}
{"obj": {"type": "LogFloats", "path": ["SGD_net", "learning_rate"], "values": [{"value": 0.6, "step": null, "ts": 1648309251.8226058}]}, "version": 31}
{"obj": {"type": "LogFloats", "path": ["SGD_net", "train_loss_pr_file"], "values": [{"value": 0.6886942386627197, "step": null, "ts": 1648309253.550939}]}, "version": 32}
{"obj": {"type": "LogFloats", "path": ["SGD_net", "train_loss_pr_file"], "values": [{"value": 0.6247894202287381, "step": null, "ts": 1648309258.2812982}]}, "version": 33}
{"obj": {"type": "LogFloats", "path": ["SGD_net", "train_acc_pr_file"], "values": [{"value": 0.51840740442276, "step": null, "ts": 1648309258.2812982}]}, "version": 34}
{"obj": {"type": "LogStrings", "path": ["SGD_net", "matrix", "train_confusion_matrix_pr_file"], "values": [{"value": "tensor([[4821756., 7764720.],\n        [ 882697., 4680827.]])", "step": null, "ts": 1648309258.2822988}]}, "version": 35}
{"obj": {"type": "LogFloats", "path": ["SGD_net", "matrix", "train_tp_pr_file"], "values": [{"value": 0.38309022784233093, "step": null, "ts": 1648309258.2827992}]}, "version": 36}
{"obj": {"type": "LogFloats", "path": ["SGD_net", "matrix", "train_fp_pr_file"], "values": [{"value": 0.6169097423553467, "step": null, "ts": 1648309258.2827992}]}, "version": 37}
{"obj": {"type": "LogFloats", "path": ["SGD_net", "matrix", "train_fn_pr_file"], "values": [{"value": 0.15865789353847504, "step": null, "ts": 1648309258.2832997}]}, "version": 38}
{"obj": {"type": "LogFloats", "path": ["SGD_net", "matrix", "train_tn_pr_file"], "values": [{"value": 0.8413420915603638, "step": null, "ts": 1648309258.2832997}]}, "version": 39}
{"obj": {"type": "LogFloats", "path": ["SGD_net", "validation_loss_pr_file"], "values": [{"value": 0.6855287551879883, "step": null, "ts": 1648309258.4259212}]}, "version": 40}
{"obj": {"type": "LogFloats", "path": ["SGD_net", "validation_loss_pr_file"], "values": [{"value": 0.7216594517230988, "step": null, "ts": 1648309259.1415367}]}, "version": 41}
{"obj": {"type": "LogFloats", "path": ["SGD_net", "val_acc_pr_file"], "values": [{"value": 0.6152215600013733, "step": null, "ts": 1648309259.1420379}]}, "version": 42}
{"obj": {"type": "LogStrings", "path": ["SGD_net", "matrix", "val_confusion_matrix_pr_file"], "values": [{"value": "tensor([[5.1706e+04, 1.7288e+06],\n        [2.6660e+03, 2.7168e+06]])", "step": null, "ts": 1648309259.142538}]}, "version": 43}
{"obj": {"type": "LogFloats", "path": ["SGD_net", "matrix", "val_tp_pr_file"], "values": [{"value": 0.029039455577731133, "step": null, "ts": 1648309259.1430385}]}, "version": 44}
{"obj": {"type": "LogFloats", "path": ["SGD_net", "matrix", "val_fp_pr_file"], "values": [{"value": 0.9709605574607849, "step": null, "ts": 1648309259.1430385}]}, "version": 45}
{"obj": {"type": "LogFloats", "path": ["SGD_net", "matrix", "val_fn_pr_file"], "values": [{"value": 0.0009803427383303642, "step": null, "ts": 1648309259.143538}]}, "version": 46}
{"obj": {"type": "LogFloats", "path": ["SGD_net", "matrix", "val_tn_pr_file"], "values": [{"value": 0.9990196824073792, "step": null, "ts": 1648309259.143538}]}, "version": 47}
{"obj": {"type": "LogStrings", "path": ["monitoring", "stdout"], "values": [{"value": "Training epoch 1", "step": null, "ts": 1648309259.143538}]}, "version": 48}
{"obj": {"type": "LogStrings", "path": ["monitoring", "stdout"], "values": [{"value": "\n", "step": null, "ts": 1648309259.1440382}]}, "version": 49}
{"obj": {"type": "LogFloats", "path": ["SGD_net", "learning_rate"], "values": [{"value": 0.6, "step": null, "ts": 1648309259.1440382}]}, "version": 50}
{"obj": {"type": "LogFloats", "path": ["monitoring", "cpu"], "values": [{"value": 22.6, "step": null, "ts": 1648309261.7252533}]}, "version": 51}
{"obj": {"type": "LogFloats", "path": ["monitoring", "memory"], "values": [{"value": 10.245197296142578, "step": null, "ts": 1648309261.7252533}]}, "version": 52}
{"obj": {"type": "LogFloats", "path": ["monitoring", "gpu"], "values": [{"value": 98.0, "step": null, "ts": 1648309261.7252533}]}, "version": 53}
{"obj": {"type": "LogFloats", "path": ["monitoring", "gpu_memory"], "values": [{"value": 3.8955650329589844, "step": null, "ts": 1648309261.7252533}]}, "version": 54}
{"obj": {"type": "LogFloats", "path": ["SGD_net", "train_loss_pr_file"], "values": [{"value": 0.5853173686907842, "step": null, "ts": 1648309263.8996193}]}, "version": 55}
{"obj": {"type": "LogFloats", "path": ["SGD_net", "train_acc_pr_file"], "values": [{"value": 0.6924448013305664, "step": null, "ts": 1648309263.90012}]}, "version": 56}
{"obj": {"type": "LogStrings", "path": ["SGD_net", "matrix", "train_confusion_matrix_pr_file"], "values": [{"value": "tensor([[4149952., 4075217.],\n        [1427564., 8497267.]])", "step": null, "ts": 1648309263.9006205}]}, "version": 57}
{"obj": {"type": "LogFloats", "path": ["SGD_net", "matrix", "train_tp_pr_file"], "values": [{"value": 0.5045430660247803, "step": null, "ts": 1648309263.9006205}]}, "version": 58}
{"obj": {"type": "LogFloats", "path": ["SGD_net", "matrix", "train_fp_pr_file"], "values": [{"value": 0.4954569339752197, "step": null, "ts": 1648309263.9011207}]}, "version": 59}
{"obj": {"type": "LogFloats", "path": ["SGD_net", "matrix", "train_fn_pr_file"], "values": [{"value": 0.14383761584758759, "step": null, "ts": 1648309263.9011207}]}, "version": 60}
{"obj": {"type": "LogFloats", "path": ["SGD_net", "matrix", "train_tn_pr_file"], "values": [{"value": 0.8561623692512512, "step": null, "ts": 1648309263.9011207}]}, "version": 61}
{"obj": {"type": "LogFloats", "path": ["SGD_net", "validation_loss_pr_file"], "values": [{"value": 1.1431268850962322, "step": null, "ts": 1648309264.6302464}]}, "version": 62}
{"obj": {"type": "LogFloats", "path": ["SGD_net", "val_acc_pr_file"], "values": [{"value": 0.007774889003485441, "step": null, "ts": 1648309264.6307485}]}, "version": 63}
{"obj": {"type": "LogStrings", "path": ["SGD_net", "matrix", "val_confusion_matrix_pr_file"], "values": [{"value": "tensor([[3.4984e+04, 4.4650e+06],\n        [0.0000e+00, 3.0000e+00]])", "step": null, "ts": 1648309264.6312487}]}, "version": 64}
{"obj": {"type": "LogFloats", "path": ["SGD_net", "matrix", "val_tp_pr_file"], "values": [{"value": 0.007774227298796177, "step": null, "ts": 1648309264.6312487}]}, "version": 65}
{"obj": {"type": "LogFloats", "path": ["SGD_net", "matrix", "val_fp_pr_file"], "values": [{"value": 0.9922257661819458, "step": null, "ts": 1648309264.6317492}]}, "version": 66}
{"obj": {"type": "LogFloats", "path": ["SGD_net", "matrix", "val_fn_pr_file"], "values": [{"value": 0.0, "step": null, "ts": 1648309264.6317492}]}, "version": 67}
{"obj": {"type": "LogFloats", "path": ["SGD_net", "matrix", "val_tn_pr_file"], "values": [{"value": 1.0, "step": null, "ts": 1648309264.6317492}]}, "version": 68}
{"obj": {"type": "LogStrings", "path": ["monitoring", "stdout"], "values": [{"value": "Training epoch 2", "step": null, "ts": 1648309264.6322486}]}, "version": 69}
{"obj": {"type": "LogStrings", "path": ["monitoring", "stdout"], "values": [{"value": "\n", "step": null, "ts": 1648309264.6322486}]}, "version": 70}
{"obj": {"type": "LogFloats", "path": ["SGD_net", "learning_rate"], "values": [{"value": 0.6, "step": null, "ts": 1648309264.6322486}]}, "version": 71}
{"obj": {"type": "LogFloats", "path": ["SGD_net", "train_loss_pr_file"], "values": [{"value": 0.593920559837268, "step": null, "ts": 1648309269.366311}]}, "version": 72}
{"obj": {"type": "LogFloats", "path": ["SGD_net", "train_acc_pr_file"], "values": [{"value": 0.5515469312667847, "step": null, "ts": 1648309269.366311}]}, "version": 73}
{"obj": {"type": "LogStrings", "path": ["SGD_net", "matrix", "train_confusion_matrix_pr_file"], "values": [{"value": "tensor([[5034305., 7520109.],\n        [ 702933., 4892653.]])", "step": null, "ts": 1648309269.3668118}]}, "version": 74}
{"obj": {"type": "LogFloats", "path": ["SGD_net", "matrix", "train_tp_pr_file"], "values": [{"value": 0.4009988009929657, "step": null, "ts": 1648309269.3673124}]}, "version": 75}
{"obj": {"type": "LogFloats", "path": ["SGD_net", "matrix", "train_fp_pr_file"], "values": [{"value": 0.5990011692047119, "step": null, "ts": 1648309269.3673124}]}, "version": 76}
{"obj": {"type": "LogFloats", "path": ["SGD_net", "matrix", "train_fn_pr_file"], "values": [{"value": 0.12562276422977448, "step": null, "ts": 1648309269.3673124}]}, "version": 77}
{"obj": {"type": "LogFloats", "path": ["SGD_net", "matrix", "train_tn_pr_file"], "values": [{"value": 0.8743772506713867, "step": null, "ts": 1648309269.3673124}]}, "version": 78}
{"obj": {"type": "LogFloats", "path": ["SGD_net", "validation_loss_pr_file"], "values": [{"value": 0.7413513163725535, "step": null, "ts": 1648309270.096938}]}, "version": 79}
{"obj": {"type": "LogFloats", "path": ["SGD_net", "val_acc_pr_file"], "values": [{"value": 0.5893744230270386, "step": null, "ts": 1648309270.0974388}]}, "version": 80}
{"obj": {"type": "LogStrings", "path": ["SGD_net", "matrix", "val_confusion_matrix_pr_file"], "values": [{"value": "tensor([[3.2609e+04, 1.8465e+06],\n        [1.2900e+03, 2.6196e+06]])", "step": null, "ts": 1648309270.0974388}]}, "version": 81}
{"obj": {"type": "LogFloats", "path": ["SGD_net", "matrix", "val_tp_pr_file"], "values": [{"value": 0.017353206872940063, "step": null, "ts": 1648309270.0979393}]}, "version": 82}
{"obj": {"type": "LogFloats", "path": ["SGD_net", "matrix", "val_fp_pr_file"], "values": [{"value": 0.9826468229293823, "step": null, "ts": 1648309270.0979393}]}, "version": 83}
{"obj": {"type": "LogFloats", "path": ["SGD_net", "matrix", "val_fn_pr_file"], "values": [{"value": 0.0004922037478536367, "step": null, "ts": 1648309270.0979393}]}, "version": 84}
{"obj": {"type": "LogFloats", "path": ["SGD_net", "matrix", "val_tn_pr_file"], "values": [{"value": 0.9995077848434448, "step": null, "ts": 1648309270.0984395}]}, "version": 85}
{"obj": {"type": "LogStrings", "path": ["monitoring", "stdout"], "values": [{"value": "Training epoch 3", "step": null, "ts": 1648309270.0984395}]}, "version": 86}
{"obj": {"type": "LogStrings", "path": ["monitoring", "stdout"], "values": [{"value": "\n", "step": null, "ts": 1648309270.0984395}]}, "version": 87}
{"obj": {"type": "LogFloats", "path": ["SGD_net", "learning_rate"], "values": [{"value": 0.6, "step": null, "ts": 1648309270.0989404}]}, "version": 88}
{"obj": {"type": "LogFloats", "path": ["monitoring", "cpu"], "values": [{"value": 20.9, "step": null, "ts": 1648309271.7313406}]}, "version": 89}
{"obj": {"type": "LogFloats", "path": ["monitoring", "memory"], "values": [{"value": 10.379348754882812, "step": null, "ts": 1648309271.7313406}]}, "version": 90}
{"obj": {"type": "LogFloats", "path": ["monitoring", "gpu"], "values": [{"value": 98.0, "step": null, "ts": 1648309271.7313406}]}, "version": 91}
{"obj": {"type": "LogFloats", "path": ["monitoring", "gpu_memory"], "values": [{"value": 3.8955650329589844, "step": null, "ts": 1648309271.7313406}]}, "version": 92}
{"obj": {"type": "LogFloats", "path": ["SGD_net", "train_loss_pr_file"], "values": [{"value": 0.588597046641203, "step": null, "ts": 1648309274.8760412}]}, "version": 93}
{"obj": {"type": "LogFloats", "path": ["SGD_net", "train_acc_pr_file"], "values": [{"value": 0.6103723645210266, "step": null, "ts": 1648309274.8760412}]}, "version": 94}
{"obj": {"type": "LogStrings", "path": ["SGD_net", "matrix", "train_confusion_matrix_pr_file"], "values": [{"value": "tensor([[4596124., 5918084.],\n        [1087712., 6548080.]])", "step": null, "ts": 1648309274.8765416}]}, "version": 95}
{"obj": {"type": "LogFloats", "path": ["SGD_net", "matrix", "train_tp_pr_file"], "values": [{"value": 0.43713459372520447, "step": null, "ts": 1648309274.8770418}]}, "version": 96}
{"obj": {"type": "LogFloats", "path": ["SGD_net", "matrix", "train_fp_pr_file"], "values": [{"value": 0.5628654360771179, "step": null, "ts": 1648309274.8770418}]}, "version": 97}
{"obj": {"type": "LogFloats", "path": ["SGD_net", "matrix", "train_fn_pr_file"], "values": [{"value": 0.14244914054870605, "step": null, "ts": 1648309274.8770418}]}, "version": 98}
{"obj": {"type": "LogFloats", "path": ["SGD_net", "matrix", "train_tn_pr_file"], "values": [{"value": 0.857550859451294, "step": null, "ts": 1648309274.8775423}]}, "version": 99}
{"obj": {"type": "LogFloats", "path": ["SGD_net", "validation_loss_pr_file"], "values": [{"value": 0.7372227311134338, "step": null, "ts": 1648309275.6131735}]}, "version": 100}
{"obj": {"type": "LogFloats", "path": ["SGD_net", "val_acc_pr_file"], "values": [{"value": 0.6156473159790039, "step": null, "ts": 1648309275.6131735}]}, "version": 101}
{"obj": {"type": "LogStrings", "path": ["SGD_net", "matrix", "val_confusion_matrix_pr_file"], "values": [{"value": "tensor([[4.1927e+04, 1.7276e+06],\n        [1.9390e+03, 2.7285e+06]])", "step": null, "ts": 1648309275.613674}]}, "version": 102}
{"obj": {"type": "LogFloats", "path": ["SGD_net", "matrix", "val_tp_pr_file"], "values": [{"value": 0.023693259805440903, "step": null, "ts": 1648309275.6141734}]}, "version": 103}
{"obj": {"type": "LogFloats", "path": ["SGD_net", "matrix", "val_fp_pr_file"], "values": [{"value": 0.9763067364692688, "step": null, "ts": 1648309275.6141734}]}, "version": 104}
{"obj": {"type": "LogFloats", "path": ["SGD_net", "matrix", "val_fn_pr_file"], "values": [{"value": 0.0007101458613760769, "step": null, "ts": 1648309275.6146734}]}, "version": 105}
{"obj": {"type": "LogFloats", "path": ["SGD_net", "matrix", "val_tn_pr_file"], "values": [{"value": 0.999289870262146, "step": null, "ts": 1648309275.6146734}]}, "version": 106}
