{"obj": {"type": "AssignString", "path": ["sys", "name"], "value": "Untitled"}, "version": 1}
{"obj": {"type": "AssignString", "path": ["sys", "description"], "value": ""}, "version": 2}
{"obj": {"type": "AssignString", "path": ["sys", "hostname"], "value": "DESKTOP-SDMAFDQ"}, "version": 3}
{"obj": {"type": "AssignBool", "path": ["sys", "failed"], "value": false}, "version": 4}
{"obj": {"type": "ClearStringLog", "path": ["monitoring", "stdout"]}, "version": 5}
{"obj": {"type": "ClearStringLog", "path": ["monitoring", "stderr"]}, "version": 6}
{"obj": {"type": "AssignString", "path": ["source_code", "entrypoint"], "value": "Learning_rate_finder2.py"}, "version": 7}
{"obj": {"type": "UploadFileSet", "path": ["source_code", "files"], "file_globs": ["C:\\Users\\Marc\\Documents\\GitHub\\Artefact-Rejection\\1. Finding the learning-rate\\Learning_rate_finder2.py"], "reset": "False"}, "version": 8}
{"obj": {"type": "ConfigFloatSeries", "path": ["monitoring", "cpu"], "min": 0.0, "max": 100.0, "unit": "%"}, "version": 9}
{"obj": {"type": "ClearFloatLog", "path": ["monitoring", "cpu"]}, "version": 10}
{"obj": {"type": "ConfigFloatSeries", "path": ["monitoring", "memory"], "min": 0.0, "max": 15.88718032836914, "unit": "GB"}, "version": 11}
{"obj": {"type": "ClearFloatLog", "path": ["monitoring", "memory"]}, "version": 12}
{"obj": {"type": "ConfigFloatSeries", "path": ["monitoring", "gpu"], "min": 0.0, "max": 100.0, "unit": "%"}, "version": 13}
{"obj": {"type": "ClearFloatLog", "path": ["monitoring", "gpu"]}, "version": 14}
{"obj": {"type": "ConfigFloatSeries", "path": ["monitoring", "gpu_memory"], "min": 0.0, "max": 4.0, "unit": "GB"}, "version": 15}
{"obj": {"type": "ClearFloatLog", "path": ["monitoring", "gpu_memory"]}, "version": 16}
{"obj": {"type": "LogFloats", "path": ["monitoring", "cpu"], "values": [{"value": 10.0, "step": null, "ts": 1648310333.7825003}]}, "version": 17}
{"obj": {"type": "LogFloats", "path": ["monitoring", "memory"], "values": [{"value": 8.01224136352539, "step": null, "ts": 1648310333.7825003}]}, "version": 18}
{"obj": {"type": "LogFloats", "path": ["monitoring", "gpu_memory"], "values": [{"value": 0.6033515930175781, "step": null, "ts": 1648310333.7825003}]}, "version": 19}
{"obj": {"type": "AssignString", "path": ["SGD_net5", "parameters", "optimizer"], "value": "SGD"}, "version": 20}
{"obj": {"type": "AssignInt", "path": ["SGD_net5", "parameters", "batch_size"], "value": 10}, "version": 21}
{"obj": {"type": "AssignInt", "path": ["SGD_net5", "parameters", "optimizer_learning_rate"], "value": 1}, "version": 22}
{"obj": {"type": "AssignFloat", "path": ["SGD_net5", "parameters", "optimizer_weight_decay"], "value": 0.01}, "version": 23}
{"obj": {"type": "AssignString", "path": ["SGD_net5", "parameters", "loss_function"], "value": "CrossEntropyLoss"}, "version": 24}
{"obj": {"type": "AssignString", "path": ["SGD_net5", "parameters", "loss_function_weights"], "value": "[1, 5]"}, "version": 25}
{"obj": {"type": "AssignString", "path": ["SGD_net5", "parameters", "loss_function_reduction"], "value": "mean"}, "version": 26}
{"obj": {"type": "AssignString", "path": ["SGD_net5", "parameters", "model"], "value": "Unet"}, "version": 27}
{"obj": {"type": "LogStrings", "path": ["monitoring", "stdout"], "values": [{"value": "Training epoch 0", "step": null, "ts": 1648310333.8740788}]}, "version": 28}
{"obj": {"type": "LogStrings", "path": ["monitoring", "stdout"], "values": [{"value": "\n", "step": null, "ts": 1648310333.8745792}]}, "version": 29}
{"obj": {"type": "LogFloats", "path": ["SGD_net5", "learning_rate"], "values": [{"value": 1.0, "step": null, "ts": 1648310333.8745792}]}, "version": 30}
{"obj": {"type": "LogFloats", "path": ["SGD_net5", "train_loss_pr_file"], "values": [{"value": 0.6942692399024963, "step": null, "ts": 1648310335.4999745}]}, "version": 31}
{"obj": {"type": "LogFloats", "path": ["SGD_net5", "train_loss_pr_file"], "values": [{"value": 0.614939496630714, "step": null, "ts": 1648310339.1621175}]}, "version": 32}
{"obj": {"type": "LogFloats", "path": ["SGD_net5", "train_acc_pr_file"], "values": [{"value": 0.6150470972061157, "step": null, "ts": 1648310339.1626177}]}, "version": 33}
{"obj": {"type": "LogStrings", "path": ["SGD_net5", "matrix", "train_confusion_matrix_pr_file"], "values": [{"value": "tensor([[2064327., 4789091.],\n        [ 387865., 7083717.]])", "step": null, "ts": 1648310339.1631181}]}, "version": 34}
{"obj": {"type": "LogFloats", "path": ["SGD_net5", "matrix", "train_tp_pr_file"], "values": [{"value": 0.30121129751205444, "step": null, "ts": 1648310339.1636186}]}, "version": 35}
{"obj": {"type": "LogFloats", "path": ["SGD_net5", "matrix", "train_fp_pr_file"], "values": [{"value": 0.6987887024879456, "step": null, "ts": 1648310339.1636186}]}, "version": 36}
{"obj": {"type": "LogFloats", "path": ["SGD_net5", "matrix", "train_fn_pr_file"], "values": [{"value": 0.051912032067775726, "step": null, "ts": 1648310339.1641188}]}, "version": 37}
{"obj": {"type": "LogFloats", "path": ["SGD_net5", "matrix", "train_tn_pr_file"], "values": [{"value": 0.9480879902839661, "step": null, "ts": 1648310339.1641188}]}, "version": 38}
{"obj": {"type": "LogFloats", "path": ["SGD_net5", "validation_loss_pr_file"], "values": [{"value": 0.8822835683822632, "step": null, "ts": 1648310339.2847228}]}, "version": 39}
{"obj": {"type": "LogFloats", "path": ["SGD_net5", "validation_loss_pr_file"], "values": [{"value": 0.6910358837672642, "step": null, "ts": 1648310339.9422865}]}, "version": 40}
{"obj": {"type": "LogFloats", "path": ["SGD_net5", "val_acc_pr_file"], "values": [{"value": 0.8247588872909546, "step": null, "ts": 1648310339.9427872}]}, "version": 41}
{"obj": {"type": "LogStrings", "path": ["SGD_net5", "matrix", "val_confusion_matrix_pr_file"], "values": [{"value": "tensor([[ 102081.,   28967.],\n        [ 876423., 3942529.]])", "step": null, "ts": 1648310339.9432876}]}, "version": 42}
{"obj": {"type": "LogFloats", "path": ["SGD_net5", "matrix", "val_tp_pr_file"], "values": [{"value": 0.7789588570594788, "step": null, "ts": 1648310339.9432876}]}, "version": 43}
{"obj": {"type": "LogFloats", "path": ["SGD_net5", "matrix", "val_fp_pr_file"], "values": [{"value": 0.22104114294052124, "step": null, "ts": 1648310339.943788}]}, "version": 44}
{"obj": {"type": "LogFloats", "path": ["SGD_net5", "matrix", "val_fn_pr_file"], "values": [{"value": 0.18187004327774048, "step": null, "ts": 1648310339.943788}]}, "version": 45}
{"obj": {"type": "LogFloats", "path": ["SGD_net5", "matrix", "val_tn_pr_file"], "values": [{"value": 0.8181299567222595, "step": null, "ts": 1648310339.9442885}]}, "version": 46}
{"obj": {"type": "LogStrings", "path": ["monitoring", "stdout"], "values": [{"value": "Training epoch 1", "step": null, "ts": 1648310339.9442885}]}, "version": 47}
{"obj": {"type": "LogStrings", "path": ["monitoring", "stdout"], "values": [{"value": "\n", "step": null, "ts": 1648310339.9447885}]}, "version": 48}
{"obj": {"type": "LogFloats", "path": ["SGD_net5", "learning_rate"], "values": [{"value": 1.0, "step": null, "ts": 1648310339.9447885}]}, "version": 49}
{"obj": {"type": "LogFloats", "path": ["monitoring", "cpu"], "values": [{"value": 22.2, "step": null, "ts": 1648310343.7955937}]}, "version": 50}
{"obj": {"type": "LogFloats", "path": ["monitoring", "memory"], "values": [{"value": 9.81930923461914, "step": null, "ts": 1648310343.7955937}]}, "version": 51}
{"obj": {"type": "LogFloats", "path": ["monitoring", "gpu"], "values": [{"value": 98.0, "step": null, "ts": 1648310343.7955937}]}, "version": 52}
{"obj": {"type": "LogFloats", "path": ["monitoring", "gpu_memory"], "values": [{"value": 3.915027618408203, "step": null, "ts": 1648310343.7955937}]}, "version": 53}
{"obj": {"type": "LogFloats", "path": ["SGD_net5", "train_loss_pr_file"], "values": [{"value": 0.6240952071689424, "step": null, "ts": 1648310343.836629}]}, "version": 54}
{"obj": {"type": "LogFloats", "path": ["SGD_net5", "train_acc_pr_file"], "values": [{"value": 0.8417091369628906, "step": null, "ts": 1648310343.836629}]}, "version": 55}
{"obj": {"type": "LogStrings", "path": ["SGD_net5", "matrix", "train_confusion_matrix_pr_file"], "values": [{"value": "tensor([[  273391.,   290187.],\n        [ 1927663., 11833759.]])", "step": null, "ts": 1648310343.837129}]}, "version": 56}
{"obj": {"type": "LogFloats", "path": ["SGD_net5", "matrix", "train_tp_pr_file"], "values": [{"value": 0.48509877920150757, "step": null, "ts": 1648310343.837129}]}, "version": 57}
{"obj": {"type": "LogFloats", "path": ["SGD_net5", "matrix", "train_fp_pr_file"], "values": [{"value": 0.5149012207984924, "step": null, "ts": 1648310343.8376298}]}, "version": 58}
{"obj": {"type": "LogFloats", "path": ["SGD_net5", "matrix", "train_fn_pr_file"], "values": [{"value": 0.14007730782032013, "step": null, "ts": 1648310343.8376298}]}, "version": 59}
{"obj": {"type": "LogFloats", "path": ["SGD_net5", "matrix", "train_tn_pr_file"], "values": [{"value": 0.8599227070808411, "step": null, "ts": 1648310343.8381302}]}, "version": 60}
{"obj": {"type": "LogFloats", "path": ["SGD_net5", "validation_loss_pr_file"], "values": [{"value": 0.655532956123352, "step": null, "ts": 1648310344.5967813}]}, "version": 61}
{"obj": {"type": "LogFloats", "path": ["SGD_net5", "val_acc_pr_file"], "values": [{"value": 0.825255274772644, "step": null, "ts": 1648310344.5972817}]}, "version": 62}
{"obj": {"type": "LogStrings", "path": ["SGD_net5", "matrix", "val_confusion_matrix_pr_file"], "values": [{"value": "tensor([[ 241263.,  188471.],\n        [ 698477., 3821789.]])", "step": null, "ts": 1648310344.5972817}]}, "version": 63}
{"obj": {"type": "LogFloats", "path": ["SGD_net5", "matrix", "val_tp_pr_file"], "values": [{"value": 0.5614240169525146, "step": null, "ts": 1648310344.5977821}]}, "version": 64}
{"obj": {"type": "LogFloats", "path": ["SGD_net5", "matrix", "val_fp_pr_file"], "values": [{"value": 0.43857595324516296, "step": null, "ts": 1648310344.5977821}]}, "version": 65}
{"obj": {"type": "LogFloats", "path": ["SGD_net5", "matrix", "val_fn_pr_file"], "values": [{"value": 0.15452121198177338, "step": null, "ts": 1648310344.5982823}]}, "version": 66}
{"obj": {"type": "LogFloats", "path": ["SGD_net5", "matrix", "val_tn_pr_file"], "values": [{"value": 0.8454787731170654, "step": null, "ts": 1648310344.5982823}]}, "version": 67}
{"obj": {"type": "LogStrings", "path": ["monitoring", "stdout"], "values": [{"value": "Training epoch 2", "step": null, "ts": 1648310344.5982823}]}, "version": 68}
{"obj": {"type": "LogStrings", "path": ["monitoring", "stdout"], "values": [{"value": "\n", "step": null, "ts": 1648310344.5987828}]}, "version": 69}
{"obj": {"type": "LogFloats", "path": ["SGD_net5", "learning_rate"], "values": [{"value": 1.0, "step": null, "ts": 1648310344.5987828}]}, "version": 70}
{"obj": {"type": "LogFloats", "path": ["SGD_net5", "train_loss_pr_file"], "values": [{"value": 0.6336808701356252, "step": null, "ts": 1648310348.65076}]}, "version": 71}
{"obj": {"type": "LogFloats", "path": ["SGD_net5", "train_acc_pr_file"], "values": [{"value": 0.8161191344261169, "step": null, "ts": 1648310348.651261}]}, "version": 72}
{"obj": {"type": "LogStrings", "path": ["SGD_net5", "matrix", "train_confusion_matrix_pr_file"], "values": [{"value": "tensor([[  472969.,   646612.],\n        [ 1938426., 11266993.]])", "step": null, "ts": 1648310348.651762}]}, "version": 73}
{"obj": {"type": "LogFloats", "path": ["SGD_net5", "matrix", "train_tp_pr_file"], "values": [{"value": 0.42245179414749146, "step": null, "ts": 1648310348.651762}]}, "version": 74}
{"obj": {"type": "LogFloats", "path": ["SGD_net5", "matrix", "train_fp_pr_file"], "values": [{"value": 0.5775482058525085, "step": null, "ts": 1648310348.651762}]}, "version": 75}
{"obj": {"type": "LogFloats", "path": ["SGD_net5", "matrix", "train_fn_pr_file"], "values": [{"value": 0.14679019153118134, "step": null, "ts": 1648310348.652262}]}, "version": 76}
{"obj": {"type": "LogFloats", "path": ["SGD_net5", "matrix", "train_tn_pr_file"], "values": [{"value": 0.8532097935676575, "step": null, "ts": 1648310348.652262}]}, "version": 77}
{"obj": {"type": "LogFloats", "path": ["SGD_net5", "validation_loss_pr_file"], "values": [{"value": 0.617031420980181, "step": null, "ts": 1648310349.414416}]}, "version": 78}
{"obj": {"type": "LogFloats", "path": ["SGD_net5", "val_acc_pr_file"], "values": [{"value": 0.8005240559577942, "step": null, "ts": 1648310349.414416}]}, "version": 79}
{"obj": {"type": "LogStrings", "path": ["SGD_net5", "matrix", "val_confusion_matrix_pr_file"], "values": [{"value": "tensor([[ 459921.,  526412.],\n        [ 461755., 3501912.]])", "step": null, "ts": 1648310349.4149165}]}, "version": 80}
{"obj": {"type": "LogFloats", "path": ["SGD_net5", "matrix", "val_tp_pr_file"], "values": [{"value": 0.4662938416004181, "step": null, "ts": 1648310349.4149165}]}, "version": 81}
{"obj": {"type": "LogFloats", "path": ["SGD_net5", "matrix", "val_fp_pr_file"], "values": [{"value": 0.5337061882019043, "step": null, "ts": 1648310349.4154165}]}, "version": 82}
{"obj": {"type": "LogFloats", "path": ["SGD_net5", "matrix", "val_fn_pr_file"], "values": [{"value": 0.11649692058563232, "step": null, "ts": 1648310349.4154165}]}, "version": 83}
{"obj": {"type": "LogFloats", "path": ["SGD_net5", "matrix", "val_tn_pr_file"], "values": [{"value": 0.8835030794143677, "step": null, "ts": 1648310349.4154165}]}, "version": 84}
{"obj": {"type": "LogStrings", "path": ["monitoring", "stdout"], "values": [{"value": "Training epoch 3", "step": null, "ts": 1648310349.4159176}]}, "version": 85}
{"obj": {"type": "LogStrings", "path": ["monitoring", "stdout"], "values": [{"value": "\n", "step": null, "ts": 1648310349.4159176}]}, "version": 86}
{"obj": {"type": "LogFloats", "path": ["SGD_net5", "learning_rate"], "values": [{"value": 1.0, "step": null, "ts": 1648310349.4159176}]}, "version": 87}
{"obj": {"type": "LogFloats", "path": ["SGD_net5", "train_loss_pr_file"], "values": [{"value": 0.619061135110401, "step": null, "ts": 1648310353.166631}]}, "version": 88}
{"obj": {"type": "LogFloats", "path": ["SGD_net5", "train_acc_pr_file"], "values": [{"value": 0.7267636656761169, "step": null, "ts": 1648310353.166631}]}, "version": 89}
{"obj": {"type": "LogStrings", "path": ["SGD_net5", "matrix", "train_confusion_matrix_pr_file"], "values": [{"value": "tensor([[ 947696., 2432063.],\n        [1310705., 9634536.]])", "step": null, "ts": 1648310353.1671314}]}, "version": 90}
{"obj": {"type": "LogFloats", "path": ["SGD_net5", "matrix", "train_tp_pr_file"], "values": [{"value": 0.2804034352302551, "step": null, "ts": 1648310353.1671314}]}, "version": 91}
{"obj": {"type": "LogFloats", "path": ["SGD_net5", "matrix", "train_fp_pr_file"], "values": [{"value": 0.7195965647697449, "step": null, "ts": 1648310353.1676319}]}, "version": 92}
{"obj": {"type": "LogFloats", "path": ["SGD_net5", "matrix", "train_fn_pr_file"], "values": [{"value": 0.11975113302469254, "step": null, "ts": 1648310353.1676319}]}, "version": 93}
{"obj": {"type": "LogFloats", "path": ["SGD_net5", "matrix", "train_tn_pr_file"], "values": [{"value": 0.8802488446235657, "step": null, "ts": 1648310353.1676319}]}, "version": 94}
{"obj": {"type": "LogFloats", "path": ["monitoring", "cpu"], "values": [{"value": 22.0, "step": null, "ts": 1648310353.8021762}]}, "version": 95}
{"obj": {"type": "LogFloats", "path": ["monitoring", "memory"], "values": [{"value": 10.0670166015625, "step": null, "ts": 1648310353.8021762}]}, "version": 96}
{"obj": {"type": "LogFloats", "path": ["monitoring", "gpu"], "values": [{"value": 97.0, "step": null, "ts": 1648310353.8021762}]}, "version": 97}
{"obj": {"type": "LogFloats", "path": ["monitoring", "gpu_memory"], "values": [{"value": 3.915027618408203, "step": null, "ts": 1648310353.8021762}]}, "version": 98}
{"obj": {"type": "LogFloats", "path": ["SGD_net5", "validation_loss_pr_file"], "values": [{"value": 0.7168327910559518, "step": null, "ts": 1648310353.9217792}]}, "version": 99}
{"obj": {"type": "LogFloats", "path": ["SGD_net5", "val_acc_pr_file"], "values": [{"value": 0.8227868676185608, "step": null, "ts": 1648310353.9217792}]}, "version": 100}
{"obj": {"type": "LogStrings", "path": ["SGD_net5", "matrix", "val_confusion_matrix_pr_file"], "values": [{"value": "tensor([[  34668.,   10288.],\n        [ 904520., 4000524.]])", "step": null, "ts": 1648310353.9227805}]}, "version": 101}
{"obj": {"type": "LogFloats", "path": ["SGD_net5", "matrix", "val_tp_pr_file"], "values": [{"value": 0.7711540460586548, "step": null, "ts": 1648310353.9227805}]}, "version": 102}
{"obj": {"type": "LogFloats", "path": ["SGD_net5", "matrix", "val_fp_pr_file"], "values": [{"value": 0.2288459837436676, "step": null, "ts": 1648310353.9227805}]}, "version": 103}
{"obj": {"type": "LogFloats", "path": ["SGD_net5", "matrix", "val_fn_pr_file"], "values": [{"value": 0.1844060868024826, "step": null, "ts": 1648310353.9232805}]}, "version": 104}
{"obj": {"type": "LogFloats", "path": ["SGD_net5", "matrix", "val_tn_pr_file"], "values": [{"value": 0.8155938982963562, "step": null, "ts": 1648310353.9232805}]}, "version": 105}
