{"obj": {"type": "AssignString", "path": ["sys", "name"], "value": "Untitled"}, "version": 1}
{"obj": {"type": "AssignString", "path": ["sys", "description"], "value": ""}, "version": 2}
{"obj": {"type": "AssignString", "path": ["sys", "hostname"], "value": "DESKTOP-SDMAFDQ"}, "version": 3}
{"obj": {"type": "AssignBool", "path": ["sys", "failed"], "value": false}, "version": 4}
{"obj": {"type": "ClearStringLog", "path": ["monitoring", "stdout"]}, "version": 5}
{"obj": {"type": "ClearStringLog", "path": ["monitoring", "stderr"]}, "version": 6}
{"obj": {"type": "AssignString", "path": ["source_code", "entrypoint"], "value": "Learning_rate_finder2.py"}, "version": 7}
{"obj": {"type": "UploadFileSet", "path": ["source_code", "files"], "file_globs": ["C:\\Users\\Marc\\Documents\\GitHub\\Artefact-Rejection\\1. Finding the learning-rate\\Learning_rate_finder2.py"], "reset": "False"}, "version": 8}
{"obj": {"type": "ConfigFloatSeries", "path": ["monitoring", "cpu"], "min": 0.0, "max": 100.0, "unit": "%"}, "version": 9}
{"obj": {"type": "ClearFloatLog", "path": ["monitoring", "cpu"]}, "version": 10}
{"obj": {"type": "ConfigFloatSeries", "path": ["monitoring", "memory"], "min": 0.0, "max": 15.88718032836914, "unit": "GB"}, "version": 11}
{"obj": {"type": "ClearFloatLog", "path": ["monitoring", "memory"]}, "version": 12}
{"obj": {"type": "ConfigFloatSeries", "path": ["monitoring", "gpu"], "min": 0.0, "max": 100.0, "unit": "%"}, "version": 13}
{"obj": {"type": "ClearFloatLog", "path": ["monitoring", "gpu"]}, "version": 14}
{"obj": {"type": "ConfigFloatSeries", "path": ["monitoring", "gpu_memory"], "min": 0.0, "max": 4.0, "unit": "GB"}, "version": 15}
{"obj": {"type": "ClearFloatLog", "path": ["monitoring", "gpu_memory"]}, "version": 16}
{"obj": {"type": "LogFloats", "path": ["monitoring", "cpu"], "values": [{"value": 7.7, "step": null, "ts": 1648309279.3606436}]}, "version": 17}
{"obj": {"type": "LogFloats", "path": ["monitoring", "memory"], "values": [{"value": 8.280937194824219, "step": null, "ts": 1648309279.3606436}]}, "version": 18}
{"obj": {"type": "LogFloats", "path": ["monitoring", "gpu_memory"], "values": [{"value": 0.6045188903808594, "step": null, "ts": 1648309279.3606436}]}, "version": 19}
{"obj": {"type": "AssignString", "path": ["ADAM_net", "parameters", "optimizer"], "value": "ADAM"}, "version": 20}
{"obj": {"type": "AssignInt", "path": ["ADAM_net", "parameters", "batch_size"], "value": 10}, "version": 21}
{"obj": {"type": "AssignFloat", "path": ["ADAM_net", "parameters", "optimizer_learning_rate"], "value": 0.37}, "version": 22}
{"obj": {"type": "AssignFloat", "path": ["ADAM_net", "parameters", "optimizer_weight_decay"], "value": 0.001}, "version": 23}
{"obj": {"type": "AssignString", "path": ["ADAM_net", "parameters", "loss_function"], "value": "CrossEntropyLoss"}, "version": 24}
{"obj": {"type": "AssignString", "path": ["ADAM_net", "parameters", "loss_function_weights"], "value": "[1, 5]"}, "version": 25}
{"obj": {"type": "AssignString", "path": ["ADAM_net", "parameters", "loss_function_reduction"], "value": "mean"}, "version": 26}
{"obj": {"type": "AssignString", "path": ["ADAM_net", "parameters", "model"], "value": "Unet"}, "version": 27}
{"obj": {"type": "LogStrings", "path": ["monitoring", "stdout"], "values": [{"value": "Training epoch 0", "step": null, "ts": 1648309279.4794273}]}, "version": 28}
{"obj": {"type": "LogStrings", "path": ["monitoring", "stdout"], "values": [{"value": "\n", "step": null, "ts": 1648309279.4799273}]}, "version": 29}
{"obj": {"type": "LogFloats", "path": ["ADAM_net", "learning_rate"], "values": [{"value": 0.37, "step": null, "ts": 1648309279.4799273}]}, "version": 30}
{"obj": {"type": "LogFloats", "path": ["ADAM_net", "train_loss_pr_file"], "values": [{"value": 0.6085318922996521, "step": null, "ts": 1648309281.1550372}]}, "version": 31}
{"obj": {"type": "LogFloats", "path": ["ADAM_net", "train_loss_pr_file"], "values": [{"value": 0.6851512847038416, "step": null, "ts": 1648309285.8185248}]}, "version": 32}
{"obj": {"type": "LogFloats", "path": ["ADAM_net", "train_acc_pr_file"], "values": [{"value": 0.3116934895515442, "step": null, "ts": 1648309285.8185248}]}, "version": 33}
{"obj": {"type": "LogStrings", "path": ["ADAM_net", "matrix", "train_confusion_matrix_pr_file"], "values": [{"value": "tensor([[5.7729e+06, 1.2377e+07],\n        [2.2200e+02, 3.8000e+01]])", "step": null, "ts": 1648309285.8195257}]}, "version": 34}
{"obj": {"type": "LogFloats", "path": ["ADAM_net", "matrix", "train_tp_pr_file"], "values": [{"value": 0.31807154417037964, "step": null, "ts": 1648309285.8200264}]}, "version": 35}
{"obj": {"type": "LogFloats", "path": ["ADAM_net", "matrix", "train_fp_pr_file"], "values": [{"value": 0.6819284558296204, "step": null, "ts": 1648309285.8200264}]}, "version": 36}
{"obj": {"type": "LogFloats", "path": ["ADAM_net", "matrix", "train_fn_pr_file"], "values": [{"value": 0.8538461327552795, "step": null, "ts": 1648309285.8200264}]}, "version": 37}
{"obj": {"type": "LogFloats", "path": ["ADAM_net", "matrix", "train_tn_pr_file"], "values": [{"value": 0.14615385234355927, "step": null, "ts": 1648309285.820526}]}, "version": 38}
{"obj": {"type": "LogFloats", "path": ["ADAM_net", "validation_loss_pr_file"], "values": [{"value": 1.283483862876892, "step": null, "ts": 1648309285.9291193}]}, "version": 39}
{"obj": {"type": "LogFloats", "path": ["ADAM_net", "validation_loss_pr_file"], "values": [{"value": 1.2800464630126953, "step": null, "ts": 1648309286.5516548}]}, "version": 40}
{"obj": {"type": "LogFloats", "path": ["ADAM_net", "val_acc_pr_file"], "values": [{"value": 0.006888889707624912, "step": null, "ts": 1648309286.5516548}]}, "version": 41}
{"obj": {"type": "LogStrings", "path": ["ADAM_net", "matrix", "val_confusion_matrix_pr_file"], "values": [{"value": "tensor([[  31000., 4469000.],\n        [      0.,       0.]])", "step": null, "ts": 1648309286.552656}]}, "version": 42}
{"obj": {"type": "LogFloats", "path": ["ADAM_net", "matrix", "val_tp_pr_file"], "values": [{"value": 0.006888888776302338, "step": null, "ts": 1648309286.552656}]}, "version": 43}
{"obj": {"type": "LogFloats", "path": ["ADAM_net", "matrix", "val_fp_pr_file"], "values": [{"value": 0.9931111335754395, "step": null, "ts": 1648309286.5531561}]}, "version": 44}
{"obj": {"type": "LogFloats", "path": ["ADAM_net", "matrix", "val_fn_pr_file"], "values": [{"value": 1.0, "step": null, "ts": 1648309286.5531561}]}, "version": 45}
{"obj": {"type": "LogFloats", "path": ["ADAM_net", "matrix", "val_tn_pr_file"], "values": [{"value": 1.0, "step": null, "ts": 1648309286.5531561}]}, "version": 46}
{"obj": {"type": "LogStrings", "path": ["monitoring", "stdout"], "values": [{"value": "Training epoch 1", "step": null, "ts": 1648309286.5531561}]}, "version": 47}
{"obj": {"type": "LogStrings", "path": ["monitoring", "stdout"], "values": [{"value": "\n", "step": null, "ts": 1648309286.5536554}]}, "version": 48}
{"obj": {"type": "LogFloats", "path": ["ADAM_net", "learning_rate"], "values": [{"value": 0.37, "step": null, "ts": 1648309286.5536554}]}, "version": 49}
{"obj": {"type": "LogFloats", "path": ["monitoring", "cpu"], "values": [{"value": 21.4, "step": null, "ts": 1648309289.3780797}]}, "version": 50}
{"obj": {"type": "LogFloats", "path": ["monitoring", "memory"], "values": [{"value": 10.236927032470703, "step": null, "ts": 1648309289.3780797}]}, "version": 51}
{"obj": {"type": "LogFloats", "path": ["monitoring", "gpu"], "values": [{"value": 98.0, "step": null, "ts": 1648309289.3780797}]}, "version": 52}
{"obj": {"type": "LogFloats", "path": ["monitoring", "gpu_memory"], "values": [{"value": 3.8687095642089844, "step": null, "ts": 1648309289.3780797}]}, "version": 53}
{"obj": {"type": "LogFloats", "path": ["ADAM_net", "train_loss_pr_file"], "values": [{"value": 0.6817952761283288, "step": null, "ts": 1648309291.4628692}]}, "version": 54}
{"obj": {"type": "LogFloats", "path": ["ADAM_net", "train_acc_pr_file"], "values": [{"value": 0.31759315729141235, "step": null, "ts": 1648309291.4628692}]}, "version": 55}
{"obj": {"type": "LogStrings", "path": ["ADAM_net", "matrix", "train_confusion_matrix_pr_file"], "values": [{"value": "tensor([[ 5582241., 12090259.],\n        [  136157.,   341343.]])", "step": null, "ts": 1648309291.4633694}]}, "version": 56}
{"obj": {"type": "LogFloats", "path": ["ADAM_net", "matrix", "train_tp_pr_file"], "values": [{"value": 0.31587159633636475, "step": null, "ts": 1648309291.46387}]}, "version": 57}
{"obj": {"type": "LogFloats", "path": ["ADAM_net", "matrix", "train_fp_pr_file"], "values": [{"value": 0.6841284036636353, "step": null, "ts": 1648309291.46387}]}, "version": 58}
{"obj": {"type": "LogFloats", "path": ["ADAM_net", "matrix", "train_fn_pr_file"], "values": [{"value": 0.2851455509662628, "step": null, "ts": 1648309291.46387}]}, "version": 59}
{"obj": {"type": "LogFloats", "path": ["ADAM_net", "matrix", "train_tn_pr_file"], "values": [{"value": 0.7148544788360596, "step": null, "ts": 1648309291.4643703}]}, "version": 60}
{"obj": {"type": "LogFloats", "path": ["ADAM_net", "validation_loss_pr_file"], "values": [{"value": 1.2634135484695435, "step": null, "ts": 1648309292.1709774}]}, "version": 61}
{"obj": {"type": "LogFloats", "path": ["ADAM_net", "val_acc_pr_file"], "values": [{"value": 0.006836222484707832, "step": null, "ts": 1648309292.1709774}]}, "version": 62}
{"obj": {"type": "LogStrings", "path": ["ADAM_net", "matrix", "val_confusion_matrix_pr_file"], "values": [{"value": "tensor([[  30763., 4469237.],\n        [      0.,       0.]])", "step": null, "ts": 1648309292.171478}]}, "version": 63}
{"obj": {"type": "LogFloats", "path": ["ADAM_net", "matrix", "val_tp_pr_file"], "values": [{"value": 0.006836222019046545, "step": null, "ts": 1648309292.1719775}]}, "version": 64}
{"obj": {"type": "LogFloats", "path": ["ADAM_net", "matrix", "val_fp_pr_file"], "values": [{"value": 0.9931637644767761, "step": null, "ts": 1648309292.1719775}]}, "version": 65}
{"obj": {"type": "LogFloats", "path": ["ADAM_net", "matrix", "val_fn_pr_file"], "values": [{"value": 1.0, "step": null, "ts": 1648309292.1719775}]}, "version": 66}
{"obj": {"type": "LogFloats", "path": ["ADAM_net", "matrix", "val_tn_pr_file"], "values": [{"value": 1.0, "step": null, "ts": 1648309292.1724777}]}, "version": 67}
{"obj": {"type": "LogStrings", "path": ["monitoring", "stdout"], "values": [{"value": "Training epoch 2", "step": null, "ts": 1648309292.1724777}]}, "version": 68}
{"obj": {"type": "LogStrings", "path": ["monitoring", "stdout"], "values": [{"value": "\n", "step": null, "ts": 1648309292.1724777}]}, "version": 69}
{"obj": {"type": "LogFloats", "path": ["ADAM_net", "learning_rate"], "values": [{"value": 0.37, "step": null, "ts": 1648309292.1724777}]}, "version": 70}
{"obj": {"type": "LogFloats", "path": ["ADAM_net", "train_loss_pr_file"], "values": [{"value": 0.6675637100751584, "step": null, "ts": 1648309297.0796893}]}, "version": 71}
{"obj": {"type": "LogFloats", "path": ["ADAM_net", "train_acc_pr_file"], "values": [{"value": 0.3164916932582855, "step": null, "ts": 1648309297.0796893}]}, "version": 72}
{"obj": {"type": "LogStrings", "path": ["ADAM_net", "matrix", "train_confusion_matrix_pr_file"], "values": [{"value": "tensor([[ 5831845., 12318155.],\n        [       0.,        0.]])", "step": null, "ts": 1648309297.0801897}]}, "version": 73}
{"obj": {"type": "LogFloats", "path": ["ADAM_net", "matrix", "train_tp_pr_file"], "values": [{"value": 0.3213137686252594, "step": null, "ts": 1648309297.0801897}]}, "version": 74}
{"obj": {"type": "LogFloats", "path": ["ADAM_net", "matrix", "train_fp_pr_file"], "values": [{"value": 0.6786862015724182, "step": null, "ts": 1648309297.0806901}]}, "version": 75}
{"obj": {"type": "LogFloats", "path": ["ADAM_net", "matrix", "train_fn_pr_file"], "values": [{"value": 1.0, "step": null, "ts": 1648309297.0806901}]}, "version": 76}
{"obj": {"type": "LogFloats", "path": ["ADAM_net", "matrix", "train_tn_pr_file"], "values": [{"value": 1.0, "step": null, "ts": 1648309297.0806901}]}, "version": 77}
{"obj": {"type": "LogFloats", "path": ["ADAM_net", "validation_loss_pr_file"], "values": [{"value": 1.0690741340319316, "step": null, "ts": 1648309297.776287}]}, "version": 78}
{"obj": {"type": "LogFloats", "path": ["ADAM_net", "val_acc_pr_file"], "values": [{"value": 0.010186444967985153, "step": null, "ts": 1648309297.776287}]}, "version": 79}
{"obj": {"type": "LogStrings", "path": ["ADAM_net", "matrix", "val_confusion_matrix_pr_file"], "values": [{"value": "tensor([[  45839., 4454161.],\n        [      0.,       0.]])", "step": null, "ts": 1648309297.7767875}]}, "version": 80}
{"obj": {"type": "LogFloats", "path": ["ADAM_net", "matrix", "val_tp_pr_file"], "values": [{"value": 0.010186444036662579, "step": null, "ts": 1648309297.777288}]}, "version": 81}
{"obj": {"type": "LogFloats", "path": ["ADAM_net", "matrix", "val_fp_pr_file"], "values": [{"value": 0.9898135662078857, "step": null, "ts": 1648309297.777288}]}, "version": 82}
{"obj": {"type": "LogFloats", "path": ["ADAM_net", "matrix", "val_fn_pr_file"], "values": [{"value": 1.0, "step": null, "ts": 1648309297.777288}]}, "version": 83}
{"obj": {"type": "LogFloats", "path": ["ADAM_net", "matrix", "val_tn_pr_file"], "values": [{"value": 1.0, "step": null, "ts": 1648309297.777288}]}, "version": 84}
{"obj": {"type": "LogStrings", "path": ["monitoring", "stdout"], "values": [{"value": "Training epoch 3", "step": null, "ts": 1648309297.7777886}]}, "version": 85}
{"obj": {"type": "LogStrings", "path": ["monitoring", "stdout"], "values": [{"value": "\n", "step": null, "ts": 1648309297.7777886}]}, "version": 86}
{"obj": {"type": "LogFloats", "path": ["ADAM_net", "learning_rate"], "values": [{"value": 0.37, "step": null, "ts": 1648309297.7777886}]}, "version": 87}
{"obj": {"type": "LogFloats", "path": ["monitoring", "cpu"], "values": [{"value": 19.6, "step": null, "ts": 1648309299.3841665}]}, "version": 88}
{"obj": {"type": "LogFloats", "path": ["monitoring", "memory"], "values": [{"value": 10.374385833740234, "step": null, "ts": 1648309299.3841665}]}, "version": 89}
{"obj": {"type": "LogFloats", "path": ["monitoring", "gpu"], "values": [{"value": 85.0, "step": null, "ts": 1648309299.3841665}]}, "version": 90}
{"obj": {"type": "LogFloats", "path": ["monitoring", "gpu_memory"], "values": [{"value": 3.8595542907714844, "step": null, "ts": 1648309299.3841665}]}, "version": 91}
{"obj": {"type": "LogFloats", "path": ["ADAM_net", "train_loss_pr_file"], "values": [{"value": 0.7702059184129422, "step": null, "ts": 1648309302.6955097}]}, "version": 92}
{"obj": {"type": "LogFloats", "path": ["ADAM_net", "train_acc_pr_file"], "values": [{"value": 0.6320036053657532, "step": null, "ts": 1648309302.6955097}]}, "version": 93}
{"obj": {"type": "LogStrings", "path": ["ADAM_net", "matrix", "train_confusion_matrix_pr_file"], "values": [{"value": "tensor([[2092984., 3219040.],\n        [3521864., 9316112.]])", "step": null, "ts": 1648309302.6960096}]}, "version": 94}
{"obj": {"type": "LogFloats", "path": ["ADAM_net", "matrix", "train_tp_pr_file"], "values": [{"value": 0.3940087556838989, "step": null, "ts": 1648309302.6960096}]}, "version": 95}
{"obj": {"type": "LogFloats", "path": ["ADAM_net", "matrix", "train_fp_pr_file"], "values": [{"value": 0.6059912443161011, "step": null, "ts": 1648309302.6965096}]}, "version": 96}
{"obj": {"type": "LogFloats", "path": ["ADAM_net", "matrix", "train_fn_pr_file"], "values": [{"value": 0.2743317186832428, "step": null, "ts": 1648309302.6965096}]}, "version": 97}
{"obj": {"type": "LogFloats", "path": ["ADAM_net", "matrix", "train_tn_pr_file"], "values": [{"value": 0.7256683111190796, "step": null, "ts": 1648309302.6970098}]}, "version": 98}
{"obj": {"type": "LogFloats", "path": ["ADAM_net", "validation_loss_pr_file"], "values": [{"value": 1.2759624123573303, "step": null, "ts": 1648309303.3851018}]}, "version": 99}
{"obj": {"type": "LogFloats", "path": ["ADAM_net", "val_acc_pr_file"], "values": [{"value": 0.007975111715495586, "step": null, "ts": 1648309303.3851018}]}, "version": 100}
{"obj": {"type": "LogStrings", "path": ["ADAM_net", "matrix", "val_confusion_matrix_pr_file"], "values": [{"value": "tensor([[  35888., 4464112.],\n        [      0.,       0.]])", "step": null, "ts": 1648309303.3856022}]}, "version": 101}
{"obj": {"type": "LogFloats", "path": ["ADAM_net", "matrix", "val_tp_pr_file"], "values": [{"value": 0.007975110784173012, "step": null, "ts": 1648309303.3856022}]}, "version": 102}
{"obj": {"type": "LogFloats", "path": ["ADAM_net", "matrix", "val_fp_pr_file"], "values": [{"value": 0.9920248985290527, "step": null, "ts": 1648309303.3861027}]}, "version": 103}
{"obj": {"type": "LogFloats", "path": ["ADAM_net", "matrix", "val_fn_pr_file"], "values": [{"value": 1.0, "step": null, "ts": 1648309303.3861027}]}, "version": 104}
{"obj": {"type": "LogFloats", "path": ["ADAM_net", "matrix", "val_tn_pr_file"], "values": [{"value": 1.0, "step": null, "ts": 1648309303.3861027}]}, "version": 105}
