{"obj": {"type": "LogFloats", "path": ["monitoring", "cpu"], "values": [{"value": 4.7, "step": null, "ts": 1651819627.8441954}]}, "version": 1}
{"obj": {"type": "LogFloats", "path": ["monitoring", "memory"], "values": [{"value": 8.262752532958984, "step": null, "ts": 1651819627.8441954}]}, "version": 2}
{"obj": {"type": "LogFloats", "path": ["monitoring", "gpu_memory"], "values": [{"value": 1.0590705871582031, "step": null, "ts": 1651819627.8441954}]}, "version": 3}
{"obj": {"type": "LogStrings", "path": ["monitoring", "traceback"], "values": [{"value": "An uncaught exception occurred while run was active on worker DESKTOP-SDMAFDQ.", "step": null, "ts": 1651819628.1129565}, {"value": "Marking run as failed", "step": null, "ts": 1651819628.1129565}, {"value": "Traceback:", "step": null, "ts": 1651819628.1129565}, {"value": "  File \"C:\\Users\\Marc\\Documents\\GitHub\\Artefact-Rejection\\plotting\\max_learnplotter.py\", line 28, in <module>\n    sgd_fp = run['\u200enetwork_SGD/matrix/val_fn_pr_file'].fetch_values()\n", "step": null, "ts": 1651819628.1129565}, {"value": "  File \"C:\\Users\\Marc\\anaconda3\\envs\\deep\\lib\\site-packages\\neptune\\new\\handler.py\", line 411, in fetch_values\n    return self._pass_call_to_attr(\n", "step": null, "ts": 1651819628.1129565}, {"value": "  File \"C:\\Users\\Marc\\anaconda3\\envs\\deep\\lib\\site-packages\\neptune\\new\\handler.py\", line 501, in _pass_call_to_attr\n    return getattr(self._get_attribute(), function_name)(**kwargs)\n", "step": null, "ts": 1651819628.1129565}, {"value": "  File \"C:\\Users\\Marc\\anaconda3\\envs\\deep\\lib\\site-packages\\neptune\\new\\handler.py\", line 102, in _get_attribute\n    raise MissingFieldException(self._path)\n", "step": null, "ts": 1651819628.1129565}, {"value": "", "step": null, "ts": 1651819628.1129565}, {"value": "", "step": null, "ts": 1651819628.1129565}, {"value": "----MissingFieldException-------------------------------------------------------", "step": null, "ts": 1651819628.1129565}]}, "version": 4}
{"obj": {"type": "LogStrings", "path": ["monitoring", "traceback"], "values": [{"value": "", "step": null, "ts": 1651819628.1129565}, {"value": "Field \"\u200enetwork_SGD/matrix/val_fn_pr_file\" was not found.", "step": null, "ts": 1651819628.1129565}, {"value": "", "step": null, "ts": 1651819628.1129565}, {"value": "There are two possible reasons:", "step": null, "ts": 1651819628.1129565}, {"value": "    - There is a typo in a path. Double-check your code for typos.", "step": null, "ts": 1651819628.1129565}, {"value": "    - You are fetching a field that other process created, but local representation is not synchronized.", "step": null, "ts": 1651819628.1129565}, {"value": "    If you are sending metadata from multiple processes at the same time, synchronize the local representation before fetching values:", "step": null, "ts": 1651819628.1129565}, {"value": "        run.sync()", "step": null, "ts": 1651819628.1129565}, {"value": "", "step": null, "ts": 1651819628.1129565}, {"value": "Need help?-> https://docs.neptune.ai/getting-started/getting-help", "step": null, "ts": 1651819628.1129565}]}, "version": 5}
{"obj": {"type": "LogStrings", "path": ["monitoring", "traceback"], "values": [{"value": "", "step": null, "ts": 1651819628.1129565}]}, "version": 6}
{"obj": {"type": "AssignBool", "path": ["sys", "failed"], "value": true}, "version": 7}
{"obj": {"type": "LogStrings", "path": ["monitoring", "stderr"], "values": [{"value": "Traceback (most recent call last):\n", "step": null, "ts": 1651819628.1135051}]}, "version": 8}
{"obj": {"type": "LogStrings", "path": ["monitoring", "stderr"], "values": [{"value": "  File \"C:\\Users\\Marc\\Documents\\GitHub\\Artefact-Rejection\\plotting\\max_learnplotter.py\", line 28, in <module>\n", "step": null, "ts": 1651819628.114006}]}, "version": 9}
{"obj": {"type": "LogStrings", "path": ["monitoring", "stderr"], "values": [{"value": "    ", "step": null, "ts": 1651819628.1145074}]}, "version": 10}
{"obj": {"type": "LogStrings", "path": ["monitoring", "stderr"], "values": [{"value": "sgd_fp = run['\u200enetwork_SGD/matrix/val_fn_pr_file'].fetch_values()", "step": null, "ts": 1651819628.1145074}]}, "version": 11}
{"obj": {"type": "LogStrings", "path": ["monitoring", "stderr"], "values": [{"value": "\n", "step": null, "ts": 1651819628.1145074}]}, "version": 12}
{"obj": {"type": "LogStrings", "path": ["monitoring", "stderr"], "values": [{"value": "  File \"C:\\Users\\Marc\\anaconda3\\envs\\deep\\lib\\site-packages\\neptune\\new\\handler.py\", line 411, in fetch_values\n", "step": null, "ts": 1651819628.1150074}]}, "version": 13}
{"obj": {"type": "LogStrings", "path": ["monitoring", "stderr"], "values": [{"value": "    ", "step": null, "ts": 1651819628.1155076}]}, "version": 14}
{"obj": {"type": "LogStrings", "path": ["monitoring", "stderr"], "values": [{"value": "return self._pass_call_to_attr(", "step": null, "ts": 1651819628.1155076}]}, "version": 15}
{"obj": {"type": "LogStrings", "path": ["monitoring", "stderr"], "values": [{"value": "\n", "step": null, "ts": 1651819628.1155076}]}, "version": 16}
{"obj": {"type": "LogStrings", "path": ["monitoring", "stderr"], "values": [{"value": "  File \"C:\\Users\\Marc\\anaconda3\\envs\\deep\\lib\\site-packages\\neptune\\new\\handler.py\", line 501, in _pass_call_to_attr\n", "step": null, "ts": 1651819628.1160085}]}, "version": 17}
{"obj": {"type": "LogStrings", "path": ["monitoring", "stderr"], "values": [{"value": "    ", "step": null, "ts": 1651819628.116509}]}, "version": 18}
{"obj": {"type": "LogStrings", "path": ["monitoring", "stderr"], "values": [{"value": "return getattr(self._get_attribute(), function_name)(**kwargs)", "step": null, "ts": 1651819628.116509}]}, "version": 19}
{"obj": {"type": "LogStrings", "path": ["monitoring", "stderr"], "values": [{"value": "\n", "step": null, "ts": 1651819628.116509}]}, "version": 20}
{"obj": {"type": "LogStrings", "path": ["monitoring", "stderr"], "values": [{"value": "  File \"C:\\Users\\Marc\\anaconda3\\envs\\deep\\lib\\site-packages\\neptune\\new\\handler.py\", line 102, in _get_attribute\n", "step": null, "ts": 1651819628.117009}]}, "version": 21}
{"obj": {"type": "LogStrings", "path": ["monitoring", "stderr"], "values": [{"value": "    ", "step": null, "ts": 1651819628.1175096}]}, "version": 22}
{"obj": {"type": "LogStrings", "path": ["monitoring", "stderr"], "values": [{"value": "raise MissingFieldException(self._path)", "step": null, "ts": 1651819628.1175096}]}, "version": 23}
{"obj": {"type": "LogStrings", "path": ["monitoring", "stderr"], "values": [{"value": "\n", "step": null, "ts": 1651819628.1175096}]}, "version": 24}
{"obj": {"type": "LogStrings", "path": ["monitoring", "stderr"], "values": [{"value": "neptune.new.exceptions", "step": null, "ts": 1651819628.1175096}]}, "version": 25}
{"obj": {"type": "LogStrings", "path": ["monitoring", "stderr"], "values": [{"value": ".", "step": null, "ts": 1651819628.1180098}]}, "version": 26}
{"obj": {"type": "LogStrings", "path": ["monitoring", "stderr"], "values": [{"value": "MissingFieldException", "step": null, "ts": 1651819628.1180098}]}, "version": 27}
{"obj": {"type": "LogStrings", "path": ["monitoring", "stderr"], "values": [{"value": ": ", "step": null, "ts": 1651819628.1180098}]}, "version": 28}
{"obj": {"type": "LogStrings", "path": ["monitoring", "stderr"], "values": [{"value": "\n\n----MissingFieldException-------------------------------------------------------\n\nField \"\u200enetwork_SGD/matrix/val_fn_pr_file\" was not found.\n\nThere are two possible reasons:\n    - There is a typo in a path. Double-check your code for typos.\n    - You are fetching a field that other process created, but local representation is not synchronized.\n    If you are sending metadata from multiple processes at the same time, synchronize the local representation before fetching values:\n        run.sync()\n\nNeed help?-> https://docs.neptune.ai/getting-started/getting-help\n", "step": null, "ts": 1651819628.1180098}]}, "version": 29}
{"obj": {"type": "LogStrings", "path": ["monitoring", "stderr"], "values": [{"value": "\n", "step": null, "ts": 1651819628.1185112}]}, "version": 30}
