{"obj": {"type": "AssignString", "path": ["sys", "name"], "value": "Untitled"}, "version": 1}
{"obj": {"type": "AssignString", "path": ["sys", "description"], "value": ""}, "version": 2}
{"obj": {"type": "AssignString", "path": ["sys", "hostname"], "value": "DESKTOP-SH3J0RM"}, "version": 3}
{"obj": {"type": "AssignBool", "path": ["sys", "failed"], "value": false}, "version": 4}
{"obj": {"type": "ClearStringLog", "path": ["monitoring", "stdout"]}, "version": 5}
{"obj": {"type": "ClearStringLog", "path": ["monitoring", "stderr"]}, "version": 6}
{"obj": {"type": "AssignString", "path": ["source_code", "entrypoint"], "value": "Network trainer.py"}, "version": 7}
{"obj": {"type": "UploadFileSet", "path": ["source_code", "files"], "file_globs": ["C:\\Users\\Marc\\Documents\\GitHub\\Artefact-Rejection\\mulitclass_net\\2. Testing and training networks\\Network trainer.py"], "reset": "False"}, "version": 8}
{"obj": {"type": "ConfigFloatSeries", "path": ["monitoring", "cpu"], "min": 0.0, "max": 100.0, "unit": "%"}, "version": 9}
{"obj": {"type": "ClearFloatLog", "path": ["monitoring", "cpu"]}, "version": 10}
{"obj": {"type": "ConfigFloatSeries", "path": ["monitoring", "memory"], "min": 0.0, "max": 15.747394561767578, "unit": "GB"}, "version": 11}
{"obj": {"type": "ClearFloatLog", "path": ["monitoring", "memory"]}, "version": 12}
{"obj": {"type": "ConfigFloatSeries", "path": ["monitoring", "gpu"], "min": 0.0, "max": 100.0, "unit": "%"}, "version": 13}
{"obj": {"type": "ClearFloatLog", "path": ["monitoring", "gpu"]}, "version": 14}
{"obj": {"type": "ConfigFloatSeries", "path": ["monitoring", "gpu_memory"], "min": 0.0, "max": 8.0, "unit": "GB"}, "version": 15}
{"obj": {"type": "ClearFloatLog", "path": ["monitoring", "gpu_memory"]}, "version": 16}
{"obj": {"type": "LogFloats", "path": ["monitoring", "cpu"], "values": [{"value": 13.6, "step": null, "ts": 1654331685.9749665}]}, "version": 17}
{"obj": {"type": "LogFloats", "path": ["monitoring", "memory"], "values": [{"value": 7.338504791259766, "step": null, "ts": 1654331685.9749665}]}, "version": 18}
{"obj": {"type": "LogFloats", "path": ["monitoring", "gpu"], "values": [{"value": 13.0, "step": null, "ts": 1654331685.9749665}]}, "version": 19}
{"obj": {"type": "LogFloats", "path": ["monitoring", "gpu_memory"], "values": [{"value": 0.6239280700683594, "step": null, "ts": 1654331685.9749665}]}, "version": 20}
{"obj": {"type": "AssignString", "path": ["network_ADAM", "parameters", "optimizer"], "value": "SGD"}, "version": 21}
{"obj": {"type": "AssignInt", "path": ["network_ADAM", "parameters", "batch_size"], "value": 10}, "version": 22}
{"obj": {"type": "AssignFloat", "path": ["network_ADAM", "parameters", "optimizer_learning_rate"], "value": 0.007}, "version": 23}
{"obj": {"type": "AssignInt", "path": ["network_ADAM", "parameters", "optimizor_weight_decay"], "value": 0}, "version": 24}
{"obj": {"type": "AssignString", "path": ["network_ADAM", "parameters", "loss_function"], "value": "CrossEntropyLoss"}, "version": 25}
{"obj": {"type": "AssignString", "path": ["network_ADAM", "parameters", "loss_function_weights"], "value": "[1.25, 6.67, 16.67, 1.0]"}, "version": 26}
{"obj": {"type": "AssignString", "path": ["network_ADAM", "parameters", "loss_function_reduction"], "value": "mean"}, "version": 27}
{"obj": {"type": "AssignString", "path": ["network_ADAM", "parameters", "model"], "value": "Unet_leaky_lstm_elec"}, "version": 28}
{"obj": {"type": "AssignString", "path": ["network_ADAM", "parameters", "scheduler"], "value": "CyclicLR"}, "version": 29}
{"obj": {"type": "AssignFloat", "path": ["network_ADAM", "parameters", "scheduler_base_lr"], "value": 0.007}, "version": 30}
{"obj": {"type": "AssignFloat", "path": ["network_ADAM", "parameters", "scheduler_max_lr"], "value": 0.013}, "version": 31}
{"obj": {"type": "AssignBool", "path": ["network_ADAM", "parameters", "scheduler_cycle_momentum"], "value": false}, "version": 32}
{"obj": {"type": "AssignFloat", "path": ["network_ADAM", "parameters", "scheduler_step_size_up"], "value": 5571.0}, "version": 33}
{"obj": {"type": "AssignFloat", "path": ["network_ADAM", "parameters", "smooting_loss"], "value": 0.05}, "version": 34}
{"obj": {"type": "LogStrings", "path": ["monitoring", "stdout"], "values": [{"value": "Training epoch 0", "step": null, "ts": 1654331687.2092118}]}, "version": 35}
{"obj": {"type": "LogStrings", "path": ["monitoring", "stdout"], "values": [{"value": "\n", "step": null, "ts": 1654331687.2092118}]}, "version": 36}
{"obj": {"type": "LogFloats", "path": ["network_ADAM", "learning_rate"], "values": [{"value": 0.007, "step": null, "ts": 1654331687.2092118}]}, "version": 37}
{"obj": {"type": "LogFloats", "path": ["network_ADAM", "train_loss_pr_file"], "values": [{"value": 1.3956875801086426, "step": null, "ts": 1654331688.6778047}]}, "version": 38}
{"obj": {"type": "LogFloats", "path": ["network_ADAM", "smooth_train_loss_pr_file"], "values": [{"value": 1.3956875801086426, "step": null, "ts": 1654331688.6778047}]}, "version": 39}
{"obj": {"type": "LogFloats", "path": ["network_ADAM", "validation_loss_pr_file"], "values": [{"value": 1.3956875801086426, "step": null, "ts": 1654331688.6778047}]}, "version": 40}
{"obj": {"type": "LogFloats", "path": ["network_ADAM", "smooth_val_loss_pr_file"], "values": [{"value": 1.3956875801086426, "step": null, "ts": 1654331688.6778047}]}, "version": 41}
{"obj": {"type": "LogFloats", "path": ["monitoring", "cpu"], "values": [{"value": 13.9, "step": null, "ts": 1654331695.9969902}]}, "version": 42}
{"obj": {"type": "LogFloats", "path": ["monitoring", "memory"], "values": [{"value": 9.798576354980469, "step": null, "ts": 1654331695.9969902}]}, "version": 43}
{"obj": {"type": "LogFloats", "path": ["monitoring", "gpu"], "values": [{"value": 77.0, "step": null, "ts": 1654331695.9969902}]}, "version": 44}
{"obj": {"type": "LogFloats", "path": ["monitoring", "gpu_memory"], "values": [{"value": 4.632007598876953, "step": null, "ts": 1654331695.9969902}]}, "version": 45}
{"obj": {"type": "LogFloats", "path": ["monitoring", "cpu"], "values": [{"value": 15.4, "step": null, "ts": 1654331706.0063088}]}, "version": 46}
{"obj": {"type": "LogFloats", "path": ["monitoring", "memory"], "values": [{"value": 9.80377197265625, "step": null, "ts": 1654331706.0063088}]}, "version": 47}
{"obj": {"type": "LogFloats", "path": ["monitoring", "gpu"], "values": [{"value": 80.0, "step": null, "ts": 1654331706.0063088}]}, "version": 48}
{"obj": {"type": "LogFloats", "path": ["monitoring", "gpu_memory"], "values": [{"value": 4.627063751220703, "step": null, "ts": 1654331706.0063088}]}, "version": 49}
{"obj": {"type": "LogStrings", "path": ["monitoring", "stderr"], "values": [{"value": "Process Process-1:1:\n", "step": null, "ts": 1654331715.3152792}]}, "version": 50}
{"obj": {"type": "LogStrings", "path": ["monitoring", "stderr"], "values": [{"value": "Traceback (most recent call last):\n", "step": null, "ts": 1654331715.3309026}]}, "version": 51}
{"obj": {"type": "LogStrings", "path": ["monitoring", "stderr"], "values": [{"value": "", "step": null, "ts": 1654331715.3309026}]}, "version": 52}
{"obj": {"type": "LogStrings", "path": ["monitoring", "stderr"], "values": [{"value": "  File \"C:\\Users\\Marc\\anaconda3\\envs\\deep\\lib\\multiprocessing\\process.py\", line 315, in _bootstrap\n    self.run()\n", "step": null, "ts": 1654331715.3309026}]}, "version": 53}
{"obj": {"type": "LogStrings", "path": ["monitoring", "stderr"], "values": [{"value": "", "step": null, "ts": 1654331715.3309026}]}, "version": 54}
{"obj": {"type": "LogStrings", "path": ["monitoring", "stderr"], "values": [{"value": "  File \"C:\\Users\\Marc\\anaconda3\\envs\\deep\\lib\\multiprocessing\\process.py\", line 108, in run\n    self._target(*self._args, **self._kwargs)\n", "step": null, "ts": 1654331715.3309026}]}, "version": 55}
{"obj": {"type": "LogStrings", "path": ["monitoring", "stderr"], "values": [{"value": "", "step": null, "ts": 1654331715.3309026}]}, "version": 56}
{"obj": {"type": "LogStrings", "path": ["monitoring", "stderr"], "values": [{"value": "  File \"C:\\Users\\Marc\\Documents\\GitHub\\Artefact-Rejection\\mulitclass_net\\2. Testing and training networks\\Network trainer.py\", line 183, in net_ADAM\n    net_multi_train(device = device,\n", "step": null, "ts": 1654331715.3309026}]}, "version": 57}
{"obj": {"type": "LogStrings", "path": ["monitoring", "stderr"], "values": [{"value": "", "step": null, "ts": 1654331715.3309026}]}, "version": 58}
{"obj": {"type": "LogStrings", "path": ["monitoring", "stderr"], "values": [{"value": "  File \"C:\\Users\\Marc\\Documents\\GitHub\\Artefact-Rejection\\LoaderPACK\\trainer.py\", line 315, in net_multi_train\n    loss.backward()\n", "step": null, "ts": 1654331715.3309026}]}, "version": 59}
{"obj": {"type": "LogStrings", "path": ["monitoring", "stderr"], "values": [{"value": "", "step": null, "ts": 1654331715.3309026}]}, "version": 60}
{"obj": {"type": "LogStrings", "path": ["monitoring", "stderr"], "values": [{"value": "  File \"C:\\Users\\Marc\\anaconda3\\envs\\deep\\lib\\site-packages\\torch\\_tensor.py\", line 363, in backward\n    torch.autograd.backward(self, gradient, retain_graph, create_graph, inputs=inputs)\n", "step": null, "ts": 1654331715.3309026}]}, "version": 61}
{"obj": {"type": "LogStrings", "path": ["monitoring", "stderr"], "values": [{"value": "", "step": null, "ts": 1654331715.3309026}]}, "version": 62}
{"obj": {"type": "LogStrings", "path": ["monitoring", "stderr"], "values": [{"value": "  File \"C:\\Users\\Marc\\anaconda3\\envs\\deep\\lib\\site-packages\\torch\\autograd\\__init__.py\", line 173, in backward\n    Variable._execution_engine.run_backward(  # Calls into the C++ engine to run the backward pass\n", "step": null, "ts": 1654331715.3309026}]}, "version": 63}
{"obj": {"type": "LogStrings", "path": ["monitoring", "stderr"], "values": [{"value": "", "step": null, "ts": 1654331715.3309026}]}, "version": 64}
{"obj": {"type": "LogStrings", "path": ["monitoring", "stderr"], "values": [{"value": "KeyboardInterrupt\n", "step": null, "ts": 1654331715.3309026}]}, "version": 65}
{"obj": {"type": "LogStrings", "path": ["monitoring", "stderr"], "values": [{"value": "", "step": null, "ts": 1654331715.3309026}]}, "version": 66}
{"obj": {"type": "LogStrings", "path": ["monitoring", "stdout"], "values": [{"value": "", "step": null, "ts": 1654331715.3309026}]}, "version": 67}
{"obj": {"type": "LogStrings", "path": ["monitoring", "stdout"], "values": [{"value": "Shutting down background jobs, please wait a moment...\n", "step": null, "ts": 1654331715.3309026}]}, "version": 68}
