{"obj": {"type": "AssignString", "path": ["sys", "name"], "value": "Untitled"}, "version": 1}
{"obj": {"type": "AssignString", "path": ["sys", "description"], "value": ""}, "version": 2}
{"obj": {"type": "AssignString", "path": ["sys", "hostname"], "value": "DESKTOP-SDMAFDQ"}, "version": 3}
{"obj": {"type": "AssignBool", "path": ["sys", "failed"], "value": false}, "version": 4}
{"obj": {"type": "ClearStringLog", "path": ["monitoring", "stdout"]}, "version": 5}
{"obj": {"type": "ClearStringLog", "path": ["monitoring", "stderr"]}, "version": 6}
{"obj": {"type": "AssignString", "path": ["source_code", "entrypoint"], "value": "Network trainer.py"}, "version": 7}
{"obj": {"type": "UploadFileSet", "path": ["source_code", "files"], "file_globs": ["C:\\Users\\Marc\\Documents\\GitHub\\Artefact-Rejection\\2. Testing and training networks\\Network trainer.py"], "reset": "False"}, "version": 8}
{"obj": {"type": "ConfigFloatSeries", "path": ["monitoring", "cpu"], "min": 0.0, "max": 100.0, "unit": "%"}, "version": 9}
{"obj": {"type": "ClearFloatLog", "path": ["monitoring", "cpu"]}, "version": 10}
{"obj": {"type": "ConfigFloatSeries", "path": ["monitoring", "memory"], "min": 0.0, "max": 15.88718032836914, "unit": "GB"}, "version": 11}
{"obj": {"type": "ClearFloatLog", "path": ["monitoring", "memory"]}, "version": 12}
{"obj": {"type": "ConfigFloatSeries", "path": ["monitoring", "gpu"], "min": 0.0, "max": 100.0, "unit": "%"}, "version": 13}
{"obj": {"type": "ClearFloatLog", "path": ["monitoring", "gpu"]}, "version": 14}
{"obj": {"type": "ConfigFloatSeries", "path": ["monitoring", "gpu_memory"], "min": 0.0, "max": 4.0, "unit": "GB"}, "version": 15}
{"obj": {"type": "ClearFloatLog", "path": ["monitoring", "gpu_memory"]}, "version": 16}
{"obj": {"type": "LogFloats", "path": ["monitoring", "cpu"], "values": [{"value": 7.3, "step": null, "ts": 1648304395.8139439}]}, "version": 17}
{"obj": {"type": "LogFloats", "path": ["monitoring", "memory"], "values": [{"value": 8.144020080566406, "step": null, "ts": 1648304395.8139439}]}, "version": 18}
{"obj": {"type": "LogFloats", "path": ["monitoring", "gpu"], "values": [{"value": 1.0, "step": null, "ts": 1648304395.8139439}]}, "version": 19}
{"obj": {"type": "LogFloats", "path": ["monitoring", "gpu_memory"], "values": [{"value": 0.5032577514648438, "step": null, "ts": 1648304395.8139439}]}, "version": 20}
{"obj": {"type": "AssignString", "path": ["SGD_net", "parameters", "optimizer"], "value": "SGD"}, "version": 21}
{"obj": {"type": "AssignInt", "path": ["SGD_net", "parameters", "batch_size"], "value": 10}, "version": 22}
{"obj": {"type": "AssignFloat", "path": ["SGD_net", "parameters", "optimizer_learning_rate"], "value": 0.001}, "version": 23}
{"obj": {"type": "AssignString", "path": ["SGD_net", "parameters", "loss_function"], "value": "CrossEntropyLoss"}, "version": 24}
{"obj": {"type": "AssignString", "path": ["SGD_net", "parameters", "loss_function_weights"], "value": "[1, 5]"}, "version": 25}
{"obj": {"type": "AssignString", "path": ["SGD_net", "parameters", "loss_function_reduction"], "value": "mean"}, "version": 26}
{"obj": {"type": "AssignString", "path": ["SGD_net", "parameters", "model"], "value": "Unet"}, "version": 27}
{"obj": {"type": "LogStrings", "path": ["monitoring", "stdout"], "values": [{"value": "Training epoch 0", "step": null, "ts": 1648304395.8926022}]}, "version": 28}
{"obj": {"type": "LogStrings", "path": ["monitoring", "stdout"], "values": [{"value": "\n", "step": null, "ts": 1648304395.8926022}]}, "version": 29}
{"obj": {"type": "LogFloats", "path": ["SGD_net", "learning_rate"], "values": [{"value": 0.001, "step": null, "ts": 1648304395.8926022}]}, "version": 30}
{"obj": {"type": "LogFloats", "path": ["SGD_net", "train_loss_pr_file"], "values": [{"value": 0.6287537217140198, "step": null, "ts": 1648304397.5257034}]}, "version": 31}
{"obj": {"type": "LogFloats", "path": ["monitoring", "cpu"], "values": [{"value": 17.2, "step": null, "ts": 1648304405.830527}]}, "version": 32}
{"obj": {"type": "LogFloats", "path": ["monitoring", "memory"], "values": [{"value": 9.865287780761719, "step": null, "ts": 1648304405.830527}]}, "version": 33}
{"obj": {"type": "LogFloats", "path": ["monitoring", "gpu"], "values": [{"value": 98.0, "step": null, "ts": 1648304405.830527}]}, "version": 34}
{"obj": {"type": "LogFloats", "path": ["monitoring", "gpu_memory"], "values": [{"value": 2.5954513549804688, "step": null, "ts": 1648304405.830527}]}, "version": 35}
{"obj": {"type": "LogFloats", "path": ["monitoring", "cpu"], "values": [{"value": 18.1, "step": null, "ts": 1648304415.8340175}]}, "version": 36}
{"obj": {"type": "LogFloats", "path": ["monitoring", "memory"], "values": [{"value": 10.256237030029297, "step": null, "ts": 1648304415.8340175}]}, "version": 37}
{"obj": {"type": "LogFloats", "path": ["monitoring", "gpu"], "values": [{"value": 98.0, "step": null, "ts": 1648304415.8340175}]}, "version": 38}
{"obj": {"type": "LogFloats", "path": ["monitoring", "gpu_memory"], "values": [{"value": 2.5954513549804688, "step": null, "ts": 1648304415.8340175}]}, "version": 39}
{"obj": {"type": "LogFloats", "path": ["monitoring", "cpu"], "values": [{"value": 18.3, "step": null, "ts": 1648304425.8507733}]}, "version": 40}
{"obj": {"type": "LogFloats", "path": ["monitoring", "memory"], "values": [{"value": 9.8681640625, "step": null, "ts": 1648304425.8507733}]}, "version": 41}
{"obj": {"type": "LogFloats", "path": ["monitoring", "gpu"], "values": [{"value": 98.0, "step": null, "ts": 1648304425.8507733}]}, "version": 42}
{"obj": {"type": "LogFloats", "path": ["monitoring", "gpu_memory"], "values": [{"value": 2.5954513549804688, "step": null, "ts": 1648304425.8507733}]}, "version": 43}
{"obj": {"type": "LogFloats", "path": ["monitoring", "cpu"], "values": [{"value": 17.6, "step": null, "ts": 1648304435.8544054}]}, "version": 44}
{"obj": {"type": "LogFloats", "path": ["monitoring", "memory"], "values": [{"value": 10.270404815673828, "step": null, "ts": 1648304435.8544054}]}, "version": 45}
{"obj": {"type": "LogFloats", "path": ["monitoring", "gpu"], "values": [{"value": 66.0, "step": null, "ts": 1648304435.8544054}]}, "version": 46}
{"obj": {"type": "LogFloats", "path": ["monitoring", "gpu_memory"], "values": [{"value": 2.5954513549804688, "step": null, "ts": 1648304435.8544054}]}, "version": 47}
{"obj": {"type": "LogFloats", "path": ["SGD_net", "train_loss_pr_file"], "values": [{"value": 0.6670168159263474, "step": null, "ts": 1648304438.8008003}]}, "version": 48}
{"obj": {"type": "LogFloats", "path": ["SGD_net", "train_acc_pr_file"], "values": [{"value": 0.741750180721283, "step": null, "ts": 1648304438.8008003}]}, "version": 49}
{"obj": {"type": "LogStrings", "path": ["SGD_net", "matrix", "train_confusion_matrix_pr_file"], "values": [{"value": "tensor([[9.2861e+06, 2.7111e+07],\n        [1.2864e+07, 1.0509e+08]])", "step": null, "ts": 1648304438.801801}]}, "version": 50}
{"obj": {"type": "LogFloats", "path": ["SGD_net", "matrix", "train_tp_pr_file"], "values": [{"value": 0.25513216853141785, "step": null, "ts": 1648304438.802304}]}, "version": 51}
{"obj": {"type": "LogFloats", "path": ["SGD_net", "matrix", "train_fp_pr_file"], "values": [{"value": 0.7448679804801941, "step": null, "ts": 1648304438.802304}]}, "version": 52}
{"obj": {"type": "LogFloats", "path": ["SGD_net", "matrix", "train_fn_pr_file"], "values": [{"value": 0.1090569868683815, "step": null, "ts": 1648304438.8028016}]}, "version": 53}
{"obj": {"type": "LogFloats", "path": ["SGD_net", "matrix", "train_tn_pr_file"], "values": [{"value": 0.8909428119659424, "step": null, "ts": 1648304438.8028016}]}, "version": 54}
{"obj": {"type": "LogFloats", "path": ["SGD_net", "validation_loss_pr_file"], "values": [{"value": 0.678179144859314, "step": null, "ts": 1648304439.2541883}]}, "version": 55}
{"obj": {"type": "LogFloats", "path": ["SGD_net", "validation_loss_pr_file"], "values": [{"value": 0.6563004678295504, "step": null, "ts": 1648304445.4392662}]}, "version": 56}
{"obj": {"type": "LogFloats", "path": ["SGD_net", "val_acc_pr_file"], "values": [{"value": 0.7917699217796326, "step": null, "ts": 1648304445.439767}]}, "version": 57}
{"obj": {"type": "LogStrings", "path": ["SGD_net", "matrix", "val_confusion_matrix_pr_file"], "values": [{"value": "tensor([[ 1807284.,  6401137.],\n        [ 2616065., 32675514.]])", "step": null, "ts": 1648304445.440267}]}, "version": 58}
{"obj": {"type": "LogFloats", "path": ["SGD_net", "matrix", "val_tp_pr_file"], "values": [{"value": 0.2201743721961975, "step": null, "ts": 1648304445.440267}]}, "version": 59}
{"obj": {"type": "LogFloats", "path": ["SGD_net", "matrix", "val_fp_pr_file"], "values": [{"value": 0.7798256278038025, "step": null, "ts": 1648304445.4407675}]}, "version": 60}
{"obj": {"type": "LogFloats", "path": ["SGD_net", "matrix", "val_fn_pr_file"], "values": [{"value": 0.07412717491388321, "step": null, "ts": 1648304445.4407675}]}, "version": 61}
{"obj": {"type": "LogFloats", "path": ["SGD_net", "matrix", "val_tn_pr_file"], "values": [{"value": 0.925872802734375, "step": null, "ts": 1648304445.4412673}]}, "version": 62}
{"obj": {"type": "LogStrings", "path": ["monitoring", "stdout"], "values": [{"value": "Training epoch 1", "step": null, "ts": 1648304445.4412673}]}, "version": 63}
{"obj": {"type": "LogStrings", "path": ["monitoring", "stdout"], "values": [{"value": "\n", "step": null, "ts": 1648304445.4412673}]}, "version": 64}
{"obj": {"type": "LogFloats", "path": ["SGD_net", "learning_rate"], "values": [{"value": 0.001, "step": null, "ts": 1648304445.4412673}]}, "version": 65}
{"obj": {"type": "LogFloats", "path": ["monitoring", "cpu"], "values": [{"value": 24.8, "step": null, "ts": 1648304445.8581257}]}, "version": 66}
{"obj": {"type": "LogFloats", "path": ["monitoring", "memory"], "values": [{"value": 10.05562973022461, "step": null, "ts": 1648304445.8581257}]}, "version": 67}
{"obj": {"type": "LogFloats", "path": ["monitoring", "gpu"], "values": [{"value": 98.0, "step": null, "ts": 1648304445.8581257}]}, "version": 68}
{"obj": {"type": "LogFloats", "path": ["monitoring", "gpu_memory"], "values": [{"value": 3.8493576049804688, "step": null, "ts": 1648304445.8581257}]}, "version": 69}
{"obj": {"type": "LogFloats", "path": ["monitoring", "cpu"], "values": [{"value": 16.9, "step": null, "ts": 1648304455.864213}]}, "version": 70}
{"obj": {"type": "LogFloats", "path": ["monitoring", "memory"], "values": [{"value": 10.489879608154297, "step": null, "ts": 1648304455.864213}]}, "version": 71}
{"obj": {"type": "LogFloats", "path": ["monitoring", "gpu"], "values": [{"value": 98.0, "step": null, "ts": 1648304455.864213}]}, "version": 72}
{"obj": {"type": "LogFloats", "path": ["monitoring", "gpu_memory"], "values": [{"value": 3.8493576049804688, "step": null, "ts": 1648304455.864213}]}, "version": 73}
{"obj": {"type": "LogFloats", "path": ["monitoring", "cpu"], "values": [{"value": 18.8, "step": null, "ts": 1648304465.8703005}]}, "version": 74}
{"obj": {"type": "LogFloats", "path": ["monitoring", "memory"], "values": [{"value": 10.823467254638672, "step": null, "ts": 1648304465.8703005}]}, "version": 75}
{"obj": {"type": "LogFloats", "path": ["monitoring", "gpu"], "values": [{"value": 98.0, "step": null, "ts": 1648304465.8703005}]}, "version": 76}
{"obj": {"type": "LogFloats", "path": ["monitoring", "gpu_memory"], "values": [{"value": 3.8493576049804688, "step": null, "ts": 1648304465.8703005}]}, "version": 77}
{"obj": {"type": "LogFloats", "path": ["monitoring", "cpu"], "values": [{"value": 17.3, "step": null, "ts": 1648304475.876388}]}, "version": 78}
{"obj": {"type": "LogFloats", "path": ["monitoring", "memory"], "values": [{"value": 10.17526626586914, "step": null, "ts": 1648304475.876388}]}, "version": 79}
{"obj": {"type": "LogFloats", "path": ["monitoring", "gpu"], "values": [{"value": 98.0, "step": null, "ts": 1648304475.876388}]}, "version": 80}
{"obj": {"type": "LogFloats", "path": ["monitoring", "gpu_memory"], "values": [{"value": 3.8493576049804688, "step": null, "ts": 1648304475.876388}]}, "version": 81}
{"obj": {"type": "LogFloats", "path": ["SGD_net", "train_loss_pr_file"], "values": [{"value": 0.6609653266412872, "step": null, "ts": 1648304485.5551946}]}, "version": 82}
{"obj": {"type": "LogFloats", "path": ["SGD_net", "train_acc_pr_file"], "values": [{"value": 0.7710157632827759, "step": null, "ts": 1648304485.5556953}]}, "version": 83}
{"obj": {"type": "LogStrings", "path": ["SGD_net", "matrix", "train_confusion_matrix_pr_file"], "values": [{"value": "tensor([[8.7313e+06, 2.1038e+07],\n        [1.4417e+07, 1.1016e+08]])", "step": null, "ts": 1648304485.5561955}]}, "version": 84}
{"obj": {"type": "LogFloats", "path": ["SGD_net", "matrix", "train_tp_pr_file"], "values": [{"value": 0.2932972013950348, "step": null, "ts": 1648304485.5561955}]}, "version": 85}
{"obj": {"type": "LogFloats", "path": ["SGD_net", "matrix", "train_fp_pr_file"], "values": [{"value": 0.7067027688026428, "step": null, "ts": 1648304485.5566952}]}, "version": 86}
{"obj": {"type": "LogFloats", "path": ["SGD_net", "matrix", "train_fn_pr_file"], "values": [{"value": 0.11572043597698212, "step": null, "ts": 1648304485.5566952}]}, "version": 87}
{"obj": {"type": "LogFloats", "path": ["SGD_net", "matrix", "train_tn_pr_file"], "values": [{"value": 0.8842793107032776, "step": null, "ts": 1648304485.5566952}]}, "version": 88}
{"obj": {"type": "LogFloats", "path": ["monitoring", "cpu"], "values": [{"value": 18.6, "step": null, "ts": 1648304485.8824756}]}, "version": 89}
{"obj": {"type": "LogFloats", "path": ["monitoring", "memory"], "values": [{"value": 10.53799057006836, "step": null, "ts": 1648304485.8824756}]}, "version": 90}
{"obj": {"type": "LogFloats", "path": ["monitoring", "gpu"], "values": [{"value": 97.0, "step": null, "ts": 1648304485.8824756}]}, "version": 91}
{"obj": {"type": "LogFloats", "path": ["monitoring", "gpu_memory"], "values": [{"value": 3.8493576049804688, "step": null, "ts": 1648304485.8824756}]}, "version": 92}
{"obj": {"type": "LogFloats", "path": ["SGD_net", "validation_loss_pr_file"], "values": [{"value": 0.6486180703486165, "step": null, "ts": 1648304491.4822814}]}, "version": 93}
{"obj": {"type": "LogFloats", "path": ["SGD_net", "val_acc_pr_file"], "values": [{"value": 0.8187052607536316, "step": null, "ts": 1648304491.4822814}]}, "version": 94}
{"obj": {"type": "LogStrings", "path": ["SGD_net", "matrix", "val_confusion_matrix_pr_file"], "values": [{"value": "tensor([[ 1698910.,  5204268.],\n        [ 2660592., 33936232.]])", "step": null, "ts": 1648304491.4827816}]}, "version": 95}
{"obj": {"type": "LogFloats", "path": ["SGD_net", "matrix", "val_tp_pr_file"], "values": [{"value": 0.24610549211502075, "step": null, "ts": 1648304491.4832823}]}, "version": 96}
{"obj": {"type": "LogFloats", "path": ["SGD_net", "matrix", "val_fp_pr_file"], "values": [{"value": 0.7538945078849792, "step": null, "ts": 1648304491.4832823}]}, "version": 97}
{"obj": {"type": "LogFloats", "path": ["SGD_net", "matrix", "val_fn_pr_file"], "values": [{"value": 0.07270007580518723, "step": null, "ts": 1648304491.4837828}]}, "version": 98}
{"obj": {"type": "LogFloats", "path": ["SGD_net", "matrix", "val_tn_pr_file"], "values": [{"value": 0.9272999167442322, "step": null, "ts": 1648304491.4837828}]}, "version": 99}
{"obj": {"type": "LogStrings", "path": ["monitoring", "stdout"], "values": [{"value": "Training epoch 2", "step": null, "ts": 1648304491.4837828}]}, "version": 100}
{"obj": {"type": "LogStrings", "path": ["monitoring", "stdout"], "values": [{"value": "\n", "step": null, "ts": 1648304491.4842832}]}, "version": 101}
{"obj": {"type": "LogFloats", "path": ["SGD_net", "learning_rate"], "values": [{"value": 0.001, "step": null, "ts": 1648304491.4842832}]}, "version": 102}
{"obj": {"type": "LogFloats", "path": ["monitoring", "cpu"], "values": [{"value": 22.9, "step": null, "ts": 1648304495.888563}]}, "version": 103}
{"obj": {"type": "LogFloats", "path": ["monitoring", "memory"], "values": [{"value": 10.208927154541016, "step": null, "ts": 1648304495.888563}]}, "version": 104}
{"obj": {"type": "LogFloats", "path": ["monitoring", "gpu"], "values": [{"value": 98.0, "step": null, "ts": 1648304495.888563}]}, "version": 105}
{"obj": {"type": "LogFloats", "path": ["monitoring", "gpu_memory"], "values": [{"value": 3.8493576049804688, "step": null, "ts": 1648304495.888563}]}, "version": 106}
{"obj": {"type": "LogFloats", "path": ["monitoring", "cpu"], "values": [{"value": 20.5, "step": null, "ts": 1648304505.8946505}]}, "version": 107}
{"obj": {"type": "LogFloats", "path": ["monitoring", "memory"], "values": [{"value": 10.040569305419922, "step": null, "ts": 1648304505.8946505}]}, "version": 108}
{"obj": {"type": "LogFloats", "path": ["monitoring", "gpu"], "values": [{"value": 98.0, "step": null, "ts": 1648304505.8946505}]}, "version": 109}
{"obj": {"type": "LogFloats", "path": ["monitoring", "gpu_memory"], "values": [{"value": 3.8493576049804688, "step": null, "ts": 1648304505.8946505}]}, "version": 110}
{"obj": {"type": "LogFloats", "path": ["monitoring", "cpu"], "values": [{"value": 18.6, "step": null, "ts": 1648304515.9007378}]}, "version": 111}
{"obj": {"type": "LogFloats", "path": ["monitoring", "memory"], "values": [{"value": 9.172348022460938, "step": null, "ts": 1648304515.9007378}]}, "version": 112}
{"obj": {"type": "LogFloats", "path": ["monitoring", "gpu"], "values": [{"value": 100.0, "step": null, "ts": 1648304515.9007378}]}, "version": 113}
{"obj": {"type": "LogFloats", "path": ["monitoring", "gpu_memory"], "values": [{"value": 3.8493576049804688, "step": null, "ts": 1648304515.9007378}]}, "version": 114}
{"obj": {"type": "LogFloats", "path": ["monitoring", "cpu"], "values": [{"value": 17.8, "step": null, "ts": 1648304525.9068253}]}, "version": 115}
{"obj": {"type": "LogFloats", "path": ["monitoring", "memory"], "values": [{"value": 9.529548645019531, "step": null, "ts": 1648304525.9068253}]}, "version": 116}
{"obj": {"type": "LogFloats", "path": ["monitoring", "gpu"], "values": [{"value": 100.0, "step": null, "ts": 1648304525.9068253}]}, "version": 117}
{"obj": {"type": "LogFloats", "path": ["monitoring", "gpu_memory"], "values": [{"value": 3.8493576049804688, "step": null, "ts": 1648304525.9068253}]}, "version": 118}
{"obj": {"type": "LogFloats", "path": ["SGD_net", "train_loss_pr_file"], "values": [{"value": 0.6566966019038644, "step": null, "ts": 1648304531.641747}]}, "version": 119}
{"obj": {"type": "LogFloats", "path": ["SGD_net", "train_acc_pr_file"], "values": [{"value": 0.7874546647071838, "step": null, "ts": 1648304531.6422477}]}, "version": 120}
{"obj": {"type": "LogStrings", "path": ["SGD_net", "matrix", "train_confusion_matrix_pr_file"], "values": [{"value": "tensor([[7.8364e+06, 1.8022e+07],\n        [1.4971e+07, 1.1352e+08]])", "step": null, "ts": 1648304531.6427479}]}, "version": 121}
{"obj": {"type": "LogFloats", "path": ["SGD_net", "matrix", "train_tp_pr_file"], "values": [{"value": 0.3030441999435425, "step": null, "ts": 1648304531.6427479}]}, "version": 122}
{"obj": {"type": "LogFloats", "path": ["SGD_net", "matrix", "train_fp_pr_file"], "values": [{"value": 0.6969557404518127, "step": null, "ts": 1648304531.6427479}]}, "version": 123}
{"obj": {"type": "LogFloats", "path": ["SGD_net", "matrix", "train_fn_pr_file"], "values": [{"value": 0.11651204526424408, "step": null, "ts": 1648304531.6432483}]}, "version": 124}
{"obj": {"type": "LogFloats", "path": ["SGD_net", "matrix", "train_tn_pr_file"], "values": [{"value": 0.8834877610206604, "step": null, "ts": 1648304531.6432483}]}, "version": 125}
{"obj": {"type": "LogFloats", "path": ["monitoring", "cpu"], "values": [{"value": 22.4, "step": null, "ts": 1648304535.9129124}]}, "version": 126}
{"obj": {"type": "LogFloats", "path": ["monitoring", "memory"], "values": [{"value": 9.330768585205078, "step": null, "ts": 1648304535.9129124}]}, "version": 127}
{"obj": {"type": "LogFloats", "path": ["monitoring", "gpu"], "values": [{"value": 41.0, "step": null, "ts": 1648304535.9129124}]}, "version": 128}
{"obj": {"type": "LogFloats", "path": ["monitoring", "gpu_memory"], "values": [{"value": 3.7888107299804688, "step": null, "ts": 1648304535.9129124}]}, "version": 129}
{"obj": {"type": "LogFloats", "path": ["SGD_net", "validation_loss_pr_file"], "values": [{"value": 0.6437529440849058, "step": null, "ts": 1648304537.5588255}]}, "version": 130}
{"obj": {"type": "LogFloats", "path": ["SGD_net", "val_acc_pr_file"], "values": [{"value": 0.8227509260177612, "step": null, "ts": 1648304537.5588255}]}, "version": 131}
{"obj": {"type": "LogStrings", "path": ["SGD_net", "matrix", "val_confusion_matrix_pr_file"], "values": [{"value": "tensor([[ 1711124.,  4687303.],\n        [ 2995219., 34106356.]])", "step": null, "ts": 1648304537.5593257}]}, "version": 132}
{"obj": {"type": "LogFloats", "path": ["SGD_net", "matrix", "val_tp_pr_file"], "values": [{"value": 0.26742884516716003, "step": null, "ts": 1648304537.5598261}]}, "version": 133}
{"obj": {"type": "LogFloats", "path": ["SGD_net", "matrix", "val_fp_pr_file"], "values": [{"value": 0.7325711250305176, "step": null, "ts": 1648304537.5598261}]}, "version": 134}
{"obj": {"type": "LogFloats", "path": ["SGD_net", "matrix", "val_fn_pr_file"], "values": [{"value": 0.08073024451732635, "step": null, "ts": 1648304537.5598261}]}, "version": 135}
{"obj": {"type": "LogFloats", "path": ["SGD_net", "matrix", "val_tn_pr_file"], "values": [{"value": 0.919269859790802, "step": null, "ts": 1648304537.5603263}]}, "version": 136}
{"obj": {"type": "LogStrings", "path": ["monitoring", "stdout"], "values": [{"value": "Training epoch 3", "step": null, "ts": 1648304537.5603263}]}, "version": 137}
{"obj": {"type": "LogStrings", "path": ["monitoring", "stdout"], "values": [{"value": "\n", "step": null, "ts": 1648304537.5603263}]}, "version": 138}
{"obj": {"type": "LogFloats", "path": ["SGD_net", "learning_rate"], "values": [{"value": 0.001, "step": null, "ts": 1648304537.5608265}]}, "version": 139}
{"obj": {"type": "LogFloats", "path": ["monitoring", "cpu"], "values": [{"value": 20.6, "step": null, "ts": 1648304545.9235032}]}, "version": 140}
{"obj": {"type": "LogFloats", "path": ["monitoring", "memory"], "values": [{"value": 9.9237060546875, "step": null, "ts": 1648304545.9235032}]}, "version": 141}
{"obj": {"type": "LogFloats", "path": ["monitoring", "gpu"], "values": [{"value": 99.0, "step": null, "ts": 1648304545.9235032}]}, "version": 142}
{"obj": {"type": "LogFloats", "path": ["monitoring", "gpu_memory"], "values": [{"value": 3.6676177978515625, "step": null, "ts": 1648304545.9235032}]}, "version": 143}
{"obj": {"type": "LogFloats", "path": ["monitoring", "cpu"], "values": [{"value": 17.2, "step": null, "ts": 1648304555.9406009}]}, "version": 144}
{"obj": {"type": "LogFloats", "path": ["monitoring", "memory"], "values": [{"value": 10.312416076660156, "step": null, "ts": 1648304555.9406009}]}, "version": 145}
{"obj": {"type": "LogFloats", "path": ["monitoring", "gpu"], "values": [{"value": 98.0, "step": null, "ts": 1648304555.9406009}]}, "version": 146}
{"obj": {"type": "LogFloats", "path": ["monitoring", "gpu_memory"], "values": [{"value": 3.6763153076171875, "step": null, "ts": 1648304555.9406009}]}, "version": 147}
{"obj": {"type": "LogFloats", "path": ["monitoring", "cpu"], "values": [{"value": 16.9, "step": null, "ts": 1648304565.9466884}]}, "version": 148}
{"obj": {"type": "LogFloats", "path": ["monitoring", "memory"], "values": [{"value": 9.45989990234375, "step": null, "ts": 1648304565.9466884}]}, "version": 149}
{"obj": {"type": "LogFloats", "path": ["monitoring", "gpu"], "values": [{"value": 98.0, "step": null, "ts": 1648304565.9466884}]}, "version": 150}
{"obj": {"type": "LogFloats", "path": ["monitoring", "gpu_memory"], "values": [{"value": 3.6763153076171875, "step": null, "ts": 1648304565.9466884}]}, "version": 151}
{"obj": {"type": "LogFloats", "path": ["monitoring", "cpu"], "values": [{"value": 19.0, "step": null, "ts": 1648304575.952776}]}, "version": 152}
{"obj": {"type": "LogFloats", "path": ["monitoring", "memory"], "values": [{"value": 9.880680084228516, "step": null, "ts": 1648304575.952776}]}, "version": 153}
{"obj": {"type": "LogFloats", "path": ["monitoring", "gpu"], "values": [{"value": 100.0, "step": null, "ts": 1648304575.952776}]}, "version": 154}
{"obj": {"type": "LogFloats", "path": ["monitoring", "gpu_memory"], "values": [{"value": 3.6763153076171875, "step": null, "ts": 1648304575.952776}]}, "version": 155}
{"obj": {"type": "LogFloats", "path": ["SGD_net", "train_loss_pr_file"], "values": [{"value": 0.6499621554144791, "step": null, "ts": 1648304577.65874}]}, "version": 156}
{"obj": {"type": "LogFloats", "path": ["SGD_net", "train_acc_pr_file"], "values": [{"value": 0.8033730983734131, "step": null, "ts": 1648304577.6592405}]}, "version": 157}
{"obj": {"type": "LogStrings", "path": ["SGD_net", "matrix", "train_confusion_matrix_pr_file"], "values": [{"value": "tensor([[7.6657e+06, 1.6093e+07],\n        [1.4388e+07, 1.1620e+08]])", "step": null, "ts": 1648304577.659741}]}, "version": 158}
{"obj": {"type": "LogFloats", "path": ["SGD_net", "matrix", "train_tp_pr_file"], "values": [{"value": 0.322645902633667, "step": null, "ts": 1648304577.659741}]}, "version": 159}
{"obj": {"type": "LogFloats", "path": ["SGD_net", "matrix", "train_fp_pr_file"], "values": [{"value": 0.677354097366333, "step": null, "ts": 1648304577.659741}]}, "version": 160}
{"obj": {"type": "LogFloats", "path": ["SGD_net", "matrix", "train_fn_pr_file"], "values": [{"value": 0.11017928272485733, "step": null, "ts": 1648304577.6602414}]}, "version": 161}
{"obj": {"type": "LogFloats", "path": ["SGD_net", "matrix", "train_tn_pr_file"], "values": [{"value": 0.8898208141326904, "step": null, "ts": 1648304577.6602414}]}, "version": 162}
{"obj": {"type": "LogFloats", "path": ["SGD_net", "validation_loss_pr_file"], "values": [{"value": 0.6359958937091212, "step": null, "ts": 1648304583.7209425}]}, "version": 163}
{"obj": {"type": "LogFloats", "path": ["SGD_net", "val_acc_pr_file"], "values": [{"value": 0.8363985419273376, "step": null, "ts": 1648304583.7209425}]}, "version": 164}
{"obj": {"type": "LogStrings", "path": ["SGD_net", "matrix", "val_confusion_matrix_pr_file"], "values": [{"value": "tensor([[ 1535292.,  4198708.],\n        [ 2913979., 34852024.]])", "step": null, "ts": 1648304583.7214432}]}, "version": 165}
{"obj": {"type": "LogFloats", "path": ["SGD_net", "matrix", "val_tp_pr_file"], "values": [{"value": 0.26775234937667847, "step": null, "ts": 1648304583.7214432}]}, "version": 166}
{"obj": {"type": "LogFloats", "path": ["SGD_net", "matrix", "val_fp_pr_file"], "values": [{"value": 0.7322476506233215, "step": null, "ts": 1648304583.7219434}]}, "version": 167}
{"obj": {"type": "LogFloats", "path": ["SGD_net", "matrix", "val_fn_pr_file"], "values": [{"value": 0.07715879380702972, "step": null, "ts": 1648304583.7219434}]}, "version": 168}
{"obj": {"type": "LogFloats", "path": ["SGD_net", "matrix", "val_tn_pr_file"], "values": [{"value": 0.9228413105010986, "step": null, "ts": 1648304583.7219434}]}, "version": 169}
{"obj": {"type": "LogStrings", "path": ["monitoring", "stdout"], "values": [{"value": "Training epoch 4", "step": null, "ts": 1648304583.7224438}]}, "version": 170}
{"obj": {"type": "LogStrings", "path": ["monitoring", "stdout"], "values": [{"value": "\n", "step": null, "ts": 1648304583.7224438}]}, "version": 171}
{"obj": {"type": "LogFloats", "path": ["SGD_net", "learning_rate"], "values": [{"value": 0.001, "step": null, "ts": 1648304583.7224438}]}, "version": 172}
{"obj": {"type": "LogFloats", "path": ["monitoring", "cpu"], "values": [{"value": 22.3, "step": null, "ts": 1648304585.958863}]}, "version": 173}
{"obj": {"type": "LogFloats", "path": ["monitoring", "memory"], "values": [{"value": 9.700813293457031, "step": null, "ts": 1648304585.958863}]}, "version": 174}
{"obj": {"type": "LogFloats", "path": ["monitoring", "gpu"], "values": [{"value": 100.0, "step": null, "ts": 1648304585.958863}]}, "version": 175}
{"obj": {"type": "LogFloats", "path": ["monitoring", "gpu_memory"], "values": [{"value": 3.6763153076171875, "step": null, "ts": 1648304585.958863}]}, "version": 176}
{"obj": {"type": "LogFloats", "path": ["monitoring", "cpu"], "values": [{"value": 17.6, "step": null, "ts": 1648304595.9649508}]}, "version": 177}
{"obj": {"type": "LogFloats", "path": ["monitoring", "memory"], "values": [{"value": 10.09799575805664, "step": null, "ts": 1648304595.9649508}]}, "version": 178}
{"obj": {"type": "LogFloats", "path": ["monitoring", "gpu"], "values": [{"value": 98.0, "step": null, "ts": 1648304595.9649508}]}, "version": 179}
{"obj": {"type": "LogFloats", "path": ["monitoring", "gpu_memory"], "values": [{"value": 3.6763153076171875, "step": null, "ts": 1648304595.9649508}]}, "version": 180}
{"obj": {"type": "LogFloats", "path": ["monitoring", "cpu"], "values": [{"value": 17.2, "step": null, "ts": 1648304605.971038}]}, "version": 181}
{"obj": {"type": "LogFloats", "path": ["monitoring", "memory"], "values": [{"value": 10.512645721435547, "step": null, "ts": 1648304605.971038}]}, "version": 182}
{"obj": {"type": "LogFloats", "path": ["monitoring", "gpu"], "values": [{"value": 98.0, "step": null, "ts": 1648304605.971038}]}, "version": 183}
{"obj": {"type": "LogFloats", "path": ["monitoring", "gpu_memory"], "values": [{"value": 3.6763153076171875, "step": null, "ts": 1648304605.971038}]}, "version": 184}
{"obj": {"type": "LogFloats", "path": ["monitoring", "cpu"], "values": [{"value": 18.9, "step": null, "ts": 1648304615.9771256}]}, "version": 185}
{"obj": {"type": "LogFloats", "path": ["monitoring", "memory"], "values": [{"value": 9.636581420898438, "step": null, "ts": 1648304615.9771256}]}, "version": 186}
{"obj": {"type": "LogFloats", "path": ["monitoring", "gpu"], "values": [{"value": 98.0, "step": null, "ts": 1648304615.9771256}]}, "version": 187}
{"obj": {"type": "LogFloats", "path": ["monitoring", "gpu_memory"], "values": [{"value": 3.6763153076171875, "step": null, "ts": 1648304615.9771256}]}, "version": 188}
{"obj": {"type": "LogFloats", "path": ["SGD_net", "train_loss_pr_file"], "values": [{"value": 0.6484712399542332, "step": null, "ts": 1648304623.9069312}]}, "version": 189}
{"obj": {"type": "LogFloats", "path": ["SGD_net", "train_acc_pr_file"], "values": [{"value": 0.8069466352462769, "step": null, "ts": 1648304623.9069312}]}, "version": 190}
{"obj": {"type": "LogStrings", "path": ["SGD_net", "matrix", "train_confusion_matrix_pr_file"], "values": [{"value": "tensor([[7.3592e+06, 1.4363e+07],\n        [1.5624e+07, 1.1700e+08]])", "step": null, "ts": 1648304623.9074316}]}, "version": 191}
{"obj": {"type": "LogFloats", "path": ["SGD_net", "matrix", "train_tp_pr_file"], "values": [{"value": 0.3387797772884369, "step": null, "ts": 1648304623.9079318}]}, "version": 192}
{"obj": {"type": "LogFloats", "path": ["SGD_net", "matrix", "train_fp_pr_file"], "values": [{"value": 0.6612202525138855, "step": null, "ts": 1648304623.9079318}]}, "version": 193}
{"obj": {"type": "LogFloats", "path": ["SGD_net", "matrix", "train_fn_pr_file"], "values": [{"value": 0.11780712753534317, "step": null, "ts": 1648304623.9084327}]}, "version": 194}
{"obj": {"type": "LogFloats", "path": ["SGD_net", "matrix", "train_tn_pr_file"], "values": [{"value": 0.8821930289268494, "step": null, "ts": 1648304623.9084327}]}, "version": 195}
{"obj": {"type": "LogFloats", "path": ["monitoring", "cpu"], "values": [{"value": 19.4, "step": null, "ts": 1648304625.9832127}]}, "version": 196}
{"obj": {"type": "LogFloats", "path": ["monitoring", "memory"], "values": [{"value": 10.270805358886719, "step": null, "ts": 1648304625.9832127}]}, "version": 197}
{"obj": {"type": "LogFloats", "path": ["monitoring", "gpu"], "values": [{"value": 96.0, "step": null, "ts": 1648304625.9832127}]}, "version": 198}
{"obj": {"type": "LogFloats", "path": ["monitoring", "gpu_memory"], "values": [{"value": 3.6763153076171875, "step": null, "ts": 1648304625.9832127}]}, "version": 199}
{"obj": {"type": "LogFloats", "path": ["SGD_net", "validation_loss_pr_file"], "values": [{"value": 0.6350552728099208, "step": null, "ts": 1648304629.954121}]}, "version": 200}
{"obj": {"type": "LogFloats", "path": ["SGD_net", "val_acc_pr_file"], "values": [{"value": 0.8399084806442261, "step": null, "ts": 1648304629.954121}]}, "version": 201}
{"obj": {"type": "LogStrings", "path": ["SGD_net", "matrix", "val_confusion_matrix_pr_file"], "values": [{"value": "tensor([[ 1521675.,  3943353.],\n        [ 3033030., 35001952.]])", "step": null, "ts": 1648304629.9546216}]}, "version": 202}
{"obj": {"type": "LogFloats", "path": ["SGD_net", "matrix", "val_tp_pr_file"], "values": [{"value": 0.27843865752220154, "step": null, "ts": 1648304629.955122}]}, "version": 203}
{"obj": {"type": "LogFloats", "path": ["SGD_net", "matrix", "val_fp_pr_file"], "values": [{"value": 0.7215613722801208, "step": null, "ts": 1648304629.955122}]}, "version": 204}
{"obj": {"type": "LogFloats", "path": ["SGD_net", "matrix", "val_fn_pr_file"], "values": [{"value": 0.07974319159984589, "step": null, "ts": 1648304629.955122}]}, "version": 205}
{"obj": {"type": "LogFloats", "path": ["SGD_net", "matrix", "val_tn_pr_file"], "values": [{"value": 0.9202570915222168, "step": null, "ts": 1648304629.955622}]}, "version": 206}
{"obj": {"type": "LogStrings", "path": ["monitoring", "stdout"], "values": [{"value": "Training epoch 5", "step": null, "ts": 1648304629.955622}]}, "version": 207}
{"obj": {"type": "LogStrings", "path": ["monitoring", "stdout"], "values": [{"value": "\n", "step": null, "ts": 1648304629.955622}]}, "version": 208}
{"obj": {"type": "LogFloats", "path": ["SGD_net", "learning_rate"], "values": [{"value": 0.001, "step": null, "ts": 1648304629.9561224}]}, "version": 209}
{"obj": {"type": "LogFloats", "path": ["monitoring", "cpu"], "values": [{"value": 22.4, "step": null, "ts": 1648304635.989301}]}, "version": 210}
{"obj": {"type": "LogFloats", "path": ["monitoring", "memory"], "values": [{"value": 9.953296661376953, "step": null, "ts": 1648304635.989301}]}, "version": 211}
{"obj": {"type": "LogFloats", "path": ["monitoring", "gpu"], "values": [{"value": 100.0, "step": null, "ts": 1648304635.989301}]}, "version": 212}
{"obj": {"type": "LogFloats", "path": ["monitoring", "gpu_memory"], "values": [{"value": 3.679882049560547, "step": null, "ts": 1648304635.989301}]}, "version": 213}
{"obj": {"type": "LogFloats", "path": ["monitoring", "cpu"], "values": [{"value": 18.0, "step": null, "ts": 1648304645.9966815}]}, "version": 214}
{"obj": {"type": "LogFloats", "path": ["monitoring", "memory"], "values": [{"value": 10.354141235351562, "step": null, "ts": 1648304645.9966815}]}, "version": 215}
{"obj": {"type": "LogFloats", "path": ["monitoring", "gpu"], "values": [{"value": 98.0, "step": null, "ts": 1648304645.9966815}]}, "version": 216}
{"obj": {"type": "LogFloats", "path": ["monitoring", "gpu_memory"], "values": [{"value": 3.679882049560547, "step": null, "ts": 1648304645.9966815}]}, "version": 217}
{"obj": {"type": "LogFloats", "path": ["monitoring", "cpu"], "values": [{"value": 18.6, "step": null, "ts": 1648304656.0012684}]}, "version": 218}
{"obj": {"type": "LogFloats", "path": ["monitoring", "memory"], "values": [{"value": 9.662193298339844, "step": null, "ts": 1648304656.0012684}]}, "version": 219}
{"obj": {"type": "LogFloats", "path": ["monitoring", "gpu"], "values": [{"value": 98.0, "step": null, "ts": 1648304656.0012684}]}, "version": 220}
{"obj": {"type": "LogFloats", "path": ["monitoring", "gpu_memory"], "values": [{"value": 3.679882049560547, "step": null, "ts": 1648304656.0012684}]}, "version": 221}
{"obj": {"type": "LogFloats", "path": ["monitoring", "cpu"], "values": [{"value": 18.1, "step": null, "ts": 1648304666.0073557}]}, "version": 222}
{"obj": {"type": "LogFloats", "path": ["monitoring", "memory"], "values": [{"value": 10.014976501464844, "step": null, "ts": 1648304666.0073557}]}, "version": 223}
{"obj": {"type": "LogFloats", "path": ["monitoring", "gpu"], "values": [{"value": 98.0, "step": null, "ts": 1648304666.0073557}]}, "version": 224}
{"obj": {"type": "LogFloats", "path": ["monitoring", "gpu_memory"], "values": [{"value": 3.679882049560547, "step": null, "ts": 1648304666.0073557}]}, "version": 225}
{"obj": {"type": "LogFloats", "path": ["SGD_net", "train_loss_pr_file"], "values": [{"value": 0.64838299980121, "step": null, "ts": 1648304670.0783505}]}, "version": 226}
{"obj": {"type": "LogFloats", "path": ["SGD_net", "train_acc_pr_file"], "values": [{"value": 0.8100157380104065, "step": null, "ts": 1648304670.0783505}]}, "version": 227}
{"obj": {"type": "LogStrings", "path": ["SGD_net", "matrix", "train_confusion_matrix_pr_file"], "values": [{"value": "tensor([[6.6571e+06, 1.3832e+07],\n        [1.5541e+07, 1.1832e+08]])", "step": null, "ts": 1648304670.0788507}]}, "version": 228}
{"obj": {"type": "LogFloats", "path": ["SGD_net", "matrix", "train_tp_pr_file"], "values": [{"value": 0.32490286231040955, "step": null, "ts": 1648304670.0788507}]}, "version": 229}
{"obj": {"type": "LogFloats", "path": ["SGD_net", "matrix", "train_fp_pr_file"], "values": [{"value": 0.6750971674919128, "step": null, "ts": 1648304670.0793512}]}, "version": 230}
{"obj": {"type": "LogFloats", "path": ["SGD_net", "matrix", "train_fn_pr_file"], "values": [{"value": 0.11609882861375809, "step": null, "ts": 1648304670.0793512}]}, "version": 231}
{"obj": {"type": "LogFloats", "path": ["SGD_net", "matrix", "train_tn_pr_file"], "values": [{"value": 0.8839013576507568, "step": null, "ts": 1648304670.0798519}]}, "version": 232}
{"obj": {"type": "LogFloats", "path": ["monitoring", "cpu"], "values": [{"value": 24.5, "step": null, "ts": 1648304676.0134428}]}, "version": 233}
{"obj": {"type": "LogFloats", "path": ["monitoring", "memory"], "values": [{"value": 10.011951446533203, "step": null, "ts": 1648304676.0134428}]}, "version": 234}
{"obj": {"type": "LogFloats", "path": ["monitoring", "gpu"], "values": [{"value": 96.0, "step": null, "ts": 1648304676.0134428}]}, "version": 235}
{"obj": {"type": "LogFloats", "path": ["monitoring", "gpu_memory"], "values": [{"value": 3.679882049560547, "step": null, "ts": 1648304676.0134428}]}, "version": 236}
{"obj": {"type": "LogFloats", "path": ["SGD_net", "validation_loss_pr_file"], "values": [{"value": 0.6292338044412674, "step": null, "ts": 1648304676.021451}]}, "version": 237}
{"obj": {"type": "LogFloats", "path": ["SGD_net", "val_acc_pr_file"], "values": [{"value": 0.847662627696991, "step": null, "ts": 1648304676.021451}]}, "version": 238}
{"obj": {"type": "LogStrings", "path": ["SGD_net", "matrix", "val_confusion_matrix_pr_file"], "values": [{"value": "tensor([[ 1508600.,  3602356.],\n        [ 2982671., 35406376.]])", "step": null, "ts": 1648304676.0219507}]}, "version": 239}
{"obj": {"type": "LogFloats", "path": ["SGD_net", "matrix", "val_tp_pr_file"], "values": [{"value": 0.2951698303222656, "step": null, "ts": 1648304676.0219507}]}, "version": 240}
{"obj": {"type": "LogFloats", "path": ["SGD_net", "matrix", "val_fp_pr_file"], "values": [{"value": 0.7048301696777344, "step": null, "ts": 1648304676.0224507}]}, "version": 241}
{"obj": {"type": "LogFloats", "path": ["SGD_net", "matrix", "val_fn_pr_file"], "values": [{"value": 0.07769589126110077, "step": null, "ts": 1648304676.0224507}]}, "version": 242}
{"obj": {"type": "LogFloats", "path": ["SGD_net", "matrix", "val_tn_pr_file"], "values": [{"value": 0.9223042130470276, "step": null, "ts": 1648304676.0224507}]}, "version": 243}
{"obj": {"type": "LogStrings", "path": ["monitoring", "stdout"], "values": [{"value": "Training epoch 6", "step": null, "ts": 1648304676.0229511}]}, "version": 244}
{"obj": {"type": "LogStrings", "path": ["monitoring", "stdout"], "values": [{"value": "\n", "step": null, "ts": 1648304676.0229511}]}, "version": 245}
{"obj": {"type": "LogFloats", "path": ["SGD_net", "learning_rate"], "values": [{"value": 0.001, "step": null, "ts": 1648304676.0229511}]}, "version": 246}
{"obj": {"type": "LogStrings", "path": ["monitoring", "stderr"], "values": [{"value": "Process Process-1:1:\n", "step": null, "ts": 1648304681.2094018}]}, "version": 247}
{"obj": {"type": "LogStrings", "path": ["monitoring", "stderr"], "values": [{"value": "Traceback (most recent call last):\n", "step": null, "ts": 1648304681.2109034}]}, "version": 248}
{"obj": {"type": "LogStrings", "path": ["monitoring", "stderr"], "values": [{"value": "", "step": null, "ts": 1648304681.2109034}]}, "version": 249}
{"obj": {"type": "LogStrings", "path": ["monitoring", "stderr"], "values": [{"value": "  File \"C:\\Users\\Marc\\anaconda3\\envs\\deep\\lib\\multiprocessing\\process.py\", line 315, in _bootstrap\n    self.run()\n", "step": null, "ts": 1648304681.2114036}]}, "version": 250}
{"obj": {"type": "LogStrings", "path": ["monitoring", "stderr"], "values": [{"value": "", "step": null, "ts": 1648304681.2114036}]}, "version": 251}
{"obj": {"type": "LogStrings", "path": ["monitoring", "stderr"], "values": [{"value": "  File \"C:\\Users\\Marc\\anaconda3\\envs\\deep\\lib\\multiprocessing\\process.py\", line 108, in run\n    self._target(*self._args, **self._kwargs)\n", "step": null, "ts": 1648304681.2114036}]}, "version": 252}
{"obj": {"type": "LogStrings", "path": ["monitoring", "stderr"], "values": [{"value": "", "step": null, "ts": 1648304681.2114036}]}, "version": 253}
{"obj": {"type": "LogStrings", "path": ["monitoring", "stderr"], "values": [{"value": "  File \"C:\\Users\\Marc\\Documents\\GitHub\\Artefact-Rejection\\2. Testing and training networks\\Network trainer.py\", line 56, in net_SGD1\n    net_train(device = device,\n", "step": null, "ts": 1648304681.2119045}]}, "version": 254}
{"obj": {"type": "LogStrings", "path": ["monitoring", "stderr"], "values": [{"value": "", "step": null, "ts": 1648304681.2119045}]}, "version": 255}
{"obj": {"type": "LogStrings", "path": ["monitoring", "stderr"], "values": [{"value": "  File \"C:\\Users\\Marc\\Documents\\GitHub\\Artefact-Rejection\\2. Testing and training networks\\..\\LoaderPACK\\trainer.py\", line 77, in net_train\n    train_loss.append(loss.item())\n", "step": null, "ts": 1648304681.212405}]}, "version": 256}
{"obj": {"type": "LogStrings", "path": ["monitoring", "stderr"], "values": [{"value": "", "step": null, "ts": 1648304681.212405}]}, "version": 257}
{"obj": {"type": "LogStrings", "path": ["monitoring", "stderr"], "values": [{"value": "KeyboardInterrupt\n", "step": null, "ts": 1648304681.2129047}]}, "version": 258}
{"obj": {"type": "LogStrings", "path": ["monitoring", "stderr"], "values": [{"value": "", "step": null, "ts": 1648304681.2129047}]}, "version": 259}
