{"obj": {"type": "AssignString", "path": ["sys", "name"], "value": "Untitled"}, "version": 1}
{"obj": {"type": "AssignString", "path": ["sys", "description"], "value": ""}, "version": 2}
{"obj": {"type": "AssignString", "path": ["sys", "hostname"], "value": "DESKTOP-SH3J0RM"}, "version": 3}
{"obj": {"type": "AssignBool", "path": ["sys", "failed"], "value": false}, "version": 4}
{"obj": {"type": "ClearStringLog", "path": ["monitoring", "stdout"]}, "version": 5}
{"obj": {"type": "ClearStringLog", "path": ["monitoring", "stderr"]}, "version": 6}
{"obj": {"type": "AssignString", "path": ["source_code", "entrypoint"], "value": "1.Learning_rate_finder.py"}, "version": 7}
{"obj": {"type": "UploadFileSet", "path": ["source_code", "files"], "file_globs": ["C:\\Users\\Marc\\Documents\\GitHub\\Artefact-Rejection\\mulitclass_net\\1. Finding the learning-rate\\1.Learning_rate_finder.py"], "reset": "False"}, "version": 8}
{"obj": {"type": "ConfigFloatSeries", "path": ["monitoring", "cpu"], "min": 0.0, "max": 100.0, "unit": "%"}, "version": 9}
{"obj": {"type": "ClearFloatLog", "path": ["monitoring", "cpu"]}, "version": 10}
{"obj": {"type": "ConfigFloatSeries", "path": ["monitoring", "memory"], "min": 0.0, "max": 15.747394561767578, "unit": "GB"}, "version": 11}
{"obj": {"type": "ClearFloatLog", "path": ["monitoring", "memory"]}, "version": 12}
{"obj": {"type": "ConfigFloatSeries", "path": ["monitoring", "gpu"], "min": 0.0, "max": 100.0, "unit": "%"}, "version": 13}
{"obj": {"type": "ClearFloatLog", "path": ["monitoring", "gpu"]}, "version": 14}
{"obj": {"type": "ConfigFloatSeries", "path": ["monitoring", "gpu_memory"], "min": 0.0, "max": 8.0, "unit": "GB"}, "version": 15}
{"obj": {"type": "ClearFloatLog", "path": ["monitoring", "gpu_memory"]}, "version": 16}
{"obj": {"type": "LogFloats", "path": ["monitoring", "cpu"], "values": [{"value": 6.7, "step": null, "ts": 1654172646.3321185}]}, "version": 17}
{"obj": {"type": "LogFloats", "path": ["monitoring", "memory"], "values": [{"value": 6.543323516845703, "step": null, "ts": 1654172646.3321185}]}, "version": 18}
{"obj": {"type": "LogFloats", "path": ["monitoring", "gpu"], "values": [{"value": 3.0, "step": null, "ts": 1654172646.3321185}]}, "version": 19}
{"obj": {"type": "LogFloats", "path": ["monitoring", "gpu_memory"], "values": [{"value": 0.7168502807617188, "step": null, "ts": 1654172646.3321185}]}, "version": 20}
{"obj": {"type": "AssignString", "path": ["network_SGD", "parameters", "optimizer"], "value": "SGD"}, "version": 21}
{"obj": {"type": "AssignInt", "path": ["network_SGD", "parameters", "batch_size"], "value": 10}, "version": 22}
{"obj": {"type": "AssignFloat", "path": ["network_SGD", "parameters", "optimizer_learning_rate"], "value": 0.01}, "version": 23}
{"obj": {"type": "AssignString", "path": ["network_SGD", "parameters", "loss_function"], "value": "CrossEntropyLoss"}, "version": 24}
{"obj": {"type": "AssignString", "path": ["network_SGD", "parameters", "loss_function_weights"], "value": "[1, 5]"}, "version": 25}
{"obj": {"type": "AssignString", "path": ["network_SGD", "parameters", "loss_function_reduction"], "value": "mean"}, "version": 26}
{"obj": {"type": "AssignString", "path": ["network_SGD", "parameters", "model"], "value": "Unet_leaky_lstm"}, "version": 27}
{"obj": {"type": "AssignString", "path": ["network_SGD", "parameters", "scheduler"], "value": "CyclicLR"}, "version": 28}
{"obj": {"type": "AssignFloat", "path": ["network_SGD", "parameters", "scheduler_base_lr"], "value": 0.01}, "version": 29}
{"obj": {"type": "AssignInt", "path": ["network_SGD", "parameters", "scheduler_max_lr"], "value": 1}, "version": 30}
{"obj": {"type": "AssignBool", "path": ["network_SGD", "parameters", "scheduler_cycle_momentum"], "value": false}, "version": 31}
{"obj": {"type": "AssignFloat", "path": ["network_SGD", "parameters", "scheduler_step_size_up"], "value": 249.0}, "version": 32}
{"obj": {"type": "AssignFloat", "path": ["network_SGD", "parameters", "smooting_loss"], "value": 0.05}, "version": 33}
{"obj": {"type": "LogStrings", "path": ["monitoring", "stdout"], "values": [{"value": "Training epoch 0", "step": null, "ts": 1654172647.6044228}]}, "version": 34}
{"obj": {"type": "LogStrings", "path": ["monitoring", "stdout"], "values": [{"value": "\n", "step": null, "ts": 1654172647.6054232}]}, "version": 35}
{"obj": {"type": "LogFloats", "path": ["network_SGD", "learning_rate"], "values": [{"value": 0.01, "step": null, "ts": 1654172647.6265373}]}, "version": 36}
{"obj": {"type": "LogStrings", "path": ["monitoring", "stderr"], "values": [{"value": "Process Process-1:1:\n", "step": null, "ts": 1654172649.5349731}]}, "version": 37}
{"obj": {"type": "LogStrings", "path": ["monitoring", "stderr"], "values": [{"value": "Traceback (most recent call last):\n", "step": null, "ts": 1654172649.5379753}]}, "version": 38}
{"obj": {"type": "LogStrings", "path": ["monitoring", "stderr"], "values": [{"value": "", "step": null, "ts": 1654172649.5379753}]}, "version": 39}
{"obj": {"type": "LogStrings", "path": ["monitoring", "stderr"], "values": [{"value": "  File \"C:\\Users\\Marc\\anaconda3\\envs\\deep\\lib\\multiprocessing\\process.py\", line 315, in _bootstrap\n    self.run()\n", "step": null, "ts": 1654172649.5379753}]}, "version": 40}
{"obj": {"type": "LogStrings", "path": ["monitoring", "stderr"], "values": [{"value": "", "step": null, "ts": 1654172649.5379753}]}, "version": 41}
{"obj": {"type": "LogStrings", "path": ["monitoring", "stderr"], "values": [{"value": "  File \"C:\\Users\\Marc\\anaconda3\\envs\\deep\\lib\\multiprocessing\\process.py\", line 108, in run\n    self._target(*self._args, **self._kwargs)\n", "step": null, "ts": 1654172649.5379753}]}, "version": 42}
{"obj": {"type": "LogStrings", "path": ["monitoring", "stderr"], "values": [{"value": "", "step": null, "ts": 1654172649.5379753}]}, "version": 43}
{"obj": {"type": "LogStrings", "path": ["monitoring", "stderr"], "values": [{"value": "  File \"C:\\Users\\Marc\\Documents\\GitHub\\Artefact-Rejection\\mulitclass_net\\1. Finding the learning-rate\\1.Learning_rate_finder.py\", line 122, in net_SGD1\n    print(ind)\n", "step": null, "ts": 1654172649.5379753}]}, "version": 44}
{"obj": {"type": "LogStrings", "path": ["monitoring", "stderr"], "values": [{"value": "", "step": null, "ts": 1654172649.5379753}]}, "version": 45}
{"obj": {"type": "LogStrings", "path": ["monitoring", "stderr"], "values": [{"value": "  File \"C:\\Users\\Marc\\anaconda3\\envs\\deep\\lib\\site-packages\\torch\\_tensor.py\", line 305, in __repr__\n    return torch._tensor_str._str(self)\n", "step": null, "ts": 1654172649.5379753}]}, "version": 46}
{"obj": {"type": "LogStrings", "path": ["monitoring", "stderr"], "values": [{"value": "", "step": null, "ts": 1654172649.5389745}]}, "version": 47}
{"obj": {"type": "LogStrings", "path": ["monitoring", "stderr"], "values": [{"value": "  File \"C:\\Users\\Marc\\anaconda3\\envs\\deep\\lib\\site-packages\\torch\\_tensor_str.py\", line 434, in _str\n    return _str_intern(self)\n", "step": null, "ts": 1654172649.5389745}]}, "version": 48}
{"obj": {"type": "LogStrings", "path": ["monitoring", "stderr"], "values": [{"value": "", "step": null, "ts": 1654172649.5389745}]}, "version": 49}
{"obj": {"type": "LogStrings", "path": ["monitoring", "stderr"], "values": [{"value": "  File \"C:\\Users\\Marc\\anaconda3\\envs\\deep\\lib\\site-packages\\torch\\_tensor_str.py\", line 409, in _str_intern\n    tensor_str = _tensor_str(self, indent)\n", "step": null, "ts": 1654172649.5389745}]}, "version": 50}
{"obj": {"type": "LogStrings", "path": ["monitoring", "stderr"], "values": [{"value": "", "step": null, "ts": 1654172649.5389745}]}, "version": 51}
{"obj": {"type": "LogStrings", "path": ["monitoring", "stderr"], "values": [{"value": "  File \"C:\\Users\\Marc\\anaconda3\\envs\\deep\\lib\\site-packages\\torch\\_tensor_str.py\", line 264, in _tensor_str\n    formatter = _Formatter(get_summarized_data(self) if summarize else self)\n", "step": null, "ts": 1654172649.5389745}]}, "version": 52}
{"obj": {"type": "LogStrings", "path": ["monitoring", "stderr"], "values": [{"value": "", "step": null, "ts": 1654172649.5389745}]}, "version": 53}
{"obj": {"type": "LogStrings", "path": ["monitoring", "stderr"], "values": [{"value": "  File \"C:\\Users\\Marc\\anaconda3\\envs\\deep\\lib\\site-packages\\torch\\_tensor_str.py\", line 100, in __init__\n    nonzero_finite_vals = torch.masked_select(tensor_view, torch.isfinite(tensor_view) & tensor_view.ne(0))\n", "step": null, "ts": 1654172649.5389745}]}, "version": 54}
{"obj": {"type": "LogStrings", "path": ["monitoring", "stderr"], "values": [{"value": "", "step": null, "ts": 1654172649.5389745}]}, "version": 55}
{"obj": {"type": "LogStrings", "path": ["monitoring", "stderr"], "values": [{"value": "RuntimeError: CUDA error: device-side assert triggered\nCUDA kernel errors might be asynchronously reported at some other API call,so the stacktrace below might be incorrect.\nFor debugging consider passing CUDA_LAUNCH_BLOCKING=1.\n", "step": null, "ts": 1654172649.5389745}]}, "version": 56}
{"obj": {"type": "LogStrings", "path": ["monitoring", "stderr"], "values": [{"value": "", "step": null, "ts": 1654172649.5389745}]}, "version": 57}
{"obj": {"type": "LogStrings", "path": ["monitoring", "stdout"], "values": [{"value": "", "step": null, "ts": 1654172649.809792}]}, "version": 58}
{"obj": {"type": "LogStrings", "path": ["monitoring", "stdout"], "values": [{"value": "Shutting down background jobs, please wait a moment...\n", "step": null, "ts": 1654172649.809792}]}, "version": 59}
