{"obj": {"type": "AssignString", "path": ["sys", "name"], "value": "Untitled"}, "version": 1}
{"obj": {"type": "AssignString", "path": ["sys", "description"], "value": ""}, "version": 2}
{"obj": {"type": "AssignString", "path": ["sys", "hostname"], "value": "DESKTOP-SDMAFDQ"}, "version": 3}
{"obj": {"type": "AssignBool", "path": ["sys", "failed"], "value": false}, "version": 4}
{"obj": {"type": "ClearStringLog", "path": ["monitoring", "stdout"]}, "version": 5}
{"obj": {"type": "ClearStringLog", "path": ["monitoring", "stderr"]}, "version": 6}
{"obj": {"type": "AssignString", "path": ["source_code", "entrypoint"], "value": "unet-training.py"}, "version": 7}
{"obj": {"type": "UploadFileSet", "path": ["source_code", "files"], "file_globs": ["C:\\Users\\Marc\\Documents\\GitHub\\Artefact-Rejection\\unet-training.py"], "reset": "False"}, "version": 8}
{"obj": {"type": "ConfigFloatSeries", "path": ["monitoring", "cpu"], "min": 0.0, "max": 100.0, "unit": "%"}, "version": 9}
{"obj": {"type": "ClearFloatLog", "path": ["monitoring", "cpu"]}, "version": 10}
{"obj": {"type": "ConfigFloatSeries", "path": ["monitoring", "memory"], "min": 0.0, "max": 15.387187957763672, "unit": "GB"}, "version": 11}
{"obj": {"type": "ClearFloatLog", "path": ["monitoring", "memory"]}, "version": 12}
{"obj": {"type": "ConfigFloatSeries", "path": ["monitoring", "gpu"], "min": 0.0, "max": 100.0, "unit": "%"}, "version": 13}
{"obj": {"type": "ClearFloatLog", "path": ["monitoring", "gpu"]}, "version": 14}
{"obj": {"type": "ConfigFloatSeries", "path": ["monitoring", "gpu_memory"], "min": 0.0, "max": 4.0, "unit": "GB"}, "version": 15}
{"obj": {"type": "ClearFloatLog", "path": ["monitoring", "gpu_memory"]}, "version": 16}
{"obj": {"type": "AssignString", "path": ["network", "parameters", "optimizer"], "value": "SGD"}, "version": 17}
{"obj": {"type": "AssignFloat", "path": ["network", "parameters", "optimizer_momentum"], "value": 0.9}, "version": 18}
{"obj": {"type": "AssignFloat", "path": ["network", "parameters", "optimizer_learning_rate"], "value": 0.1}, "version": 19}
{"obj": {"type": "AssignString", "path": ["network", "parameters", "loss_function"], "value": "CrossEntropyLoss"}, "version": 20}
{"obj": {"type": "AssignString", "path": ["network", "parameters", "loss_function_weights"], "value": "[1, 10]"}, "version": 21}
{"obj": {"type": "AssignString", "path": ["network", "parameters", "loss_function_reduction"], "value": "mean"}, "version": 22}
{"obj": {"type": "AssignString", "path": ["network", "parameters", "model"], "value": "Unet"}, "version": 23}
{"obj": {"type": "LogFloats", "path": ["monitoring", "cpu"], "values": [{"value": 9.2, "step": null, "ts": 1647373348.1100016}]}, "version": 24}
{"obj": {"type": "LogFloats", "path": ["monitoring", "memory"], "values": [{"value": 7.6054229736328125, "step": null, "ts": 1647373348.1100016}]}, "version": 25}
{"obj": {"type": "LogFloats", "path": ["monitoring", "gpu_memory"], "values": [{"value": 0.051025390625, "step": null, "ts": 1647373348.1100016}]}, "version": 26}
{"obj": {"type": "LogStrings", "path": ["monitoring", "stdout"], "values": [{"value": "Training epoch 0", "step": null, "ts": 1647373348.1180084}]}, "version": 27}
{"obj": {"type": "LogStrings", "path": ["monitoring", "stdout"], "values": [{"value": "\n", "step": null, "ts": 1647373348.1180084}]}, "version": 28}
{"obj": {"type": "LogFloats", "path": ["network", "train_loss_pr_file"], "values": [{"value": 0.6942462921142578, "step": null, "ts": 1647373350.4730217}]}, "version": 29}
{"obj": {"type": "LogFloats", "path": ["monitoring", "cpu"], "values": [{"value": 58.3, "step": null, "ts": 1647373358.1275873}]}, "version": 30}
{"obj": {"type": "LogFloats", "path": ["monitoring", "memory"], "values": [{"value": 8.399982452392578, "step": null, "ts": 1647373358.1275873}]}, "version": 31}
{"obj": {"type": "LogFloats", "path": ["monitoring", "gpu_memory"], "values": [{"value": 0.051025390625, "step": null, "ts": 1647373358.1275873}]}, "version": 32}
{"obj": {"type": "LogFloats", "path": ["network", "train_loss_pr_file"], "values": [{"value": 0.6767844915390014, "step": null, "ts": 1647373361.5892944}]}, "version": 33}
{"obj": {"type": "LogFloats", "path": ["monitoring", "cpu"], "values": [{"value": 63.9, "step": null, "ts": 1647373368.147326}]}, "version": 34}
{"obj": {"type": "LogFloats", "path": ["monitoring", "memory"], "values": [{"value": 8.740737915039062, "step": null, "ts": 1647373368.147326}]}, "version": 35}
{"obj": {"type": "LogFloats", "path": ["monitoring", "gpu_memory"], "values": [{"value": 0.051025390625, "step": null, "ts": 1647373368.147326}]}, "version": 36}
{"obj": {"type": "LogFloats", "path": ["network", "train_loss_pr_file"], "values": [{"value": 0.5230064690113068, "step": null, "ts": 1647373376.5921805}]}, "version": 37}
{"obj": {"type": "LogFloats", "path": ["monitoring", "cpu"], "values": [{"value": 63.8, "step": null, "ts": 1647373378.1544235}]}, "version": 38}
{"obj": {"type": "LogFloats", "path": ["monitoring", "memory"], "values": [{"value": 8.721736907958984, "step": null, "ts": 1647373378.1544235}]}, "version": 39}
{"obj": {"type": "LogFloats", "path": ["monitoring", "gpu_memory"], "values": [{"value": 0.051025390625, "step": null, "ts": 1647373378.1544235}]}, "version": 40}
{"obj": {"type": "LogFloats", "path": ["monitoring", "cpu"], "values": [{"value": 61.8, "step": null, "ts": 1647373388.172553}]}, "version": 41}
{"obj": {"type": "LogFloats", "path": ["monitoring", "memory"], "values": [{"value": 8.565929412841797, "step": null, "ts": 1647373388.172553}]}, "version": 42}
{"obj": {"type": "LogFloats", "path": ["monitoring", "gpu_memory"], "values": [{"value": 0.051025390625, "step": null, "ts": 1647373388.172553}]}, "version": 43}
{"obj": {"type": "LogFloats", "path": ["network", "train_loss_pr_file"], "values": [{"value": 0.4158770690361659, "step": null, "ts": 1647373391.4500368}]}, "version": 44}
{"obj": {"type": "LogFloats", "path": ["monitoring", "cpu"], "values": [{"value": 61.7, "step": null, "ts": 1647373398.1800766}]}, "version": 45}
{"obj": {"type": "LogFloats", "path": ["monitoring", "memory"], "values": [{"value": 8.622905731201172, "step": null, "ts": 1647373398.1800766}]}, "version": 46}
{"obj": {"type": "LogFloats", "path": ["monitoring", "gpu_memory"], "values": [{"value": 0.051025390625, "step": null, "ts": 1647373398.1800766}]}, "version": 47}
{"obj": {"type": "LogStrings", "path": ["monitoring", "traceback"], "values": [{"value": "An uncaught exception occurred while run was active on worker DESKTOP-SDMAFDQ.", "step": null, "ts": 1647373398.9718142}, {"value": "Marking run as failed", "step": null, "ts": 1647373398.9718142}, {"value": "Traceback:", "step": null, "ts": 1647373398.9718142}, {"value": "  File \"C:\\Users\\Marc\\Documents\\GitHub\\Artefact-Rejection\\unet-training.py\", line 143, in <module>\n    loss.backward()\n", "step": null, "ts": 1647373398.9718142}, {"value": "  File \"C:\\Users\\Marc\\anaconda3\\envs\\deep\\lib\\site-packages\\torch\\_tensor.py\", line 307, in backward\n    torch.autograd.backward(self, gradient, retain_graph, create_graph, inputs=inputs)\n", "step": null, "ts": 1647373398.9718142}, {"value": "  File \"C:\\Users\\Marc\\anaconda3\\envs\\deep\\lib\\site-packages\\torch\\autograd\\__init__.py\", line 154, in backward\n    Variable._execution_engine.run_backward(\n", "step": null, "ts": 1647373398.9718142}, {"value": "", "step": null, "ts": 1647373398.9718142}]}, "version": 48}
{"obj": {"type": "AssignBool", "path": ["sys", "failed"], "value": true}, "version": 49}
{"obj": {"type": "LogStrings", "path": ["monitoring", "stderr"], "values": [{"value": "Traceback (most recent call last):\n", "step": null, "ts": 1647373399.33228}]}, "version": 50}
{"obj": {"type": "LogStrings", "path": ["monitoring", "stderr"], "values": [{"value": "  File \"C:\\Users\\Marc\\Documents\\GitHub\\Artefact-Rejection\\unet-training.py\", line 143, in <module>\n", "step": null, "ts": 1647373399.333281}]}, "version": 51}
{"obj": {"type": "LogStrings", "path": ["monitoring", "stderr"], "values": [{"value": "    ", "step": null, "ts": 1647373399.333281}]}, "version": 52}
{"obj": {"type": "LogStrings", "path": ["monitoring", "stderr"], "values": [{"value": "loss.backward()", "step": null, "ts": 1647373399.333281}]}, "version": 53}
{"obj": {"type": "LogStrings", "path": ["monitoring", "stderr"], "values": [{"value": "\n", "step": null, "ts": 1647373399.333281}]}, "version": 54}
{"obj": {"type": "LogStrings", "path": ["monitoring", "stderr"], "values": [{"value": "  File \"C:\\Users\\Marc\\anaconda3\\envs\\deep\\lib\\site-packages\\torch\\_tensor.py\", line 307, in backward\n", "step": null, "ts": 1647373399.334282}]}, "version": 55}
{"obj": {"type": "LogStrings", "path": ["monitoring", "stderr"], "values": [{"value": "    ", "step": null, "ts": 1647373399.334282}]}, "version": 56}
{"obj": {"type": "LogStrings", "path": ["monitoring", "stderr"], "values": [{"value": "torch.autograd.backward(self, gradient, retain_graph, create_graph, inputs=inputs)", "step": null, "ts": 1647373399.334282}]}, "version": 57}
{"obj": {"type": "LogStrings", "path": ["monitoring", "stderr"], "values": [{"value": "\n", "step": null, "ts": 1647373399.3352828}]}, "version": 58}
{"obj": {"type": "LogStrings", "path": ["monitoring", "stderr"], "values": [{"value": "  File \"C:\\Users\\Marc\\anaconda3\\envs\\deep\\lib\\site-packages\\torch\\autograd\\__init__.py\", line 154, in backward\n", "step": null, "ts": 1647373399.3352828}]}, "version": 59}
{"obj": {"type": "LogStrings", "path": ["monitoring", "stderr"], "values": [{"value": "    ", "step": null, "ts": 1647373399.3352828}]}, "version": 60}
{"obj": {"type": "LogStrings", "path": ["monitoring", "stderr"], "values": [{"value": "Variable._execution_engine.run_backward(", "step": null, "ts": 1647373399.3352828}]}, "version": 61}
{"obj": {"type": "LogStrings", "path": ["monitoring", "stderr"], "values": [{"value": "\n", "step": null, "ts": 1647373399.3352828}]}, "version": 62}
{"obj": {"type": "LogStrings", "path": ["monitoring", "stderr"], "values": [{"value": "KeyboardInterrupt", "step": null, "ts": 1647373399.336284}]}, "version": 63}
{"obj": {"type": "LogStrings", "path": ["monitoring", "stderr"], "values": [{"value": "", "step": null, "ts": 1647373399.336284}]}, "version": 64}
{"obj": {"type": "LogStrings", "path": ["monitoring", "stderr"], "values": [{"value": "\n", "step": null, "ts": 1647373399.336284}]}, "version": 65}
