{"obj": {"type": "AssignString", "path": ["sys", "name"], "value": "Untitled"}, "version": 1}
{"obj": {"type": "AssignString", "path": ["sys", "description"], "value": ""}, "version": 2}
{"obj": {"type": "AssignString", "path": ["sys", "hostname"], "value": "DESKTOP-SDMAFDQ"}, "version": 3}
{"obj": {"type": "AssignBool", "path": ["sys", "failed"], "value": false}, "version": 4}
{"obj": {"type": "ClearStringLog", "path": ["monitoring", "stdout"]}, "version": 5}
{"obj": {"type": "ClearStringLog", "path": ["monitoring", "stderr"]}, "version": 6}
{"obj": {"type": "AssignString", "path": ["source_code", "entrypoint"], "value": "Learning_rate_finder2.py"}, "version": 7}
{"obj": {"type": "UploadFileSet", "path": ["source_code", "files"], "file_globs": ["C:\\Users\\Marc\\Documents\\GitHub\\Artefact-Rejection\\1. Finding the learning-rate\\Learning_rate_finder2.py"], "reset": "False"}, "version": 8}
{"obj": {"type": "ConfigFloatSeries", "path": ["monitoring", "cpu"], "min": 0.0, "max": 100.0, "unit": "%"}, "version": 9}
{"obj": {"type": "ClearFloatLog", "path": ["monitoring", "cpu"]}, "version": 10}
{"obj": {"type": "ConfigFloatSeries", "path": ["monitoring", "memory"], "min": 0.0, "max": 15.88718032836914, "unit": "GB"}, "version": 11}
{"obj": {"type": "ClearFloatLog", "path": ["monitoring", "memory"]}, "version": 12}
{"obj": {"type": "ConfigFloatSeries", "path": ["monitoring", "gpu"], "min": 0.0, "max": 100.0, "unit": "%"}, "version": 13}
{"obj": {"type": "ClearFloatLog", "path": ["monitoring", "gpu"]}, "version": 14}
{"obj": {"type": "ConfigFloatSeries", "path": ["monitoring", "gpu_memory"], "min": 0.0, "max": 4.0, "unit": "GB"}, "version": 15}
{"obj": {"type": "ClearFloatLog", "path": ["monitoring", "gpu_memory"]}, "version": 16}
{"obj": {"type": "LogFloats", "path": ["monitoring", "cpu"], "values": [{"value": 9.8, "step": null, "ts": 1648310261.82265}]}, "version": 17}
{"obj": {"type": "LogFloats", "path": ["monitoring", "memory"], "values": [{"value": 8.019668579101562, "step": null, "ts": 1648310261.82265}]}, "version": 18}
{"obj": {"type": "LogFloats", "path": ["monitoring", "gpu"], "values": [{"value": 1.0, "step": null, "ts": 1648310261.82265}]}, "version": 19}
{"obj": {"type": "LogFloats", "path": ["monitoring", "gpu_memory"], "values": [{"value": 0.6394844055175781, "step": null, "ts": 1648310261.82265}]}, "version": 20}
{"obj": {"type": "AssignString", "path": ["SGD_net2", "parameters", "optimizer"], "value": "SGD"}, "version": 21}
{"obj": {"type": "AssignInt", "path": ["SGD_net2", "parameters", "batch_size"], "value": 10}, "version": 22}
{"obj": {"type": "AssignFloat", "path": ["SGD_net2", "parameters", "optimizer_learning_rate"], "value": 0.6}, "version": 23}
{"obj": {"type": "AssignFloat", "path": ["SGD_net2", "parameters", "optimizer_weight_decay"], "value": 0.01}, "version": 24}
{"obj": {"type": "AssignString", "path": ["SGD_net2", "parameters", "loss_function"], "value": "CrossEntropyLoss"}, "version": 25}
{"obj": {"type": "AssignString", "path": ["SGD_net2", "parameters", "loss_function_weights"], "value": "[1, 5]"}, "version": 26}
{"obj": {"type": "AssignString", "path": ["SGD_net2", "parameters", "loss_function_reduction"], "value": "mean"}, "version": 27}
{"obj": {"type": "AssignString", "path": ["SGD_net2", "parameters", "model"], "value": "Unet"}, "version": 28}
{"obj": {"type": "LogStrings", "path": ["monitoring", "stdout"], "values": [{"value": "Training epoch 0", "step": null, "ts": 1648310261.9165258}]}, "version": 29}
{"obj": {"type": "LogStrings", "path": ["monitoring", "stdout"], "values": [{"value": "\n", "step": null, "ts": 1648310261.9165258}]}, "version": 30}
{"obj": {"type": "LogFloats", "path": ["SGD_net2", "learning_rate"], "values": [{"value": 0.6, "step": null, "ts": 1648310261.9165258}]}, "version": 31}
{"obj": {"type": "LogFloats", "path": ["SGD_net2", "train_loss_pr_file"], "values": [{"value": 0.6023845076560974, "step": null, "ts": 1648310263.6284864}]}, "version": 32}
{"obj": {"type": "LogFloats", "path": ["SGD_net2", "train_loss_pr_file"], "values": [{"value": 0.6343554783435095, "step": null, "ts": 1648310267.2385235}]}, "version": 33}
{"obj": {"type": "LogFloats", "path": ["SGD_net2", "train_acc_pr_file"], "values": [{"value": 0.6896228790283203, "step": null, "ts": 1648310267.2385235}]}, "version": 34}
{"obj": {"type": "LogStrings", "path": ["SGD_net2", "matrix", "train_confusion_matrix_pr_file"], "values": [{"value": "tensor([[1233226., 3344309.],\n        [1017843., 8729622.]])", "step": null, "ts": 1648310267.2395244}]}, "version": 35}
{"obj": {"type": "LogFloats", "path": ["SGD_net2", "matrix", "train_tp_pr_file"], "values": [{"value": 0.26940831542015076, "step": null, "ts": 1648310267.2400248}]}, "version": 36}
{"obj": {"type": "LogFloats", "path": ["SGD_net2", "matrix", "train_fp_pr_file"], "values": [{"value": 0.7305916547775269, "step": null, "ts": 1648310267.2400248}]}, "version": 37}
{"obj": {"type": "LogFloats", "path": ["SGD_net2", "matrix", "train_fn_pr_file"], "values": [{"value": 0.10442130267620087, "step": null, "ts": 1648310267.240525}]}, "version": 38}
{"obj": {"type": "LogFloats", "path": ["SGD_net2", "matrix", "train_tn_pr_file"], "values": [{"value": 0.8955786824226379, "step": null, "ts": 1648310267.240525}]}, "version": 39}
{"obj": {"type": "LogFloats", "path": ["SGD_net2", "validation_loss_pr_file"], "values": [{"value": 0.693149983882904, "step": null, "ts": 1648310267.3616276}]}, "version": 40}
{"obj": {"type": "LogFloats", "path": ["SGD_net2", "validation_loss_pr_file"], "values": [{"value": 0.6332343135561261, "step": null, "ts": 1648310268.0356073}]}, "version": 41}
{"obj": {"type": "LogFloats", "path": ["SGD_net2", "val_acc_pr_file"], "values": [{"value": 0.8203462362289429, "step": null, "ts": 1648310268.0361075}]}, "version": 42}
{"obj": {"type": "LogStrings", "path": ["SGD_net2", "matrix", "val_confusion_matrix_pr_file"], "values": [{"value": "tensor([[ 342178.,  303359.],\n        [ 599478., 3704985.]])", "step": null, "ts": 1648310268.0366073}]}, "version": 43}
{"obj": {"type": "LogFloats", "path": ["SGD_net2", "matrix", "val_tp_pr_file"], "values": [{"value": 0.5300672054290771, "step": null, "ts": 1648310268.0366073}]}, "version": 44}
{"obj": {"type": "LogFloats", "path": ["SGD_net2", "matrix", "val_fp_pr_file"], "values": [{"value": 0.46993279457092285, "step": null, "ts": 1648310268.0371075}]}, "version": 45}
{"obj": {"type": "LogFloats", "path": ["SGD_net2", "matrix", "val_fn_pr_file"], "values": [{"value": 0.1392689347267151, "step": null, "ts": 1648310268.0371075}]}, "version": 46}
{"obj": {"type": "LogFloats", "path": ["SGD_net2", "matrix", "val_tn_pr_file"], "values": [{"value": 0.8607310652732849, "step": null, "ts": 1648310268.037608}]}, "version": 47}
{"obj": {"type": "LogStrings", "path": ["monitoring", "stdout"], "values": [{"value": "Training epoch 1", "step": null, "ts": 1648310268.037608}]}, "version": 48}
{"obj": {"type": "LogStrings", "path": ["monitoring", "stdout"], "values": [{"value": "\n", "step": null, "ts": 1648310268.037608}]}, "version": 49}
{"obj": {"type": "LogFloats", "path": ["SGD_net2", "learning_rate"], "values": [{"value": 0.6, "step": null, "ts": 1648310268.037608}]}, "version": 50}
{"obj": {"type": "LogFloats", "path": ["monitoring", "cpu"], "values": [{"value": 22.4, "step": null, "ts": 1648310271.839333}]}, "version": 51}
{"obj": {"type": "LogFloats", "path": ["monitoring", "memory"], "values": [{"value": 9.759346008300781, "step": null, "ts": 1648310271.839333}]}, "version": 52}
{"obj": {"type": "LogFloats", "path": ["monitoring", "gpu"], "values": [{"value": 98.0, "step": null, "ts": 1648310271.839333}]}, "version": 53}
{"obj": {"type": "LogFloats", "path": ["monitoring", "gpu_memory"], "values": [{"value": 3.905261993408203, "step": null, "ts": 1648310271.839333}]}, "version": 54}
{"obj": {"type": "LogFloats", "path": ["SGD_net2", "train_loss_pr_file"], "values": [{"value": 0.6294291118780772, "step": null, "ts": 1648310271.9444237}]}, "version": 55}
{"obj": {"type": "LogFloats", "path": ["SGD_net2", "train_acc_pr_file"], "values": [{"value": 0.8151272535324097, "step": null, "ts": 1648310271.9449246}]}, "version": 56}
{"obj": {"type": "LogStrings", "path": ["SGD_net2", "matrix", "train_confusion_matrix_pr_file"], "values": [{"value": "tensor([[  360288.,   645492.],\n        [ 1910412., 11408808.]])", "step": null, "ts": 1648310271.9454243}]}, "version": 57}
{"obj": {"type": "LogFloats", "path": ["SGD_net2", "matrix", "train_tp_pr_file"], "values": [{"value": 0.3582175076007843, "step": null, "ts": 1648310271.9454243}]}, "version": 58}
{"obj": {"type": "LogFloats", "path": ["SGD_net2", "matrix", "train_fp_pr_file"], "values": [{"value": 0.6417825222015381, "step": null, "ts": 1648310271.945924}]}, "version": 59}
{"obj": {"type": "LogFloats", "path": ["SGD_net2", "matrix", "train_fn_pr_file"], "values": [{"value": 0.14343272149562836, "step": null, "ts": 1648310271.945924}]}, "version": 60}
{"obj": {"type": "LogFloats", "path": ["SGD_net2", "matrix", "train_tn_pr_file"], "values": [{"value": 0.8565672636032104, "step": null, "ts": 1648310271.945924}]}, "version": 61}
{"obj": {"type": "LogFloats", "path": ["SGD_net2", "validation_loss_pr_file"], "values": [{"value": 0.6239308714866638, "step": null, "ts": 1648310272.7020733}]}, "version": 62}
{"obj": {"type": "LogFloats", "path": ["SGD_net2", "val_acc_pr_file"], "values": [{"value": 0.8245114088058472, "step": null, "ts": 1648310272.7025738}]}, "version": 63}
{"obj": {"type": "LogStrings", "path": ["SGD_net2", "matrix", "val_confusion_matrix_pr_file"], "values": [{"value": "tensor([[ 368811.,  296306.],\n        [ 581005., 3703878.]])", "step": null, "ts": 1648310272.7030742}]}, "version": 64}
{"obj": {"type": "LogFloats", "path": ["SGD_net2", "matrix", "val_tp_pr_file"], "values": [{"value": 0.554505467414856, "step": null, "ts": 1648310272.7030742}]}, "version": 65}
{"obj": {"type": "LogFloats", "path": ["SGD_net2", "matrix", "val_fp_pr_file"], "values": [{"value": 0.44549456238746643, "step": null, "ts": 1648310272.7030742}]}, "version": 66}
{"obj": {"type": "LogFloats", "path": ["SGD_net2", "matrix", "val_fn_pr_file"], "values": [{"value": 0.13559412956237793, "step": null, "ts": 1648310272.703575}]}, "version": 67}
{"obj": {"type": "LogFloats", "path": ["SGD_net2", "matrix", "val_tn_pr_file"], "values": [{"value": 0.8644058704376221, "step": null, "ts": 1648310272.703575}]}, "version": 68}
{"obj": {"type": "LogStrings", "path": ["monitoring", "stdout"], "values": [{"value": "Training epoch 2", "step": null, "ts": 1648310272.703575}]}, "version": 69}
{"obj": {"type": "LogStrings", "path": ["monitoring", "stdout"], "values": [{"value": "\n", "step": null, "ts": 1648310272.7040753}]}, "version": 70}
{"obj": {"type": "LogFloats", "path": ["SGD_net2", "learning_rate"], "values": [{"value": 0.6, "step": null, "ts": 1648310272.7040753}]}, "version": 71}
{"obj": {"type": "LogFloats", "path": ["SGD_net2", "train_loss_pr_file"], "values": [{"value": 0.6267708639303843, "step": null, "ts": 1648310276.6164331}]}, "version": 72}
{"obj": {"type": "LogFloats", "path": ["SGD_net2", "train_acc_pr_file"], "values": [{"value": 0.8093980550765991, "step": null, "ts": 1648310276.6164331}]}, "version": 73}
{"obj": {"type": "LogStrings", "path": ["SGD_net2", "matrix", "train_confusion_matrix_pr_file"], "values": [{"value": "tensor([[  463191.,   842638.],\n        [ 1833293., 11185878.]])", "step": null, "ts": 1648310276.6169336}]}, "version": 74}
{"obj": {"type": "LogFloats", "path": ["SGD_net2", "matrix", "train_tp_pr_file"], "values": [{"value": 0.35471031069755554, "step": null, "ts": 1648310276.617434}]}, "version": 75}
{"obj": {"type": "LogFloats", "path": ["SGD_net2", "matrix", "train_fp_pr_file"], "values": [{"value": 0.6452897191047668, "step": null, "ts": 1648310276.617434}]}, "version": 76}
{"obj": {"type": "LogFloats", "path": ["SGD_net2", "matrix", "train_fn_pr_file"], "values": [{"value": 0.1408148854970932, "step": null, "ts": 1648310276.6179338}]}, "version": 77}
{"obj": {"type": "LogFloats", "path": ["SGD_net2", "matrix", "train_tn_pr_file"], "values": [{"value": 0.8591850996017456, "step": null, "ts": 1648310276.6179338}]}, "version": 78}
{"obj": {"type": "LogFloats", "path": ["SGD_net2", "validation_loss_pr_file"], "values": [{"value": 0.6124227046966553, "step": null, "ts": 1648310277.3490624}]}, "version": 79}
{"obj": {"type": "LogFloats", "path": ["SGD_net2", "val_acc_pr_file"], "values": [{"value": 0.8296751379966736, "step": null, "ts": 1648310277.3495636}]}, "version": 80}
{"obj": {"type": "LogStrings", "path": ["SGD_net2", "matrix", "val_confusion_matrix_pr_file"], "values": [{"value": "tensor([[ 358680.,  284503.],\n        [ 571669., 3735148.]])", "step": null, "ts": 1648310277.3495636}]}, "version": 81}
{"obj": {"type": "LogFloats", "path": ["SGD_net2", "matrix", "val_tp_pr_file"], "values": [{"value": 0.5576639771461487, "step": null, "ts": 1648310277.3500638}]}, "version": 82}
{"obj": {"type": "LogFloats", "path": ["SGD_net2", "matrix", "val_fp_pr_file"], "values": [{"value": 0.44233599305152893, "step": null, "ts": 1648310277.3500638}]}, "version": 83}
{"obj": {"type": "LogFloats", "path": ["SGD_net2", "matrix", "val_fn_pr_file"], "values": [{"value": 0.13273584842681885, "step": null, "ts": 1648310277.350564}]}, "version": 84}
{"obj": {"type": "LogFloats", "path": ["SGD_net2", "matrix", "val_tn_pr_file"], "values": [{"value": 0.8672641515731812, "step": null, "ts": 1648310277.350564}]}, "version": 85}
{"obj": {"type": "LogStrings", "path": ["monitoring", "stdout"], "values": [{"value": "Training epoch 3", "step": null, "ts": 1648310277.350564}]}, "version": 86}
{"obj": {"type": "LogStrings", "path": ["monitoring", "stdout"], "values": [{"value": "\n", "step": null, "ts": 1648310277.3510633}]}, "version": 87}
{"obj": {"type": "LogFloats", "path": ["SGD_net2", "learning_rate"], "values": [{"value": 0.6, "step": null, "ts": 1648310277.3510633}]}, "version": 88}
{"obj": {"type": "LogFloats", "path": ["SGD_net2", "train_loss_pr_file"], "values": [{"value": 0.6136604604266939, "step": null, "ts": 1648310281.2368991}]}, "version": 89}
{"obj": {"type": "LogFloats", "path": ["SGD_net2", "train_acc_pr_file"], "values": [{"value": 0.8161559700965881, "step": null, "ts": 1648310281.2373996}]}, "version": 90}
{"obj": {"type": "LogStrings", "path": ["SGD_net2", "matrix", "train_confusion_matrix_pr_file"], "values": [{"value": "tensor([[  461085.,   759031.],\n        [ 1797993., 11306891.]])", "step": null, "ts": 1648310281.2379}]}, "version": 91}
{"obj": {"type": "LogFloats", "path": ["SGD_net2", "matrix", "train_tp_pr_file"], "values": [{"value": 0.3779025971889496, "step": null, "ts": 1648310281.2379}]}, "version": 92}
{"obj": {"type": "LogFloats", "path": ["SGD_net2", "matrix", "train_fp_pr_file"], "values": [{"value": 0.6220974326133728, "step": null, "ts": 1648310281.2379}]}, "version": 93}
{"obj": {"type": "LogFloats", "path": ["SGD_net2", "matrix", "train_fn_pr_file"], "values": [{"value": 0.1372002214193344, "step": null, "ts": 1648310281.2384005}]}, "version": 94}
{"obj": {"type": "LogFloats", "path": ["SGD_net2", "matrix", "train_tn_pr_file"], "values": [{"value": 0.8627997636795044, "step": null, "ts": 1648310281.2384005}]}, "version": 95}
{"obj": {"type": "LogFloats", "path": ["monitoring", "cpu"], "values": [{"value": 22.5, "step": null, "ts": 1648310281.8454201}]}, "version": 96}
{"obj": {"type": "LogFloats", "path": ["monitoring", "memory"], "values": [{"value": 10.025627136230469, "step": null, "ts": 1648310281.8454201}]}, "version": 97}
{"obj": {"type": "LogFloats", "path": ["monitoring", "gpu"], "values": [{"value": 93.0, "step": null, "ts": 1648310281.8454201}]}, "version": 98}
{"obj": {"type": "LogFloats", "path": ["monitoring", "gpu_memory"], "values": [{"value": 3.904651641845703, "step": null, "ts": 1648310281.8454201}]}, "version": 99}
{"obj": {"type": "LogFloats", "path": ["SGD_net2", "validation_loss_pr_file"], "values": [{"value": 0.6354509166308812, "step": null, "ts": 1648310281.9935477}]}, "version": 100}
{"obj": {"type": "LogFloats", "path": ["SGD_net2", "val_acc_pr_file"], "values": [{"value": 0.7381209135055542, "step": null, "ts": 1648310281.9935477}]}, "version": 101}
{"obj": {"type": "LogStrings", "path": ["SGD_net2", "matrix", "val_confusion_matrix_pr_file"], "values": [{"value": "tensor([[ 414693.,  767711.],\n        [ 530771., 3236825.]])", "step": null, "ts": 1648310281.9940484}]}, "version": 102}
{"obj": {"type": "LogFloats", "path": ["SGD_net2", "matrix", "val_tp_pr_file"], "values": [{"value": 0.35072022676467896, "step": null, "ts": 1648310281.9945486}]}, "version": 103}
{"obj": {"type": "LogFloats", "path": ["SGD_net2", "matrix", "val_fp_pr_file"], "values": [{"value": 0.649279773235321, "step": null, "ts": 1648310281.9945486}]}, "version": 104}
{"obj": {"type": "LogFloats", "path": ["SGD_net2", "matrix", "val_fn_pr_file"], "values": [{"value": 0.14087790250778198, "step": null, "ts": 1648310281.9945486}]}, "version": 105}
{"obj": {"type": "LogFloats", "path": ["SGD_net2", "matrix", "val_tn_pr_file"], "values": [{"value": 0.859122097492218, "step": null, "ts": 1648310281.995049}]}, "version": 106}
