{"obj": {"type": "AssignString", "path": ["sys", "name"], "value": "Untitled"}, "version": 1}
{"obj": {"type": "AssignString", "path": ["sys", "description"], "value": ""}, "version": 2}
{"obj": {"type": "AssignString", "path": ["sys", "hostname"], "value": "DESKTOP-SDMAFDQ"}, "version": 3}
{"obj": {"type": "AssignBool", "path": ["sys", "failed"], "value": false}, "version": 4}
{"obj": {"type": "ClearStringLog", "path": ["monitoring", "stdout"]}, "version": 5}
{"obj": {"type": "ClearStringLog", "path": ["monitoring", "stderr"]}, "version": 6}
{"obj": {"type": "AssignString", "path": ["source_code", "entrypoint"], "value": "Learning_rate_finder2.py"}, "version": 7}
{"obj": {"type": "UploadFileSet", "path": ["source_code", "files"], "file_globs": ["C:\\Users\\Marc\\Documents\\GitHub\\Artefact-Rejection\\1. Finding the learning-rate\\Learning_rate_finder2.py"], "reset": "False"}, "version": 8}
{"obj": {"type": "ConfigFloatSeries", "path": ["monitoring", "cpu"], "min": 0.0, "max": 100.0, "unit": "%"}, "version": 9}
{"obj": {"type": "ClearFloatLog", "path": ["monitoring", "cpu"]}, "version": 10}
{"obj": {"type": "ConfigFloatSeries", "path": ["monitoring", "memory"], "min": 0.0, "max": 15.88718032836914, "unit": "GB"}, "version": 11}
{"obj": {"type": "ClearFloatLog", "path": ["monitoring", "memory"]}, "version": 12}
{"obj": {"type": "ConfigFloatSeries", "path": ["monitoring", "gpu"], "min": 0.0, "max": 100.0, "unit": "%"}, "version": 13}
{"obj": {"type": "ClearFloatLog", "path": ["monitoring", "gpu"]}, "version": 14}
{"obj": {"type": "ConfigFloatSeries", "path": ["monitoring", "gpu_memory"], "min": 0.0, "max": 4.0, "unit": "GB"}, "version": 15}
{"obj": {"type": "ClearFloatLog", "path": ["monitoring", "gpu_memory"]}, "version": 16}
{"obj": {"type": "LogFloats", "path": ["monitoring", "cpu"], "values": [{"value": 11.6, "step": null, "ts": 1648310452.8740935}]}, "version": 17}
{"obj": {"type": "LogFloats", "path": ["monitoring", "memory"], "values": [{"value": 7.950389862060547, "step": null, "ts": 1648310452.8740935}]}, "version": 18}
{"obj": {"type": "LogFloats", "path": ["monitoring", "gpu_memory"], "values": [{"value": 0.6070137023925781, "step": null, "ts": 1648310452.8740935}]}, "version": 19}
{"obj": {"type": "AssignString", "path": ["ADAM_net1", "parameters", "optimizer"], "value": "ADAM"}, "version": 20}
{"obj": {"type": "AssignInt", "path": ["ADAM_net1", "parameters", "batch_size"], "value": 10}, "version": 21}
{"obj": {"type": "AssignFloat", "path": ["ADAM_net1", "parameters", "optimizer_learning_rate"], "value": 0.37}, "version": 22}
{"obj": {"type": "AssignInt", "path": ["ADAM_net1", "parameters", "optimizer_weight_decay"], "value": 0}, "version": 23}
{"obj": {"type": "AssignString", "path": ["ADAM_net1", "parameters", "loss_function"], "value": "CrossEntropyLoss"}, "version": 24}
{"obj": {"type": "AssignString", "path": ["ADAM_net1", "parameters", "loss_function_weights"], "value": "[1, 5]"}, "version": 25}
{"obj": {"type": "AssignString", "path": ["ADAM_net1", "parameters", "loss_function_reduction"], "value": "mean"}, "version": 26}
{"obj": {"type": "AssignString", "path": ["ADAM_net1", "parameters", "model"], "value": "Unet"}, "version": 27}
{"obj": {"type": "LogStrings", "path": ["monitoring", "stdout"], "values": [{"value": "Training epoch 0", "step": null, "ts": 1648310452.9711776}]}, "version": 28}
{"obj": {"type": "LogStrings", "path": ["monitoring", "stdout"], "values": [{"value": "\n", "step": null, "ts": 1648310452.9716778}]}, "version": 29}
{"obj": {"type": "LogFloats", "path": ["ADAM_net1", "learning_rate"], "values": [{"value": 0.37, "step": null, "ts": 1648310452.9716778}]}, "version": 30}
{"obj": {"type": "LogFloats", "path": ["ADAM_net1", "train_loss_pr_file"], "values": [{"value": 0.7196561098098755, "step": null, "ts": 1648310454.6406093}]}, "version": 31}
{"obj": {"type": "LogFloats", "path": ["ADAM_net1", "train_loss_pr_file"], "values": [{"value": 0.9561851038819268, "step": null, "ts": 1648310458.336281}]}, "version": 32}
{"obj": {"type": "LogFloats", "path": ["ADAM_net1", "train_acc_pr_file"], "values": [{"value": 0.18515384197235107, "step": null, "ts": 1648310458.336281}]}, "version": 33}
{"obj": {"type": "LogStrings", "path": ["ADAM_net1", "matrix", "train_confusion_matrix_pr_file"], "values": [{"value": "tensor([[ 2066782., 11510728.],\n        [  136871.,   610619.]])", "step": null, "ts": 1648310458.3372817}]}, "version": 34}
{"obj": {"type": "LogFloats", "path": ["ADAM_net1", "matrix", "train_tp_pr_file"], "values": [{"value": 0.15222099423408508, "step": null, "ts": 1648310458.3377824}]}, "version": 35}
{"obj": {"type": "LogFloats", "path": ["ADAM_net1", "matrix", "train_fp_pr_file"], "values": [{"value": 0.8477790355682373, "step": null, "ts": 1648310458.3377824}]}, "version": 36}
{"obj": {"type": "LogFloats", "path": ["ADAM_net1", "matrix", "train_fn_pr_file"], "values": [{"value": 0.18310746550559998, "step": null, "ts": 1648310458.3382828}]}, "version": 37}
{"obj": {"type": "LogFloats", "path": ["ADAM_net1", "matrix", "train_tn_pr_file"], "values": [{"value": 0.8168925046920776, "step": null, "ts": 1648310458.3382828}]}, "version": 38}
{"obj": {"type": "LogFloats", "path": ["ADAM_net1", "validation_loss_pr_file"], "values": [{"value": 0.6095057129859924, "step": null, "ts": 1648310458.4568844}]}, "version": 39}
{"obj": {"type": "LogFloats", "path": ["ADAM_net1", "validation_loss_pr_file"], "values": [{"value": 0.8424407924924578, "step": null, "ts": 1648310459.0989356}]}, "version": 40}
{"obj": {"type": "LogFloats", "path": ["ADAM_net1", "val_acc_pr_file"], "values": [{"value": 0.17852742969989777, "step": null, "ts": 1648310459.0989356}]}, "version": 41}
{"obj": {"type": "LogStrings", "path": ["ADAM_net1", "matrix", "val_confusion_matrix_pr_file"], "values": [{"value": "tensor([[ 921769., 4028231.],\n        [      0.,       0.]])", "step": null, "ts": 1648310459.099436}]}, "version": 42}
{"obj": {"type": "LogFloats", "path": ["ADAM_net1", "matrix", "val_tp_pr_file"], "values": [{"value": 0.18621596693992615, "step": null, "ts": 1648310459.0999365}]}, "version": 43}
{"obj": {"type": "LogFloats", "path": ["ADAM_net1", "matrix", "val_fp_pr_file"], "values": [{"value": 0.8137840628623962, "step": null, "ts": 1648310459.0999365}]}, "version": 44}
{"obj": {"type": "LogFloats", "path": ["ADAM_net1", "matrix", "val_fn_pr_file"], "values": [{"value": 1.0, "step": null, "ts": 1648310459.1004367}]}, "version": 45}
{"obj": {"type": "LogFloats", "path": ["ADAM_net1", "matrix", "val_tn_pr_file"], "values": [{"value": 1.0, "step": null, "ts": 1648310459.1004367}]}, "version": 46}
{"obj": {"type": "LogStrings", "path": ["monitoring", "stdout"], "values": [{"value": "Training epoch 1", "step": null, "ts": 1648310459.1004367}]}, "version": 47}
{"obj": {"type": "LogStrings", "path": ["monitoring", "stdout"], "values": [{"value": "\n", "step": null, "ts": 1648310459.1004367}]}, "version": 48}
{"obj": {"type": "LogFloats", "path": ["ADAM_net1", "learning_rate"], "values": [{"value": 0.37, "step": null, "ts": 1648310459.1009386}]}, "version": 49}
{"obj": {"type": "LogFloats", "path": ["ADAM_net1", "train_loss_pr_file"], "values": [{"value": 0.9405938117277055, "step": null, "ts": 1648310462.8936927}]}, "version": 50}
{"obj": {"type": "LogFloats", "path": ["ADAM_net1", "train_acc_pr_file"], "values": [{"value": 0.16633865237236023, "step": null, "ts": 1648310462.8936927}]}, "version": 51}
{"obj": {"type": "LogStrings", "path": ["ADAM_net1", "matrix", "train_confusion_matrix_pr_file"], "values": [{"value": "tensor([[ 2408219., 11916781.],\n        [       0.,        0.]])", "step": null, "ts": 1648310462.894193}]}, "version": 52}
{"obj": {"type": "LogFloats", "path": ["ADAM_net1", "matrix", "train_tp_pr_file"], "values": [{"value": 0.16811302304267883, "step": null, "ts": 1648310462.8946931}]}, "version": 53}
{"obj": {"type": "LogFloats", "path": ["ADAM_net1", "matrix", "train_fp_pr_file"], "values": [{"value": 0.8318870067596436, "step": null, "ts": 1648310462.8946931}]}, "version": 54}
{"obj": {"type": "LogFloats", "path": ["ADAM_net1", "matrix", "train_fn_pr_file"], "values": [{"value": 1.0, "step": null, "ts": 1648310462.8946931}]}, "version": 55}
{"obj": {"type": "LogFloats", "path": ["monitoring", "cpu"], "values": [{"value": 22.5, "step": null, "ts": 1648310462.8921912}]}, "version": 56}
{"obj": {"type": "LogFloats", "path": ["ADAM_net1", "matrix", "train_tn_pr_file"], "values": [{"value": 1.0, "step": null, "ts": 1648310462.895193}]}, "version": 57}
{"obj": {"type": "LogFloats", "path": ["monitoring", "memory"], "values": [{"value": 9.890338897705078, "step": null, "ts": 1648310462.8921912}]}, "version": 58}
{"obj": {"type": "LogFloats", "path": ["monitoring", "gpu"], "values": [{"value": 98.0, "step": null, "ts": 1648310462.8921912}]}, "version": 59}
{"obj": {"type": "LogFloats", "path": ["monitoring", "gpu_memory"], "values": [{"value": 3.889392852783203, "step": null, "ts": 1648310462.8921912}]}, "version": 60}
{"obj": {"type": "LogFloats", "path": ["ADAM_net1", "validation_loss_pr_file"], "values": [{"value": 0.834560683795384, "step": null, "ts": 1648310463.6618526}]}, "version": 61}
{"obj": {"type": "LogFloats", "path": ["ADAM_net1", "val_acc_pr_file"], "values": [{"value": 0.18292368948459625, "step": null, "ts": 1648310463.6623528}]}, "version": 62}
{"obj": {"type": "LogStrings", "path": ["ADAM_net1", "matrix", "val_confusion_matrix_pr_file"], "values": [{"value": "tensor([[ 947672., 4002328.],\n        [      0.,       0.]])", "step": null, "ts": 1648310463.6623528}]}, "version": 63}
{"obj": {"type": "LogFloats", "path": ["ADAM_net1", "matrix", "val_tp_pr_file"], "values": [{"value": 0.1914488822221756, "step": null, "ts": 1648310463.6628535}]}, "version": 64}
{"obj": {"type": "LogFloats", "path": ["ADAM_net1", "matrix", "val_fp_pr_file"], "values": [{"value": 0.8085511326789856, "step": null, "ts": 1648310463.6628535}]}, "version": 65}
{"obj": {"type": "LogFloats", "path": ["ADAM_net1", "matrix", "val_fn_pr_file"], "values": [{"value": 1.0, "step": null, "ts": 1648310463.6628535}]}, "version": 66}
{"obj": {"type": "LogFloats", "path": ["ADAM_net1", "matrix", "val_tn_pr_file"], "values": [{"value": 1.0, "step": null, "ts": 1648310463.6633542}]}, "version": 67}
{"obj": {"type": "LogStrings", "path": ["monitoring", "stdout"], "values": [{"value": "Training epoch 2", "step": null, "ts": 1648310463.6633542}]}, "version": 68}
{"obj": {"type": "LogStrings", "path": ["monitoring", "stdout"], "values": [{"value": "\n", "step": null, "ts": 1648310463.6633542}]}, "version": 69}
{"obj": {"type": "LogFloats", "path": ["ADAM_net1", "learning_rate"], "values": [{"value": 0.37, "step": null, "ts": 1648310463.6633542}]}, "version": 70}
{"obj": {"type": "LogFloats", "path": ["ADAM_net1", "train_loss_pr_file"], "values": [{"value": 0.9329715484664554, "step": null, "ts": 1648310467.452104}]}, "version": 71}
{"obj": {"type": "LogFloats", "path": ["ADAM_net1", "train_acc_pr_file"], "values": [{"value": 0.16914968192577362, "step": null, "ts": 1648310467.452605}]}, "version": 72}
{"obj": {"type": "LogStrings", "path": ["ADAM_net1", "matrix", "train_confusion_matrix_pr_file"], "values": [{"value": "tensor([[ 2418774., 11906226.],\n        [       0.,        0.]])", "step": null, "ts": 1648310467.452605}]}, "version": 73}
{"obj": {"type": "LogFloats", "path": ["ADAM_net1", "matrix", "train_tp_pr_file"], "values": [{"value": 0.16884984076023102, "step": null, "ts": 1648310467.4531054}]}, "version": 74}
{"obj": {"type": "LogFloats", "path": ["ADAM_net1", "matrix", "train_fp_pr_file"], "values": [{"value": 0.8311501741409302, "step": null, "ts": 1648310467.4531054}]}, "version": 75}
{"obj": {"type": "LogFloats", "path": ["ADAM_net1", "matrix", "train_fn_pr_file"], "values": [{"value": 1.0, "step": null, "ts": 1648310467.4536057}]}, "version": 76}
{"obj": {"type": "LogFloats", "path": ["ADAM_net1", "matrix", "train_tn_pr_file"], "values": [{"value": 1.0, "step": null, "ts": 1648310467.4536057}]}, "version": 77}
{"obj": {"type": "LogFloats", "path": ["ADAM_net1", "validation_loss_pr_file"], "values": [{"value": 0.8288924523762294, "step": null, "ts": 1648310468.2042499}]}, "version": 78}
{"obj": {"type": "LogFloats", "path": ["ADAM_net1", "val_acc_pr_file"], "values": [{"value": 0.18414001166820526, "step": null, "ts": 1648310468.2047503}]}, "version": 79}
{"obj": {"type": "LogStrings", "path": ["ADAM_net1", "matrix", "val_confusion_matrix_pr_file"], "values": [{"value": "tensor([[ 951735., 3998265.],\n        [      0.,       0.]])", "step": null, "ts": 1648310468.2052507}]}, "version": 80}
{"obj": {"type": "LogFloats", "path": ["ADAM_net1", "matrix", "val_tp_pr_file"], "values": [{"value": 0.1922696977853775, "step": null, "ts": 1648310468.2057512}]}, "version": 81}
{"obj": {"type": "LogFloats", "path": ["ADAM_net1", "matrix", "val_fp_pr_file"], "values": [{"value": 0.8077303171157837, "step": null, "ts": 1648310468.2057512}]}, "version": 82}
{"obj": {"type": "LogFloats", "path": ["ADAM_net1", "matrix", "val_fn_pr_file"], "values": [{"value": 1.0, "step": null, "ts": 1648310468.2062519}]}, "version": 83}
{"obj": {"type": "LogFloats", "path": ["ADAM_net1", "matrix", "val_tn_pr_file"], "values": [{"value": 1.0, "step": null, "ts": 1648310468.2062519}]}, "version": 84}
{"obj": {"type": "LogStrings", "path": ["monitoring", "stdout"], "values": [{"value": "Training epoch 3", "step": null, "ts": 1648310468.2062519}]}, "version": 85}
{"obj": {"type": "LogStrings", "path": ["monitoring", "stdout"], "values": [{"value": "\n", "step": null, "ts": 1648310468.206752}]}, "version": 86}
{"obj": {"type": "LogFloats", "path": ["ADAM_net1", "learning_rate"], "values": [{"value": 0.37, "step": null, "ts": 1648310468.206752}]}, "version": 87}
{"obj": {"type": "LogFloats", "path": ["ADAM_net1", "train_loss_pr_file"], "values": [{"value": 0.9398696209703173, "step": null, "ts": 1648310471.986497}]}, "version": 88}
{"obj": {"type": "LogFloats", "path": ["ADAM_net1", "train_acc_pr_file"], "values": [{"value": 0.16639579832553864, "step": null, "ts": 1648310471.9869976}]}, "version": 89}
{"obj": {"type": "LogStrings", "path": ["ADAM_net1", "matrix", "train_confusion_matrix_pr_file"], "values": [{"value": "tensor([[ 2397921., 11927079.],\n        [       0.,        0.]])", "step": null, "ts": 1648310471.9874966}]}, "version": 90}
{"obj": {"type": "LogFloats", "path": ["ADAM_net1", "matrix", "train_tp_pr_file"], "values": [{"value": 0.16739413142204285, "step": null, "ts": 1648310471.9874966}]}, "version": 91}
{"obj": {"type": "LogFloats", "path": ["ADAM_net1", "matrix", "train_fp_pr_file"], "values": [{"value": 0.8326058387756348, "step": null, "ts": 1648310471.9874966}]}, "version": 92}
{"obj": {"type": "LogFloats", "path": ["ADAM_net1", "matrix", "train_fn_pr_file"], "values": [{"value": 1.0, "step": null, "ts": 1648310471.9879973}]}, "version": 93}
{"obj": {"type": "LogFloats", "path": ["ADAM_net1", "matrix", "train_tn_pr_file"], "values": [{"value": 1.0, "step": null, "ts": 1648310471.9879973}]}, "version": 94}
{"obj": {"type": "LogFloats", "path": ["ADAM_net1", "validation_loss_pr_file"], "values": [{"value": 0.855505815574101, "step": null, "ts": 1648310472.7261317}]}, "version": 95}
{"obj": {"type": "LogFloats", "path": ["ADAM_net1", "val_acc_pr_file"], "values": [{"value": 0.16908210515975952, "step": null, "ts": 1648310472.726632}]}, "version": 96}
{"obj": {"type": "LogStrings", "path": ["ADAM_net1", "matrix", "val_confusion_matrix_pr_file"], "values": [{"value": "tensor([[ 871181., 4078819.],\n        [      0.,       0.]])", "step": null, "ts": 1648310472.7271326}]}, "version": 97}
{"obj": {"type": "LogFloats", "path": ["ADAM_net1", "matrix", "val_tp_pr_file"], "values": [{"value": 0.17599615454673767, "step": null, "ts": 1648310472.7276323}]}, "version": 98}
{"obj": {"type": "LogFloats", "path": ["ADAM_net1", "matrix", "val_fp_pr_file"], "values": [{"value": 0.8240038156509399, "step": null, "ts": 1648310472.7276323}]}, "version": 99}
{"obj": {"type": "LogFloats", "path": ["ADAM_net1", "matrix", "val_fn_pr_file"], "values": [{"value": 1.0, "step": null, "ts": 1648310472.7276323}]}, "version": 100}
{"obj": {"type": "LogFloats", "path": ["ADAM_net1", "matrix", "val_tn_pr_file"], "values": [{"value": 1.0, "step": null, "ts": 1648310472.7276323}]}, "version": 101}
